<?xml version="1.0" encoding="UTF-8" ?>
<testsuites name="vitest tests" tests="34" failures="32" errors="0" time="97.811">
    <testsuite name="src/tests/unit/components/real-portfolio-manager.test.jsx" timestamp="2025-07-21T19:51:28.834Z" hostname="LAPTOP-J9NJ3854" tests="34" failures="32" errors="0" skipped="0" time="94.31">
        <testcase classname="src/tests/unit/components/real-portfolio-manager.test.jsx" name="💼 Real PortfolioManager Component &gt; Component Initialization &gt; should render PortfolioManager with loading state initially" time="0.095">
        </testcase>
        <testcase classname="src/tests/unit/components/real-portfolio-manager.test.jsx" name="💼 Real PortfolioManager Component &gt; Component Initialization &gt; should load portfolio data on mount" time="3.061">
            <system-err>
Error: Uncaught [TypeError: portfolioData.map is not a function]
    at reportException (/home/stocks/algo/webapp/frontend/node_modules/jsdom/lib/jsdom/living/helpers/runtime-script-errors.js:66:24)
    at innerInvokeEventListeners (/home/stocks/algo/webapp/frontend/node_modules/jsdom/lib/jsdom/living/events/EventTarget-impl.js:353:9)
    at invokeEventListeners (/home/stocks/algo/webapp/frontend/node_modules/jsdom/lib/jsdom/living/events/EventTarget-impl.js:286:3)
    at HTMLUnknownElementImpl._dispatch (/home/stocks/algo/webapp/frontend/node_modules/jsdom/lib/jsdom/living/events/EventTarget-impl.js:233:9)
    at HTMLUnknownElementImpl.dispatchEvent (/home/stocks/algo/webapp/frontend/node_modules/jsdom/lib/jsdom/living/events/EventTarget-impl.js:104:17)
    at HTMLUnknownElement.dispatchEvent (/home/stocks/algo/webapp/frontend/node_modules/jsdom/lib/jsdom/living/generated/EventTarget.js:241:34)
    at Object.invokeGuardedCallbackDev (/home/stocks/algo/webapp/frontend/node_modules/react-dom/cjs/react-dom.development.js:4213:16)
    at invokeGuardedCallback (/home/stocks/algo/webapp/frontend/node_modules/react-dom/cjs/react-dom.development.js:4277:31)
    at beginWork$1 (/home/stocks/algo/webapp/frontend/node_modules/react-dom/cjs/react-dom.development.js:27490:7)
    at performUnitOfWork (/home/stocks/algo/webapp/frontend/node_modules/react-dom/cjs/react-dom.development.js:26599:12) TypeError: portfolioData.map is not a function
    at PortfolioManager (/home/stocks/algo/webapp/frontend/src/components/PortfolioManager.jsx:434:30)
    at renderWithHooks (/home/stocks/algo/webapp/frontend/node_modules/react-dom/cjs/react-dom.development.js:15486:18)
    at updateFunctionComponent (/home/stocks/algo/webapp/frontend/node_modules/react-dom/cjs/react-dom.development.js:19617:20)
    at beginWork (/home/stocks/algo/webapp/frontend/node_modules/react-dom/cjs/react-dom.development.js:21640:16)
    at HTMLUnknownElement.callCallback (/home/stocks/algo/webapp/frontend/node_modules/react-dom/cjs/react-dom.development.js:4164:14)
    at HTMLUnknownElement.callTheUserObjectsOperation (/home/stocks/algo/webapp/frontend/node_modules/jsdom/lib/jsdom/living/generated/EventListener.js:26:30)
    at innerInvokeEventListeners (/home/stocks/algo/webapp/frontend/node_modules/jsdom/lib/jsdom/living/events/EventTarget-impl.js:350:25)
    at invokeEventListeners (/home/stocks/algo/webapp/frontend/node_modules/jsdom/lib/jsdom/living/events/EventTarget-impl.js:286:3)
    at HTMLUnknownElementImpl._dispatch (/home/stocks/algo/webapp/frontend/node_modules/jsdom/lib/jsdom/living/events/EventTarget-impl.js:233:9)
    at HTMLUnknownElementImpl.dispatchEvent (/home/stocks/algo/webapp/frontend/node_modules/jsdom/lib/jsdom/living/events/EventTarget-impl.js:104:17)
Error: Uncaught [TypeError: portfolioData.map is not a function]
    at reportException (/home/stocks/algo/webapp/frontend/node_modules/jsdom/lib/jsdom/living/helpers/runtime-script-errors.js:66:24)
    at innerInvokeEventListeners (/home/stocks/algo/webapp/frontend/node_modules/jsdom/lib/jsdom/living/events/EventTarget-impl.js:353:9)
    at invokeEventListeners (/home/stocks/algo/webapp/frontend/node_modules/jsdom/lib/jsdom/living/events/EventTarget-impl.js:286:3)
    at HTMLUnknownElementImpl._dispatch (/home/stocks/algo/webapp/frontend/node_modules/jsdom/lib/jsdom/living/events/EventTarget-impl.js:233:9)
    at HTMLUnknownElementImpl.dispatchEvent (/home/stocks/algo/webapp/frontend/node_modules/jsdom/lib/jsdom/living/events/EventTarget-impl.js:104:17)
    at HTMLUnknownElement.dispatchEvent (/home/stocks/algo/webapp/frontend/node_modules/jsdom/lib/jsdom/living/generated/EventTarget.js:241:34)
    at Object.invokeGuardedCallbackDev (/home/stocks/algo/webapp/frontend/node_modules/react-dom/cjs/react-dom.development.js:4213:16)
    at invokeGuardedCallback (/home/stocks/algo/webapp/frontend/node_modules/react-dom/cjs/react-dom.development.js:4277:31)
    at beginWork$1 (/home/stocks/algo/webapp/frontend/node_modules/react-dom/cjs/react-dom.development.js:27490:7)
    at performUnitOfWork (/home/stocks/algo/webapp/frontend/node_modules/react-dom/cjs/react-dom.development.js:26599:12) TypeError: portfolioData.map is not a function
    at PortfolioManager (/home/stocks/algo/webapp/frontend/src/components/PortfolioManager.jsx:434:30)
    at renderWithHooks (/home/stocks/algo/webapp/frontend/node_modules/react-dom/cjs/react-dom.development.js:15486:18)
    at updateFunctionComponent (/home/stocks/algo/webapp/frontend/node_modules/react-dom/cjs/react-dom.development.js:19617:20)
    at beginWork (/home/stocks/algo/webapp/frontend/node_modules/react-dom/cjs/react-dom.development.js:21640:16)
    at HTMLUnknownElement.callCallback (/home/stocks/algo/webapp/frontend/node_modules/react-dom/cjs/react-dom.development.js:4164:14)
    at HTMLUnknownElement.callTheUserObjectsOperation (/home/stocks/algo/webapp/frontend/node_modules/jsdom/lib/jsdom/living/generated/EventListener.js:26:30)
    at innerInvokeEventListeners (/home/stocks/algo/webapp/frontend/node_modules/jsdom/lib/jsdom/living/events/EventTarget-impl.js:350:25)
    at invokeEventListeners (/home/stocks/algo/webapp/frontend/node_modules/jsdom/lib/jsdom/living/events/EventTarget-impl.js:286:3)
    at HTMLUnknownElementImpl._dispatch (/home/stocks/algo/webapp/frontend/node_modules/jsdom/lib/jsdom/living/events/EventTarget-impl.js:233:9)
    at HTMLUnknownElementImpl.dispatchEvent (/home/stocks/algo/webapp/frontend/node_modules/jsdom/lib/jsdom/living/events/EventTarget-impl.js:104:17)

Error: Uncaught [TypeError: portfolioData.map is not a function]
    at reportException (/home/stocks/algo/webapp/frontend/node_modules/jsdom/lib/jsdom/living/helpers/runtime-script-errors.js:66:24)
    at innerInvokeEventListeners (/home/stocks/algo/webapp/frontend/node_modules/jsdom/lib/jsdom/living/events/EventTarget-impl.js:353:9)
    at invokeEventListeners (/home/stocks/algo/webapp/frontend/node_modules/jsdom/lib/jsdom/living/events/EventTarget-impl.js:286:3)
    at HTMLUnknownElementImpl._dispatch (/home/stocks/algo/webapp/frontend/node_modules/jsdom/lib/jsdom/living/events/EventTarget-impl.js:233:9)
    at HTMLUnknownElementImpl.dispatchEvent (/home/stocks/algo/webapp/frontend/node_modules/jsdom/lib/jsdom/living/events/EventTarget-impl.js:104:17)
    at HTMLUnknownElement.dispatchEvent (/home/stocks/algo/webapp/frontend/node_modules/jsdom/lib/jsdom/living/generated/EventTarget.js:241:34)
    at Object.invokeGuardedCallbackDev (/home/stocks/algo/webapp/frontend/node_modules/react-dom/cjs/react-dom.development.js:4213:16)
    at invokeGuardedCallback (/home/stocks/algo/webapp/frontend/node_modules/react-dom/cjs/react-dom.development.js:4277:31)
    at beginWork$1 (/home/stocks/algo/webapp/frontend/node_modules/react-dom/cjs/react-dom.development.js:27490:7)
    at performUnitOfWork (/home/stocks/algo/webapp/frontend/node_modules/react-dom/cjs/react-dom.development.js:26599:12) TypeError: portfolioData.map is not a function
    at PortfolioManager (/home/stocks/algo/webapp/frontend/src/components/PortfolioManager.jsx:434:30)
    at renderWithHooks (/home/stocks/algo/webapp/frontend/node_modules/react-dom/cjs/react-dom.development.js:15486:18)
    at updateFunctionComponent (/home/stocks/algo/webapp/frontend/node_modules/react-dom/cjs/react-dom.development.js:19617:20)
    at beginWork (/home/stocks/algo/webapp/frontend/node_modules/react-dom/cjs/react-dom.development.js:21640:16)
    at HTMLUnknownElement.callCallback (/home/stocks/algo/webapp/frontend/node_modules/react-dom/cjs/react-dom.development.js:4164:14)
    at HTMLUnknownElement.callTheUserObjectsOperation (/home/stocks/algo/webapp/frontend/node_modules/jsdom/lib/jsdom/living/generated/EventListener.js:26:30)
    at innerInvokeEventListeners (/home/stocks/algo/webapp/frontend/node_modules/jsdom/lib/jsdom/living/events/EventTarget-impl.js:350:25)
    at invokeEventListeners (/home/stocks/algo/webapp/frontend/node_modules/jsdom/lib/jsdom/living/events/EventTarget-impl.js:286:3)
    at HTMLUnknownElementImpl._dispatch (/home/stocks/algo/webapp/frontend/node_modules/jsdom/lib/jsdom/living/events/EventTarget-impl.js:233:9)
    at HTMLUnknownElementImpl.dispatchEvent (/home/stocks/algo/webapp/frontend/node_modules/jsdom/lib/jsdom/living/events/EventTarget-impl.js:104:17)
Error: Uncaught [TypeError: portfolioData.map is not a function]
    at reportException (/home/stocks/algo/webapp/frontend/node_modules/jsdom/lib/jsdom/living/helpers/runtime-script-errors.js:66:24)
    at innerInvokeEventListeners (/home/stocks/algo/webapp/frontend/node_modules/jsdom/lib/jsdom/living/events/EventTarget-impl.js:353:9)
    at invokeEventListeners (/home/stocks/algo/webapp/frontend/node_modules/jsdom/lib/jsdom/living/events/EventTarget-impl.js:286:3)
    at HTMLUnknownElementImpl._dispatch (/home/stocks/algo/webapp/frontend/node_modules/jsdom/lib/jsdom/living/events/EventTarget-impl.js:233:9)
    at HTMLUnknownElementImpl.dispatchEvent (/home/stocks/algo/webapp/frontend/node_modules/jsdom/lib/jsdom/living/events/EventTarget-impl.js:104:17)
    at HTMLUnknownElement.dispatchEvent (/home/stocks/algo/webapp/frontend/node_modules/jsdom/lib/jsdom/living/generated/EventTarget.js:241:34)
    at Object.invokeGuardedCallbackDev (/home/stocks/algo/webapp/frontend/node_modules/react-dom/cjs/react-dom.development.js:4213:16)
    at invokeGuardedCallback (/home/stocks/algo/webapp/frontend/node_modules/react-dom/cjs/react-dom.development.js:4277:31)
    at beginWork$1 (/home/stocks/algo/webapp/frontend/node_modules/react-dom/cjs/react-dom.development.js:27490:7)
    at performUnitOfWork (/home/stocks/algo/webapp/frontend/node_modules/react-dom/cjs/react-dom.development.js:26599:12) TypeError: portfolioData.map is not a function
    at PortfolioManager (/home/stocks/algo/webapp/frontend/src/components/PortfolioManager.jsx:434:30)
    at renderWithHooks (/home/stocks/algo/webapp/frontend/node_modules/react-dom/cjs/react-dom.development.js:15486:18)
    at updateFunctionComponent (/home/stocks/algo/webapp/frontend/node_modules/react-dom/cjs/react-dom.development.js:19617:20)
    at beginWork (/home/stocks/algo/webapp/frontend/node_modules/react-dom/cjs/react-dom.development.js:21640:16)
    at HTMLUnknownElement.callCallback (/home/stocks/algo/webapp/frontend/node_modules/react-dom/cjs/react-dom.development.js:4164:14)
    at HTMLUnknownElement.callTheUserObjectsOperation (/home/stocks/algo/webapp/frontend/node_modules/jsdom/lib/jsdom/living/generated/EventListener.js:26:30)
    at innerInvokeEventListeners (/home/stocks/algo/webapp/frontend/node_modules/jsdom/lib/jsdom/living/events/EventTarget-impl.js:350:25)
    at invokeEventListeners (/home/stocks/algo/webapp/frontend/node_modules/jsdom/lib/jsdom/living/events/EventTarget-impl.js:286:3)
    at HTMLUnknownElementImpl._dispatch (/home/stocks/algo/webapp/frontend/node_modules/jsdom/lib/jsdom/living/events/EventTarget-impl.js:233:9)
    at HTMLUnknownElementImpl.dispatchEvent (/home/stocks/algo/webapp/frontend/node_modules/jsdom/lib/jsdom/living/events/EventTarget-impl.js:104:17)

Error: Uncaught [TypeError: portfolioData.map is not a function]
    at reportException (/home/stocks/algo/webapp/frontend/node_modules/jsdom/lib/jsdom/living/helpers/runtime-script-errors.js:66:24)
    at innerInvokeEventListeners (/home/stocks/algo/webapp/frontend/node_modules/jsdom/lib/jsdom/living/events/EventTarget-impl.js:353:9)
    at invokeEventListeners (/home/stocks/algo/webapp/frontend/node_modules/jsdom/lib/jsdom/living/events/EventTarget-impl.js:286:3)
    at HTMLUnknownElementImpl._dispatch (/home/stocks/algo/webapp/frontend/node_modules/jsdom/lib/jsdom/living/events/EventTarget-impl.js:233:9)
    at HTMLUnknownElementImpl.dispatchEvent (/home/stocks/algo/webapp/frontend/node_modules/jsdom/lib/jsdom/living/events/EventTarget-impl.js:104:17)
    at HTMLUnknownElement.dispatchEvent (/home/stocks/algo/webapp/frontend/node_modules/jsdom/lib/jsdom/living/generated/EventTarget.js:241:34)
    at Object.invokeGuardedCallbackDev (/home/stocks/algo/webapp/frontend/node_modules/react-dom/cjs/react-dom.development.js:4213:16)
    at invokeGuardedCallback (/home/stocks/algo/webapp/frontend/node_modules/react-dom/cjs/react-dom.development.js:4277:31)
    at beginWork$1 (/home/stocks/algo/webapp/frontend/node_modules/react-dom/cjs/react-dom.development.js:27490:7)
    at performUnitOfWork (/home/stocks/algo/webapp/frontend/node_modules/react-dom/cjs/react-dom.development.js:26599:12) TypeError: portfolioData.map is not a function
    at PortfolioManager (/home/stocks/algo/webapp/frontend/src/components/PortfolioManager.jsx:434:30)
    at renderWithHooks (/home/stocks/algo/webapp/frontend/node_modules/react-dom/cjs/react-dom.development.js:15486:18)
    at updateFunctionComponent (/home/stocks/algo/webapp/frontend/node_modules/react-dom/cjs/react-dom.development.js:19617:20)
    at beginWork (/home/stocks/algo/webapp/frontend/node_modules/react-dom/cjs/react-dom.development.js:21640:16)
    at HTMLUnknownElement.callCallback (/home/stocks/algo/webapp/frontend/node_modules/react-dom/cjs/react-dom.development.js:4164:14)
    at HTMLUnknownElement.callTheUserObjectsOperation (/home/stocks/algo/webapp/frontend/node_modules/jsdom/lib/jsdom/living/generated/EventListener.js:26:30)
    at innerInvokeEventListeners (/home/stocks/algo/webapp/frontend/node_modules/jsdom/lib/jsdom/living/events/EventTarget-impl.js:350:25)
    at invokeEventListeners (/home/stocks/algo/webapp/frontend/node_modules/jsdom/lib/jsdom/living/events/EventTarget-impl.js:286:3)
    at HTMLUnknownElementImpl._dispatch (/home/stocks/algo/webapp/frontend/node_modules/jsdom/lib/jsdom/living/events/EventTarget-impl.js:233:9)
    at HTMLUnknownElementImpl.dispatchEvent (/home/stocks/algo/webapp/frontend/node_modules/jsdom/lib/jsdom/living/events/EventTarget-impl.js:104:17)
Error: Uncaught [TypeError: portfolioData.map is not a function]
    at reportException (/home/stocks/algo/webapp/frontend/node_modules/jsdom/lib/jsdom/living/helpers/runtime-script-errors.js:66:24)
    at innerInvokeEventListeners (/home/stocks/algo/webapp/frontend/node_modules/jsdom/lib/jsdom/living/events/EventTarget-impl.js:353:9)
    at invokeEventListeners (/home/stocks/algo/webapp/frontend/node_modules/jsdom/lib/jsdom/living/events/EventTarget-impl.js:286:3)
    at HTMLUnknownElementImpl._dispatch (/home/stocks/algo/webapp/frontend/node_modules/jsdom/lib/jsdom/living/events/EventTarget-impl.js:233:9)
    at HTMLUnknownElementImpl.dispatchEvent (/home/stocks/algo/webapp/frontend/node_modules/jsdom/lib/jsdom/living/events/EventTarget-impl.js:104:17)
    at HTMLUnknownElement.dispatchEvent (/home/stocks/algo/webapp/frontend/node_modules/jsdom/lib/jsdom/living/generated/EventTarget.js:241:34)
    at Object.invokeGuardedCallbackDev (/home/stocks/algo/webapp/frontend/node_modules/react-dom/cjs/react-dom.development.js:4213:16)
    at invokeGuardedCallback (/home/stocks/algo/webapp/frontend/node_modules/react-dom/cjs/react-dom.development.js:4277:31)
    at beginWork$1 (/home/stocks/algo/webapp/frontend/node_modules/react-dom/cjs/react-dom.development.js:27490:7)
    at performUnitOfWork (/home/stocks/algo/webapp/frontend/node_modules/react-dom/cjs/react-dom.development.js:26599:12) TypeError: portfolioData.map is not a function
    at PortfolioManager (/home/stocks/algo/webapp/frontend/src/components/PortfolioManager.jsx:434:30)
    at renderWithHooks (/home/stocks/algo/webapp/frontend/node_modules/react-dom/cjs/react-dom.development.js:15486:18)
    at updateFunctionComponent (/home/stocks/algo/webapp/frontend/node_modules/react-dom/cjs/react-dom.development.js:19617:20)
    at beginWork (/home/stocks/algo/webapp/frontend/node_modules/react-dom/cjs/react-dom.development.js:21640:16)
    at HTMLUnknownElement.callCallback (/home/stocks/algo/webapp/frontend/node_modules/react-dom/cjs/react-dom.development.js:4164:14)
    at HTMLUnknownElement.callTheUserObjectsOperation (/home/stocks/algo/webapp/frontend/node_modules/jsdom/lib/jsdom/living/generated/EventListener.js:26:30)
    at innerInvokeEventListeners (/home/stocks/algo/webapp/frontend/node_modules/jsdom/lib/jsdom/living/events/EventTarget-impl.js:350:25)
    at invokeEventListeners (/home/stocks/algo/webapp/frontend/node_modules/jsdom/lib/jsdom/living/events/EventTarget-impl.js:286:3)
    at HTMLUnknownElementImpl._dispatch (/home/stocks/algo/webapp/frontend/node_modules/jsdom/lib/jsdom/living/events/EventTarget-impl.js:233:9)
    at HTMLUnknownElementImpl.dispatchEvent (/home/stocks/algo/webapp/frontend/node_modules/jsdom/lib/jsdom/living/events/EventTarget-impl.js:104:17)

            </system-err>
            <failure message="Unable to find an element with the text: Portfolio Overview. This could be because the text is broken up by multiple elements. In this case, you can provide a function for your text matcher to make your matcher more flexible.

Ignored nodes: comments, script, style
[36m&lt;body&gt;[39m
  [36m&lt;div /&gt;[39m
[36m&lt;/body&gt;[39m

Ignored nodes: comments, script, style
[36m&lt;html&gt;[39m
  [36m&lt;head /&gt;[39m
  [36m&lt;body&gt;[39m
    [36m&lt;div /&gt;[39m
  [36m&lt;/body&gt;[39m
[36m&lt;/html&gt;[39m" type="TestingLibraryElementError">
TestingLibraryElementError: Unable to find an element with the text: Portfolio Overview. This could be because the text is broken up by multiple elements. In this case, you can provide a function for your text matcher to make your matcher more flexible.

Ignored nodes: comments, script, style
&lt;body&gt;
  &lt;div /&gt;
&lt;/body&gt;

Ignored nodes: comments, script, style
&lt;html&gt;
  &lt;head /&gt;
  &lt;body&gt;
    &lt;div /&gt;
  &lt;/body&gt;
&lt;/html&gt;
 ❯ Proxy.waitForWrapper node_modules/@testing-library/react/node_modules/@testing-library/dom/dist/wait-for.js:163:27
 ❯ src/tests/unit/components/real-portfolio-manager.test.jsx:188:13
            </failure>
            <failure message="Unable to find an element with the text: Portfolio Overview. This could be because the text is broken up by multiple elements. In this case, you can provide a function for your text matcher to make your matcher more flexible.

Ignored nodes: comments, script, style
[36m&lt;body&gt;[39m
  [36m&lt;div /&gt;[39m
[36m&lt;/body&gt;[39m

Ignored nodes: comments, script, style
[36m&lt;html&gt;[39m
  [36m&lt;head /&gt;[39m
  [36m&lt;body&gt;[39m
    [36m&lt;div /&gt;[39m
  [36m&lt;/body&gt;[39m
[36m&lt;/html&gt;[39m" type="TestingLibraryElementError">
TestingLibraryElementError: Unable to find an element with the text: Portfolio Overview. This could be because the text is broken up by multiple elements. In this case, you can provide a function for your text matcher to make your matcher more flexible.

Ignored nodes: comments, script, style
&lt;body&gt;
  &lt;div /&gt;
&lt;/body&gt;

Ignored nodes: comments, script, style
&lt;html&gt;
  &lt;head /&gt;
  &lt;body&gt;
    &lt;div /&gt;
  &lt;/body&gt;
&lt;/html&gt;
 ❯ Proxy.waitForWrapper node_modules/@testing-library/react/node_modules/@testing-library/dom/dist/wait-for.js:163:27
 ❯ src/tests/unit/components/real-portfolio-manager.test.jsx:188:13
            </failure>
            <failure message="Unable to find an element with the text: Portfolio Overview. This could be because the text is broken up by multiple elements. In this case, you can provide a function for your text matcher to make your matcher more flexible.

Ignored nodes: comments, script, style
[36m&lt;body&gt;[39m
  [36m&lt;div /&gt;[39m
[36m&lt;/body&gt;[39m

Ignored nodes: comments, script, style
[36m&lt;html&gt;[39m
  [36m&lt;head /&gt;[39m
  [36m&lt;body&gt;[39m
    [36m&lt;div /&gt;[39m
  [36m&lt;/body&gt;[39m
[36m&lt;/html&gt;[39m" type="TestingLibraryElementError">
TestingLibraryElementError: Unable to find an element with the text: Portfolio Overview. This could be because the text is broken up by multiple elements. In this case, you can provide a function for your text matcher to make your matcher more flexible.

Ignored nodes: comments, script, style
&lt;body&gt;
  &lt;div /&gt;
&lt;/body&gt;

Ignored nodes: comments, script, style
&lt;html&gt;
  &lt;head /&gt;
  &lt;body&gt;
    &lt;div /&gt;
  &lt;/body&gt;
&lt;/html&gt;
 ❯ Proxy.waitForWrapper node_modules/@testing-library/react/node_modules/@testing-library/dom/dist/wait-for.js:163:27
 ❯ src/tests/unit/components/real-portfolio-manager.test.jsx:188:13
            </failure>
        </testcase>
        <testcase classname="src/tests/unit/components/real-portfolio-manager.test.jsx" name="💼 Real PortfolioManager Component &gt; Component Initialization &gt; should display portfolio summary after loading" time="3.018">
            <system-err>
Error: Uncaught [TypeError: portfolioData.map is not a function]
    at reportException (/home/stocks/algo/webapp/frontend/node_modules/jsdom/lib/jsdom/living/helpers/runtime-script-errors.js:66:24)
    at innerInvokeEventListeners (/home/stocks/algo/webapp/frontend/node_modules/jsdom/lib/jsdom/living/events/EventTarget-impl.js:353:9)
    at invokeEventListeners (/home/stocks/algo/webapp/frontend/node_modules/jsdom/lib/jsdom/living/events/EventTarget-impl.js:286:3)
    at HTMLUnknownElementImpl._dispatch (/home/stocks/algo/webapp/frontend/node_modules/jsdom/lib/jsdom/living/events/EventTarget-impl.js:233:9)
    at HTMLUnknownElementImpl.dispatchEvent (/home/stocks/algo/webapp/frontend/node_modules/jsdom/lib/jsdom/living/events/EventTarget-impl.js:104:17)
    at HTMLUnknownElement.dispatchEvent (/home/stocks/algo/webapp/frontend/node_modules/jsdom/lib/jsdom/living/generated/EventTarget.js:241:34)
    at Object.invokeGuardedCallbackDev (/home/stocks/algo/webapp/frontend/node_modules/react-dom/cjs/react-dom.development.js:4213:16)
    at invokeGuardedCallback (/home/stocks/algo/webapp/frontend/node_modules/react-dom/cjs/react-dom.development.js:4277:31)
    at beginWork$1 (/home/stocks/algo/webapp/frontend/node_modules/react-dom/cjs/react-dom.development.js:27490:7)
    at performUnitOfWork (/home/stocks/algo/webapp/frontend/node_modules/react-dom/cjs/react-dom.development.js:26599:12) TypeError: portfolioData.map is not a function
    at PortfolioManager (/home/stocks/algo/webapp/frontend/src/components/PortfolioManager.jsx:434:30)
    at renderWithHooks (/home/stocks/algo/webapp/frontend/node_modules/react-dom/cjs/react-dom.development.js:15486:18)
    at updateFunctionComponent (/home/stocks/algo/webapp/frontend/node_modules/react-dom/cjs/react-dom.development.js:19617:20)
    at beginWork (/home/stocks/algo/webapp/frontend/node_modules/react-dom/cjs/react-dom.development.js:21640:16)
    at HTMLUnknownElement.callCallback (/home/stocks/algo/webapp/frontend/node_modules/react-dom/cjs/react-dom.development.js:4164:14)
    at HTMLUnknownElement.callTheUserObjectsOperation (/home/stocks/algo/webapp/frontend/node_modules/jsdom/lib/jsdom/living/generated/EventListener.js:26:30)
    at innerInvokeEventListeners (/home/stocks/algo/webapp/frontend/node_modules/jsdom/lib/jsdom/living/events/EventTarget-impl.js:350:25)
    at invokeEventListeners (/home/stocks/algo/webapp/frontend/node_modules/jsdom/lib/jsdom/living/events/EventTarget-impl.js:286:3)
    at HTMLUnknownElementImpl._dispatch (/home/stocks/algo/webapp/frontend/node_modules/jsdom/lib/jsdom/living/events/EventTarget-impl.js:233:9)
    at HTMLUnknownElementImpl.dispatchEvent (/home/stocks/algo/webapp/frontend/node_modules/jsdom/lib/jsdom/living/events/EventTarget-impl.js:104:17)
Error: Uncaught [TypeError: portfolioData.map is not a function]
    at reportException (/home/stocks/algo/webapp/frontend/node_modules/jsdom/lib/jsdom/living/helpers/runtime-script-errors.js:66:24)
    at innerInvokeEventListeners (/home/stocks/algo/webapp/frontend/node_modules/jsdom/lib/jsdom/living/events/EventTarget-impl.js:353:9)
    at invokeEventListeners (/home/stocks/algo/webapp/frontend/node_modules/jsdom/lib/jsdom/living/events/EventTarget-impl.js:286:3)
    at HTMLUnknownElementImpl._dispatch (/home/stocks/algo/webapp/frontend/node_modules/jsdom/lib/jsdom/living/events/EventTarget-impl.js:233:9)
    at HTMLUnknownElementImpl.dispatchEvent (/home/stocks/algo/webapp/frontend/node_modules/jsdom/lib/jsdom/living/events/EventTarget-impl.js:104:17)
    at HTMLUnknownElement.dispatchEvent (/home/stocks/algo/webapp/frontend/node_modules/jsdom/lib/jsdom/living/generated/EventTarget.js:241:34)
    at Object.invokeGuardedCallbackDev (/home/stocks/algo/webapp/frontend/node_modules/react-dom/cjs/react-dom.development.js:4213:16)
    at invokeGuardedCallback (/home/stocks/algo/webapp/frontend/node_modules/react-dom/cjs/react-dom.development.js:4277:31)
    at beginWork$1 (/home/stocks/algo/webapp/frontend/node_modules/react-dom/cjs/react-dom.development.js:27490:7)
    at performUnitOfWork (/home/stocks/algo/webapp/frontend/node_modules/react-dom/cjs/react-dom.development.js:26599:12) TypeError: portfolioData.map is not a function
    at PortfolioManager (/home/stocks/algo/webapp/frontend/src/components/PortfolioManager.jsx:434:30)
    at renderWithHooks (/home/stocks/algo/webapp/frontend/node_modules/react-dom/cjs/react-dom.development.js:15486:18)
    at updateFunctionComponent (/home/stocks/algo/webapp/frontend/node_modules/react-dom/cjs/react-dom.development.js:19617:20)
    at beginWork (/home/stocks/algo/webapp/frontend/node_modules/react-dom/cjs/react-dom.development.js:21640:16)
    at HTMLUnknownElement.callCallback (/home/stocks/algo/webapp/frontend/node_modules/react-dom/cjs/react-dom.development.js:4164:14)
    at HTMLUnknownElement.callTheUserObjectsOperation (/home/stocks/algo/webapp/frontend/node_modules/jsdom/lib/jsdom/living/generated/EventListener.js:26:30)
    at innerInvokeEventListeners (/home/stocks/algo/webapp/frontend/node_modules/jsdom/lib/jsdom/living/events/EventTarget-impl.js:350:25)
    at invokeEventListeners (/home/stocks/algo/webapp/frontend/node_modules/jsdom/lib/jsdom/living/events/EventTarget-impl.js:286:3)
    at HTMLUnknownElementImpl._dispatch (/home/stocks/algo/webapp/frontend/node_modules/jsdom/lib/jsdom/living/events/EventTarget-impl.js:233:9)
    at HTMLUnknownElementImpl.dispatchEvent (/home/stocks/algo/webapp/frontend/node_modules/jsdom/lib/jsdom/living/events/EventTarget-impl.js:104:17)

Error: Uncaught [TypeError: portfolioData.map is not a function]
    at reportException (/home/stocks/algo/webapp/frontend/node_modules/jsdom/lib/jsdom/living/helpers/runtime-script-errors.js:66:24)
    at innerInvokeEventListeners (/home/stocks/algo/webapp/frontend/node_modules/jsdom/lib/jsdom/living/events/EventTarget-impl.js:353:9)
    at invokeEventListeners (/home/stocks/algo/webapp/frontend/node_modules/jsdom/lib/jsdom/living/events/EventTarget-impl.js:286:3)
    at HTMLUnknownElementImpl._dispatch (/home/stocks/algo/webapp/frontend/node_modules/jsdom/lib/jsdom/living/events/EventTarget-impl.js:233:9)
    at HTMLUnknownElementImpl.dispatchEvent (/home/stocks/algo/webapp/frontend/node_modules/jsdom/lib/jsdom/living/events/EventTarget-impl.js:104:17)
    at HTMLUnknownElement.dispatchEvent (/home/stocks/algo/webapp/frontend/node_modules/jsdom/lib/jsdom/living/generated/EventTarget.js:241:34)
    at Object.invokeGuardedCallbackDev (/home/stocks/algo/webapp/frontend/node_modules/react-dom/cjs/react-dom.development.js:4213:16)
    at invokeGuardedCallback (/home/stocks/algo/webapp/frontend/node_modules/react-dom/cjs/react-dom.development.js:4277:31)
    at beginWork$1 (/home/stocks/algo/webapp/frontend/node_modules/react-dom/cjs/react-dom.development.js:27490:7)
    at performUnitOfWork (/home/stocks/algo/webapp/frontend/node_modules/react-dom/cjs/react-dom.development.js:26599:12) TypeError: portfolioData.map is not a function
    at PortfolioManager (/home/stocks/algo/webapp/frontend/src/components/PortfolioManager.jsx:434:30)
    at renderWithHooks (/home/stocks/algo/webapp/frontend/node_modules/react-dom/cjs/react-dom.development.js:15486:18)
    at updateFunctionComponent (/home/stocks/algo/webapp/frontend/node_modules/react-dom/cjs/react-dom.development.js:19617:20)
    at beginWork (/home/stocks/algo/webapp/frontend/node_modules/react-dom/cjs/react-dom.development.js:21640:16)
    at HTMLUnknownElement.callCallback (/home/stocks/algo/webapp/frontend/node_modules/react-dom/cjs/react-dom.development.js:4164:14)
    at HTMLUnknownElement.callTheUserObjectsOperation (/home/stocks/algo/webapp/frontend/node_modules/jsdom/lib/jsdom/living/generated/EventListener.js:26:30)
    at innerInvokeEventListeners (/home/stocks/algo/webapp/frontend/node_modules/jsdom/lib/jsdom/living/events/EventTarget-impl.js:350:25)
    at invokeEventListeners (/home/stocks/algo/webapp/frontend/node_modules/jsdom/lib/jsdom/living/events/EventTarget-impl.js:286:3)
    at HTMLUnknownElementImpl._dispatch (/home/stocks/algo/webapp/frontend/node_modules/jsdom/lib/jsdom/living/events/EventTarget-impl.js:233:9)
    at HTMLUnknownElementImpl.dispatchEvent (/home/stocks/algo/webapp/frontend/node_modules/jsdom/lib/jsdom/living/events/EventTarget-impl.js:104:17)
Error: Uncaught [TypeError: portfolioData.map is not a function]
    at reportException (/home/stocks/algo/webapp/frontend/node_modules/jsdom/lib/jsdom/living/helpers/runtime-script-errors.js:66:24)
    at innerInvokeEventListeners (/home/stocks/algo/webapp/frontend/node_modules/jsdom/lib/jsdom/living/events/EventTarget-impl.js:353:9)
    at invokeEventListeners (/home/stocks/algo/webapp/frontend/node_modules/jsdom/lib/jsdom/living/events/EventTarget-impl.js:286:3)
    at HTMLUnknownElementImpl._dispatch (/home/stocks/algo/webapp/frontend/node_modules/jsdom/lib/jsdom/living/events/EventTarget-impl.js:233:9)
    at HTMLUnknownElementImpl.dispatchEvent (/home/stocks/algo/webapp/frontend/node_modules/jsdom/lib/jsdom/living/events/EventTarget-impl.js:104:17)
    at HTMLUnknownElement.dispatchEvent (/home/stocks/algo/webapp/frontend/node_modules/jsdom/lib/jsdom/living/generated/EventTarget.js:241:34)
    at Object.invokeGuardedCallbackDev (/home/stocks/algo/webapp/frontend/node_modules/react-dom/cjs/react-dom.development.js:4213:16)
    at invokeGuardedCallback (/home/stocks/algo/webapp/frontend/node_modules/react-dom/cjs/react-dom.development.js:4277:31)
    at beginWork$1 (/home/stocks/algo/webapp/frontend/node_modules/react-dom/cjs/react-dom.development.js:27490:7)
    at performUnitOfWork (/home/stocks/algo/webapp/frontend/node_modules/react-dom/cjs/react-dom.development.js:26599:12) TypeError: portfolioData.map is not a function
    at PortfolioManager (/home/stocks/algo/webapp/frontend/src/components/PortfolioManager.jsx:434:30)
    at renderWithHooks (/home/stocks/algo/webapp/frontend/node_modules/react-dom/cjs/react-dom.development.js:15486:18)
    at updateFunctionComponent (/home/stocks/algo/webapp/frontend/node_modules/react-dom/cjs/react-dom.development.js:19617:20)
    at beginWork (/home/stocks/algo/webapp/frontend/node_modules/react-dom/cjs/react-dom.development.js:21640:16)
    at HTMLUnknownElement.callCallback (/home/stocks/algo/webapp/frontend/node_modules/react-dom/cjs/react-dom.development.js:4164:14)
    at HTMLUnknownElement.callTheUserObjectsOperation (/home/stocks/algo/webapp/frontend/node_modules/jsdom/lib/jsdom/living/generated/EventListener.js:26:30)
    at innerInvokeEventListeners (/home/stocks/algo/webapp/frontend/node_modules/jsdom/lib/jsdom/living/events/EventTarget-impl.js:350:25)
    at invokeEventListeners (/home/stocks/algo/webapp/frontend/node_modules/jsdom/lib/jsdom/living/events/EventTarget-impl.js:286:3)
    at HTMLUnknownElementImpl._dispatch (/home/stocks/algo/webapp/frontend/node_modules/jsdom/lib/jsdom/living/events/EventTarget-impl.js:233:9)
    at HTMLUnknownElementImpl.dispatchEvent (/home/stocks/algo/webapp/frontend/node_modules/jsdom/lib/jsdom/living/events/EventTarget-impl.js:104:17)

Error: Uncaught [TypeError: portfolioData.map is not a function]
    at reportException (/home/stocks/algo/webapp/frontend/node_modules/jsdom/lib/jsdom/living/helpers/runtime-script-errors.js:66:24)
    at innerInvokeEventListeners (/home/stocks/algo/webapp/frontend/node_modules/jsdom/lib/jsdom/living/events/EventTarget-impl.js:353:9)
    at invokeEventListeners (/home/stocks/algo/webapp/frontend/node_modules/jsdom/lib/jsdom/living/events/EventTarget-impl.js:286:3)
    at HTMLUnknownElementImpl._dispatch (/home/stocks/algo/webapp/frontend/node_modules/jsdom/lib/jsdom/living/events/EventTarget-impl.js:233:9)
    at HTMLUnknownElementImpl.dispatchEvent (/home/stocks/algo/webapp/frontend/node_modules/jsdom/lib/jsdom/living/events/EventTarget-impl.js:104:17)
    at HTMLUnknownElement.dispatchEvent (/home/stocks/algo/webapp/frontend/node_modules/jsdom/lib/jsdom/living/generated/EventTarget.js:241:34)
    at Object.invokeGuardedCallbackDev (/home/stocks/algo/webapp/frontend/node_modules/react-dom/cjs/react-dom.development.js:4213:16)
    at invokeGuardedCallback (/home/stocks/algo/webapp/frontend/node_modules/react-dom/cjs/react-dom.development.js:4277:31)
    at beginWork$1 (/home/stocks/algo/webapp/frontend/node_modules/react-dom/cjs/react-dom.development.js:27490:7)
    at performUnitOfWork (/home/stocks/algo/webapp/frontend/node_modules/react-dom/cjs/react-dom.development.js:26599:12) TypeError: portfolioData.map is not a function
    at PortfolioManager (/home/stocks/algo/webapp/frontend/src/components/PortfolioManager.jsx:434:30)
    at renderWithHooks (/home/stocks/algo/webapp/frontend/node_modules/react-dom/cjs/react-dom.development.js:15486:18)
    at updateFunctionComponent (/home/stocks/algo/webapp/frontend/node_modules/react-dom/cjs/react-dom.development.js:19617:20)
    at beginWork (/home/stocks/algo/webapp/frontend/node_modules/react-dom/cjs/react-dom.development.js:21640:16)
    at HTMLUnknownElement.callCallback (/home/stocks/algo/webapp/frontend/node_modules/react-dom/cjs/react-dom.development.js:4164:14)
    at HTMLUnknownElement.callTheUserObjectsOperation (/home/stocks/algo/webapp/frontend/node_modules/jsdom/lib/jsdom/living/generated/EventListener.js:26:30)
    at innerInvokeEventListeners (/home/stocks/algo/webapp/frontend/node_modules/jsdom/lib/jsdom/living/events/EventTarget-impl.js:350:25)
    at invokeEventListeners (/home/stocks/algo/webapp/frontend/node_modules/jsdom/lib/jsdom/living/events/EventTarget-impl.js:286:3)
    at HTMLUnknownElementImpl._dispatch (/home/stocks/algo/webapp/frontend/node_modules/jsdom/lib/jsdom/living/events/EventTarget-impl.js:233:9)
    at HTMLUnknownElementImpl.dispatchEvent (/home/stocks/algo/webapp/frontend/node_modules/jsdom/lib/jsdom/living/events/EventTarget-impl.js:104:17)
Error: Uncaught [TypeError: portfolioData.map is not a function]
    at reportException (/home/stocks/algo/webapp/frontend/node_modules/jsdom/lib/jsdom/living/helpers/runtime-script-errors.js:66:24)
    at innerInvokeEventListeners (/home/stocks/algo/webapp/frontend/node_modules/jsdom/lib/jsdom/living/events/EventTarget-impl.js:353:9)
    at invokeEventListeners (/home/stocks/algo/webapp/frontend/node_modules/jsdom/lib/jsdom/living/events/EventTarget-impl.js:286:3)
    at HTMLUnknownElementImpl._dispatch (/home/stocks/algo/webapp/frontend/node_modules/jsdom/lib/jsdom/living/events/EventTarget-impl.js:233:9)
    at HTMLUnknownElementImpl.dispatchEvent (/home/stocks/algo/webapp/frontend/node_modules/jsdom/lib/jsdom/living/events/EventTarget-impl.js:104:17)
    at HTMLUnknownElement.dispatchEvent (/home/stocks/algo/webapp/frontend/node_modules/jsdom/lib/jsdom/living/generated/EventTarget.js:241:34)
    at Object.invokeGuardedCallbackDev (/home/stocks/algo/webapp/frontend/node_modules/react-dom/cjs/react-dom.development.js:4213:16)
    at invokeGuardedCallback (/home/stocks/algo/webapp/frontend/node_modules/react-dom/cjs/react-dom.development.js:4277:31)
    at beginWork$1 (/home/stocks/algo/webapp/frontend/node_modules/react-dom/cjs/react-dom.development.js:27490:7)
    at performUnitOfWork (/home/stocks/algo/webapp/frontend/node_modules/react-dom/cjs/react-dom.development.js:26599:12) TypeError: portfolioData.map is not a function
    at PortfolioManager (/home/stocks/algo/webapp/frontend/src/components/PortfolioManager.jsx:434:30)
    at renderWithHooks (/home/stocks/algo/webapp/frontend/node_modules/react-dom/cjs/react-dom.development.js:15486:18)
    at updateFunctionComponent (/home/stocks/algo/webapp/frontend/node_modules/react-dom/cjs/react-dom.development.js:19617:20)
    at beginWork (/home/stocks/algo/webapp/frontend/node_modules/react-dom/cjs/react-dom.development.js:21640:16)
    at HTMLUnknownElement.callCallback (/home/stocks/algo/webapp/frontend/node_modules/react-dom/cjs/react-dom.development.js:4164:14)
    at HTMLUnknownElement.callTheUserObjectsOperation (/home/stocks/algo/webapp/frontend/node_modules/jsdom/lib/jsdom/living/generated/EventListener.js:26:30)
    at innerInvokeEventListeners (/home/stocks/algo/webapp/frontend/node_modules/jsdom/lib/jsdom/living/events/EventTarget-impl.js:350:25)
    at invokeEventListeners (/home/stocks/algo/webapp/frontend/node_modules/jsdom/lib/jsdom/living/events/EventTarget-impl.js:286:3)
    at HTMLUnknownElementImpl._dispatch (/home/stocks/algo/webapp/frontend/node_modules/jsdom/lib/jsdom/living/events/EventTarget-impl.js:233:9)
    at HTMLUnknownElementImpl.dispatchEvent (/home/stocks/algo/webapp/frontend/node_modules/jsdom/lib/jsdom/living/events/EventTarget-impl.js:104:17)

            </system-err>
            <failure message="Unable to find an element with the text: $108,550. This could be because the text is broken up by multiple elements. In this case, you can provide a function for your text matcher to make your matcher more flexible.

Ignored nodes: comments, script, style
[36m&lt;body&gt;[39m
  [36m&lt;div /&gt;[39m
[36m&lt;/body&gt;[39m

Ignored nodes: comments, script, style
[36m&lt;html&gt;[39m
  [36m&lt;head /&gt;[39m
  [36m&lt;body&gt;[39m
    [36m&lt;div /&gt;[39m
  [36m&lt;/body&gt;[39m
[36m&lt;/html&gt;[39m" type="TestingLibraryElementError">
TestingLibraryElementError: Unable to find an element with the text: $108,550. This could be because the text is broken up by multiple elements. In this case, you can provide a function for your text matcher to make your matcher more flexible.

Ignored nodes: comments, script, style
&lt;body&gt;
  &lt;div /&gt;
&lt;/body&gt;

Ignored nodes: comments, script, style
&lt;html&gt;
  &lt;head /&gt;
  &lt;body&gt;
    &lt;div /&gt;
  &lt;/body&gt;
&lt;/html&gt;
 ❯ Proxy.waitForWrapper node_modules/@testing-library/react/node_modules/@testing-library/dom/dist/wait-for.js:163:27
 ❯ src/tests/unit/components/real-portfolio-manager.test.jsx:196:13
            </failure>
            <failure message="Unable to find an element with the text: $108,550. This could be because the text is broken up by multiple elements. In this case, you can provide a function for your text matcher to make your matcher more flexible.

Ignored nodes: comments, script, style
[36m&lt;body&gt;[39m
  [36m&lt;div /&gt;[39m
[36m&lt;/body&gt;[39m

Ignored nodes: comments, script, style
[36m&lt;html&gt;[39m
  [36m&lt;head /&gt;[39m
  [36m&lt;body&gt;[39m
    [36m&lt;div /&gt;[39m
  [36m&lt;/body&gt;[39m
[36m&lt;/html&gt;[39m" type="TestingLibraryElementError">
TestingLibraryElementError: Unable to find an element with the text: $108,550. This could be because the text is broken up by multiple elements. In this case, you can provide a function for your text matcher to make your matcher more flexible.

Ignored nodes: comments, script, style
&lt;body&gt;
  &lt;div /&gt;
&lt;/body&gt;

Ignored nodes: comments, script, style
&lt;html&gt;
  &lt;head /&gt;
  &lt;body&gt;
    &lt;div /&gt;
  &lt;/body&gt;
&lt;/html&gt;
 ❯ Proxy.waitForWrapper node_modules/@testing-library/react/node_modules/@testing-library/dom/dist/wait-for.js:163:27
 ❯ src/tests/unit/components/real-portfolio-manager.test.jsx:196:13
            </failure>
            <failure message="Unable to find an element with the text: $108,550. This could be because the text is broken up by multiple elements. In this case, you can provide a function for your text matcher to make your matcher more flexible.

Ignored nodes: comments, script, style
[36m&lt;body&gt;[39m
  [36m&lt;div /&gt;[39m
[36m&lt;/body&gt;[39m

Ignored nodes: comments, script, style
[36m&lt;html&gt;[39m
  [36m&lt;head /&gt;[39m
  [36m&lt;body&gt;[39m
    [36m&lt;div /&gt;[39m
  [36m&lt;/body&gt;[39m
[36m&lt;/html&gt;[39m" type="TestingLibraryElementError">
TestingLibraryElementError: Unable to find an element with the text: $108,550. This could be because the text is broken up by multiple elements. In this case, you can provide a function for your text matcher to make your matcher more flexible.

Ignored nodes: comments, script, style
&lt;body&gt;
  &lt;div /&gt;
&lt;/body&gt;

Ignored nodes: comments, script, style
&lt;html&gt;
  &lt;head /&gt;
  &lt;body&gt;
    &lt;div /&gt;
  &lt;/body&gt;
&lt;/html&gt;
 ❯ Proxy.waitForWrapper node_modules/@testing-library/react/node_modules/@testing-library/dom/dist/wait-for.js:163:27
 ❯ src/tests/unit/components/real-portfolio-manager.test.jsx:196:13
            </failure>
        </testcase>
        <testcase classname="src/tests/unit/components/real-portfolio-manager.test.jsx" name="💼 Real PortfolioManager Component &gt; Component Initialization &gt; should display API key status indicator" time="3.011">
            <system-err>
Error: Uncaught [TypeError: portfolioData.map is not a function]
    at reportException (/home/stocks/algo/webapp/frontend/node_modules/jsdom/lib/jsdom/living/helpers/runtime-script-errors.js:66:24)
    at innerInvokeEventListeners (/home/stocks/algo/webapp/frontend/node_modules/jsdom/lib/jsdom/living/events/EventTarget-impl.js:353:9)
    at invokeEventListeners (/home/stocks/algo/webapp/frontend/node_modules/jsdom/lib/jsdom/living/events/EventTarget-impl.js:286:3)
    at HTMLUnknownElementImpl._dispatch (/home/stocks/algo/webapp/frontend/node_modules/jsdom/lib/jsdom/living/events/EventTarget-impl.js:233:9)
    at HTMLUnknownElementImpl.dispatchEvent (/home/stocks/algo/webapp/frontend/node_modules/jsdom/lib/jsdom/living/events/EventTarget-impl.js:104:17)
    at HTMLUnknownElement.dispatchEvent (/home/stocks/algo/webapp/frontend/node_modules/jsdom/lib/jsdom/living/generated/EventTarget.js:241:34)
    at Object.invokeGuardedCallbackDev (/home/stocks/algo/webapp/frontend/node_modules/react-dom/cjs/react-dom.development.js:4213:16)
    at invokeGuardedCallback (/home/stocks/algo/webapp/frontend/node_modules/react-dom/cjs/react-dom.development.js:4277:31)
    at beginWork$1 (/home/stocks/algo/webapp/frontend/node_modules/react-dom/cjs/react-dom.development.js:27490:7)
    at performUnitOfWork (/home/stocks/algo/webapp/frontend/node_modules/react-dom/cjs/react-dom.development.js:26599:12) TypeError: portfolioData.map is not a function
    at PortfolioManager (/home/stocks/algo/webapp/frontend/src/components/PortfolioManager.jsx:434:30)
    at renderWithHooks (/home/stocks/algo/webapp/frontend/node_modules/react-dom/cjs/react-dom.development.js:15486:18)
    at updateFunctionComponent (/home/stocks/algo/webapp/frontend/node_modules/react-dom/cjs/react-dom.development.js:19617:20)
    at beginWork (/home/stocks/algo/webapp/frontend/node_modules/react-dom/cjs/react-dom.development.js:21640:16)
    at HTMLUnknownElement.callCallback (/home/stocks/algo/webapp/frontend/node_modules/react-dom/cjs/react-dom.development.js:4164:14)
    at HTMLUnknownElement.callTheUserObjectsOperation (/home/stocks/algo/webapp/frontend/node_modules/jsdom/lib/jsdom/living/generated/EventListener.js:26:30)
    at innerInvokeEventListeners (/home/stocks/algo/webapp/frontend/node_modules/jsdom/lib/jsdom/living/events/EventTarget-impl.js:350:25)
    at invokeEventListeners (/home/stocks/algo/webapp/frontend/node_modules/jsdom/lib/jsdom/living/events/EventTarget-impl.js:286:3)
    at HTMLUnknownElementImpl._dispatch (/home/stocks/algo/webapp/frontend/node_modules/jsdom/lib/jsdom/living/events/EventTarget-impl.js:233:9)
    at HTMLUnknownElementImpl.dispatchEvent (/home/stocks/algo/webapp/frontend/node_modules/jsdom/lib/jsdom/living/events/EventTarget-impl.js:104:17)
Error: Uncaught [TypeError: portfolioData.map is not a function]
    at reportException (/home/stocks/algo/webapp/frontend/node_modules/jsdom/lib/jsdom/living/helpers/runtime-script-errors.js:66:24)
    at innerInvokeEventListeners (/home/stocks/algo/webapp/frontend/node_modules/jsdom/lib/jsdom/living/events/EventTarget-impl.js:353:9)
    at invokeEventListeners (/home/stocks/algo/webapp/frontend/node_modules/jsdom/lib/jsdom/living/events/EventTarget-impl.js:286:3)
    at HTMLUnknownElementImpl._dispatch (/home/stocks/algo/webapp/frontend/node_modules/jsdom/lib/jsdom/living/events/EventTarget-impl.js:233:9)
    at HTMLUnknownElementImpl.dispatchEvent (/home/stocks/algo/webapp/frontend/node_modules/jsdom/lib/jsdom/living/events/EventTarget-impl.js:104:17)
    at HTMLUnknownElement.dispatchEvent (/home/stocks/algo/webapp/frontend/node_modules/jsdom/lib/jsdom/living/generated/EventTarget.js:241:34)
    at Object.invokeGuardedCallbackDev (/home/stocks/algo/webapp/frontend/node_modules/react-dom/cjs/react-dom.development.js:4213:16)
    at invokeGuardedCallback (/home/stocks/algo/webapp/frontend/node_modules/react-dom/cjs/react-dom.development.js:4277:31)
    at beginWork$1 (/home/stocks/algo/webapp/frontend/node_modules/react-dom/cjs/react-dom.development.js:27490:7)
    at performUnitOfWork (/home/stocks/algo/webapp/frontend/node_modules/react-dom/cjs/react-dom.development.js:26599:12) TypeError: portfolioData.map is not a function
    at PortfolioManager (/home/stocks/algo/webapp/frontend/src/components/PortfolioManager.jsx:434:30)
    at renderWithHooks (/home/stocks/algo/webapp/frontend/node_modules/react-dom/cjs/react-dom.development.js:15486:18)
    at updateFunctionComponent (/home/stocks/algo/webapp/frontend/node_modules/react-dom/cjs/react-dom.development.js:19617:20)
    at beginWork (/home/stocks/algo/webapp/frontend/node_modules/react-dom/cjs/react-dom.development.js:21640:16)
    at HTMLUnknownElement.callCallback (/home/stocks/algo/webapp/frontend/node_modules/react-dom/cjs/react-dom.development.js:4164:14)
    at HTMLUnknownElement.callTheUserObjectsOperation (/home/stocks/algo/webapp/frontend/node_modules/jsdom/lib/jsdom/living/generated/EventListener.js:26:30)
    at innerInvokeEventListeners (/home/stocks/algo/webapp/frontend/node_modules/jsdom/lib/jsdom/living/events/EventTarget-impl.js:350:25)
    at invokeEventListeners (/home/stocks/algo/webapp/frontend/node_modules/jsdom/lib/jsdom/living/events/EventTarget-impl.js:286:3)
    at HTMLUnknownElementImpl._dispatch (/home/stocks/algo/webapp/frontend/node_modules/jsdom/lib/jsdom/living/events/EventTarget-impl.js:233:9)
    at HTMLUnknownElementImpl.dispatchEvent (/home/stocks/algo/webapp/frontend/node_modules/jsdom/lib/jsdom/living/events/EventTarget-impl.js:104:17)

Error: Uncaught [TypeError: portfolioData.map is not a function]
    at reportException (/home/stocks/algo/webapp/frontend/node_modules/jsdom/lib/jsdom/living/helpers/runtime-script-errors.js:66:24)
    at innerInvokeEventListeners (/home/stocks/algo/webapp/frontend/node_modules/jsdom/lib/jsdom/living/events/EventTarget-impl.js:353:9)
    at invokeEventListeners (/home/stocks/algo/webapp/frontend/node_modules/jsdom/lib/jsdom/living/events/EventTarget-impl.js:286:3)
    at HTMLUnknownElementImpl._dispatch (/home/stocks/algo/webapp/frontend/node_modules/jsdom/lib/jsdom/living/events/EventTarget-impl.js:233:9)
    at HTMLUnknownElementImpl.dispatchEvent (/home/stocks/algo/webapp/frontend/node_modules/jsdom/lib/jsdom/living/events/EventTarget-impl.js:104:17)
    at HTMLUnknownElement.dispatchEvent (/home/stocks/algo/webapp/frontend/node_modules/jsdom/lib/jsdom/living/generated/EventTarget.js:241:34)
    at Object.invokeGuardedCallbackDev (/home/stocks/algo/webapp/frontend/node_modules/react-dom/cjs/react-dom.development.js:4213:16)
    at invokeGuardedCallback (/home/stocks/algo/webapp/frontend/node_modules/react-dom/cjs/react-dom.development.js:4277:31)
    at beginWork$1 (/home/stocks/algo/webapp/frontend/node_modules/react-dom/cjs/react-dom.development.js:27490:7)
    at performUnitOfWork (/home/stocks/algo/webapp/frontend/node_modules/react-dom/cjs/react-dom.development.js:26599:12) TypeError: portfolioData.map is not a function
    at PortfolioManager (/home/stocks/algo/webapp/frontend/src/components/PortfolioManager.jsx:434:30)
    at renderWithHooks (/home/stocks/algo/webapp/frontend/node_modules/react-dom/cjs/react-dom.development.js:15486:18)
    at updateFunctionComponent (/home/stocks/algo/webapp/frontend/node_modules/react-dom/cjs/react-dom.development.js:19617:20)
    at beginWork (/home/stocks/algo/webapp/frontend/node_modules/react-dom/cjs/react-dom.development.js:21640:16)
    at HTMLUnknownElement.callCallback (/home/stocks/algo/webapp/frontend/node_modules/react-dom/cjs/react-dom.development.js:4164:14)
    at HTMLUnknownElement.callTheUserObjectsOperation (/home/stocks/algo/webapp/frontend/node_modules/jsdom/lib/jsdom/living/generated/EventListener.js:26:30)
    at innerInvokeEventListeners (/home/stocks/algo/webapp/frontend/node_modules/jsdom/lib/jsdom/living/events/EventTarget-impl.js:350:25)
    at invokeEventListeners (/home/stocks/algo/webapp/frontend/node_modules/jsdom/lib/jsdom/living/events/EventTarget-impl.js:286:3)
    at HTMLUnknownElementImpl._dispatch (/home/stocks/algo/webapp/frontend/node_modules/jsdom/lib/jsdom/living/events/EventTarget-impl.js:233:9)
    at HTMLUnknownElementImpl.dispatchEvent (/home/stocks/algo/webapp/frontend/node_modules/jsdom/lib/jsdom/living/events/EventTarget-impl.js:104:17)
Error: Uncaught [TypeError: portfolioData.map is not a function]
    at reportException (/home/stocks/algo/webapp/frontend/node_modules/jsdom/lib/jsdom/living/helpers/runtime-script-errors.js:66:24)
    at innerInvokeEventListeners (/home/stocks/algo/webapp/frontend/node_modules/jsdom/lib/jsdom/living/events/EventTarget-impl.js:353:9)
    at invokeEventListeners (/home/stocks/algo/webapp/frontend/node_modules/jsdom/lib/jsdom/living/events/EventTarget-impl.js:286:3)
    at HTMLUnknownElementImpl._dispatch (/home/stocks/algo/webapp/frontend/node_modules/jsdom/lib/jsdom/living/events/EventTarget-impl.js:233:9)
    at HTMLUnknownElementImpl.dispatchEvent (/home/stocks/algo/webapp/frontend/node_modules/jsdom/lib/jsdom/living/events/EventTarget-impl.js:104:17)
    at HTMLUnknownElement.dispatchEvent (/home/stocks/algo/webapp/frontend/node_modules/jsdom/lib/jsdom/living/generated/EventTarget.js:241:34)
    at Object.invokeGuardedCallbackDev (/home/stocks/algo/webapp/frontend/node_modules/react-dom/cjs/react-dom.development.js:4213:16)
    at invokeGuardedCallback (/home/stocks/algo/webapp/frontend/node_modules/react-dom/cjs/react-dom.development.js:4277:31)
    at beginWork$1 (/home/stocks/algo/webapp/frontend/node_modules/react-dom/cjs/react-dom.development.js:27490:7)
    at performUnitOfWork (/home/stocks/algo/webapp/frontend/node_modules/react-dom/cjs/react-dom.development.js:26599:12) TypeError: portfolioData.map is not a function
    at PortfolioManager (/home/stocks/algo/webapp/frontend/src/components/PortfolioManager.jsx:434:30)
    at renderWithHooks (/home/stocks/algo/webapp/frontend/node_modules/react-dom/cjs/react-dom.development.js:15486:18)
    at updateFunctionComponent (/home/stocks/algo/webapp/frontend/node_modules/react-dom/cjs/react-dom.development.js:19617:20)
    at beginWork (/home/stocks/algo/webapp/frontend/node_modules/react-dom/cjs/react-dom.development.js:21640:16)
    at HTMLUnknownElement.callCallback (/home/stocks/algo/webapp/frontend/node_modules/react-dom/cjs/react-dom.development.js:4164:14)
    at HTMLUnknownElement.callTheUserObjectsOperation (/home/stocks/algo/webapp/frontend/node_modules/jsdom/lib/jsdom/living/generated/EventListener.js:26:30)
    at innerInvokeEventListeners (/home/stocks/algo/webapp/frontend/node_modules/jsdom/lib/jsdom/living/events/EventTarget-impl.js:350:25)
    at invokeEventListeners (/home/stocks/algo/webapp/frontend/node_modules/jsdom/lib/jsdom/living/events/EventTarget-impl.js:286:3)
    at HTMLUnknownElementImpl._dispatch (/home/stocks/algo/webapp/frontend/node_modules/jsdom/lib/jsdom/living/events/EventTarget-impl.js:233:9)
    at HTMLUnknownElementImpl.dispatchEvent (/home/stocks/algo/webapp/frontend/node_modules/jsdom/lib/jsdom/living/events/EventTarget-impl.js:104:17)

Error: Uncaught [TypeError: portfolioData.map is not a function]
    at reportException (/home/stocks/algo/webapp/frontend/node_modules/jsdom/lib/jsdom/living/helpers/runtime-script-errors.js:66:24)
    at innerInvokeEventListeners (/home/stocks/algo/webapp/frontend/node_modules/jsdom/lib/jsdom/living/events/EventTarget-impl.js:353:9)
    at invokeEventListeners (/home/stocks/algo/webapp/frontend/node_modules/jsdom/lib/jsdom/living/events/EventTarget-impl.js:286:3)
    at HTMLUnknownElementImpl._dispatch (/home/stocks/algo/webapp/frontend/node_modules/jsdom/lib/jsdom/living/events/EventTarget-impl.js:233:9)
    at HTMLUnknownElementImpl.dispatchEvent (/home/stocks/algo/webapp/frontend/node_modules/jsdom/lib/jsdom/living/events/EventTarget-impl.js:104:17)
    at HTMLUnknownElement.dispatchEvent (/home/stocks/algo/webapp/frontend/node_modules/jsdom/lib/jsdom/living/generated/EventTarget.js:241:34)
    at Object.invokeGuardedCallbackDev (/home/stocks/algo/webapp/frontend/node_modules/react-dom/cjs/react-dom.development.js:4213:16)
    at invokeGuardedCallback (/home/stocks/algo/webapp/frontend/node_modules/react-dom/cjs/react-dom.development.js:4277:31)
    at beginWork$1 (/home/stocks/algo/webapp/frontend/node_modules/react-dom/cjs/react-dom.development.js:27490:7)
    at performUnitOfWork (/home/stocks/algo/webapp/frontend/node_modules/react-dom/cjs/react-dom.development.js:26599:12) TypeError: portfolioData.map is not a function
    at PortfolioManager (/home/stocks/algo/webapp/frontend/src/components/PortfolioManager.jsx:434:30)
    at renderWithHooks (/home/stocks/algo/webapp/frontend/node_modules/react-dom/cjs/react-dom.development.js:15486:18)
    at updateFunctionComponent (/home/stocks/algo/webapp/frontend/node_modules/react-dom/cjs/react-dom.development.js:19617:20)
    at beginWork (/home/stocks/algo/webapp/frontend/node_modules/react-dom/cjs/react-dom.development.js:21640:16)
    at HTMLUnknownElement.callCallback (/home/stocks/algo/webapp/frontend/node_modules/react-dom/cjs/react-dom.development.js:4164:14)
    at HTMLUnknownElement.callTheUserObjectsOperation (/home/stocks/algo/webapp/frontend/node_modules/jsdom/lib/jsdom/living/generated/EventListener.js:26:30)
    at innerInvokeEventListeners (/home/stocks/algo/webapp/frontend/node_modules/jsdom/lib/jsdom/living/events/EventTarget-impl.js:350:25)
    at invokeEventListeners (/home/stocks/algo/webapp/frontend/node_modules/jsdom/lib/jsdom/living/events/EventTarget-impl.js:286:3)
    at HTMLUnknownElementImpl._dispatch (/home/stocks/algo/webapp/frontend/node_modules/jsdom/lib/jsdom/living/events/EventTarget-impl.js:233:9)
    at HTMLUnknownElementImpl.dispatchEvent (/home/stocks/algo/webapp/frontend/node_modules/jsdom/lib/jsdom/living/events/EventTarget-impl.js:104:17)
Error: Uncaught [TypeError: portfolioData.map is not a function]
    at reportException (/home/stocks/algo/webapp/frontend/node_modules/jsdom/lib/jsdom/living/helpers/runtime-script-errors.js:66:24)
    at innerInvokeEventListeners (/home/stocks/algo/webapp/frontend/node_modules/jsdom/lib/jsdom/living/events/EventTarget-impl.js:353:9)
    at invokeEventListeners (/home/stocks/algo/webapp/frontend/node_modules/jsdom/lib/jsdom/living/events/EventTarget-impl.js:286:3)
    at HTMLUnknownElementImpl._dispatch (/home/stocks/algo/webapp/frontend/node_modules/jsdom/lib/jsdom/living/events/EventTarget-impl.js:233:9)
    at HTMLUnknownElementImpl.dispatchEvent (/home/stocks/algo/webapp/frontend/node_modules/jsdom/lib/jsdom/living/events/EventTarget-impl.js:104:17)
    at HTMLUnknownElement.dispatchEvent (/home/stocks/algo/webapp/frontend/node_modules/jsdom/lib/jsdom/living/generated/EventTarget.js:241:34)
    at Object.invokeGuardedCallbackDev (/home/stocks/algo/webapp/frontend/node_modules/react-dom/cjs/react-dom.development.js:4213:16)
    at invokeGuardedCallback (/home/stocks/algo/webapp/frontend/node_modules/react-dom/cjs/react-dom.development.js:4277:31)
    at beginWork$1 (/home/stocks/algo/webapp/frontend/node_modules/react-dom/cjs/react-dom.development.js:27490:7)
    at performUnitOfWork (/home/stocks/algo/webapp/frontend/node_modules/react-dom/cjs/react-dom.development.js:26599:12) TypeError: portfolioData.map is not a function
    at PortfolioManager (/home/stocks/algo/webapp/frontend/src/components/PortfolioManager.jsx:434:30)
    at renderWithHooks (/home/stocks/algo/webapp/frontend/node_modules/react-dom/cjs/react-dom.development.js:15486:18)
    at updateFunctionComponent (/home/stocks/algo/webapp/frontend/node_modules/react-dom/cjs/react-dom.development.js:19617:20)
    at beginWork (/home/stocks/algo/webapp/frontend/node_modules/react-dom/cjs/react-dom.development.js:21640:16)
    at HTMLUnknownElement.callCallback (/home/stocks/algo/webapp/frontend/node_modules/react-dom/cjs/react-dom.development.js:4164:14)
    at HTMLUnknownElement.callTheUserObjectsOperation (/home/stocks/algo/webapp/frontend/node_modules/jsdom/lib/jsdom/living/generated/EventListener.js:26:30)
    at innerInvokeEventListeners (/home/stocks/algo/webapp/frontend/node_modules/jsdom/lib/jsdom/living/events/EventTarget-impl.js:350:25)
    at invokeEventListeners (/home/stocks/algo/webapp/frontend/node_modules/jsdom/lib/jsdom/living/events/EventTarget-impl.js:286:3)
    at HTMLUnknownElementImpl._dispatch (/home/stocks/algo/webapp/frontend/node_modules/jsdom/lib/jsdom/living/events/EventTarget-impl.js:233:9)
    at HTMLUnknownElementImpl.dispatchEvent (/home/stocks/algo/webapp/frontend/node_modules/jsdom/lib/jsdom/living/events/EventTarget-impl.js:104:17)

            </system-err>
            <failure message="Unable to find an element by: [data-testid=&quot;api-key-indicator&quot;]

Ignored nodes: comments, script, style
[36m&lt;body&gt;[39m
  [36m&lt;div /&gt;[39m
[36m&lt;/body&gt;[39m

Ignored nodes: comments, script, style
[36m&lt;html&gt;[39m
  [36m&lt;head /&gt;[39m
  [36m&lt;body&gt;[39m
    [36m&lt;div /&gt;[39m
  [36m&lt;/body&gt;[39m
[36m&lt;/html&gt;[39m" type="TestingLibraryElementError">
TestingLibraryElementError: Unable to find an element by: [data-testid=&quot;api-key-indicator&quot;]

Ignored nodes: comments, script, style
&lt;body&gt;
  &lt;div /&gt;
&lt;/body&gt;

Ignored nodes: comments, script, style
&lt;html&gt;
  &lt;head /&gt;
  &lt;body&gt;
    &lt;div /&gt;
  &lt;/body&gt;
&lt;/html&gt;
 ❯ Proxy.waitForWrapper node_modules/@testing-library/react/node_modules/@testing-library/dom/dist/wait-for.js:163:27
 ❯ src/tests/unit/components/real-portfolio-manager.test.jsx:206:13
            </failure>
            <failure message="Unable to find an element by: [data-testid=&quot;api-key-indicator&quot;]

Ignored nodes: comments, script, style
[36m&lt;body&gt;[39m
  [36m&lt;div /&gt;[39m
[36m&lt;/body&gt;[39m

Ignored nodes: comments, script, style
[36m&lt;html&gt;[39m
  [36m&lt;head /&gt;[39m
  [36m&lt;body&gt;[39m
    [36m&lt;div /&gt;[39m
  [36m&lt;/body&gt;[39m
[36m&lt;/html&gt;[39m" type="TestingLibraryElementError">
TestingLibraryElementError: Unable to find an element by: [data-testid=&quot;api-key-indicator&quot;]

Ignored nodes: comments, script, style
&lt;body&gt;
  &lt;div /&gt;
&lt;/body&gt;

Ignored nodes: comments, script, style
&lt;html&gt;
  &lt;head /&gt;
  &lt;body&gt;
    &lt;div /&gt;
  &lt;/body&gt;
&lt;/html&gt;
 ❯ Proxy.waitForWrapper node_modules/@testing-library/react/node_modules/@testing-library/dom/dist/wait-for.js:163:27
 ❯ src/tests/unit/components/real-portfolio-manager.test.jsx:206:13
            </failure>
            <failure message="Unable to find an element by: [data-testid=&quot;api-key-indicator&quot;]

Ignored nodes: comments, script, style
[36m&lt;body&gt;[39m
  [36m&lt;div /&gt;[39m
[36m&lt;/body&gt;[39m

Ignored nodes: comments, script, style
[36m&lt;html&gt;[39m
  [36m&lt;head /&gt;[39m
  [36m&lt;body&gt;[39m
    [36m&lt;div /&gt;[39m
  [36m&lt;/body&gt;[39m
[36m&lt;/html&gt;[39m" type="TestingLibraryElementError">
TestingLibraryElementError: Unable to find an element by: [data-testid=&quot;api-key-indicator&quot;]

Ignored nodes: comments, script, style
&lt;body&gt;
  &lt;div /&gt;
&lt;/body&gt;

Ignored nodes: comments, script, style
&lt;html&gt;
  &lt;head /&gt;
  &lt;body&gt;
    &lt;div /&gt;
  &lt;/body&gt;
&lt;/html&gt;
 ❯ Proxy.waitForWrapper node_modules/@testing-library/react/node_modules/@testing-library/dom/dist/wait-for.js:163:27
 ❯ src/tests/unit/components/real-portfolio-manager.test.jsx:206:13
            </failure>
        </testcase>
        <testcase classname="src/tests/unit/components/real-portfolio-manager.test.jsx" name="💼 Real PortfolioManager Component &gt; Component Initialization &gt; should handle portfolio loading errors" time="0.113">
        </testcase>
        <testcase classname="src/tests/unit/components/real-portfolio-manager.test.jsx" name="💼 Real PortfolioManager Component &gt; Holdings Table Display &gt; should display holdings table with all columns" time="3.016">
            <system-err>
Error: Uncaught [TypeError: portfolioData.map is not a function]
    at reportException (/home/stocks/algo/webapp/frontend/node_modules/jsdom/lib/jsdom/living/helpers/runtime-script-errors.js:66:24)
    at innerInvokeEventListeners (/home/stocks/algo/webapp/frontend/node_modules/jsdom/lib/jsdom/living/events/EventTarget-impl.js:353:9)
    at invokeEventListeners (/home/stocks/algo/webapp/frontend/node_modules/jsdom/lib/jsdom/living/events/EventTarget-impl.js:286:3)
    at HTMLUnknownElementImpl._dispatch (/home/stocks/algo/webapp/frontend/node_modules/jsdom/lib/jsdom/living/events/EventTarget-impl.js:233:9)
    at HTMLUnknownElementImpl.dispatchEvent (/home/stocks/algo/webapp/frontend/node_modules/jsdom/lib/jsdom/living/events/EventTarget-impl.js:104:17)
    at HTMLUnknownElement.dispatchEvent (/home/stocks/algo/webapp/frontend/node_modules/jsdom/lib/jsdom/living/generated/EventTarget.js:241:34)
    at Object.invokeGuardedCallbackDev (/home/stocks/algo/webapp/frontend/node_modules/react-dom/cjs/react-dom.development.js:4213:16)
    at invokeGuardedCallback (/home/stocks/algo/webapp/frontend/node_modules/react-dom/cjs/react-dom.development.js:4277:31)
    at beginWork$1 (/home/stocks/algo/webapp/frontend/node_modules/react-dom/cjs/react-dom.development.js:27490:7)
    at performUnitOfWork (/home/stocks/algo/webapp/frontend/node_modules/react-dom/cjs/react-dom.development.js:26599:12) TypeError: portfolioData.map is not a function
    at PortfolioManager (/home/stocks/algo/webapp/frontend/src/components/PortfolioManager.jsx:434:30)
    at renderWithHooks (/home/stocks/algo/webapp/frontend/node_modules/react-dom/cjs/react-dom.development.js:15486:18)
    at updateFunctionComponent (/home/stocks/algo/webapp/frontend/node_modules/react-dom/cjs/react-dom.development.js:19617:20)
    at beginWork (/home/stocks/algo/webapp/frontend/node_modules/react-dom/cjs/react-dom.development.js:21640:16)
    at HTMLUnknownElement.callCallback (/home/stocks/algo/webapp/frontend/node_modules/react-dom/cjs/react-dom.development.js:4164:14)
    at HTMLUnknownElement.callTheUserObjectsOperation (/home/stocks/algo/webapp/frontend/node_modules/jsdom/lib/jsdom/living/generated/EventListener.js:26:30)
    at innerInvokeEventListeners (/home/stocks/algo/webapp/frontend/node_modules/jsdom/lib/jsdom/living/events/EventTarget-impl.js:350:25)
    at invokeEventListeners (/home/stocks/algo/webapp/frontend/node_modules/jsdom/lib/jsdom/living/events/EventTarget-impl.js:286:3)
    at HTMLUnknownElementImpl._dispatch (/home/stocks/algo/webapp/frontend/node_modules/jsdom/lib/jsdom/living/events/EventTarget-impl.js:233:9)
    at HTMLUnknownElementImpl.dispatchEvent (/home/stocks/algo/webapp/frontend/node_modules/jsdom/lib/jsdom/living/events/EventTarget-impl.js:104:17)
Error: Uncaught [TypeError: portfolioData.map is not a function]
    at reportException (/home/stocks/algo/webapp/frontend/node_modules/jsdom/lib/jsdom/living/helpers/runtime-script-errors.js:66:24)
    at innerInvokeEventListeners (/home/stocks/algo/webapp/frontend/node_modules/jsdom/lib/jsdom/living/events/EventTarget-impl.js:353:9)
    at invokeEventListeners (/home/stocks/algo/webapp/frontend/node_modules/jsdom/lib/jsdom/living/events/EventTarget-impl.js:286:3)
    at HTMLUnknownElementImpl._dispatch (/home/stocks/algo/webapp/frontend/node_modules/jsdom/lib/jsdom/living/events/EventTarget-impl.js:233:9)
    at HTMLUnknownElementImpl.dispatchEvent (/home/stocks/algo/webapp/frontend/node_modules/jsdom/lib/jsdom/living/events/EventTarget-impl.js:104:17)
    at HTMLUnknownElement.dispatchEvent (/home/stocks/algo/webapp/frontend/node_modules/jsdom/lib/jsdom/living/generated/EventTarget.js:241:34)
    at Object.invokeGuardedCallbackDev (/home/stocks/algo/webapp/frontend/node_modules/react-dom/cjs/react-dom.development.js:4213:16)
    at invokeGuardedCallback (/home/stocks/algo/webapp/frontend/node_modules/react-dom/cjs/react-dom.development.js:4277:31)
    at beginWork$1 (/home/stocks/algo/webapp/frontend/node_modules/react-dom/cjs/react-dom.development.js:27490:7)
    at performUnitOfWork (/home/stocks/algo/webapp/frontend/node_modules/react-dom/cjs/react-dom.development.js:26599:12) TypeError: portfolioData.map is not a function
    at PortfolioManager (/home/stocks/algo/webapp/frontend/src/components/PortfolioManager.jsx:434:30)
    at renderWithHooks (/home/stocks/algo/webapp/frontend/node_modules/react-dom/cjs/react-dom.development.js:15486:18)
    at updateFunctionComponent (/home/stocks/algo/webapp/frontend/node_modules/react-dom/cjs/react-dom.development.js:19617:20)
    at beginWork (/home/stocks/algo/webapp/frontend/node_modules/react-dom/cjs/react-dom.development.js:21640:16)
    at HTMLUnknownElement.callCallback (/home/stocks/algo/webapp/frontend/node_modules/react-dom/cjs/react-dom.development.js:4164:14)
    at HTMLUnknownElement.callTheUserObjectsOperation (/home/stocks/algo/webapp/frontend/node_modules/jsdom/lib/jsdom/living/generated/EventListener.js:26:30)
    at innerInvokeEventListeners (/home/stocks/algo/webapp/frontend/node_modules/jsdom/lib/jsdom/living/events/EventTarget-impl.js:350:25)
    at invokeEventListeners (/home/stocks/algo/webapp/frontend/node_modules/jsdom/lib/jsdom/living/events/EventTarget-impl.js:286:3)
    at HTMLUnknownElementImpl._dispatch (/home/stocks/algo/webapp/frontend/node_modules/jsdom/lib/jsdom/living/events/EventTarget-impl.js:233:9)
    at HTMLUnknownElementImpl.dispatchEvent (/home/stocks/algo/webapp/frontend/node_modules/jsdom/lib/jsdom/living/events/EventTarget-impl.js:104:17)

Error: Uncaught [TypeError: portfolioData.map is not a function]
    at reportException (/home/stocks/algo/webapp/frontend/node_modules/jsdom/lib/jsdom/living/helpers/runtime-script-errors.js:66:24)
    at innerInvokeEventListeners (/home/stocks/algo/webapp/frontend/node_modules/jsdom/lib/jsdom/living/events/EventTarget-impl.js:353:9)
    at invokeEventListeners (/home/stocks/algo/webapp/frontend/node_modules/jsdom/lib/jsdom/living/events/EventTarget-impl.js:286:3)
    at HTMLUnknownElementImpl._dispatch (/home/stocks/algo/webapp/frontend/node_modules/jsdom/lib/jsdom/living/events/EventTarget-impl.js:233:9)
    at HTMLUnknownElementImpl.dispatchEvent (/home/stocks/algo/webapp/frontend/node_modules/jsdom/lib/jsdom/living/events/EventTarget-impl.js:104:17)
    at HTMLUnknownElement.dispatchEvent (/home/stocks/algo/webapp/frontend/node_modules/jsdom/lib/jsdom/living/generated/EventTarget.js:241:34)
    at Object.invokeGuardedCallbackDev (/home/stocks/algo/webapp/frontend/node_modules/react-dom/cjs/react-dom.development.js:4213:16)
    at invokeGuardedCallback (/home/stocks/algo/webapp/frontend/node_modules/react-dom/cjs/react-dom.development.js:4277:31)
    at beginWork$1 (/home/stocks/algo/webapp/frontend/node_modules/react-dom/cjs/react-dom.development.js:27490:7)
    at performUnitOfWork (/home/stocks/algo/webapp/frontend/node_modules/react-dom/cjs/react-dom.development.js:26599:12) TypeError: portfolioData.map is not a function
    at PortfolioManager (/home/stocks/algo/webapp/frontend/src/components/PortfolioManager.jsx:434:30)
    at renderWithHooks (/home/stocks/algo/webapp/frontend/node_modules/react-dom/cjs/react-dom.development.js:15486:18)
    at updateFunctionComponent (/home/stocks/algo/webapp/frontend/node_modules/react-dom/cjs/react-dom.development.js:19617:20)
    at beginWork (/home/stocks/algo/webapp/frontend/node_modules/react-dom/cjs/react-dom.development.js:21640:16)
    at HTMLUnknownElement.callCallback (/home/stocks/algo/webapp/frontend/node_modules/react-dom/cjs/react-dom.development.js:4164:14)
    at HTMLUnknownElement.callTheUserObjectsOperation (/home/stocks/algo/webapp/frontend/node_modules/jsdom/lib/jsdom/living/generated/EventListener.js:26:30)
    at innerInvokeEventListeners (/home/stocks/algo/webapp/frontend/node_modules/jsdom/lib/jsdom/living/events/EventTarget-impl.js:350:25)
    at invokeEventListeners (/home/stocks/algo/webapp/frontend/node_modules/jsdom/lib/jsdom/living/events/EventTarget-impl.js:286:3)
    at HTMLUnknownElementImpl._dispatch (/home/stocks/algo/webapp/frontend/node_modules/jsdom/lib/jsdom/living/events/EventTarget-impl.js:233:9)
    at HTMLUnknownElementImpl.dispatchEvent (/home/stocks/algo/webapp/frontend/node_modules/jsdom/lib/jsdom/living/events/EventTarget-impl.js:104:17)
Error: Uncaught [TypeError: portfolioData.map is not a function]
    at reportException (/home/stocks/algo/webapp/frontend/node_modules/jsdom/lib/jsdom/living/helpers/runtime-script-errors.js:66:24)
    at innerInvokeEventListeners (/home/stocks/algo/webapp/frontend/node_modules/jsdom/lib/jsdom/living/events/EventTarget-impl.js:353:9)
    at invokeEventListeners (/home/stocks/algo/webapp/frontend/node_modules/jsdom/lib/jsdom/living/events/EventTarget-impl.js:286:3)
    at HTMLUnknownElementImpl._dispatch (/home/stocks/algo/webapp/frontend/node_modules/jsdom/lib/jsdom/living/events/EventTarget-impl.js:233:9)
    at HTMLUnknownElementImpl.dispatchEvent (/home/stocks/algo/webapp/frontend/node_modules/jsdom/lib/jsdom/living/events/EventTarget-impl.js:104:17)
    at HTMLUnknownElement.dispatchEvent (/home/stocks/algo/webapp/frontend/node_modules/jsdom/lib/jsdom/living/generated/EventTarget.js:241:34)
    at Object.invokeGuardedCallbackDev (/home/stocks/algo/webapp/frontend/node_modules/react-dom/cjs/react-dom.development.js:4213:16)
    at invokeGuardedCallback (/home/stocks/algo/webapp/frontend/node_modules/react-dom/cjs/react-dom.development.js:4277:31)
    at beginWork$1 (/home/stocks/algo/webapp/frontend/node_modules/react-dom/cjs/react-dom.development.js:27490:7)
    at performUnitOfWork (/home/stocks/algo/webapp/frontend/node_modules/react-dom/cjs/react-dom.development.js:26599:12) TypeError: portfolioData.map is not a function
    at PortfolioManager (/home/stocks/algo/webapp/frontend/src/components/PortfolioManager.jsx:434:30)
    at renderWithHooks (/home/stocks/algo/webapp/frontend/node_modules/react-dom/cjs/react-dom.development.js:15486:18)
    at updateFunctionComponent (/home/stocks/algo/webapp/frontend/node_modules/react-dom/cjs/react-dom.development.js:19617:20)
    at beginWork (/home/stocks/algo/webapp/frontend/node_modules/react-dom/cjs/react-dom.development.js:21640:16)
    at HTMLUnknownElement.callCallback (/home/stocks/algo/webapp/frontend/node_modules/react-dom/cjs/react-dom.development.js:4164:14)
    at HTMLUnknownElement.callTheUserObjectsOperation (/home/stocks/algo/webapp/frontend/node_modules/jsdom/lib/jsdom/living/generated/EventListener.js:26:30)
    at innerInvokeEventListeners (/home/stocks/algo/webapp/frontend/node_modules/jsdom/lib/jsdom/living/events/EventTarget-impl.js:350:25)
    at invokeEventListeners (/home/stocks/algo/webapp/frontend/node_modules/jsdom/lib/jsdom/living/events/EventTarget-impl.js:286:3)
    at HTMLUnknownElementImpl._dispatch (/home/stocks/algo/webapp/frontend/node_modules/jsdom/lib/jsdom/living/events/EventTarget-impl.js:233:9)
    at HTMLUnknownElementImpl.dispatchEvent (/home/stocks/algo/webapp/frontend/node_modules/jsdom/lib/jsdom/living/events/EventTarget-impl.js:104:17)

Error: Uncaught [TypeError: portfolioData.map is not a function]
    at reportException (/home/stocks/algo/webapp/frontend/node_modules/jsdom/lib/jsdom/living/helpers/runtime-script-errors.js:66:24)
    at innerInvokeEventListeners (/home/stocks/algo/webapp/frontend/node_modules/jsdom/lib/jsdom/living/events/EventTarget-impl.js:353:9)
    at invokeEventListeners (/home/stocks/algo/webapp/frontend/node_modules/jsdom/lib/jsdom/living/events/EventTarget-impl.js:286:3)
    at HTMLUnknownElementImpl._dispatch (/home/stocks/algo/webapp/frontend/node_modules/jsdom/lib/jsdom/living/events/EventTarget-impl.js:233:9)
    at HTMLUnknownElementImpl.dispatchEvent (/home/stocks/algo/webapp/frontend/node_modules/jsdom/lib/jsdom/living/events/EventTarget-impl.js:104:17)
    at HTMLUnknownElement.dispatchEvent (/home/stocks/algo/webapp/frontend/node_modules/jsdom/lib/jsdom/living/generated/EventTarget.js:241:34)
    at Object.invokeGuardedCallbackDev (/home/stocks/algo/webapp/frontend/node_modules/react-dom/cjs/react-dom.development.js:4213:16)
    at invokeGuardedCallback (/home/stocks/algo/webapp/frontend/node_modules/react-dom/cjs/react-dom.development.js:4277:31)
    at beginWork$1 (/home/stocks/algo/webapp/frontend/node_modules/react-dom/cjs/react-dom.development.js:27490:7)
    at performUnitOfWork (/home/stocks/algo/webapp/frontend/node_modules/react-dom/cjs/react-dom.development.js:26599:12) TypeError: portfolioData.map is not a function
    at PortfolioManager (/home/stocks/algo/webapp/frontend/src/components/PortfolioManager.jsx:434:30)
    at renderWithHooks (/home/stocks/algo/webapp/frontend/node_modules/react-dom/cjs/react-dom.development.js:15486:18)
    at updateFunctionComponent (/home/stocks/algo/webapp/frontend/node_modules/react-dom/cjs/react-dom.development.js:19617:20)
    at beginWork (/home/stocks/algo/webapp/frontend/node_modules/react-dom/cjs/react-dom.development.js:21640:16)
    at HTMLUnknownElement.callCallback (/home/stocks/algo/webapp/frontend/node_modules/react-dom/cjs/react-dom.development.js:4164:14)
    at HTMLUnknownElement.callTheUserObjectsOperation (/home/stocks/algo/webapp/frontend/node_modules/jsdom/lib/jsdom/living/generated/EventListener.js:26:30)
    at innerInvokeEventListeners (/home/stocks/algo/webapp/frontend/node_modules/jsdom/lib/jsdom/living/events/EventTarget-impl.js:350:25)
    at invokeEventListeners (/home/stocks/algo/webapp/frontend/node_modules/jsdom/lib/jsdom/living/events/EventTarget-impl.js:286:3)
    at HTMLUnknownElementImpl._dispatch (/home/stocks/algo/webapp/frontend/node_modules/jsdom/lib/jsdom/living/events/EventTarget-impl.js:233:9)
    at HTMLUnknownElementImpl.dispatchEvent (/home/stocks/algo/webapp/frontend/node_modules/jsdom/lib/jsdom/living/events/EventTarget-impl.js:104:17)
Error: Uncaught [TypeError: portfolioData.map is not a function]
    at reportException (/home/stocks/algo/webapp/frontend/node_modules/jsdom/lib/jsdom/living/helpers/runtime-script-errors.js:66:24)
    at innerInvokeEventListeners (/home/stocks/algo/webapp/frontend/node_modules/jsdom/lib/jsdom/living/events/EventTarget-impl.js:353:9)
    at invokeEventListeners (/home/stocks/algo/webapp/frontend/node_modules/jsdom/lib/jsdom/living/events/EventTarget-impl.js:286:3)
    at HTMLUnknownElementImpl._dispatch (/home/stocks/algo/webapp/frontend/node_modules/jsdom/lib/jsdom/living/events/EventTarget-impl.js:233:9)
    at HTMLUnknownElementImpl.dispatchEvent (/home/stocks/algo/webapp/frontend/node_modules/jsdom/lib/jsdom/living/events/EventTarget-impl.js:104:17)
    at HTMLUnknownElement.dispatchEvent (/home/stocks/algo/webapp/frontend/node_modules/jsdom/lib/jsdom/living/generated/EventTarget.js:241:34)
    at Object.invokeGuardedCallbackDev (/home/stocks/algo/webapp/frontend/node_modules/react-dom/cjs/react-dom.development.js:4213:16)
    at invokeGuardedCallback (/home/stocks/algo/webapp/frontend/node_modules/react-dom/cjs/react-dom.development.js:4277:31)
    at beginWork$1 (/home/stocks/algo/webapp/frontend/node_modules/react-dom/cjs/react-dom.development.js:27490:7)
    at performUnitOfWork (/home/stocks/algo/webapp/frontend/node_modules/react-dom/cjs/react-dom.development.js:26599:12) TypeError: portfolioData.map is not a function
    at PortfolioManager (/home/stocks/algo/webapp/frontend/src/components/PortfolioManager.jsx:434:30)
    at renderWithHooks (/home/stocks/algo/webapp/frontend/node_modules/react-dom/cjs/react-dom.development.js:15486:18)
    at updateFunctionComponent (/home/stocks/algo/webapp/frontend/node_modules/react-dom/cjs/react-dom.development.js:19617:20)
    at beginWork (/home/stocks/algo/webapp/frontend/node_modules/react-dom/cjs/react-dom.development.js:21640:16)
    at HTMLUnknownElement.callCallback (/home/stocks/algo/webapp/frontend/node_modules/react-dom/cjs/react-dom.development.js:4164:14)
    at HTMLUnknownElement.callTheUserObjectsOperation (/home/stocks/algo/webapp/frontend/node_modules/jsdom/lib/jsdom/living/generated/EventListener.js:26:30)
    at innerInvokeEventListeners (/home/stocks/algo/webapp/frontend/node_modules/jsdom/lib/jsdom/living/events/EventTarget-impl.js:350:25)
    at invokeEventListeners (/home/stocks/algo/webapp/frontend/node_modules/jsdom/lib/jsdom/living/events/EventTarget-impl.js:286:3)
    at HTMLUnknownElementImpl._dispatch (/home/stocks/algo/webapp/frontend/node_modules/jsdom/lib/jsdom/living/events/EventTarget-impl.js:233:9)
    at HTMLUnknownElementImpl.dispatchEvent (/home/stocks/algo/webapp/frontend/node_modules/jsdom/lib/jsdom/living/events/EventTarget-impl.js:104:17)

            </system-err>
            <failure message="Unable to find an element with the text: Portfolio Overview. This could be because the text is broken up by multiple elements. In this case, you can provide a function for your text matcher to make your matcher more flexible.

Ignored nodes: comments, script, style
[36m&lt;body&gt;[39m
  [36m&lt;div /&gt;[39m
[36m&lt;/body&gt;[39m

Ignored nodes: comments, script, style
[36m&lt;html&gt;[39m
  [36m&lt;head /&gt;[39m
  [36m&lt;body&gt;[39m
    [36m&lt;div /&gt;[39m
  [36m&lt;/body&gt;[39m
[36m&lt;/html&gt;[39m..." type="TestingLibraryElementError">
TestingLibraryElementError: Unable to find an element with the text: Portfolio Overview. This could be because the text is broken up by multiple elements. In this case, you can provide a function for your text matcher to make your matcher more flexible.

Ignored nodes: comments, script, style
&lt;body&gt;
  &lt;div /&gt;
&lt;/body&gt;

Ignored nodes: comments, script, style
&lt;html&gt;
  &lt;head /&gt;
  &lt;body&gt;
    &lt;div /&gt;
  &lt;/body&gt;
&lt;/html&gt;...
 ❯ Proxy.waitForWrapper node_modules/@testing-library/react/node_modules/@testing-library/dom/dist/wait-for.js:163:27
 ❯ src/tests/unit/components/real-portfolio-manager.test.jsx:226:13
            </failure>
            <failure message="Unable to find an element with the text: Portfolio Overview. This could be because the text is broken up by multiple elements. In this case, you can provide a function for your text matcher to make your matcher more flexible.

Ignored nodes: comments, script, style
[36m&lt;body&gt;[39m
  [36m&lt;div /&gt;[39m
[36m&lt;/body&gt;[39m

Ignored nodes: comments, script, style
[36m&lt;html&gt;[39m
  [36m&lt;head /&gt;[39m
  [36m&lt;body&gt;[39m
    [36m&lt;div /&gt;[39m
  [36m&lt;/body&gt;[39m
[36m&lt;/html&gt;[39m..." type="TestingLibraryElementError">
TestingLibraryElementError: Unable to find an element with the text: Portfolio Overview. This could be because the text is broken up by multiple elements. In this case, you can provide a function for your text matcher to make your matcher more flexible.

Ignored nodes: comments, script, style
&lt;body&gt;
  &lt;div /&gt;
&lt;/body&gt;

Ignored nodes: comments, script, style
&lt;html&gt;
  &lt;head /&gt;
  &lt;body&gt;
    &lt;div /&gt;
  &lt;/body&gt;
&lt;/html&gt;...
 ❯ Proxy.waitForWrapper node_modules/@testing-library/react/node_modules/@testing-library/dom/dist/wait-for.js:163:27
 ❯ src/tests/unit/components/real-portfolio-manager.test.jsx:226:13
            </failure>
            <failure message="Unable to find an element with the text: Portfolio Overview. This could be because the text is broken up by multiple elements. In this case, you can provide a function for your text matcher to make your matcher more flexible.

Ignored nodes: comments, script, style
[36m&lt;body&gt;[39m
  [36m&lt;div /&gt;[39m
[36m&lt;/body&gt;[39m

Ignored nodes: comments, script, style
[36m&lt;html&gt;[39m
  [36m&lt;head /&gt;[39m
  [36m&lt;body&gt;[39m
    [36m&lt;div /&gt;[39m
  [36m&lt;/body&gt;[39m
[36m&lt;/html&gt;[39m..." type="TestingLibraryElementError">
TestingLibraryElementError: Unable to find an element with the text: Portfolio Overview. This could be because the text is broken up by multiple elements. In this case, you can provide a function for your text matcher to make your matcher more flexible.

Ignored nodes: comments, script, style
&lt;body&gt;
  &lt;div /&gt;
&lt;/body&gt;

Ignored nodes: comments, script, style
&lt;html&gt;
  &lt;head /&gt;
  &lt;body&gt;
    &lt;div /&gt;
  &lt;/body&gt;
&lt;/html&gt;...
 ❯ Proxy.waitForWrapper node_modules/@testing-library/react/node_modules/@testing-library/dom/dist/wait-for.js:163:27
 ❯ src/tests/unit/components/real-portfolio-manager.test.jsx:226:13
            </failure>
        </testcase>
        <testcase classname="src/tests/unit/components/real-portfolio-manager.test.jsx" name="💼 Real PortfolioManager Component &gt; Holdings Table Display &gt; should display all holdings data correctly" time="3.023">
            <system-err>
Error: Uncaught [TypeError: portfolioData.map is not a function]
    at reportException (/home/stocks/algo/webapp/frontend/node_modules/jsdom/lib/jsdom/living/helpers/runtime-script-errors.js:66:24)
    at innerInvokeEventListeners (/home/stocks/algo/webapp/frontend/node_modules/jsdom/lib/jsdom/living/events/EventTarget-impl.js:353:9)
    at invokeEventListeners (/home/stocks/algo/webapp/frontend/node_modules/jsdom/lib/jsdom/living/events/EventTarget-impl.js:286:3)
    at HTMLUnknownElementImpl._dispatch (/home/stocks/algo/webapp/frontend/node_modules/jsdom/lib/jsdom/living/events/EventTarget-impl.js:233:9)
    at HTMLUnknownElementImpl.dispatchEvent (/home/stocks/algo/webapp/frontend/node_modules/jsdom/lib/jsdom/living/events/EventTarget-impl.js:104:17)
    at HTMLUnknownElement.dispatchEvent (/home/stocks/algo/webapp/frontend/node_modules/jsdom/lib/jsdom/living/generated/EventTarget.js:241:34)
    at Object.invokeGuardedCallbackDev (/home/stocks/algo/webapp/frontend/node_modules/react-dom/cjs/react-dom.development.js:4213:16)
    at invokeGuardedCallback (/home/stocks/algo/webapp/frontend/node_modules/react-dom/cjs/react-dom.development.js:4277:31)
    at beginWork$1 (/home/stocks/algo/webapp/frontend/node_modules/react-dom/cjs/react-dom.development.js:27490:7)
    at performUnitOfWork (/home/stocks/algo/webapp/frontend/node_modules/react-dom/cjs/react-dom.development.js:26599:12) TypeError: portfolioData.map is not a function
    at PortfolioManager (/home/stocks/algo/webapp/frontend/src/components/PortfolioManager.jsx:434:30)
    at renderWithHooks (/home/stocks/algo/webapp/frontend/node_modules/react-dom/cjs/react-dom.development.js:15486:18)
    at updateFunctionComponent (/home/stocks/algo/webapp/frontend/node_modules/react-dom/cjs/react-dom.development.js:19617:20)
    at beginWork (/home/stocks/algo/webapp/frontend/node_modules/react-dom/cjs/react-dom.development.js:21640:16)
    at HTMLUnknownElement.callCallback (/home/stocks/algo/webapp/frontend/node_modules/react-dom/cjs/react-dom.development.js:4164:14)
    at HTMLUnknownElement.callTheUserObjectsOperation (/home/stocks/algo/webapp/frontend/node_modules/jsdom/lib/jsdom/living/generated/EventListener.js:26:30)
    at innerInvokeEventListeners (/home/stocks/algo/webapp/frontend/node_modules/jsdom/lib/jsdom/living/events/EventTarget-impl.js:350:25)
    at invokeEventListeners (/home/stocks/algo/webapp/frontend/node_modules/jsdom/lib/jsdom/living/events/EventTarget-impl.js:286:3)
    at HTMLUnknownElementImpl._dispatch (/home/stocks/algo/webapp/frontend/node_modules/jsdom/lib/jsdom/living/events/EventTarget-impl.js:233:9)
    at HTMLUnknownElementImpl.dispatchEvent (/home/stocks/algo/webapp/frontend/node_modules/jsdom/lib/jsdom/living/events/EventTarget-impl.js:104:17)
Error: Uncaught [TypeError: portfolioData.map is not a function]
    at reportException (/home/stocks/algo/webapp/frontend/node_modules/jsdom/lib/jsdom/living/helpers/runtime-script-errors.js:66:24)
    at innerInvokeEventListeners (/home/stocks/algo/webapp/frontend/node_modules/jsdom/lib/jsdom/living/events/EventTarget-impl.js:353:9)
    at invokeEventListeners (/home/stocks/algo/webapp/frontend/node_modules/jsdom/lib/jsdom/living/events/EventTarget-impl.js:286:3)
    at HTMLUnknownElementImpl._dispatch (/home/stocks/algo/webapp/frontend/node_modules/jsdom/lib/jsdom/living/events/EventTarget-impl.js:233:9)
    at HTMLUnknownElementImpl.dispatchEvent (/home/stocks/algo/webapp/frontend/node_modules/jsdom/lib/jsdom/living/events/EventTarget-impl.js:104:17)
    at HTMLUnknownElement.dispatchEvent (/home/stocks/algo/webapp/frontend/node_modules/jsdom/lib/jsdom/living/generated/EventTarget.js:241:34)
    at Object.invokeGuardedCallbackDev (/home/stocks/algo/webapp/frontend/node_modules/react-dom/cjs/react-dom.development.js:4213:16)
    at invokeGuardedCallback (/home/stocks/algo/webapp/frontend/node_modules/react-dom/cjs/react-dom.development.js:4277:31)
    at beginWork$1 (/home/stocks/algo/webapp/frontend/node_modules/react-dom/cjs/react-dom.development.js:27490:7)
    at performUnitOfWork (/home/stocks/algo/webapp/frontend/node_modules/react-dom/cjs/react-dom.development.js:26599:12) TypeError: portfolioData.map is not a function
    at PortfolioManager (/home/stocks/algo/webapp/frontend/src/components/PortfolioManager.jsx:434:30)
    at renderWithHooks (/home/stocks/algo/webapp/frontend/node_modules/react-dom/cjs/react-dom.development.js:15486:18)
    at updateFunctionComponent (/home/stocks/algo/webapp/frontend/node_modules/react-dom/cjs/react-dom.development.js:19617:20)
    at beginWork (/home/stocks/algo/webapp/frontend/node_modules/react-dom/cjs/react-dom.development.js:21640:16)
    at HTMLUnknownElement.callCallback (/home/stocks/algo/webapp/frontend/node_modules/react-dom/cjs/react-dom.development.js:4164:14)
    at HTMLUnknownElement.callTheUserObjectsOperation (/home/stocks/algo/webapp/frontend/node_modules/jsdom/lib/jsdom/living/generated/EventListener.js:26:30)
    at innerInvokeEventListeners (/home/stocks/algo/webapp/frontend/node_modules/jsdom/lib/jsdom/living/events/EventTarget-impl.js:350:25)
    at invokeEventListeners (/home/stocks/algo/webapp/frontend/node_modules/jsdom/lib/jsdom/living/events/EventTarget-impl.js:286:3)
    at HTMLUnknownElementImpl._dispatch (/home/stocks/algo/webapp/frontend/node_modules/jsdom/lib/jsdom/living/events/EventTarget-impl.js:233:9)
    at HTMLUnknownElementImpl.dispatchEvent (/home/stocks/algo/webapp/frontend/node_modules/jsdom/lib/jsdom/living/events/EventTarget-impl.js:104:17)

Error: Uncaught [TypeError: portfolioData.map is not a function]
    at reportException (/home/stocks/algo/webapp/frontend/node_modules/jsdom/lib/jsdom/living/helpers/runtime-script-errors.js:66:24)
    at innerInvokeEventListeners (/home/stocks/algo/webapp/frontend/node_modules/jsdom/lib/jsdom/living/events/EventTarget-impl.js:353:9)
    at invokeEventListeners (/home/stocks/algo/webapp/frontend/node_modules/jsdom/lib/jsdom/living/events/EventTarget-impl.js:286:3)
    at HTMLUnknownElementImpl._dispatch (/home/stocks/algo/webapp/frontend/node_modules/jsdom/lib/jsdom/living/events/EventTarget-impl.js:233:9)
    at HTMLUnknownElementImpl.dispatchEvent (/home/stocks/algo/webapp/frontend/node_modules/jsdom/lib/jsdom/living/events/EventTarget-impl.js:104:17)
    at HTMLUnknownElement.dispatchEvent (/home/stocks/algo/webapp/frontend/node_modules/jsdom/lib/jsdom/living/generated/EventTarget.js:241:34)
    at Object.invokeGuardedCallbackDev (/home/stocks/algo/webapp/frontend/node_modules/react-dom/cjs/react-dom.development.js:4213:16)
    at invokeGuardedCallback (/home/stocks/algo/webapp/frontend/node_modules/react-dom/cjs/react-dom.development.js:4277:31)
    at beginWork$1 (/home/stocks/algo/webapp/frontend/node_modules/react-dom/cjs/react-dom.development.js:27490:7)
    at performUnitOfWork (/home/stocks/algo/webapp/frontend/node_modules/react-dom/cjs/react-dom.development.js:26599:12) TypeError: portfolioData.map is not a function
    at PortfolioManager (/home/stocks/algo/webapp/frontend/src/components/PortfolioManager.jsx:434:30)
    at renderWithHooks (/home/stocks/algo/webapp/frontend/node_modules/react-dom/cjs/react-dom.development.js:15486:18)
    at updateFunctionComponent (/home/stocks/algo/webapp/frontend/node_modules/react-dom/cjs/react-dom.development.js:19617:20)
    at beginWork (/home/stocks/algo/webapp/frontend/node_modules/react-dom/cjs/react-dom.development.js:21640:16)
    at HTMLUnknownElement.callCallback (/home/stocks/algo/webapp/frontend/node_modules/react-dom/cjs/react-dom.development.js:4164:14)
    at HTMLUnknownElement.callTheUserObjectsOperation (/home/stocks/algo/webapp/frontend/node_modules/jsdom/lib/jsdom/living/generated/EventListener.js:26:30)
    at innerInvokeEventListeners (/home/stocks/algo/webapp/frontend/node_modules/jsdom/lib/jsdom/living/events/EventTarget-impl.js:350:25)
    at invokeEventListeners (/home/stocks/algo/webapp/frontend/node_modules/jsdom/lib/jsdom/living/events/EventTarget-impl.js:286:3)
    at HTMLUnknownElementImpl._dispatch (/home/stocks/algo/webapp/frontend/node_modules/jsdom/lib/jsdom/living/events/EventTarget-impl.js:233:9)
    at HTMLUnknownElementImpl.dispatchEvent (/home/stocks/algo/webapp/frontend/node_modules/jsdom/lib/jsdom/living/events/EventTarget-impl.js:104:17)
Error: Uncaught [TypeError: portfolioData.map is not a function]
    at reportException (/home/stocks/algo/webapp/frontend/node_modules/jsdom/lib/jsdom/living/helpers/runtime-script-errors.js:66:24)
    at innerInvokeEventListeners (/home/stocks/algo/webapp/frontend/node_modules/jsdom/lib/jsdom/living/events/EventTarget-impl.js:353:9)
    at invokeEventListeners (/home/stocks/algo/webapp/frontend/node_modules/jsdom/lib/jsdom/living/events/EventTarget-impl.js:286:3)
    at HTMLUnknownElementImpl._dispatch (/home/stocks/algo/webapp/frontend/node_modules/jsdom/lib/jsdom/living/events/EventTarget-impl.js:233:9)
    at HTMLUnknownElementImpl.dispatchEvent (/home/stocks/algo/webapp/frontend/node_modules/jsdom/lib/jsdom/living/events/EventTarget-impl.js:104:17)
    at HTMLUnknownElement.dispatchEvent (/home/stocks/algo/webapp/frontend/node_modules/jsdom/lib/jsdom/living/generated/EventTarget.js:241:34)
    at Object.invokeGuardedCallbackDev (/home/stocks/algo/webapp/frontend/node_modules/react-dom/cjs/react-dom.development.js:4213:16)
    at invokeGuardedCallback (/home/stocks/algo/webapp/frontend/node_modules/react-dom/cjs/react-dom.development.js:4277:31)
    at beginWork$1 (/home/stocks/algo/webapp/frontend/node_modules/react-dom/cjs/react-dom.development.js:27490:7)
    at performUnitOfWork (/home/stocks/algo/webapp/frontend/node_modules/react-dom/cjs/react-dom.development.js:26599:12) TypeError: portfolioData.map is not a function
    at PortfolioManager (/home/stocks/algo/webapp/frontend/src/components/PortfolioManager.jsx:434:30)
    at renderWithHooks (/home/stocks/algo/webapp/frontend/node_modules/react-dom/cjs/react-dom.development.js:15486:18)
    at updateFunctionComponent (/home/stocks/algo/webapp/frontend/node_modules/react-dom/cjs/react-dom.development.js:19617:20)
    at beginWork (/home/stocks/algo/webapp/frontend/node_modules/react-dom/cjs/react-dom.development.js:21640:16)
    at HTMLUnknownElement.callCallback (/home/stocks/algo/webapp/frontend/node_modules/react-dom/cjs/react-dom.development.js:4164:14)
    at HTMLUnknownElement.callTheUserObjectsOperation (/home/stocks/algo/webapp/frontend/node_modules/jsdom/lib/jsdom/living/generated/EventListener.js:26:30)
    at innerInvokeEventListeners (/home/stocks/algo/webapp/frontend/node_modules/jsdom/lib/jsdom/living/events/EventTarget-impl.js:350:25)
    at invokeEventListeners (/home/stocks/algo/webapp/frontend/node_modules/jsdom/lib/jsdom/living/events/EventTarget-impl.js:286:3)
    at HTMLUnknownElementImpl._dispatch (/home/stocks/algo/webapp/frontend/node_modules/jsdom/lib/jsdom/living/events/EventTarget-impl.js:233:9)
    at HTMLUnknownElementImpl.dispatchEvent (/home/stocks/algo/webapp/frontend/node_modules/jsdom/lib/jsdom/living/events/EventTarget-impl.js:104:17)

Error: Uncaught [TypeError: portfolioData.map is not a function]
    at reportException (/home/stocks/algo/webapp/frontend/node_modules/jsdom/lib/jsdom/living/helpers/runtime-script-errors.js:66:24)
    at innerInvokeEventListeners (/home/stocks/algo/webapp/frontend/node_modules/jsdom/lib/jsdom/living/events/EventTarget-impl.js:353:9)
    at invokeEventListeners (/home/stocks/algo/webapp/frontend/node_modules/jsdom/lib/jsdom/living/events/EventTarget-impl.js:286:3)
    at HTMLUnknownElementImpl._dispatch (/home/stocks/algo/webapp/frontend/node_modules/jsdom/lib/jsdom/living/events/EventTarget-impl.js:233:9)
    at HTMLUnknownElementImpl.dispatchEvent (/home/stocks/algo/webapp/frontend/node_modules/jsdom/lib/jsdom/living/events/EventTarget-impl.js:104:17)
    at HTMLUnknownElement.dispatchEvent (/home/stocks/algo/webapp/frontend/node_modules/jsdom/lib/jsdom/living/generated/EventTarget.js:241:34)
    at Object.invokeGuardedCallbackDev (/home/stocks/algo/webapp/frontend/node_modules/react-dom/cjs/react-dom.development.js:4213:16)
    at invokeGuardedCallback (/home/stocks/algo/webapp/frontend/node_modules/react-dom/cjs/react-dom.development.js:4277:31)
    at beginWork$1 (/home/stocks/algo/webapp/frontend/node_modules/react-dom/cjs/react-dom.development.js:27490:7)
    at performUnitOfWork (/home/stocks/algo/webapp/frontend/node_modules/react-dom/cjs/react-dom.development.js:26599:12) TypeError: portfolioData.map is not a function
    at PortfolioManager (/home/stocks/algo/webapp/frontend/src/components/PortfolioManager.jsx:434:30)
    at renderWithHooks (/home/stocks/algo/webapp/frontend/node_modules/react-dom/cjs/react-dom.development.js:15486:18)
    at updateFunctionComponent (/home/stocks/algo/webapp/frontend/node_modules/react-dom/cjs/react-dom.development.js:19617:20)
    at beginWork (/home/stocks/algo/webapp/frontend/node_modules/react-dom/cjs/react-dom.development.js:21640:16)
    at HTMLUnknownElement.callCallback (/home/stocks/algo/webapp/frontend/node_modules/react-dom/cjs/react-dom.development.js:4164:14)
    at HTMLUnknownElement.callTheUserObjectsOperation (/home/stocks/algo/webapp/frontend/node_modules/jsdom/lib/jsdom/living/generated/EventListener.js:26:30)
    at innerInvokeEventListeners (/home/stocks/algo/webapp/frontend/node_modules/jsdom/lib/jsdom/living/events/EventTarget-impl.js:350:25)
    at invokeEventListeners (/home/stocks/algo/webapp/frontend/node_modules/jsdom/lib/jsdom/living/events/EventTarget-impl.js:286:3)
    at HTMLUnknownElementImpl._dispatch (/home/stocks/algo/webapp/frontend/node_modules/jsdom/lib/jsdom/living/events/EventTarget-impl.js:233:9)
    at HTMLUnknownElementImpl.dispatchEvent (/home/stocks/algo/webapp/frontend/node_modules/jsdom/lib/jsdom/living/events/EventTarget-impl.js:104:17)
Error: Uncaught [TypeError: portfolioData.map is not a function]
    at reportException (/home/stocks/algo/webapp/frontend/node_modules/jsdom/lib/jsdom/living/helpers/runtime-script-errors.js:66:24)
    at innerInvokeEventListeners (/home/stocks/algo/webapp/frontend/node_modules/jsdom/lib/jsdom/living/events/EventTarget-impl.js:353:9)
    at invokeEventListeners (/home/stocks/algo/webapp/frontend/node_modules/jsdom/lib/jsdom/living/events/EventTarget-impl.js:286:3)
    at HTMLUnknownElementImpl._dispatch (/home/stocks/algo/webapp/frontend/node_modules/jsdom/lib/jsdom/living/events/EventTarget-impl.js:233:9)
    at HTMLUnknownElementImpl.dispatchEvent (/home/stocks/algo/webapp/frontend/node_modules/jsdom/lib/jsdom/living/events/EventTarget-impl.js:104:17)
    at HTMLUnknownElement.dispatchEvent (/home/stocks/algo/webapp/frontend/node_modules/jsdom/lib/jsdom/living/generated/EventTarget.js:241:34)
    at Object.invokeGuardedCallbackDev (/home/stocks/algo/webapp/frontend/node_modules/react-dom/cjs/react-dom.development.js:4213:16)
    at invokeGuardedCallback (/home/stocks/algo/webapp/frontend/node_modules/react-dom/cjs/react-dom.development.js:4277:31)
    at beginWork$1 (/home/stocks/algo/webapp/frontend/node_modules/react-dom/cjs/react-dom.development.js:27490:7)
    at performUnitOfWork (/home/stocks/algo/webapp/frontend/node_modules/react-dom/cjs/react-dom.development.js:26599:12) TypeError: portfolioData.map is not a function
    at PortfolioManager (/home/stocks/algo/webapp/frontend/src/components/PortfolioManager.jsx:434:30)
    at renderWithHooks (/home/stocks/algo/webapp/frontend/node_modules/react-dom/cjs/react-dom.development.js:15486:18)
    at updateFunctionComponent (/home/stocks/algo/webapp/frontend/node_modules/react-dom/cjs/react-dom.development.js:19617:20)
    at beginWork (/home/stocks/algo/webapp/frontend/node_modules/react-dom/cjs/react-dom.development.js:21640:16)
    at HTMLUnknownElement.callCallback (/home/stocks/algo/webapp/frontend/node_modules/react-dom/cjs/react-dom.development.js:4164:14)
    at HTMLUnknownElement.callTheUserObjectsOperation (/home/stocks/algo/webapp/frontend/node_modules/jsdom/lib/jsdom/living/generated/EventListener.js:26:30)
    at innerInvokeEventListeners (/home/stocks/algo/webapp/frontend/node_modules/jsdom/lib/jsdom/living/events/EventTarget-impl.js:350:25)
    at invokeEventListeners (/home/stocks/algo/webapp/frontend/node_modules/jsdom/lib/jsdom/living/events/EventTarget-impl.js:286:3)
    at HTMLUnknownElementImpl._dispatch (/home/stocks/algo/webapp/frontend/node_modules/jsdom/lib/jsdom/living/events/EventTarget-impl.js:233:9)
    at HTMLUnknownElementImpl.dispatchEvent (/home/stocks/algo/webapp/frontend/node_modules/jsdom/lib/jsdom/living/events/EventTarget-impl.js:104:17)

            </system-err>
            <failure message="Unable to find an element with the text: Portfolio Overview. This could be because the text is broken up by multiple elements. In this case, you can provide a function for your text matcher to make your matcher more flexible.

Ignored nodes: comments, script, style
[36m&lt;body&gt;[39m
  [36m&lt;div /&gt;[39m
[36m&lt;/body&gt;[39m

Ignored nodes: comments, script, style
[36m&lt;html&gt;[39m
  [36m&lt;head /&gt;[39m
  [36m&lt;body&gt;[39m
    [36m&lt;div /&gt;[39m
  [36m&lt;/body&gt;[39m
[36m&lt;/html&gt;[39m..." type="TestingLibraryElementError">
TestingLibraryElementError: Unable to find an element with the text: Portfolio Overview. This could be because the text is broken up by multiple elements. In this case, you can provide a function for your text matcher to make your matcher more flexible.

Ignored nodes: comments, script, style
&lt;body&gt;
  &lt;div /&gt;
&lt;/body&gt;

Ignored nodes: comments, script, style
&lt;html&gt;
  &lt;head /&gt;
  &lt;body&gt;
    &lt;div /&gt;
  &lt;/body&gt;
&lt;/html&gt;...
 ❯ Proxy.waitForWrapper node_modules/@testing-library/react/node_modules/@testing-library/dom/dist/wait-for.js:163:27
 ❯ src/tests/unit/components/real-portfolio-manager.test.jsx:226:13
            </failure>
            <failure message="Unable to find an element with the text: Portfolio Overview. This could be because the text is broken up by multiple elements. In this case, you can provide a function for your text matcher to make your matcher more flexible.

Ignored nodes: comments, script, style
[36m&lt;body&gt;[39m
  [36m&lt;div /&gt;[39m
[36m&lt;/body&gt;[39m

Ignored nodes: comments, script, style
[36m&lt;html&gt;[39m
  [36m&lt;head /&gt;[39m
  [36m&lt;body&gt;[39m
    [36m&lt;div /&gt;[39m
  [36m&lt;/body&gt;[39m
[36m&lt;/html&gt;[39m..." type="TestingLibraryElementError">
TestingLibraryElementError: Unable to find an element with the text: Portfolio Overview. This could be because the text is broken up by multiple elements. In this case, you can provide a function for your text matcher to make your matcher more flexible.

Ignored nodes: comments, script, style
&lt;body&gt;
  &lt;div /&gt;
&lt;/body&gt;

Ignored nodes: comments, script, style
&lt;html&gt;
  &lt;head /&gt;
  &lt;body&gt;
    &lt;div /&gt;
  &lt;/body&gt;
&lt;/html&gt;...
 ❯ Proxy.waitForWrapper node_modules/@testing-library/react/node_modules/@testing-library/dom/dist/wait-for.js:163:27
 ❯ src/tests/unit/components/real-portfolio-manager.test.jsx:226:13
            </failure>
            <failure message="Unable to find an element with the text: Portfolio Overview. This could be because the text is broken up by multiple elements. In this case, you can provide a function for your text matcher to make your matcher more flexible.

Ignored nodes: comments, script, style
[36m&lt;body&gt;[39m
  [36m&lt;div /&gt;[39m
[36m&lt;/body&gt;[39m

Ignored nodes: comments, script, style
[36m&lt;html&gt;[39m
  [36m&lt;head /&gt;[39m
  [36m&lt;body&gt;[39m
    [36m&lt;div /&gt;[39m
  [36m&lt;/body&gt;[39m
[36m&lt;/html&gt;[39m..." type="TestingLibraryElementError">
TestingLibraryElementError: Unable to find an element with the text: Portfolio Overview. This could be because the text is broken up by multiple elements. In this case, you can provide a function for your text matcher to make your matcher more flexible.

Ignored nodes: comments, script, style
&lt;body&gt;
  &lt;div /&gt;
&lt;/body&gt;

Ignored nodes: comments, script, style
&lt;html&gt;
  &lt;head /&gt;
  &lt;body&gt;
    &lt;div /&gt;
  &lt;/body&gt;
&lt;/html&gt;...
 ❯ Proxy.waitForWrapper node_modules/@testing-library/react/node_modules/@testing-library/dom/dist/wait-for.js:163:27
 ❯ src/tests/unit/components/real-portfolio-manager.test.jsx:226:13
            </failure>
        </testcase>
        <testcase classname="src/tests/unit/components/real-portfolio-manager.test.jsx" name="💼 Real PortfolioManager Component &gt; Holdings Table Display &gt; should display gain/loss with correct styling" time="3.02">
            <system-err>
Error: Uncaught [TypeError: portfolioData.map is not a function]
    at reportException (/home/stocks/algo/webapp/frontend/node_modules/jsdom/lib/jsdom/living/helpers/runtime-script-errors.js:66:24)
    at innerInvokeEventListeners (/home/stocks/algo/webapp/frontend/node_modules/jsdom/lib/jsdom/living/events/EventTarget-impl.js:353:9)
    at invokeEventListeners (/home/stocks/algo/webapp/frontend/node_modules/jsdom/lib/jsdom/living/events/EventTarget-impl.js:286:3)
    at HTMLUnknownElementImpl._dispatch (/home/stocks/algo/webapp/frontend/node_modules/jsdom/lib/jsdom/living/events/EventTarget-impl.js:233:9)
    at HTMLUnknownElementImpl.dispatchEvent (/home/stocks/algo/webapp/frontend/node_modules/jsdom/lib/jsdom/living/events/EventTarget-impl.js:104:17)
    at HTMLUnknownElement.dispatchEvent (/home/stocks/algo/webapp/frontend/node_modules/jsdom/lib/jsdom/living/generated/EventTarget.js:241:34)
    at Object.invokeGuardedCallbackDev (/home/stocks/algo/webapp/frontend/node_modules/react-dom/cjs/react-dom.development.js:4213:16)
    at invokeGuardedCallback (/home/stocks/algo/webapp/frontend/node_modules/react-dom/cjs/react-dom.development.js:4277:31)
    at beginWork$1 (/home/stocks/algo/webapp/frontend/node_modules/react-dom/cjs/react-dom.development.js:27490:7)
    at performUnitOfWork (/home/stocks/algo/webapp/frontend/node_modules/react-dom/cjs/react-dom.development.js:26599:12) TypeError: portfolioData.map is not a function
    at PortfolioManager (/home/stocks/algo/webapp/frontend/src/components/PortfolioManager.jsx:434:30)
    at renderWithHooks (/home/stocks/algo/webapp/frontend/node_modules/react-dom/cjs/react-dom.development.js:15486:18)
    at updateFunctionComponent (/home/stocks/algo/webapp/frontend/node_modules/react-dom/cjs/react-dom.development.js:19617:20)
    at beginWork (/home/stocks/algo/webapp/frontend/node_modules/react-dom/cjs/react-dom.development.js:21640:16)
    at HTMLUnknownElement.callCallback (/home/stocks/algo/webapp/frontend/node_modules/react-dom/cjs/react-dom.development.js:4164:14)
    at HTMLUnknownElement.callTheUserObjectsOperation (/home/stocks/algo/webapp/frontend/node_modules/jsdom/lib/jsdom/living/generated/EventListener.js:26:30)
    at innerInvokeEventListeners (/home/stocks/algo/webapp/frontend/node_modules/jsdom/lib/jsdom/living/events/EventTarget-impl.js:350:25)
    at invokeEventListeners (/home/stocks/algo/webapp/frontend/node_modules/jsdom/lib/jsdom/living/events/EventTarget-impl.js:286:3)
    at HTMLUnknownElementImpl._dispatch (/home/stocks/algo/webapp/frontend/node_modules/jsdom/lib/jsdom/living/events/EventTarget-impl.js:233:9)
    at HTMLUnknownElementImpl.dispatchEvent (/home/stocks/algo/webapp/frontend/node_modules/jsdom/lib/jsdom/living/events/EventTarget-impl.js:104:17)
Error: Uncaught [TypeError: portfolioData.map is not a function]
    at reportException (/home/stocks/algo/webapp/frontend/node_modules/jsdom/lib/jsdom/living/helpers/runtime-script-errors.js:66:24)
    at innerInvokeEventListeners (/home/stocks/algo/webapp/frontend/node_modules/jsdom/lib/jsdom/living/events/EventTarget-impl.js:353:9)
    at invokeEventListeners (/home/stocks/algo/webapp/frontend/node_modules/jsdom/lib/jsdom/living/events/EventTarget-impl.js:286:3)
    at HTMLUnknownElementImpl._dispatch (/home/stocks/algo/webapp/frontend/node_modules/jsdom/lib/jsdom/living/events/EventTarget-impl.js:233:9)
    at HTMLUnknownElementImpl.dispatchEvent (/home/stocks/algo/webapp/frontend/node_modules/jsdom/lib/jsdom/living/events/EventTarget-impl.js:104:17)
    at HTMLUnknownElement.dispatchEvent (/home/stocks/algo/webapp/frontend/node_modules/jsdom/lib/jsdom/living/generated/EventTarget.js:241:34)
    at Object.invokeGuardedCallbackDev (/home/stocks/algo/webapp/frontend/node_modules/react-dom/cjs/react-dom.development.js:4213:16)
    at invokeGuardedCallback (/home/stocks/algo/webapp/frontend/node_modules/react-dom/cjs/react-dom.development.js:4277:31)
    at beginWork$1 (/home/stocks/algo/webapp/frontend/node_modules/react-dom/cjs/react-dom.development.js:27490:7)
    at performUnitOfWork (/home/stocks/algo/webapp/frontend/node_modules/react-dom/cjs/react-dom.development.js:26599:12) TypeError: portfolioData.map is not a function
    at PortfolioManager (/home/stocks/algo/webapp/frontend/src/components/PortfolioManager.jsx:434:30)
    at renderWithHooks (/home/stocks/algo/webapp/frontend/node_modules/react-dom/cjs/react-dom.development.js:15486:18)
    at updateFunctionComponent (/home/stocks/algo/webapp/frontend/node_modules/react-dom/cjs/react-dom.development.js:19617:20)
    at beginWork (/home/stocks/algo/webapp/frontend/node_modules/react-dom/cjs/react-dom.development.js:21640:16)
    at HTMLUnknownElement.callCallback (/home/stocks/algo/webapp/frontend/node_modules/react-dom/cjs/react-dom.development.js:4164:14)
    at HTMLUnknownElement.callTheUserObjectsOperation (/home/stocks/algo/webapp/frontend/node_modules/jsdom/lib/jsdom/living/generated/EventListener.js:26:30)
    at innerInvokeEventListeners (/home/stocks/algo/webapp/frontend/node_modules/jsdom/lib/jsdom/living/events/EventTarget-impl.js:350:25)
    at invokeEventListeners (/home/stocks/algo/webapp/frontend/node_modules/jsdom/lib/jsdom/living/events/EventTarget-impl.js:286:3)
    at HTMLUnknownElementImpl._dispatch (/home/stocks/algo/webapp/frontend/node_modules/jsdom/lib/jsdom/living/events/EventTarget-impl.js:233:9)
    at HTMLUnknownElementImpl.dispatchEvent (/home/stocks/algo/webapp/frontend/node_modules/jsdom/lib/jsdom/living/events/EventTarget-impl.js:104:17)

Error: Uncaught [TypeError: portfolioData.map is not a function]
    at reportException (/home/stocks/algo/webapp/frontend/node_modules/jsdom/lib/jsdom/living/helpers/runtime-script-errors.js:66:24)
    at innerInvokeEventListeners (/home/stocks/algo/webapp/frontend/node_modules/jsdom/lib/jsdom/living/events/EventTarget-impl.js:353:9)
    at invokeEventListeners (/home/stocks/algo/webapp/frontend/node_modules/jsdom/lib/jsdom/living/events/EventTarget-impl.js:286:3)
    at HTMLUnknownElementImpl._dispatch (/home/stocks/algo/webapp/frontend/node_modules/jsdom/lib/jsdom/living/events/EventTarget-impl.js:233:9)
    at HTMLUnknownElementImpl.dispatchEvent (/home/stocks/algo/webapp/frontend/node_modules/jsdom/lib/jsdom/living/events/EventTarget-impl.js:104:17)
    at HTMLUnknownElement.dispatchEvent (/home/stocks/algo/webapp/frontend/node_modules/jsdom/lib/jsdom/living/generated/EventTarget.js:241:34)
    at Object.invokeGuardedCallbackDev (/home/stocks/algo/webapp/frontend/node_modules/react-dom/cjs/react-dom.development.js:4213:16)
    at invokeGuardedCallback (/home/stocks/algo/webapp/frontend/node_modules/react-dom/cjs/react-dom.development.js:4277:31)
    at beginWork$1 (/home/stocks/algo/webapp/frontend/node_modules/react-dom/cjs/react-dom.development.js:27490:7)
    at performUnitOfWork (/home/stocks/algo/webapp/frontend/node_modules/react-dom/cjs/react-dom.development.js:26599:12) TypeError: portfolioData.map is not a function
    at PortfolioManager (/home/stocks/algo/webapp/frontend/src/components/PortfolioManager.jsx:434:30)
    at renderWithHooks (/home/stocks/algo/webapp/frontend/node_modules/react-dom/cjs/react-dom.development.js:15486:18)
    at updateFunctionComponent (/home/stocks/algo/webapp/frontend/node_modules/react-dom/cjs/react-dom.development.js:19617:20)
    at beginWork (/home/stocks/algo/webapp/frontend/node_modules/react-dom/cjs/react-dom.development.js:21640:16)
    at HTMLUnknownElement.callCallback (/home/stocks/algo/webapp/frontend/node_modules/react-dom/cjs/react-dom.development.js:4164:14)
    at HTMLUnknownElement.callTheUserObjectsOperation (/home/stocks/algo/webapp/frontend/node_modules/jsdom/lib/jsdom/living/generated/EventListener.js:26:30)
    at innerInvokeEventListeners (/home/stocks/algo/webapp/frontend/node_modules/jsdom/lib/jsdom/living/events/EventTarget-impl.js:350:25)
    at invokeEventListeners (/home/stocks/algo/webapp/frontend/node_modules/jsdom/lib/jsdom/living/events/EventTarget-impl.js:286:3)
    at HTMLUnknownElementImpl._dispatch (/home/stocks/algo/webapp/frontend/node_modules/jsdom/lib/jsdom/living/events/EventTarget-impl.js:233:9)
    at HTMLUnknownElementImpl.dispatchEvent (/home/stocks/algo/webapp/frontend/node_modules/jsdom/lib/jsdom/living/events/EventTarget-impl.js:104:17)
Error: Uncaught [TypeError: portfolioData.map is not a function]
    at reportException (/home/stocks/algo/webapp/frontend/node_modules/jsdom/lib/jsdom/living/helpers/runtime-script-errors.js:66:24)
    at innerInvokeEventListeners (/home/stocks/algo/webapp/frontend/node_modules/jsdom/lib/jsdom/living/events/EventTarget-impl.js:353:9)
    at invokeEventListeners (/home/stocks/algo/webapp/frontend/node_modules/jsdom/lib/jsdom/living/events/EventTarget-impl.js:286:3)
    at HTMLUnknownElementImpl._dispatch (/home/stocks/algo/webapp/frontend/node_modules/jsdom/lib/jsdom/living/events/EventTarget-impl.js:233:9)
    at HTMLUnknownElementImpl.dispatchEvent (/home/stocks/algo/webapp/frontend/node_modules/jsdom/lib/jsdom/living/events/EventTarget-impl.js:104:17)
    at HTMLUnknownElement.dispatchEvent (/home/stocks/algo/webapp/frontend/node_modules/jsdom/lib/jsdom/living/generated/EventTarget.js:241:34)
    at Object.invokeGuardedCallbackDev (/home/stocks/algo/webapp/frontend/node_modules/react-dom/cjs/react-dom.development.js:4213:16)
    at invokeGuardedCallback (/home/stocks/algo/webapp/frontend/node_modules/react-dom/cjs/react-dom.development.js:4277:31)
    at beginWork$1 (/home/stocks/algo/webapp/frontend/node_modules/react-dom/cjs/react-dom.development.js:27490:7)
    at performUnitOfWork (/home/stocks/algo/webapp/frontend/node_modules/react-dom/cjs/react-dom.development.js:26599:12) TypeError: portfolioData.map is not a function
    at PortfolioManager (/home/stocks/algo/webapp/frontend/src/components/PortfolioManager.jsx:434:30)
    at renderWithHooks (/home/stocks/algo/webapp/frontend/node_modules/react-dom/cjs/react-dom.development.js:15486:18)
    at updateFunctionComponent (/home/stocks/algo/webapp/frontend/node_modules/react-dom/cjs/react-dom.development.js:19617:20)
    at beginWork (/home/stocks/algo/webapp/frontend/node_modules/react-dom/cjs/react-dom.development.js:21640:16)
    at HTMLUnknownElement.callCallback (/home/stocks/algo/webapp/frontend/node_modules/react-dom/cjs/react-dom.development.js:4164:14)
    at HTMLUnknownElement.callTheUserObjectsOperation (/home/stocks/algo/webapp/frontend/node_modules/jsdom/lib/jsdom/living/generated/EventListener.js:26:30)
    at innerInvokeEventListeners (/home/stocks/algo/webapp/frontend/node_modules/jsdom/lib/jsdom/living/events/EventTarget-impl.js:350:25)
    at invokeEventListeners (/home/stocks/algo/webapp/frontend/node_modules/jsdom/lib/jsdom/living/events/EventTarget-impl.js:286:3)
    at HTMLUnknownElementImpl._dispatch (/home/stocks/algo/webapp/frontend/node_modules/jsdom/lib/jsdom/living/events/EventTarget-impl.js:233:9)
    at HTMLUnknownElementImpl.dispatchEvent (/home/stocks/algo/webapp/frontend/node_modules/jsdom/lib/jsdom/living/events/EventTarget-impl.js:104:17)

Error: Uncaught [TypeError: portfolioData.map is not a function]
    at reportException (/home/stocks/algo/webapp/frontend/node_modules/jsdom/lib/jsdom/living/helpers/runtime-script-errors.js:66:24)
    at innerInvokeEventListeners (/home/stocks/algo/webapp/frontend/node_modules/jsdom/lib/jsdom/living/events/EventTarget-impl.js:353:9)
    at invokeEventListeners (/home/stocks/algo/webapp/frontend/node_modules/jsdom/lib/jsdom/living/events/EventTarget-impl.js:286:3)
    at HTMLUnknownElementImpl._dispatch (/home/stocks/algo/webapp/frontend/node_modules/jsdom/lib/jsdom/living/events/EventTarget-impl.js:233:9)
    at HTMLUnknownElementImpl.dispatchEvent (/home/stocks/algo/webapp/frontend/node_modules/jsdom/lib/jsdom/living/events/EventTarget-impl.js:104:17)
    at HTMLUnknownElement.dispatchEvent (/home/stocks/algo/webapp/frontend/node_modules/jsdom/lib/jsdom/living/generated/EventTarget.js:241:34)
    at Object.invokeGuardedCallbackDev (/home/stocks/algo/webapp/frontend/node_modules/react-dom/cjs/react-dom.development.js:4213:16)
    at invokeGuardedCallback (/home/stocks/algo/webapp/frontend/node_modules/react-dom/cjs/react-dom.development.js:4277:31)
    at beginWork$1 (/home/stocks/algo/webapp/frontend/node_modules/react-dom/cjs/react-dom.development.js:27490:7)
    at performUnitOfWork (/home/stocks/algo/webapp/frontend/node_modules/react-dom/cjs/react-dom.development.js:26599:12) TypeError: portfolioData.map is not a function
    at PortfolioManager (/home/stocks/algo/webapp/frontend/src/components/PortfolioManager.jsx:434:30)
    at renderWithHooks (/home/stocks/algo/webapp/frontend/node_modules/react-dom/cjs/react-dom.development.js:15486:18)
    at updateFunctionComponent (/home/stocks/algo/webapp/frontend/node_modules/react-dom/cjs/react-dom.development.js:19617:20)
    at beginWork (/home/stocks/algo/webapp/frontend/node_modules/react-dom/cjs/react-dom.development.js:21640:16)
    at HTMLUnknownElement.callCallback (/home/stocks/algo/webapp/frontend/node_modules/react-dom/cjs/react-dom.development.js:4164:14)
    at HTMLUnknownElement.callTheUserObjectsOperation (/home/stocks/algo/webapp/frontend/node_modules/jsdom/lib/jsdom/living/generated/EventListener.js:26:30)
    at innerInvokeEventListeners (/home/stocks/algo/webapp/frontend/node_modules/jsdom/lib/jsdom/living/events/EventTarget-impl.js:350:25)
    at invokeEventListeners (/home/stocks/algo/webapp/frontend/node_modules/jsdom/lib/jsdom/living/events/EventTarget-impl.js:286:3)
    at HTMLUnknownElementImpl._dispatch (/home/stocks/algo/webapp/frontend/node_modules/jsdom/lib/jsdom/living/events/EventTarget-impl.js:233:9)
    at HTMLUnknownElementImpl.dispatchEvent (/home/stocks/algo/webapp/frontend/node_modules/jsdom/lib/jsdom/living/events/EventTarget-impl.js:104:17)
Error: Uncaught [TypeError: portfolioData.map is not a function]
    at reportException (/home/stocks/algo/webapp/frontend/node_modules/jsdom/lib/jsdom/living/helpers/runtime-script-errors.js:66:24)
    at innerInvokeEventListeners (/home/stocks/algo/webapp/frontend/node_modules/jsdom/lib/jsdom/living/events/EventTarget-impl.js:353:9)
    at invokeEventListeners (/home/stocks/algo/webapp/frontend/node_modules/jsdom/lib/jsdom/living/events/EventTarget-impl.js:286:3)
    at HTMLUnknownElementImpl._dispatch (/home/stocks/algo/webapp/frontend/node_modules/jsdom/lib/jsdom/living/events/EventTarget-impl.js:233:9)
    at HTMLUnknownElementImpl.dispatchEvent (/home/stocks/algo/webapp/frontend/node_modules/jsdom/lib/jsdom/living/events/EventTarget-impl.js:104:17)
    at HTMLUnknownElement.dispatchEvent (/home/stocks/algo/webapp/frontend/node_modules/jsdom/lib/jsdom/living/generated/EventTarget.js:241:34)
    at Object.invokeGuardedCallbackDev (/home/stocks/algo/webapp/frontend/node_modules/react-dom/cjs/react-dom.development.js:4213:16)
    at invokeGuardedCallback (/home/stocks/algo/webapp/frontend/node_modules/react-dom/cjs/react-dom.development.js:4277:31)
    at beginWork$1 (/home/stocks/algo/webapp/frontend/node_modules/react-dom/cjs/react-dom.development.js:27490:7)
    at performUnitOfWork (/home/stocks/algo/webapp/frontend/node_modules/react-dom/cjs/react-dom.development.js:26599:12) TypeError: portfolioData.map is not a function
    at PortfolioManager (/home/stocks/algo/webapp/frontend/src/components/PortfolioManager.jsx:434:30)
    at renderWithHooks (/home/stocks/algo/webapp/frontend/node_modules/react-dom/cjs/react-dom.development.js:15486:18)
    at updateFunctionComponent (/home/stocks/algo/webapp/frontend/node_modules/react-dom/cjs/react-dom.development.js:19617:20)
    at beginWork (/home/stocks/algo/webapp/frontend/node_modules/react-dom/cjs/react-dom.development.js:21640:16)
    at HTMLUnknownElement.callCallback (/home/stocks/algo/webapp/frontend/node_modules/react-dom/cjs/react-dom.development.js:4164:14)
    at HTMLUnknownElement.callTheUserObjectsOperation (/home/stocks/algo/webapp/frontend/node_modules/jsdom/lib/jsdom/living/generated/EventListener.js:26:30)
    at innerInvokeEventListeners (/home/stocks/algo/webapp/frontend/node_modules/jsdom/lib/jsdom/living/events/EventTarget-impl.js:350:25)
    at invokeEventListeners (/home/stocks/algo/webapp/frontend/node_modules/jsdom/lib/jsdom/living/events/EventTarget-impl.js:286:3)
    at HTMLUnknownElementImpl._dispatch (/home/stocks/algo/webapp/frontend/node_modules/jsdom/lib/jsdom/living/events/EventTarget-impl.js:233:9)
    at HTMLUnknownElementImpl.dispatchEvent (/home/stocks/algo/webapp/frontend/node_modules/jsdom/lib/jsdom/living/events/EventTarget-impl.js:104:17)

            </system-err>
            <failure message="Unable to find an element with the text: Portfolio Overview. This could be because the text is broken up by multiple elements. In this case, you can provide a function for your text matcher to make your matcher more flexible.

Ignored nodes: comments, script, style
[36m&lt;body&gt;[39m
  [36m&lt;div /&gt;[39m
[36m&lt;/body&gt;[39m

Ignored nodes: comments, script, style
[36m&lt;html&gt;[39m
  [36m&lt;head /&gt;[39m
  [36m&lt;body&gt;[39m
    [36m&lt;div /&gt;[39m
  [36m&lt;/body&gt;[39m
[36m&lt;/html&gt;[39m..." type="TestingLibraryElementError">
TestingLibraryElementError: Unable to find an element with the text: Portfolio Overview. This could be because the text is broken up by multiple elements. In this case, you can provide a function for your text matcher to make your matcher more flexible.

Ignored nodes: comments, script, style
&lt;body&gt;
  &lt;div /&gt;
&lt;/body&gt;

Ignored nodes: comments, script, style
&lt;html&gt;
  &lt;head /&gt;
  &lt;body&gt;
    &lt;div /&gt;
  &lt;/body&gt;
&lt;/html&gt;...
 ❯ Proxy.waitForWrapper node_modules/@testing-library/react/node_modules/@testing-library/dom/dist/wait-for.js:163:27
 ❯ src/tests/unit/components/real-portfolio-manager.test.jsx:226:13
            </failure>
            <failure message="Unable to find an element with the text: Portfolio Overview. This could be because the text is broken up by multiple elements. In this case, you can provide a function for your text matcher to make your matcher more flexible.

Ignored nodes: comments, script, style
[36m&lt;body&gt;[39m
  [36m&lt;div /&gt;[39m
[36m&lt;/body&gt;[39m

Ignored nodes: comments, script, style
[36m&lt;html&gt;[39m
  [36m&lt;head /&gt;[39m
  [36m&lt;body&gt;[39m
    [36m&lt;div /&gt;[39m
  [36m&lt;/body&gt;[39m
[36m&lt;/html&gt;[39m..." type="TestingLibraryElementError">
TestingLibraryElementError: Unable to find an element with the text: Portfolio Overview. This could be because the text is broken up by multiple elements. In this case, you can provide a function for your text matcher to make your matcher more flexible.

Ignored nodes: comments, script, style
&lt;body&gt;
  &lt;div /&gt;
&lt;/body&gt;

Ignored nodes: comments, script, style
&lt;html&gt;
  &lt;head /&gt;
  &lt;body&gt;
    &lt;div /&gt;
  &lt;/body&gt;
&lt;/html&gt;...
 ❯ Proxy.waitForWrapper node_modules/@testing-library/react/node_modules/@testing-library/dom/dist/wait-for.js:163:27
 ❯ src/tests/unit/components/real-portfolio-manager.test.jsx:226:13
            </failure>
            <failure message="Unable to find an element with the text: Portfolio Overview. This could be because the text is broken up by multiple elements. In this case, you can provide a function for your text matcher to make your matcher more flexible.

Ignored nodes: comments, script, style
[36m&lt;body&gt;[39m
  [36m&lt;div /&gt;[39m
[36m&lt;/body&gt;[39m

Ignored nodes: comments, script, style
[36m&lt;html&gt;[39m
  [36m&lt;head /&gt;[39m
  [36m&lt;body&gt;[39m
    [36m&lt;div /&gt;[39m
  [36m&lt;/body&gt;[39m
[36m&lt;/html&gt;[39m..." type="TestingLibraryElementError">
TestingLibraryElementError: Unable to find an element with the text: Portfolio Overview. This could be because the text is broken up by multiple elements. In this case, you can provide a function for your text matcher to make your matcher more flexible.

Ignored nodes: comments, script, style
&lt;body&gt;
  &lt;div /&gt;
&lt;/body&gt;

Ignored nodes: comments, script, style
&lt;html&gt;
  &lt;head /&gt;
  &lt;body&gt;
    &lt;div /&gt;
  &lt;/body&gt;
&lt;/html&gt;...
 ❯ Proxy.waitForWrapper node_modules/@testing-library/react/node_modules/@testing-library/dom/dist/wait-for.js:163:27
 ❯ src/tests/unit/components/real-portfolio-manager.test.jsx:226:13
            </failure>
        </testcase>
        <testcase classname="src/tests/unit/components/real-portfolio-manager.test.jsx" name="💼 Real PortfolioManager Component &gt; Holdings Table Display &gt; should show weight percentages correctly" time="4.184">
            <system-err>
Error: Uncaught [TypeError: portfolioData.map is not a function]
    at reportException (/home/stocks/algo/webapp/frontend/node_modules/jsdom/lib/jsdom/living/helpers/runtime-script-errors.js:66:24)
    at innerInvokeEventListeners (/home/stocks/algo/webapp/frontend/node_modules/jsdom/lib/jsdom/living/events/EventTarget-impl.js:353:9)
    at invokeEventListeners (/home/stocks/algo/webapp/frontend/node_modules/jsdom/lib/jsdom/living/events/EventTarget-impl.js:286:3)
    at HTMLUnknownElementImpl._dispatch (/home/stocks/algo/webapp/frontend/node_modules/jsdom/lib/jsdom/living/events/EventTarget-impl.js:233:9)
    at HTMLUnknownElementImpl.dispatchEvent (/home/stocks/algo/webapp/frontend/node_modules/jsdom/lib/jsdom/living/events/EventTarget-impl.js:104:17)
    at HTMLUnknownElement.dispatchEvent (/home/stocks/algo/webapp/frontend/node_modules/jsdom/lib/jsdom/living/generated/EventTarget.js:241:34)
    at Object.invokeGuardedCallbackDev (/home/stocks/algo/webapp/frontend/node_modules/react-dom/cjs/react-dom.development.js:4213:16)
    at invokeGuardedCallback (/home/stocks/algo/webapp/frontend/node_modules/react-dom/cjs/react-dom.development.js:4277:31)
    at beginWork$1 (/home/stocks/algo/webapp/frontend/node_modules/react-dom/cjs/react-dom.development.js:27490:7)
    at performUnitOfWork (/home/stocks/algo/webapp/frontend/node_modules/react-dom/cjs/react-dom.development.js:26599:12) TypeError: portfolioData.map is not a function
    at PortfolioManager (/home/stocks/algo/webapp/frontend/src/components/PortfolioManager.jsx:434:30)
    at renderWithHooks (/home/stocks/algo/webapp/frontend/node_modules/react-dom/cjs/react-dom.development.js:15486:18)
    at updateFunctionComponent (/home/stocks/algo/webapp/frontend/node_modules/react-dom/cjs/react-dom.development.js:19617:20)
    at beginWork (/home/stocks/algo/webapp/frontend/node_modules/react-dom/cjs/react-dom.development.js:21640:16)
    at HTMLUnknownElement.callCallback (/home/stocks/algo/webapp/frontend/node_modules/react-dom/cjs/react-dom.development.js:4164:14)
    at HTMLUnknownElement.callTheUserObjectsOperation (/home/stocks/algo/webapp/frontend/node_modules/jsdom/lib/jsdom/living/generated/EventListener.js:26:30)
    at innerInvokeEventListeners (/home/stocks/algo/webapp/frontend/node_modules/jsdom/lib/jsdom/living/events/EventTarget-impl.js:350:25)
    at invokeEventListeners (/home/stocks/algo/webapp/frontend/node_modules/jsdom/lib/jsdom/living/events/EventTarget-impl.js:286:3)
    at HTMLUnknownElementImpl._dispatch (/home/stocks/algo/webapp/frontend/node_modules/jsdom/lib/jsdom/living/events/EventTarget-impl.js:233:9)
    at HTMLUnknownElementImpl.dispatchEvent (/home/stocks/algo/webapp/frontend/node_modules/jsdom/lib/jsdom/living/events/EventTarget-impl.js:104:17)
Error: Uncaught [TypeError: portfolioData.map is not a function]
    at reportException (/home/stocks/algo/webapp/frontend/node_modules/jsdom/lib/jsdom/living/helpers/runtime-script-errors.js:66:24)
    at innerInvokeEventListeners (/home/stocks/algo/webapp/frontend/node_modules/jsdom/lib/jsdom/living/events/EventTarget-impl.js:353:9)
    at invokeEventListeners (/home/stocks/algo/webapp/frontend/node_modules/jsdom/lib/jsdom/living/events/EventTarget-impl.js:286:3)
    at HTMLUnknownElementImpl._dispatch (/home/stocks/algo/webapp/frontend/node_modules/jsdom/lib/jsdom/living/events/EventTarget-impl.js:233:9)
    at HTMLUnknownElementImpl.dispatchEvent (/home/stocks/algo/webapp/frontend/node_modules/jsdom/lib/jsdom/living/events/EventTarget-impl.js:104:17)
    at HTMLUnknownElement.dispatchEvent (/home/stocks/algo/webapp/frontend/node_modules/jsdom/lib/jsdom/living/generated/EventTarget.js:241:34)
    at Object.invokeGuardedCallbackDev (/home/stocks/algo/webapp/frontend/node_modules/react-dom/cjs/react-dom.development.js:4213:16)
    at invokeGuardedCallback (/home/stocks/algo/webapp/frontend/node_modules/react-dom/cjs/react-dom.development.js:4277:31)
    at beginWork$1 (/home/stocks/algo/webapp/frontend/node_modules/react-dom/cjs/react-dom.development.js:27490:7)
    at performUnitOfWork (/home/stocks/algo/webapp/frontend/node_modules/react-dom/cjs/react-dom.development.js:26599:12) TypeError: portfolioData.map is not a function
    at PortfolioManager (/home/stocks/algo/webapp/frontend/src/components/PortfolioManager.jsx:434:30)
    at renderWithHooks (/home/stocks/algo/webapp/frontend/node_modules/react-dom/cjs/react-dom.development.js:15486:18)
    at updateFunctionComponent (/home/stocks/algo/webapp/frontend/node_modules/react-dom/cjs/react-dom.development.js:19617:20)
    at beginWork (/home/stocks/algo/webapp/frontend/node_modules/react-dom/cjs/react-dom.development.js:21640:16)
    at HTMLUnknownElement.callCallback (/home/stocks/algo/webapp/frontend/node_modules/react-dom/cjs/react-dom.development.js:4164:14)
    at HTMLUnknownElement.callTheUserObjectsOperation (/home/stocks/algo/webapp/frontend/node_modules/jsdom/lib/jsdom/living/generated/EventListener.js:26:30)
    at innerInvokeEventListeners (/home/stocks/algo/webapp/frontend/node_modules/jsdom/lib/jsdom/living/events/EventTarget-impl.js:350:25)
    at invokeEventListeners (/home/stocks/algo/webapp/frontend/node_modules/jsdom/lib/jsdom/living/events/EventTarget-impl.js:286:3)
    at HTMLUnknownElementImpl._dispatch (/home/stocks/algo/webapp/frontend/node_modules/jsdom/lib/jsdom/living/events/EventTarget-impl.js:233:9)
    at HTMLUnknownElementImpl.dispatchEvent (/home/stocks/algo/webapp/frontend/node_modules/jsdom/lib/jsdom/living/events/EventTarget-impl.js:104:17)

Error: Uncaught [TypeError: portfolioData.map is not a function]
    at reportException (/home/stocks/algo/webapp/frontend/node_modules/jsdom/lib/jsdom/living/helpers/runtime-script-errors.js:66:24)
    at innerInvokeEventListeners (/home/stocks/algo/webapp/frontend/node_modules/jsdom/lib/jsdom/living/events/EventTarget-impl.js:353:9)
    at invokeEventListeners (/home/stocks/algo/webapp/frontend/node_modules/jsdom/lib/jsdom/living/events/EventTarget-impl.js:286:3)
    at HTMLUnknownElementImpl._dispatch (/home/stocks/algo/webapp/frontend/node_modules/jsdom/lib/jsdom/living/events/EventTarget-impl.js:233:9)
    at HTMLUnknownElementImpl.dispatchEvent (/home/stocks/algo/webapp/frontend/node_modules/jsdom/lib/jsdom/living/events/EventTarget-impl.js:104:17)
    at HTMLUnknownElement.dispatchEvent (/home/stocks/algo/webapp/frontend/node_modules/jsdom/lib/jsdom/living/generated/EventTarget.js:241:34)
    at Object.invokeGuardedCallbackDev (/home/stocks/algo/webapp/frontend/node_modules/react-dom/cjs/react-dom.development.js:4213:16)
    at invokeGuardedCallback (/home/stocks/algo/webapp/frontend/node_modules/react-dom/cjs/react-dom.development.js:4277:31)
    at beginWork$1 (/home/stocks/algo/webapp/frontend/node_modules/react-dom/cjs/react-dom.development.js:27490:7)
    at performUnitOfWork (/home/stocks/algo/webapp/frontend/node_modules/react-dom/cjs/react-dom.development.js:26599:12) TypeError: portfolioData.map is not a function
    at PortfolioManager (/home/stocks/algo/webapp/frontend/src/components/PortfolioManager.jsx:434:30)
    at renderWithHooks (/home/stocks/algo/webapp/frontend/node_modules/react-dom/cjs/react-dom.development.js:15486:18)
    at updateFunctionComponent (/home/stocks/algo/webapp/frontend/node_modules/react-dom/cjs/react-dom.development.js:19617:20)
    at beginWork (/home/stocks/algo/webapp/frontend/node_modules/react-dom/cjs/react-dom.development.js:21640:16)
    at HTMLUnknownElement.callCallback (/home/stocks/algo/webapp/frontend/node_modules/react-dom/cjs/react-dom.development.js:4164:14)
    at HTMLUnknownElement.callTheUserObjectsOperation (/home/stocks/algo/webapp/frontend/node_modules/jsdom/lib/jsdom/living/generated/EventListener.js:26:30)
    at innerInvokeEventListeners (/home/stocks/algo/webapp/frontend/node_modules/jsdom/lib/jsdom/living/events/EventTarget-impl.js:350:25)
    at invokeEventListeners (/home/stocks/algo/webapp/frontend/node_modules/jsdom/lib/jsdom/living/events/EventTarget-impl.js:286:3)
    at HTMLUnknownElementImpl._dispatch (/home/stocks/algo/webapp/frontend/node_modules/jsdom/lib/jsdom/living/events/EventTarget-impl.js:233:9)
    at HTMLUnknownElementImpl.dispatchEvent (/home/stocks/algo/webapp/frontend/node_modules/jsdom/lib/jsdom/living/events/EventTarget-impl.js:104:17)
Error: Uncaught [TypeError: portfolioData.map is not a function]
    at reportException (/home/stocks/algo/webapp/frontend/node_modules/jsdom/lib/jsdom/living/helpers/runtime-script-errors.js:66:24)
    at innerInvokeEventListeners (/home/stocks/algo/webapp/frontend/node_modules/jsdom/lib/jsdom/living/events/EventTarget-impl.js:353:9)
    at invokeEventListeners (/home/stocks/algo/webapp/frontend/node_modules/jsdom/lib/jsdom/living/events/EventTarget-impl.js:286:3)
    at HTMLUnknownElementImpl._dispatch (/home/stocks/algo/webapp/frontend/node_modules/jsdom/lib/jsdom/living/events/EventTarget-impl.js:233:9)
    at HTMLUnknownElementImpl.dispatchEvent (/home/stocks/algo/webapp/frontend/node_modules/jsdom/lib/jsdom/living/events/EventTarget-impl.js:104:17)
    at HTMLUnknownElement.dispatchEvent (/home/stocks/algo/webapp/frontend/node_modules/jsdom/lib/jsdom/living/generated/EventTarget.js:241:34)
    at Object.invokeGuardedCallbackDev (/home/stocks/algo/webapp/frontend/node_modules/react-dom/cjs/react-dom.development.js:4213:16)
    at invokeGuardedCallback (/home/stocks/algo/webapp/frontend/node_modules/react-dom/cjs/react-dom.development.js:4277:31)
    at beginWork$1 (/home/stocks/algo/webapp/frontend/node_modules/react-dom/cjs/react-dom.development.js:27490:7)
    at performUnitOfWork (/home/stocks/algo/webapp/frontend/node_modules/react-dom/cjs/react-dom.development.js:26599:12) TypeError: portfolioData.map is not a function
    at PortfolioManager (/home/stocks/algo/webapp/frontend/src/components/PortfolioManager.jsx:434:30)
    at renderWithHooks (/home/stocks/algo/webapp/frontend/node_modules/react-dom/cjs/react-dom.development.js:15486:18)
    at updateFunctionComponent (/home/stocks/algo/webapp/frontend/node_modules/react-dom/cjs/react-dom.development.js:19617:20)
    at beginWork (/home/stocks/algo/webapp/frontend/node_modules/react-dom/cjs/react-dom.development.js:21640:16)
    at HTMLUnknownElement.callCallback (/home/stocks/algo/webapp/frontend/node_modules/react-dom/cjs/react-dom.development.js:4164:14)
    at HTMLUnknownElement.callTheUserObjectsOperation (/home/stocks/algo/webapp/frontend/node_modules/jsdom/lib/jsdom/living/generated/EventListener.js:26:30)
    at innerInvokeEventListeners (/home/stocks/algo/webapp/frontend/node_modules/jsdom/lib/jsdom/living/events/EventTarget-impl.js:350:25)
    at invokeEventListeners (/home/stocks/algo/webapp/frontend/node_modules/jsdom/lib/jsdom/living/events/EventTarget-impl.js:286:3)
    at HTMLUnknownElementImpl._dispatch (/home/stocks/algo/webapp/frontend/node_modules/jsdom/lib/jsdom/living/events/EventTarget-impl.js:233:9)
    at HTMLUnknownElementImpl.dispatchEvent (/home/stocks/algo/webapp/frontend/node_modules/jsdom/lib/jsdom/living/events/EventTarget-impl.js:104:17)

Error: Uncaught [TypeError: portfolioData.map is not a function]
    at reportException (/home/stocks/algo/webapp/frontend/node_modules/jsdom/lib/jsdom/living/helpers/runtime-script-errors.js:66:24)
    at innerInvokeEventListeners (/home/stocks/algo/webapp/frontend/node_modules/jsdom/lib/jsdom/living/events/EventTarget-impl.js:353:9)
    at invokeEventListeners (/home/stocks/algo/webapp/frontend/node_modules/jsdom/lib/jsdom/living/events/EventTarget-impl.js:286:3)
    at HTMLUnknownElementImpl._dispatch (/home/stocks/algo/webapp/frontend/node_modules/jsdom/lib/jsdom/living/events/EventTarget-impl.js:233:9)
    at HTMLUnknownElementImpl.dispatchEvent (/home/stocks/algo/webapp/frontend/node_modules/jsdom/lib/jsdom/living/events/EventTarget-impl.js:104:17)
    at HTMLUnknownElement.dispatchEvent (/home/stocks/algo/webapp/frontend/node_modules/jsdom/lib/jsdom/living/generated/EventTarget.js:241:34)
    at Object.invokeGuardedCallbackDev (/home/stocks/algo/webapp/frontend/node_modules/react-dom/cjs/react-dom.development.js:4213:16)
    at invokeGuardedCallback (/home/stocks/algo/webapp/frontend/node_modules/react-dom/cjs/react-dom.development.js:4277:31)
    at beginWork$1 (/home/stocks/algo/webapp/frontend/node_modules/react-dom/cjs/react-dom.development.js:27490:7)
    at performUnitOfWork (/home/stocks/algo/webapp/frontend/node_modules/react-dom/cjs/react-dom.development.js:26599:12) TypeError: portfolioData.map is not a function
    at PortfolioManager (/home/stocks/algo/webapp/frontend/src/components/PortfolioManager.jsx:434:30)
    at renderWithHooks (/home/stocks/algo/webapp/frontend/node_modules/react-dom/cjs/react-dom.development.js:15486:18)
    at updateFunctionComponent (/home/stocks/algo/webapp/frontend/node_modules/react-dom/cjs/react-dom.development.js:19617:20)
    at beginWork (/home/stocks/algo/webapp/frontend/node_modules/react-dom/cjs/react-dom.development.js:21640:16)
    at HTMLUnknownElement.callCallback (/home/stocks/algo/webapp/frontend/node_modules/react-dom/cjs/react-dom.development.js:4164:14)
    at HTMLUnknownElement.callTheUserObjectsOperation (/home/stocks/algo/webapp/frontend/node_modules/jsdom/lib/jsdom/living/generated/EventListener.js:26:30)
    at innerInvokeEventListeners (/home/stocks/algo/webapp/frontend/node_modules/jsdom/lib/jsdom/living/events/EventTarget-impl.js:350:25)
    at invokeEventListeners (/home/stocks/algo/webapp/frontend/node_modules/jsdom/lib/jsdom/living/events/EventTarget-impl.js:286:3)
    at HTMLUnknownElementImpl._dispatch (/home/stocks/algo/webapp/frontend/node_modules/jsdom/lib/jsdom/living/events/EventTarget-impl.js:233:9)
    at HTMLUnknownElementImpl.dispatchEvent (/home/stocks/algo/webapp/frontend/node_modules/jsdom/lib/jsdom/living/events/EventTarget-impl.js:104:17)
Error: Uncaught [TypeError: portfolioData.map is not a function]
    at reportException (/home/stocks/algo/webapp/frontend/node_modules/jsdom/lib/jsdom/living/helpers/runtime-script-errors.js:66:24)
    at innerInvokeEventListeners (/home/stocks/algo/webapp/frontend/node_modules/jsdom/lib/jsdom/living/events/EventTarget-impl.js:353:9)
    at invokeEventListeners (/home/stocks/algo/webapp/frontend/node_modules/jsdom/lib/jsdom/living/events/EventTarget-impl.js:286:3)
    at HTMLUnknownElementImpl._dispatch (/home/stocks/algo/webapp/frontend/node_modules/jsdom/lib/jsdom/living/events/EventTarget-impl.js:233:9)
    at HTMLUnknownElementImpl.dispatchEvent (/home/stocks/algo/webapp/frontend/node_modules/jsdom/lib/jsdom/living/events/EventTarget-impl.js:104:17)
    at HTMLUnknownElement.dispatchEvent (/home/stocks/algo/webapp/frontend/node_modules/jsdom/lib/jsdom/living/generated/EventTarget.js:241:34)
    at Object.invokeGuardedCallbackDev (/home/stocks/algo/webapp/frontend/node_modules/react-dom/cjs/react-dom.development.js:4213:16)
    at invokeGuardedCallback (/home/stocks/algo/webapp/frontend/node_modules/react-dom/cjs/react-dom.development.js:4277:31)
    at beginWork$1 (/home/stocks/algo/webapp/frontend/node_modules/react-dom/cjs/react-dom.development.js:27490:7)
    at performUnitOfWork (/home/stocks/algo/webapp/frontend/node_modules/react-dom/cjs/react-dom.development.js:26599:12) TypeError: portfolioData.map is not a function
    at PortfolioManager (/home/stocks/algo/webapp/frontend/src/components/PortfolioManager.jsx:434:30)
    at renderWithHooks (/home/stocks/algo/webapp/frontend/node_modules/react-dom/cjs/react-dom.development.js:15486:18)
    at updateFunctionComponent (/home/stocks/algo/webapp/frontend/node_modules/react-dom/cjs/react-dom.development.js:19617:20)
    at beginWork (/home/stocks/algo/webapp/frontend/node_modules/react-dom/cjs/react-dom.development.js:21640:16)
    at HTMLUnknownElement.callCallback (/home/stocks/algo/webapp/frontend/node_modules/react-dom/cjs/react-dom.development.js:4164:14)
    at HTMLUnknownElement.callTheUserObjectsOperation (/home/stocks/algo/webapp/frontend/node_modules/jsdom/lib/jsdom/living/generated/EventListener.js:26:30)
    at innerInvokeEventListeners (/home/stocks/algo/webapp/frontend/node_modules/jsdom/lib/jsdom/living/events/EventTarget-impl.js:350:25)
    at invokeEventListeners (/home/stocks/algo/webapp/frontend/node_modules/jsdom/lib/jsdom/living/events/EventTarget-impl.js:286:3)
    at HTMLUnknownElementImpl._dispatch (/home/stocks/algo/webapp/frontend/node_modules/jsdom/lib/jsdom/living/events/EventTarget-impl.js:233:9)
    at HTMLUnknownElementImpl.dispatchEvent (/home/stocks/algo/webapp/frontend/node_modules/jsdom/lib/jsdom/living/events/EventTarget-impl.js:104:17)

            </system-err>
            <failure message="Unable to find an element with the text: Portfolio Overview. This could be because the text is broken up by multiple elements. In this case, you can provide a function for your text matcher to make your matcher more flexible.

Ignored nodes: comments, script, style
[36m&lt;body&gt;[39m
  [36m&lt;div /&gt;[39m
[36m&lt;/body&gt;[39m

Ignored nodes: comments, script, style
[36m&lt;html&gt;[39m
  [36m&lt;head /&gt;[39m
  [36m&lt;body&gt;[39m
    [36m&lt;div /&gt;[39m
  [36m&lt;/body&gt;[39m
[36m&lt;/html&gt;[39m..." type="TestingLibraryElementError">
TestingLibraryElementError: Unable to find an element with the text: Portfolio Overview. This could be because the text is broken up by multiple elements. In this case, you can provide a function for your text matcher to make your matcher more flexible.

Ignored nodes: comments, script, style
&lt;body&gt;
  &lt;div /&gt;
&lt;/body&gt;

Ignored nodes: comments, script, style
&lt;html&gt;
  &lt;head /&gt;
  &lt;body&gt;
    &lt;div /&gt;
  &lt;/body&gt;
&lt;/html&gt;...
 ❯ Proxy.waitForWrapper node_modules/@testing-library/react/node_modules/@testing-library/dom/dist/wait-for.js:163:27
 ❯ src/tests/unit/components/real-portfolio-manager.test.jsx:226:13
            </failure>
            <failure message="Unable to find an element with the text: Portfolio Overview. This could be because the text is broken up by multiple elements. In this case, you can provide a function for your text matcher to make your matcher more flexible.

Ignored nodes: comments, script, style
[36m&lt;body&gt;[39m
  [36m&lt;div /&gt;[39m
[36m&lt;/body&gt;[39m

Ignored nodes: comments, script, style
[36m&lt;html&gt;[39m
  [36m&lt;head /&gt;[39m
  [36m&lt;body&gt;[39m
    [36m&lt;div /&gt;[39m
  [36m&lt;/body&gt;[39m
[36m&lt;/html&gt;[39m..." type="TestingLibraryElementError">
TestingLibraryElementError: Unable to find an element with the text: Portfolio Overview. This could be because the text is broken up by multiple elements. In this case, you can provide a function for your text matcher to make your matcher more flexible.

Ignored nodes: comments, script, style
&lt;body&gt;
  &lt;div /&gt;
&lt;/body&gt;

Ignored nodes: comments, script, style
&lt;html&gt;
  &lt;head /&gt;
  &lt;body&gt;
    &lt;div /&gt;
  &lt;/body&gt;
&lt;/html&gt;...
 ❯ Proxy.waitForWrapper node_modules/@testing-library/react/node_modules/@testing-library/dom/dist/wait-for.js:163:27
 ❯ src/tests/unit/components/real-portfolio-manager.test.jsx:226:13
            </failure>
            <failure message="Unable to find an element with the text: Portfolio Overview. This could be because the text is broken up by multiple elements. In this case, you can provide a function for your text matcher to make your matcher more flexible.

Ignored nodes: comments, script, style
[36m&lt;body&gt;[39m
  [36m&lt;div /&gt;[39m
[36m&lt;/body&gt;[39m

Ignored nodes: comments, script, style
[36m&lt;html&gt;[39m
  [36m&lt;head /&gt;[39m
  [36m&lt;body&gt;[39m
    [36m&lt;div /&gt;[39m
  [36m&lt;/body&gt;[39m
[36m&lt;/html&gt;[39m..." type="TestingLibraryElementError">
TestingLibraryElementError: Unable to find an element with the text: Portfolio Overview. This could be because the text is broken up by multiple elements. In this case, you can provide a function for your text matcher to make your matcher more flexible.

Ignored nodes: comments, script, style
&lt;body&gt;
  &lt;div /&gt;
&lt;/body&gt;

Ignored nodes: comments, script, style
&lt;html&gt;
  &lt;head /&gt;
  &lt;body&gt;
    &lt;div /&gt;
  &lt;/body&gt;
&lt;/html&gt;...
 ❯ Proxy.waitForWrapper node_modules/@testing-library/react/node_modules/@testing-library/dom/dist/wait-for.js:163:27
 ❯ src/tests/unit/components/real-portfolio-manager.test.jsx:226:13
            </failure>
        </testcase>
        <testcase classname="src/tests/unit/components/real-portfolio-manager.test.jsx" name="💼 Real PortfolioManager Component &gt; Add New Holding Functionality &gt; should open add holding dialog when add button clicked" time="3.017">
            <system-err>
Error: Uncaught [TypeError: portfolioData.map is not a function]
    at reportException (/home/stocks/algo/webapp/frontend/node_modules/jsdom/lib/jsdom/living/helpers/runtime-script-errors.js:66:24)
    at innerInvokeEventListeners (/home/stocks/algo/webapp/frontend/node_modules/jsdom/lib/jsdom/living/events/EventTarget-impl.js:353:9)
    at invokeEventListeners (/home/stocks/algo/webapp/frontend/node_modules/jsdom/lib/jsdom/living/events/EventTarget-impl.js:286:3)
    at HTMLUnknownElementImpl._dispatch (/home/stocks/algo/webapp/frontend/node_modules/jsdom/lib/jsdom/living/events/EventTarget-impl.js:233:9)
    at HTMLUnknownElementImpl.dispatchEvent (/home/stocks/algo/webapp/frontend/node_modules/jsdom/lib/jsdom/living/events/EventTarget-impl.js:104:17)
    at HTMLUnknownElement.dispatchEvent (/home/stocks/algo/webapp/frontend/node_modules/jsdom/lib/jsdom/living/generated/EventTarget.js:241:34)
    at Object.invokeGuardedCallbackDev (/home/stocks/algo/webapp/frontend/node_modules/react-dom/cjs/react-dom.development.js:4213:16)
    at invokeGuardedCallback (/home/stocks/algo/webapp/frontend/node_modules/react-dom/cjs/react-dom.development.js:4277:31)
    at beginWork$1 (/home/stocks/algo/webapp/frontend/node_modules/react-dom/cjs/react-dom.development.js:27490:7)
    at performUnitOfWork (/home/stocks/algo/webapp/frontend/node_modules/react-dom/cjs/react-dom.development.js:26599:12) TypeError: portfolioData.map is not a function
    at PortfolioManager (/home/stocks/algo/webapp/frontend/src/components/PortfolioManager.jsx:434:30)
    at renderWithHooks (/home/stocks/algo/webapp/frontend/node_modules/react-dom/cjs/react-dom.development.js:15486:18)
    at updateFunctionComponent (/home/stocks/algo/webapp/frontend/node_modules/react-dom/cjs/react-dom.development.js:19617:20)
    at beginWork (/home/stocks/algo/webapp/frontend/node_modules/react-dom/cjs/react-dom.development.js:21640:16)
    at HTMLUnknownElement.callCallback (/home/stocks/algo/webapp/frontend/node_modules/react-dom/cjs/react-dom.development.js:4164:14)
    at HTMLUnknownElement.callTheUserObjectsOperation (/home/stocks/algo/webapp/frontend/node_modules/jsdom/lib/jsdom/living/generated/EventListener.js:26:30)
    at innerInvokeEventListeners (/home/stocks/algo/webapp/frontend/node_modules/jsdom/lib/jsdom/living/events/EventTarget-impl.js:350:25)
    at invokeEventListeners (/home/stocks/algo/webapp/frontend/node_modules/jsdom/lib/jsdom/living/events/EventTarget-impl.js:286:3)
    at HTMLUnknownElementImpl._dispatch (/home/stocks/algo/webapp/frontend/node_modules/jsdom/lib/jsdom/living/events/EventTarget-impl.js:233:9)
    at HTMLUnknownElementImpl.dispatchEvent (/home/stocks/algo/webapp/frontend/node_modules/jsdom/lib/jsdom/living/events/EventTarget-impl.js:104:17)
Error: Uncaught [TypeError: portfolioData.map is not a function]
    at reportException (/home/stocks/algo/webapp/frontend/node_modules/jsdom/lib/jsdom/living/helpers/runtime-script-errors.js:66:24)
    at innerInvokeEventListeners (/home/stocks/algo/webapp/frontend/node_modules/jsdom/lib/jsdom/living/events/EventTarget-impl.js:353:9)
    at invokeEventListeners (/home/stocks/algo/webapp/frontend/node_modules/jsdom/lib/jsdom/living/events/EventTarget-impl.js:286:3)
    at HTMLUnknownElementImpl._dispatch (/home/stocks/algo/webapp/frontend/node_modules/jsdom/lib/jsdom/living/events/EventTarget-impl.js:233:9)
    at HTMLUnknownElementImpl.dispatchEvent (/home/stocks/algo/webapp/frontend/node_modules/jsdom/lib/jsdom/living/events/EventTarget-impl.js:104:17)
    at HTMLUnknownElement.dispatchEvent (/home/stocks/algo/webapp/frontend/node_modules/jsdom/lib/jsdom/living/generated/EventTarget.js:241:34)
    at Object.invokeGuardedCallbackDev (/home/stocks/algo/webapp/frontend/node_modules/react-dom/cjs/react-dom.development.js:4213:16)
    at invokeGuardedCallback (/home/stocks/algo/webapp/frontend/node_modules/react-dom/cjs/react-dom.development.js:4277:31)
    at beginWork$1 (/home/stocks/algo/webapp/frontend/node_modules/react-dom/cjs/react-dom.development.js:27490:7)
    at performUnitOfWork (/home/stocks/algo/webapp/frontend/node_modules/react-dom/cjs/react-dom.development.js:26599:12) TypeError: portfolioData.map is not a function
    at PortfolioManager (/home/stocks/algo/webapp/frontend/src/components/PortfolioManager.jsx:434:30)
    at renderWithHooks (/home/stocks/algo/webapp/frontend/node_modules/react-dom/cjs/react-dom.development.js:15486:18)
    at updateFunctionComponent (/home/stocks/algo/webapp/frontend/node_modules/react-dom/cjs/react-dom.development.js:19617:20)
    at beginWork (/home/stocks/algo/webapp/frontend/node_modules/react-dom/cjs/react-dom.development.js:21640:16)
    at HTMLUnknownElement.callCallback (/home/stocks/algo/webapp/frontend/node_modules/react-dom/cjs/react-dom.development.js:4164:14)
    at HTMLUnknownElement.callTheUserObjectsOperation (/home/stocks/algo/webapp/frontend/node_modules/jsdom/lib/jsdom/living/generated/EventListener.js:26:30)
    at innerInvokeEventListeners (/home/stocks/algo/webapp/frontend/node_modules/jsdom/lib/jsdom/living/events/EventTarget-impl.js:350:25)
    at invokeEventListeners (/home/stocks/algo/webapp/frontend/node_modules/jsdom/lib/jsdom/living/events/EventTarget-impl.js:286:3)
    at HTMLUnknownElementImpl._dispatch (/home/stocks/algo/webapp/frontend/node_modules/jsdom/lib/jsdom/living/events/EventTarget-impl.js:233:9)
    at HTMLUnknownElementImpl.dispatchEvent (/home/stocks/algo/webapp/frontend/node_modules/jsdom/lib/jsdom/living/events/EventTarget-impl.js:104:17)

Error: Uncaught [TypeError: portfolioData.map is not a function]
    at reportException (/home/stocks/algo/webapp/frontend/node_modules/jsdom/lib/jsdom/living/helpers/runtime-script-errors.js:66:24)
    at innerInvokeEventListeners (/home/stocks/algo/webapp/frontend/node_modules/jsdom/lib/jsdom/living/events/EventTarget-impl.js:353:9)
    at invokeEventListeners (/home/stocks/algo/webapp/frontend/node_modules/jsdom/lib/jsdom/living/events/EventTarget-impl.js:286:3)
    at HTMLUnknownElementImpl._dispatch (/home/stocks/algo/webapp/frontend/node_modules/jsdom/lib/jsdom/living/events/EventTarget-impl.js:233:9)
    at HTMLUnknownElementImpl.dispatchEvent (/home/stocks/algo/webapp/frontend/node_modules/jsdom/lib/jsdom/living/events/EventTarget-impl.js:104:17)
    at HTMLUnknownElement.dispatchEvent (/home/stocks/algo/webapp/frontend/node_modules/jsdom/lib/jsdom/living/generated/EventTarget.js:241:34)
    at Object.invokeGuardedCallbackDev (/home/stocks/algo/webapp/frontend/node_modules/react-dom/cjs/react-dom.development.js:4213:16)
    at invokeGuardedCallback (/home/stocks/algo/webapp/frontend/node_modules/react-dom/cjs/react-dom.development.js:4277:31)
    at beginWork$1 (/home/stocks/algo/webapp/frontend/node_modules/react-dom/cjs/react-dom.development.js:27490:7)
    at performUnitOfWork (/home/stocks/algo/webapp/frontend/node_modules/react-dom/cjs/react-dom.development.js:26599:12) TypeError: portfolioData.map is not a function
    at PortfolioManager (/home/stocks/algo/webapp/frontend/src/components/PortfolioManager.jsx:434:30)
    at renderWithHooks (/home/stocks/algo/webapp/frontend/node_modules/react-dom/cjs/react-dom.development.js:15486:18)
    at updateFunctionComponent (/home/stocks/algo/webapp/frontend/node_modules/react-dom/cjs/react-dom.development.js:19617:20)
    at beginWork (/home/stocks/algo/webapp/frontend/node_modules/react-dom/cjs/react-dom.development.js:21640:16)
    at HTMLUnknownElement.callCallback (/home/stocks/algo/webapp/frontend/node_modules/react-dom/cjs/react-dom.development.js:4164:14)
    at HTMLUnknownElement.callTheUserObjectsOperation (/home/stocks/algo/webapp/frontend/node_modules/jsdom/lib/jsdom/living/generated/EventListener.js:26:30)
    at innerInvokeEventListeners (/home/stocks/algo/webapp/frontend/node_modules/jsdom/lib/jsdom/living/events/EventTarget-impl.js:350:25)
    at invokeEventListeners (/home/stocks/algo/webapp/frontend/node_modules/jsdom/lib/jsdom/living/events/EventTarget-impl.js:286:3)
    at HTMLUnknownElementImpl._dispatch (/home/stocks/algo/webapp/frontend/node_modules/jsdom/lib/jsdom/living/events/EventTarget-impl.js:233:9)
    at HTMLUnknownElementImpl.dispatchEvent (/home/stocks/algo/webapp/frontend/node_modules/jsdom/lib/jsdom/living/events/EventTarget-impl.js:104:17)
Error: Uncaught [TypeError: portfolioData.map is not a function]
    at reportException (/home/stocks/algo/webapp/frontend/node_modules/jsdom/lib/jsdom/living/helpers/runtime-script-errors.js:66:24)
    at innerInvokeEventListeners (/home/stocks/algo/webapp/frontend/node_modules/jsdom/lib/jsdom/living/events/EventTarget-impl.js:353:9)
    at invokeEventListeners (/home/stocks/algo/webapp/frontend/node_modules/jsdom/lib/jsdom/living/events/EventTarget-impl.js:286:3)
    at HTMLUnknownElementImpl._dispatch (/home/stocks/algo/webapp/frontend/node_modules/jsdom/lib/jsdom/living/events/EventTarget-impl.js:233:9)
    at HTMLUnknownElementImpl.dispatchEvent (/home/stocks/algo/webapp/frontend/node_modules/jsdom/lib/jsdom/living/events/EventTarget-impl.js:104:17)
    at HTMLUnknownElement.dispatchEvent (/home/stocks/algo/webapp/frontend/node_modules/jsdom/lib/jsdom/living/generated/EventTarget.js:241:34)
    at Object.invokeGuardedCallbackDev (/home/stocks/algo/webapp/frontend/node_modules/react-dom/cjs/react-dom.development.js:4213:16)
    at invokeGuardedCallback (/home/stocks/algo/webapp/frontend/node_modules/react-dom/cjs/react-dom.development.js:4277:31)
    at beginWork$1 (/home/stocks/algo/webapp/frontend/node_modules/react-dom/cjs/react-dom.development.js:27490:7)
    at performUnitOfWork (/home/stocks/algo/webapp/frontend/node_modules/react-dom/cjs/react-dom.development.js:26599:12) TypeError: portfolioData.map is not a function
    at PortfolioManager (/home/stocks/algo/webapp/frontend/src/components/PortfolioManager.jsx:434:30)
    at renderWithHooks (/home/stocks/algo/webapp/frontend/node_modules/react-dom/cjs/react-dom.development.js:15486:18)
    at updateFunctionComponent (/home/stocks/algo/webapp/frontend/node_modules/react-dom/cjs/react-dom.development.js:19617:20)
    at beginWork (/home/stocks/algo/webapp/frontend/node_modules/react-dom/cjs/react-dom.development.js:21640:16)
    at HTMLUnknownElement.callCallback (/home/stocks/algo/webapp/frontend/node_modules/react-dom/cjs/react-dom.development.js:4164:14)
    at HTMLUnknownElement.callTheUserObjectsOperation (/home/stocks/algo/webapp/frontend/node_modules/jsdom/lib/jsdom/living/generated/EventListener.js:26:30)
    at innerInvokeEventListeners (/home/stocks/algo/webapp/frontend/node_modules/jsdom/lib/jsdom/living/events/EventTarget-impl.js:350:25)
    at invokeEventListeners (/home/stocks/algo/webapp/frontend/node_modules/jsdom/lib/jsdom/living/events/EventTarget-impl.js:286:3)
    at HTMLUnknownElementImpl._dispatch (/home/stocks/algo/webapp/frontend/node_modules/jsdom/lib/jsdom/living/events/EventTarget-impl.js:233:9)
    at HTMLUnknownElementImpl.dispatchEvent (/home/stocks/algo/webapp/frontend/node_modules/jsdom/lib/jsdom/living/events/EventTarget-impl.js:104:17)

Error: Uncaught [TypeError: portfolioData.map is not a function]
    at reportException (/home/stocks/algo/webapp/frontend/node_modules/jsdom/lib/jsdom/living/helpers/runtime-script-errors.js:66:24)
    at innerInvokeEventListeners (/home/stocks/algo/webapp/frontend/node_modules/jsdom/lib/jsdom/living/events/EventTarget-impl.js:353:9)
    at invokeEventListeners (/home/stocks/algo/webapp/frontend/node_modules/jsdom/lib/jsdom/living/events/EventTarget-impl.js:286:3)
    at HTMLUnknownElementImpl._dispatch (/home/stocks/algo/webapp/frontend/node_modules/jsdom/lib/jsdom/living/events/EventTarget-impl.js:233:9)
    at HTMLUnknownElementImpl.dispatchEvent (/home/stocks/algo/webapp/frontend/node_modules/jsdom/lib/jsdom/living/events/EventTarget-impl.js:104:17)
    at HTMLUnknownElement.dispatchEvent (/home/stocks/algo/webapp/frontend/node_modules/jsdom/lib/jsdom/living/generated/EventTarget.js:241:34)
    at Object.invokeGuardedCallbackDev (/home/stocks/algo/webapp/frontend/node_modules/react-dom/cjs/react-dom.development.js:4213:16)
    at invokeGuardedCallback (/home/stocks/algo/webapp/frontend/node_modules/react-dom/cjs/react-dom.development.js:4277:31)
    at beginWork$1 (/home/stocks/algo/webapp/frontend/node_modules/react-dom/cjs/react-dom.development.js:27490:7)
    at performUnitOfWork (/home/stocks/algo/webapp/frontend/node_modules/react-dom/cjs/react-dom.development.js:26599:12) TypeError: portfolioData.map is not a function
    at PortfolioManager (/home/stocks/algo/webapp/frontend/src/components/PortfolioManager.jsx:434:30)
    at renderWithHooks (/home/stocks/algo/webapp/frontend/node_modules/react-dom/cjs/react-dom.development.js:15486:18)
    at updateFunctionComponent (/home/stocks/algo/webapp/frontend/node_modules/react-dom/cjs/react-dom.development.js:19617:20)
    at beginWork (/home/stocks/algo/webapp/frontend/node_modules/react-dom/cjs/react-dom.development.js:21640:16)
    at HTMLUnknownElement.callCallback (/home/stocks/algo/webapp/frontend/node_modules/react-dom/cjs/react-dom.development.js:4164:14)
    at HTMLUnknownElement.callTheUserObjectsOperation (/home/stocks/algo/webapp/frontend/node_modules/jsdom/lib/jsdom/living/generated/EventListener.js:26:30)
    at innerInvokeEventListeners (/home/stocks/algo/webapp/frontend/node_modules/jsdom/lib/jsdom/living/events/EventTarget-impl.js:350:25)
    at invokeEventListeners (/home/stocks/algo/webapp/frontend/node_modules/jsdom/lib/jsdom/living/events/EventTarget-impl.js:286:3)
    at HTMLUnknownElementImpl._dispatch (/home/stocks/algo/webapp/frontend/node_modules/jsdom/lib/jsdom/living/events/EventTarget-impl.js:233:9)
    at HTMLUnknownElementImpl.dispatchEvent (/home/stocks/algo/webapp/frontend/node_modules/jsdom/lib/jsdom/living/events/EventTarget-impl.js:104:17)
Error: Uncaught [TypeError: portfolioData.map is not a function]
    at reportException (/home/stocks/algo/webapp/frontend/node_modules/jsdom/lib/jsdom/living/helpers/runtime-script-errors.js:66:24)
    at innerInvokeEventListeners (/home/stocks/algo/webapp/frontend/node_modules/jsdom/lib/jsdom/living/events/EventTarget-impl.js:353:9)
    at invokeEventListeners (/home/stocks/algo/webapp/frontend/node_modules/jsdom/lib/jsdom/living/events/EventTarget-impl.js:286:3)
    at HTMLUnknownElementImpl._dispatch (/home/stocks/algo/webapp/frontend/node_modules/jsdom/lib/jsdom/living/events/EventTarget-impl.js:233:9)
    at HTMLUnknownElementImpl.dispatchEvent (/home/stocks/algo/webapp/frontend/node_modules/jsdom/lib/jsdom/living/events/EventTarget-impl.js:104:17)
    at HTMLUnknownElement.dispatchEvent (/home/stocks/algo/webapp/frontend/node_modules/jsdom/lib/jsdom/living/generated/EventTarget.js:241:34)
    at Object.invokeGuardedCallbackDev (/home/stocks/algo/webapp/frontend/node_modules/react-dom/cjs/react-dom.development.js:4213:16)
    at invokeGuardedCallback (/home/stocks/algo/webapp/frontend/node_modules/react-dom/cjs/react-dom.development.js:4277:31)
    at beginWork$1 (/home/stocks/algo/webapp/frontend/node_modules/react-dom/cjs/react-dom.development.js:27490:7)
    at performUnitOfWork (/home/stocks/algo/webapp/frontend/node_modules/react-dom/cjs/react-dom.development.js:26599:12) TypeError: portfolioData.map is not a function
    at PortfolioManager (/home/stocks/algo/webapp/frontend/src/components/PortfolioManager.jsx:434:30)
    at renderWithHooks (/home/stocks/algo/webapp/frontend/node_modules/react-dom/cjs/react-dom.development.js:15486:18)
    at updateFunctionComponent (/home/stocks/algo/webapp/frontend/node_modules/react-dom/cjs/react-dom.development.js:19617:20)
    at beginWork (/home/stocks/algo/webapp/frontend/node_modules/react-dom/cjs/react-dom.development.js:21640:16)
    at HTMLUnknownElement.callCallback (/home/stocks/algo/webapp/frontend/node_modules/react-dom/cjs/react-dom.development.js:4164:14)
    at HTMLUnknownElement.callTheUserObjectsOperation (/home/stocks/algo/webapp/frontend/node_modules/jsdom/lib/jsdom/living/generated/EventListener.js:26:30)
    at innerInvokeEventListeners (/home/stocks/algo/webapp/frontend/node_modules/jsdom/lib/jsdom/living/events/EventTarget-impl.js:350:25)
    at invokeEventListeners (/home/stocks/algo/webapp/frontend/node_modules/jsdom/lib/jsdom/living/events/EventTarget-impl.js:286:3)
    at HTMLUnknownElementImpl._dispatch (/home/stocks/algo/webapp/frontend/node_modules/jsdom/lib/jsdom/living/events/EventTarget-impl.js:233:9)
    at HTMLUnknownElementImpl.dispatchEvent (/home/stocks/algo/webapp/frontend/node_modules/jsdom/lib/jsdom/living/events/EventTarget-impl.js:104:17)

            </system-err>
            <failure message="Unable to find an element with the text: Portfolio Overview. This could be because the text is broken up by multiple elements. In this case, you can provide a function for your text matcher to make your matcher more flexible.

Ignored nodes: comments, script, style
[36m&lt;body&gt;[39m
  [36m&lt;div /&gt;[39m
[36m&lt;/body&gt;[39m

Ignored nodes: comments, script, style
[36m&lt;html&gt;[39m
  [36m&lt;head /&gt;[39m
  [36m&lt;body&gt;[39m
    [36m&lt;div /&gt;[39m
  [36m&lt;/body&gt;[39m
[36m&lt;/html&gt;[39m..." type="TestingLibraryElementError">
TestingLibraryElementError: Unable to find an element with the text: Portfolio Overview. This could be because the text is broken up by multiple elements. In this case, you can provide a function for your text matcher to make your matcher more flexible.

Ignored nodes: comments, script, style
&lt;body&gt;
  &lt;div /&gt;
&lt;/body&gt;

Ignored nodes: comments, script, style
&lt;html&gt;
  &lt;head /&gt;
  &lt;body&gt;
    &lt;div /&gt;
  &lt;/body&gt;
&lt;/html&gt;...
 ❯ Proxy.waitForWrapper node_modules/@testing-library/react/node_modules/@testing-library/dom/dist/wait-for.js:163:27
 ❯ src/tests/unit/components/real-portfolio-manager.test.jsx:283:13
            </failure>
            <failure message="Unable to find an element with the text: Portfolio Overview. This could be because the text is broken up by multiple elements. In this case, you can provide a function for your text matcher to make your matcher more flexible.

Ignored nodes: comments, script, style
[36m&lt;body&gt;[39m
  [36m&lt;div /&gt;[39m
[36m&lt;/body&gt;[39m

Ignored nodes: comments, script, style
[36m&lt;html&gt;[39m
  [36m&lt;head /&gt;[39m
  [36m&lt;body&gt;[39m
    [36m&lt;div /&gt;[39m
  [36m&lt;/body&gt;[39m
[36m&lt;/html&gt;[39m..." type="TestingLibraryElementError">
TestingLibraryElementError: Unable to find an element with the text: Portfolio Overview. This could be because the text is broken up by multiple elements. In this case, you can provide a function for your text matcher to make your matcher more flexible.

Ignored nodes: comments, script, style
&lt;body&gt;
  &lt;div /&gt;
&lt;/body&gt;

Ignored nodes: comments, script, style
&lt;html&gt;
  &lt;head /&gt;
  &lt;body&gt;
    &lt;div /&gt;
  &lt;/body&gt;
&lt;/html&gt;...
 ❯ Proxy.waitForWrapper node_modules/@testing-library/react/node_modules/@testing-library/dom/dist/wait-for.js:163:27
 ❯ src/tests/unit/components/real-portfolio-manager.test.jsx:283:13
            </failure>
            <failure message="Unable to find an element with the text: Portfolio Overview. This could be because the text is broken up by multiple elements. In this case, you can provide a function for your text matcher to make your matcher more flexible.

Ignored nodes: comments, script, style
[36m&lt;body&gt;[39m
  [36m&lt;div /&gt;[39m
[36m&lt;/body&gt;[39m

Ignored nodes: comments, script, style
[36m&lt;html&gt;[39m
  [36m&lt;head /&gt;[39m
  [36m&lt;body&gt;[39m
    [36m&lt;div /&gt;[39m
  [36m&lt;/body&gt;[39m
[36m&lt;/html&gt;[39m..." type="TestingLibraryElementError">
TestingLibraryElementError: Unable to find an element with the text: Portfolio Overview. This could be because the text is broken up by multiple elements. In this case, you can provide a function for your text matcher to make your matcher more flexible.

Ignored nodes: comments, script, style
&lt;body&gt;
  &lt;div /&gt;
&lt;/body&gt;

Ignored nodes: comments, script, style
&lt;html&gt;
  &lt;head /&gt;
  &lt;body&gt;
    &lt;div /&gt;
  &lt;/body&gt;
&lt;/html&gt;...
 ❯ Proxy.waitForWrapper node_modules/@testing-library/react/node_modules/@testing-library/dom/dist/wait-for.js:163:27
 ❯ src/tests/unit/components/real-portfolio-manager.test.jsx:283:13
            </failure>
        </testcase>
        <testcase classname="src/tests/unit/components/real-portfolio-manager.test.jsx" name="💼 Real PortfolioManager Component &gt; Add New Holding Functionality &gt; should add new holding with valid data" time="3.018">
            <system-err>
Error: Uncaught [TypeError: portfolioData.map is not a function]
    at reportException (/home/stocks/algo/webapp/frontend/node_modules/jsdom/lib/jsdom/living/helpers/runtime-script-errors.js:66:24)
    at innerInvokeEventListeners (/home/stocks/algo/webapp/frontend/node_modules/jsdom/lib/jsdom/living/events/EventTarget-impl.js:353:9)
    at invokeEventListeners (/home/stocks/algo/webapp/frontend/node_modules/jsdom/lib/jsdom/living/events/EventTarget-impl.js:286:3)
    at HTMLUnknownElementImpl._dispatch (/home/stocks/algo/webapp/frontend/node_modules/jsdom/lib/jsdom/living/events/EventTarget-impl.js:233:9)
    at HTMLUnknownElementImpl.dispatchEvent (/home/stocks/algo/webapp/frontend/node_modules/jsdom/lib/jsdom/living/events/EventTarget-impl.js:104:17)
    at HTMLUnknownElement.dispatchEvent (/home/stocks/algo/webapp/frontend/node_modules/jsdom/lib/jsdom/living/generated/EventTarget.js:241:34)
    at Object.invokeGuardedCallbackDev (/home/stocks/algo/webapp/frontend/node_modules/react-dom/cjs/react-dom.development.js:4213:16)
    at invokeGuardedCallback (/home/stocks/algo/webapp/frontend/node_modules/react-dom/cjs/react-dom.development.js:4277:31)
    at beginWork$1 (/home/stocks/algo/webapp/frontend/node_modules/react-dom/cjs/react-dom.development.js:27490:7)
    at performUnitOfWork (/home/stocks/algo/webapp/frontend/node_modules/react-dom/cjs/react-dom.development.js:26599:12) TypeError: portfolioData.map is not a function
    at PortfolioManager (/home/stocks/algo/webapp/frontend/src/components/PortfolioManager.jsx:434:30)
    at renderWithHooks (/home/stocks/algo/webapp/frontend/node_modules/react-dom/cjs/react-dom.development.js:15486:18)
    at updateFunctionComponent (/home/stocks/algo/webapp/frontend/node_modules/react-dom/cjs/react-dom.development.js:19617:20)
    at beginWork (/home/stocks/algo/webapp/frontend/node_modules/react-dom/cjs/react-dom.development.js:21640:16)
    at HTMLUnknownElement.callCallback (/home/stocks/algo/webapp/frontend/node_modules/react-dom/cjs/react-dom.development.js:4164:14)
    at HTMLUnknownElement.callTheUserObjectsOperation (/home/stocks/algo/webapp/frontend/node_modules/jsdom/lib/jsdom/living/generated/EventListener.js:26:30)
    at innerInvokeEventListeners (/home/stocks/algo/webapp/frontend/node_modules/jsdom/lib/jsdom/living/events/EventTarget-impl.js:350:25)
    at invokeEventListeners (/home/stocks/algo/webapp/frontend/node_modules/jsdom/lib/jsdom/living/events/EventTarget-impl.js:286:3)
    at HTMLUnknownElementImpl._dispatch (/home/stocks/algo/webapp/frontend/node_modules/jsdom/lib/jsdom/living/events/EventTarget-impl.js:233:9)
    at HTMLUnknownElementImpl.dispatchEvent (/home/stocks/algo/webapp/frontend/node_modules/jsdom/lib/jsdom/living/events/EventTarget-impl.js:104:17)
Error: Uncaught [TypeError: portfolioData.map is not a function]
    at reportException (/home/stocks/algo/webapp/frontend/node_modules/jsdom/lib/jsdom/living/helpers/runtime-script-errors.js:66:24)
    at innerInvokeEventListeners (/home/stocks/algo/webapp/frontend/node_modules/jsdom/lib/jsdom/living/events/EventTarget-impl.js:353:9)
    at invokeEventListeners (/home/stocks/algo/webapp/frontend/node_modules/jsdom/lib/jsdom/living/events/EventTarget-impl.js:286:3)
    at HTMLUnknownElementImpl._dispatch (/home/stocks/algo/webapp/frontend/node_modules/jsdom/lib/jsdom/living/events/EventTarget-impl.js:233:9)
    at HTMLUnknownElementImpl.dispatchEvent (/home/stocks/algo/webapp/frontend/node_modules/jsdom/lib/jsdom/living/events/EventTarget-impl.js:104:17)
    at HTMLUnknownElement.dispatchEvent (/home/stocks/algo/webapp/frontend/node_modules/jsdom/lib/jsdom/living/generated/EventTarget.js:241:34)
    at Object.invokeGuardedCallbackDev (/home/stocks/algo/webapp/frontend/node_modules/react-dom/cjs/react-dom.development.js:4213:16)
    at invokeGuardedCallback (/home/stocks/algo/webapp/frontend/node_modules/react-dom/cjs/react-dom.development.js:4277:31)
    at beginWork$1 (/home/stocks/algo/webapp/frontend/node_modules/react-dom/cjs/react-dom.development.js:27490:7)
    at performUnitOfWork (/home/stocks/algo/webapp/frontend/node_modules/react-dom/cjs/react-dom.development.js:26599:12) TypeError: portfolioData.map is not a function
    at PortfolioManager (/home/stocks/algo/webapp/frontend/src/components/PortfolioManager.jsx:434:30)
    at renderWithHooks (/home/stocks/algo/webapp/frontend/node_modules/react-dom/cjs/react-dom.development.js:15486:18)
    at updateFunctionComponent (/home/stocks/algo/webapp/frontend/node_modules/react-dom/cjs/react-dom.development.js:19617:20)
    at beginWork (/home/stocks/algo/webapp/frontend/node_modules/react-dom/cjs/react-dom.development.js:21640:16)
    at HTMLUnknownElement.callCallback (/home/stocks/algo/webapp/frontend/node_modules/react-dom/cjs/react-dom.development.js:4164:14)
    at HTMLUnknownElement.callTheUserObjectsOperation (/home/stocks/algo/webapp/frontend/node_modules/jsdom/lib/jsdom/living/generated/EventListener.js:26:30)
    at innerInvokeEventListeners (/home/stocks/algo/webapp/frontend/node_modules/jsdom/lib/jsdom/living/events/EventTarget-impl.js:350:25)
    at invokeEventListeners (/home/stocks/algo/webapp/frontend/node_modules/jsdom/lib/jsdom/living/events/EventTarget-impl.js:286:3)
    at HTMLUnknownElementImpl._dispatch (/home/stocks/algo/webapp/frontend/node_modules/jsdom/lib/jsdom/living/events/EventTarget-impl.js:233:9)
    at HTMLUnknownElementImpl.dispatchEvent (/home/stocks/algo/webapp/frontend/node_modules/jsdom/lib/jsdom/living/events/EventTarget-impl.js:104:17)

Error: Uncaught [TypeError: portfolioData.map is not a function]
    at reportException (/home/stocks/algo/webapp/frontend/node_modules/jsdom/lib/jsdom/living/helpers/runtime-script-errors.js:66:24)
    at innerInvokeEventListeners (/home/stocks/algo/webapp/frontend/node_modules/jsdom/lib/jsdom/living/events/EventTarget-impl.js:353:9)
    at invokeEventListeners (/home/stocks/algo/webapp/frontend/node_modules/jsdom/lib/jsdom/living/events/EventTarget-impl.js:286:3)
    at HTMLUnknownElementImpl._dispatch (/home/stocks/algo/webapp/frontend/node_modules/jsdom/lib/jsdom/living/events/EventTarget-impl.js:233:9)
    at HTMLUnknownElementImpl.dispatchEvent (/home/stocks/algo/webapp/frontend/node_modules/jsdom/lib/jsdom/living/events/EventTarget-impl.js:104:17)
    at HTMLUnknownElement.dispatchEvent (/home/stocks/algo/webapp/frontend/node_modules/jsdom/lib/jsdom/living/generated/EventTarget.js:241:34)
    at Object.invokeGuardedCallbackDev (/home/stocks/algo/webapp/frontend/node_modules/react-dom/cjs/react-dom.development.js:4213:16)
    at invokeGuardedCallback (/home/stocks/algo/webapp/frontend/node_modules/react-dom/cjs/react-dom.development.js:4277:31)
    at beginWork$1 (/home/stocks/algo/webapp/frontend/node_modules/react-dom/cjs/react-dom.development.js:27490:7)
    at performUnitOfWork (/home/stocks/algo/webapp/frontend/node_modules/react-dom/cjs/react-dom.development.js:26599:12) TypeError: portfolioData.map is not a function
    at PortfolioManager (/home/stocks/algo/webapp/frontend/src/components/PortfolioManager.jsx:434:30)
    at renderWithHooks (/home/stocks/algo/webapp/frontend/node_modules/react-dom/cjs/react-dom.development.js:15486:18)
    at updateFunctionComponent (/home/stocks/algo/webapp/frontend/node_modules/react-dom/cjs/react-dom.development.js:19617:20)
    at beginWork (/home/stocks/algo/webapp/frontend/node_modules/react-dom/cjs/react-dom.development.js:21640:16)
    at HTMLUnknownElement.callCallback (/home/stocks/algo/webapp/frontend/node_modules/react-dom/cjs/react-dom.development.js:4164:14)
    at HTMLUnknownElement.callTheUserObjectsOperation (/home/stocks/algo/webapp/frontend/node_modules/jsdom/lib/jsdom/living/generated/EventListener.js:26:30)
    at innerInvokeEventListeners (/home/stocks/algo/webapp/frontend/node_modules/jsdom/lib/jsdom/living/events/EventTarget-impl.js:350:25)
    at invokeEventListeners (/home/stocks/algo/webapp/frontend/node_modules/jsdom/lib/jsdom/living/events/EventTarget-impl.js:286:3)
    at HTMLUnknownElementImpl._dispatch (/home/stocks/algo/webapp/frontend/node_modules/jsdom/lib/jsdom/living/events/EventTarget-impl.js:233:9)
    at HTMLUnknownElementImpl.dispatchEvent (/home/stocks/algo/webapp/frontend/node_modules/jsdom/lib/jsdom/living/events/EventTarget-impl.js:104:17)
Error: Uncaught [TypeError: portfolioData.map is not a function]
    at reportException (/home/stocks/algo/webapp/frontend/node_modules/jsdom/lib/jsdom/living/helpers/runtime-script-errors.js:66:24)
    at innerInvokeEventListeners (/home/stocks/algo/webapp/frontend/node_modules/jsdom/lib/jsdom/living/events/EventTarget-impl.js:353:9)
    at invokeEventListeners (/home/stocks/algo/webapp/frontend/node_modules/jsdom/lib/jsdom/living/events/EventTarget-impl.js:286:3)
    at HTMLUnknownElementImpl._dispatch (/home/stocks/algo/webapp/frontend/node_modules/jsdom/lib/jsdom/living/events/EventTarget-impl.js:233:9)
    at HTMLUnknownElementImpl.dispatchEvent (/home/stocks/algo/webapp/frontend/node_modules/jsdom/lib/jsdom/living/events/EventTarget-impl.js:104:17)
    at HTMLUnknownElement.dispatchEvent (/home/stocks/algo/webapp/frontend/node_modules/jsdom/lib/jsdom/living/generated/EventTarget.js:241:34)
    at Object.invokeGuardedCallbackDev (/home/stocks/algo/webapp/frontend/node_modules/react-dom/cjs/react-dom.development.js:4213:16)
    at invokeGuardedCallback (/home/stocks/algo/webapp/frontend/node_modules/react-dom/cjs/react-dom.development.js:4277:31)
    at beginWork$1 (/home/stocks/algo/webapp/frontend/node_modules/react-dom/cjs/react-dom.development.js:27490:7)
    at performUnitOfWork (/home/stocks/algo/webapp/frontend/node_modules/react-dom/cjs/react-dom.development.js:26599:12) TypeError: portfolioData.map is not a function
    at PortfolioManager (/home/stocks/algo/webapp/frontend/src/components/PortfolioManager.jsx:434:30)
    at renderWithHooks (/home/stocks/algo/webapp/frontend/node_modules/react-dom/cjs/react-dom.development.js:15486:18)
    at updateFunctionComponent (/home/stocks/algo/webapp/frontend/node_modules/react-dom/cjs/react-dom.development.js:19617:20)
    at beginWork (/home/stocks/algo/webapp/frontend/node_modules/react-dom/cjs/react-dom.development.js:21640:16)
    at HTMLUnknownElement.callCallback (/home/stocks/algo/webapp/frontend/node_modules/react-dom/cjs/react-dom.development.js:4164:14)
    at HTMLUnknownElement.callTheUserObjectsOperation (/home/stocks/algo/webapp/frontend/node_modules/jsdom/lib/jsdom/living/generated/EventListener.js:26:30)
    at innerInvokeEventListeners (/home/stocks/algo/webapp/frontend/node_modules/jsdom/lib/jsdom/living/events/EventTarget-impl.js:350:25)
    at invokeEventListeners (/home/stocks/algo/webapp/frontend/node_modules/jsdom/lib/jsdom/living/events/EventTarget-impl.js:286:3)
    at HTMLUnknownElementImpl._dispatch (/home/stocks/algo/webapp/frontend/node_modules/jsdom/lib/jsdom/living/events/EventTarget-impl.js:233:9)
    at HTMLUnknownElementImpl.dispatchEvent (/home/stocks/algo/webapp/frontend/node_modules/jsdom/lib/jsdom/living/events/EventTarget-impl.js:104:17)

Error: Uncaught [TypeError: portfolioData.map is not a function]
    at reportException (/home/stocks/algo/webapp/frontend/node_modules/jsdom/lib/jsdom/living/helpers/runtime-script-errors.js:66:24)
    at innerInvokeEventListeners (/home/stocks/algo/webapp/frontend/node_modules/jsdom/lib/jsdom/living/events/EventTarget-impl.js:353:9)
    at invokeEventListeners (/home/stocks/algo/webapp/frontend/node_modules/jsdom/lib/jsdom/living/events/EventTarget-impl.js:286:3)
    at HTMLUnknownElementImpl._dispatch (/home/stocks/algo/webapp/frontend/node_modules/jsdom/lib/jsdom/living/events/EventTarget-impl.js:233:9)
    at HTMLUnknownElementImpl.dispatchEvent (/home/stocks/algo/webapp/frontend/node_modules/jsdom/lib/jsdom/living/events/EventTarget-impl.js:104:17)
    at HTMLUnknownElement.dispatchEvent (/home/stocks/algo/webapp/frontend/node_modules/jsdom/lib/jsdom/living/generated/EventTarget.js:241:34)
    at Object.invokeGuardedCallbackDev (/home/stocks/algo/webapp/frontend/node_modules/react-dom/cjs/react-dom.development.js:4213:16)
    at invokeGuardedCallback (/home/stocks/algo/webapp/frontend/node_modules/react-dom/cjs/react-dom.development.js:4277:31)
    at beginWork$1 (/home/stocks/algo/webapp/frontend/node_modules/react-dom/cjs/react-dom.development.js:27490:7)
    at performUnitOfWork (/home/stocks/algo/webapp/frontend/node_modules/react-dom/cjs/react-dom.development.js:26599:12) TypeError: portfolioData.map is not a function
    at PortfolioManager (/home/stocks/algo/webapp/frontend/src/components/PortfolioManager.jsx:434:30)
    at renderWithHooks (/home/stocks/algo/webapp/frontend/node_modules/react-dom/cjs/react-dom.development.js:15486:18)
    at updateFunctionComponent (/home/stocks/algo/webapp/frontend/node_modules/react-dom/cjs/react-dom.development.js:19617:20)
    at beginWork (/home/stocks/algo/webapp/frontend/node_modules/react-dom/cjs/react-dom.development.js:21640:16)
    at HTMLUnknownElement.callCallback (/home/stocks/algo/webapp/frontend/node_modules/react-dom/cjs/react-dom.development.js:4164:14)
    at HTMLUnknownElement.callTheUserObjectsOperation (/home/stocks/algo/webapp/frontend/node_modules/jsdom/lib/jsdom/living/generated/EventListener.js:26:30)
    at innerInvokeEventListeners (/home/stocks/algo/webapp/frontend/node_modules/jsdom/lib/jsdom/living/events/EventTarget-impl.js:350:25)
    at invokeEventListeners (/home/stocks/algo/webapp/frontend/node_modules/jsdom/lib/jsdom/living/events/EventTarget-impl.js:286:3)
    at HTMLUnknownElementImpl._dispatch (/home/stocks/algo/webapp/frontend/node_modules/jsdom/lib/jsdom/living/events/EventTarget-impl.js:233:9)
    at HTMLUnknownElementImpl.dispatchEvent (/home/stocks/algo/webapp/frontend/node_modules/jsdom/lib/jsdom/living/events/EventTarget-impl.js:104:17)
Error: Uncaught [TypeError: portfolioData.map is not a function]
    at reportException (/home/stocks/algo/webapp/frontend/node_modules/jsdom/lib/jsdom/living/helpers/runtime-script-errors.js:66:24)
    at innerInvokeEventListeners (/home/stocks/algo/webapp/frontend/node_modules/jsdom/lib/jsdom/living/events/EventTarget-impl.js:353:9)
    at invokeEventListeners (/home/stocks/algo/webapp/frontend/node_modules/jsdom/lib/jsdom/living/events/EventTarget-impl.js:286:3)
    at HTMLUnknownElementImpl._dispatch (/home/stocks/algo/webapp/frontend/node_modules/jsdom/lib/jsdom/living/events/EventTarget-impl.js:233:9)
    at HTMLUnknownElementImpl.dispatchEvent (/home/stocks/algo/webapp/frontend/node_modules/jsdom/lib/jsdom/living/events/EventTarget-impl.js:104:17)
    at HTMLUnknownElement.dispatchEvent (/home/stocks/algo/webapp/frontend/node_modules/jsdom/lib/jsdom/living/generated/EventTarget.js:241:34)
    at Object.invokeGuardedCallbackDev (/home/stocks/algo/webapp/frontend/node_modules/react-dom/cjs/react-dom.development.js:4213:16)
    at invokeGuardedCallback (/home/stocks/algo/webapp/frontend/node_modules/react-dom/cjs/react-dom.development.js:4277:31)
    at beginWork$1 (/home/stocks/algo/webapp/frontend/node_modules/react-dom/cjs/react-dom.development.js:27490:7)
    at performUnitOfWork (/home/stocks/algo/webapp/frontend/node_modules/react-dom/cjs/react-dom.development.js:26599:12) TypeError: portfolioData.map is not a function
    at PortfolioManager (/home/stocks/algo/webapp/frontend/src/components/PortfolioManager.jsx:434:30)
    at renderWithHooks (/home/stocks/algo/webapp/frontend/node_modules/react-dom/cjs/react-dom.development.js:15486:18)
    at updateFunctionComponent (/home/stocks/algo/webapp/frontend/node_modules/react-dom/cjs/react-dom.development.js:19617:20)
    at beginWork (/home/stocks/algo/webapp/frontend/node_modules/react-dom/cjs/react-dom.development.js:21640:16)
    at HTMLUnknownElement.callCallback (/home/stocks/algo/webapp/frontend/node_modules/react-dom/cjs/react-dom.development.js:4164:14)
    at HTMLUnknownElement.callTheUserObjectsOperation (/home/stocks/algo/webapp/frontend/node_modules/jsdom/lib/jsdom/living/generated/EventListener.js:26:30)
    at innerInvokeEventListeners (/home/stocks/algo/webapp/frontend/node_modules/jsdom/lib/jsdom/living/events/EventTarget-impl.js:350:25)
    at invokeEventListeners (/home/stocks/algo/webapp/frontend/node_modules/jsdom/lib/jsdom/living/events/EventTarget-impl.js:286:3)
    at HTMLUnknownElementImpl._dispatch (/home/stocks/algo/webapp/frontend/node_modules/jsdom/lib/jsdom/living/events/EventTarget-impl.js:233:9)
    at HTMLUnknownElementImpl.dispatchEvent (/home/stocks/algo/webapp/frontend/node_modules/jsdom/lib/jsdom/living/events/EventTarget-impl.js:104:17)

            </system-err>
            <failure message="Unable to find an element with the text: Portfolio Overview. This could be because the text is broken up by multiple elements. In this case, you can provide a function for your text matcher to make your matcher more flexible.

Ignored nodes: comments, script, style
[36m&lt;body&gt;[39m
  [36m&lt;div /&gt;[39m
[36m&lt;/body&gt;[39m

Ignored nodes: comments, script, style
[36m&lt;html&gt;[39m
  [36m&lt;head /&gt;[39m
  [36m&lt;body&gt;[39m
    [36m&lt;div /&gt;[39m
  [36m&lt;/body&gt;[39m
[36m&lt;/html&gt;[39m..." type="TestingLibraryElementError">
TestingLibraryElementError: Unable to find an element with the text: Portfolio Overview. This could be because the text is broken up by multiple elements. In this case, you can provide a function for your text matcher to make your matcher more flexible.

Ignored nodes: comments, script, style
&lt;body&gt;
  &lt;div /&gt;
&lt;/body&gt;

Ignored nodes: comments, script, style
&lt;html&gt;
  &lt;head /&gt;
  &lt;body&gt;
    &lt;div /&gt;
  &lt;/body&gt;
&lt;/html&gt;...
 ❯ Proxy.waitForWrapper node_modules/@testing-library/react/node_modules/@testing-library/dom/dist/wait-for.js:163:27
 ❯ src/tests/unit/components/real-portfolio-manager.test.jsx:283:13
            </failure>
            <failure message="Unable to find an element with the text: Portfolio Overview. This could be because the text is broken up by multiple elements. In this case, you can provide a function for your text matcher to make your matcher more flexible.

Ignored nodes: comments, script, style
[36m&lt;body&gt;[39m
  [36m&lt;div /&gt;[39m
[36m&lt;/body&gt;[39m

Ignored nodes: comments, script, style
[36m&lt;html&gt;[39m
  [36m&lt;head /&gt;[39m
  [36m&lt;body&gt;[39m
    [36m&lt;div /&gt;[39m
  [36m&lt;/body&gt;[39m
[36m&lt;/html&gt;[39m..." type="TestingLibraryElementError">
TestingLibraryElementError: Unable to find an element with the text: Portfolio Overview. This could be because the text is broken up by multiple elements. In this case, you can provide a function for your text matcher to make your matcher more flexible.

Ignored nodes: comments, script, style
&lt;body&gt;
  &lt;div /&gt;
&lt;/body&gt;

Ignored nodes: comments, script, style
&lt;html&gt;
  &lt;head /&gt;
  &lt;body&gt;
    &lt;div /&gt;
  &lt;/body&gt;
&lt;/html&gt;...
 ❯ Proxy.waitForWrapper node_modules/@testing-library/react/node_modules/@testing-library/dom/dist/wait-for.js:163:27
 ❯ src/tests/unit/components/real-portfolio-manager.test.jsx:283:13
            </failure>
            <failure message="Unable to find an element with the text: Portfolio Overview. This could be because the text is broken up by multiple elements. In this case, you can provide a function for your text matcher to make your matcher more flexible.

Ignored nodes: comments, script, style
[36m&lt;body&gt;[39m
  [36m&lt;div /&gt;[39m
[36m&lt;/body&gt;[39m

Ignored nodes: comments, script, style
[36m&lt;html&gt;[39m
  [36m&lt;head /&gt;[39m
  [36m&lt;body&gt;[39m
    [36m&lt;div /&gt;[39m
  [36m&lt;/body&gt;[39m
[36m&lt;/html&gt;[39m..." type="TestingLibraryElementError">
TestingLibraryElementError: Unable to find an element with the text: Portfolio Overview. This could be because the text is broken up by multiple elements. In this case, you can provide a function for your text matcher to make your matcher more flexible.

Ignored nodes: comments, script, style
&lt;body&gt;
  &lt;div /&gt;
&lt;/body&gt;

Ignored nodes: comments, script, style
&lt;html&gt;
  &lt;head /&gt;
  &lt;body&gt;
    &lt;div /&gt;
  &lt;/body&gt;
&lt;/html&gt;...
 ❯ Proxy.waitForWrapper node_modules/@testing-library/react/node_modules/@testing-library/dom/dist/wait-for.js:163:27
 ❯ src/tests/unit/components/real-portfolio-manager.test.jsx:283:13
            </failure>
        </testcase>
        <testcase classname="src/tests/unit/components/real-portfolio-manager.test.jsx" name="💼 Real PortfolioManager Component &gt; Add New Holding Functionality &gt; should validate form inputs" time="3.024">
            <system-err>
Error: Uncaught [TypeError: portfolioData.map is not a function]
    at reportException (/home/stocks/algo/webapp/frontend/node_modules/jsdom/lib/jsdom/living/helpers/runtime-script-errors.js:66:24)
    at innerInvokeEventListeners (/home/stocks/algo/webapp/frontend/node_modules/jsdom/lib/jsdom/living/events/EventTarget-impl.js:353:9)
    at invokeEventListeners (/home/stocks/algo/webapp/frontend/node_modules/jsdom/lib/jsdom/living/events/EventTarget-impl.js:286:3)
    at HTMLUnknownElementImpl._dispatch (/home/stocks/algo/webapp/frontend/node_modules/jsdom/lib/jsdom/living/events/EventTarget-impl.js:233:9)
    at HTMLUnknownElementImpl.dispatchEvent (/home/stocks/algo/webapp/frontend/node_modules/jsdom/lib/jsdom/living/events/EventTarget-impl.js:104:17)
    at HTMLUnknownElement.dispatchEvent (/home/stocks/algo/webapp/frontend/node_modules/jsdom/lib/jsdom/living/generated/EventTarget.js:241:34)
    at Object.invokeGuardedCallbackDev (/home/stocks/algo/webapp/frontend/node_modules/react-dom/cjs/react-dom.development.js:4213:16)
    at invokeGuardedCallback (/home/stocks/algo/webapp/frontend/node_modules/react-dom/cjs/react-dom.development.js:4277:31)
    at beginWork$1 (/home/stocks/algo/webapp/frontend/node_modules/react-dom/cjs/react-dom.development.js:27490:7)
    at performUnitOfWork (/home/stocks/algo/webapp/frontend/node_modules/react-dom/cjs/react-dom.development.js:26599:12) TypeError: portfolioData.map is not a function
    at PortfolioManager (/home/stocks/algo/webapp/frontend/src/components/PortfolioManager.jsx:434:30)
    at renderWithHooks (/home/stocks/algo/webapp/frontend/node_modules/react-dom/cjs/react-dom.development.js:15486:18)
    at updateFunctionComponent (/home/stocks/algo/webapp/frontend/node_modules/react-dom/cjs/react-dom.development.js:19617:20)
    at beginWork (/home/stocks/algo/webapp/frontend/node_modules/react-dom/cjs/react-dom.development.js:21640:16)
    at HTMLUnknownElement.callCallback (/home/stocks/algo/webapp/frontend/node_modules/react-dom/cjs/react-dom.development.js:4164:14)
    at HTMLUnknownElement.callTheUserObjectsOperation (/home/stocks/algo/webapp/frontend/node_modules/jsdom/lib/jsdom/living/generated/EventListener.js:26:30)
    at innerInvokeEventListeners (/home/stocks/algo/webapp/frontend/node_modules/jsdom/lib/jsdom/living/events/EventTarget-impl.js:350:25)
    at invokeEventListeners (/home/stocks/algo/webapp/frontend/node_modules/jsdom/lib/jsdom/living/events/EventTarget-impl.js:286:3)
    at HTMLUnknownElementImpl._dispatch (/home/stocks/algo/webapp/frontend/node_modules/jsdom/lib/jsdom/living/events/EventTarget-impl.js:233:9)
    at HTMLUnknownElementImpl.dispatchEvent (/home/stocks/algo/webapp/frontend/node_modules/jsdom/lib/jsdom/living/events/EventTarget-impl.js:104:17)
Error: Uncaught [TypeError: portfolioData.map is not a function]
    at reportException (/home/stocks/algo/webapp/frontend/node_modules/jsdom/lib/jsdom/living/helpers/runtime-script-errors.js:66:24)
    at innerInvokeEventListeners (/home/stocks/algo/webapp/frontend/node_modules/jsdom/lib/jsdom/living/events/EventTarget-impl.js:353:9)
    at invokeEventListeners (/home/stocks/algo/webapp/frontend/node_modules/jsdom/lib/jsdom/living/events/EventTarget-impl.js:286:3)
    at HTMLUnknownElementImpl._dispatch (/home/stocks/algo/webapp/frontend/node_modules/jsdom/lib/jsdom/living/events/EventTarget-impl.js:233:9)
    at HTMLUnknownElementImpl.dispatchEvent (/home/stocks/algo/webapp/frontend/node_modules/jsdom/lib/jsdom/living/events/EventTarget-impl.js:104:17)
    at HTMLUnknownElement.dispatchEvent (/home/stocks/algo/webapp/frontend/node_modules/jsdom/lib/jsdom/living/generated/EventTarget.js:241:34)
    at Object.invokeGuardedCallbackDev (/home/stocks/algo/webapp/frontend/node_modules/react-dom/cjs/react-dom.development.js:4213:16)
    at invokeGuardedCallback (/home/stocks/algo/webapp/frontend/node_modules/react-dom/cjs/react-dom.development.js:4277:31)
    at beginWork$1 (/home/stocks/algo/webapp/frontend/node_modules/react-dom/cjs/react-dom.development.js:27490:7)
    at performUnitOfWork (/home/stocks/algo/webapp/frontend/node_modules/react-dom/cjs/react-dom.development.js:26599:12) TypeError: portfolioData.map is not a function
    at PortfolioManager (/home/stocks/algo/webapp/frontend/src/components/PortfolioManager.jsx:434:30)
    at renderWithHooks (/home/stocks/algo/webapp/frontend/node_modules/react-dom/cjs/react-dom.development.js:15486:18)
    at updateFunctionComponent (/home/stocks/algo/webapp/frontend/node_modules/react-dom/cjs/react-dom.development.js:19617:20)
    at beginWork (/home/stocks/algo/webapp/frontend/node_modules/react-dom/cjs/react-dom.development.js:21640:16)
    at HTMLUnknownElement.callCallback (/home/stocks/algo/webapp/frontend/node_modules/react-dom/cjs/react-dom.development.js:4164:14)
    at HTMLUnknownElement.callTheUserObjectsOperation (/home/stocks/algo/webapp/frontend/node_modules/jsdom/lib/jsdom/living/generated/EventListener.js:26:30)
    at innerInvokeEventListeners (/home/stocks/algo/webapp/frontend/node_modules/jsdom/lib/jsdom/living/events/EventTarget-impl.js:350:25)
    at invokeEventListeners (/home/stocks/algo/webapp/frontend/node_modules/jsdom/lib/jsdom/living/events/EventTarget-impl.js:286:3)
    at HTMLUnknownElementImpl._dispatch (/home/stocks/algo/webapp/frontend/node_modules/jsdom/lib/jsdom/living/events/EventTarget-impl.js:233:9)
    at HTMLUnknownElementImpl.dispatchEvent (/home/stocks/algo/webapp/frontend/node_modules/jsdom/lib/jsdom/living/events/EventTarget-impl.js:104:17)

Error: Uncaught [TypeError: portfolioData.map is not a function]
    at reportException (/home/stocks/algo/webapp/frontend/node_modules/jsdom/lib/jsdom/living/helpers/runtime-script-errors.js:66:24)
    at innerInvokeEventListeners (/home/stocks/algo/webapp/frontend/node_modules/jsdom/lib/jsdom/living/events/EventTarget-impl.js:353:9)
    at invokeEventListeners (/home/stocks/algo/webapp/frontend/node_modules/jsdom/lib/jsdom/living/events/EventTarget-impl.js:286:3)
    at HTMLUnknownElementImpl._dispatch (/home/stocks/algo/webapp/frontend/node_modules/jsdom/lib/jsdom/living/events/EventTarget-impl.js:233:9)
    at HTMLUnknownElementImpl.dispatchEvent (/home/stocks/algo/webapp/frontend/node_modules/jsdom/lib/jsdom/living/events/EventTarget-impl.js:104:17)
    at HTMLUnknownElement.dispatchEvent (/home/stocks/algo/webapp/frontend/node_modules/jsdom/lib/jsdom/living/generated/EventTarget.js:241:34)
    at Object.invokeGuardedCallbackDev (/home/stocks/algo/webapp/frontend/node_modules/react-dom/cjs/react-dom.development.js:4213:16)
    at invokeGuardedCallback (/home/stocks/algo/webapp/frontend/node_modules/react-dom/cjs/react-dom.development.js:4277:31)
    at beginWork$1 (/home/stocks/algo/webapp/frontend/node_modules/react-dom/cjs/react-dom.development.js:27490:7)
    at performUnitOfWork (/home/stocks/algo/webapp/frontend/node_modules/react-dom/cjs/react-dom.development.js:26599:12) TypeError: portfolioData.map is not a function
    at PortfolioManager (/home/stocks/algo/webapp/frontend/src/components/PortfolioManager.jsx:434:30)
    at renderWithHooks (/home/stocks/algo/webapp/frontend/node_modules/react-dom/cjs/react-dom.development.js:15486:18)
    at updateFunctionComponent (/home/stocks/algo/webapp/frontend/node_modules/react-dom/cjs/react-dom.development.js:19617:20)
    at beginWork (/home/stocks/algo/webapp/frontend/node_modules/react-dom/cjs/react-dom.development.js:21640:16)
    at HTMLUnknownElement.callCallback (/home/stocks/algo/webapp/frontend/node_modules/react-dom/cjs/react-dom.development.js:4164:14)
    at HTMLUnknownElement.callTheUserObjectsOperation (/home/stocks/algo/webapp/frontend/node_modules/jsdom/lib/jsdom/living/generated/EventListener.js:26:30)
    at innerInvokeEventListeners (/home/stocks/algo/webapp/frontend/node_modules/jsdom/lib/jsdom/living/events/EventTarget-impl.js:350:25)
    at invokeEventListeners (/home/stocks/algo/webapp/frontend/node_modules/jsdom/lib/jsdom/living/events/EventTarget-impl.js:286:3)
    at HTMLUnknownElementImpl._dispatch (/home/stocks/algo/webapp/frontend/node_modules/jsdom/lib/jsdom/living/events/EventTarget-impl.js:233:9)
    at HTMLUnknownElementImpl.dispatchEvent (/home/stocks/algo/webapp/frontend/node_modules/jsdom/lib/jsdom/living/events/EventTarget-impl.js:104:17)
Error: Uncaught [TypeError: portfolioData.map is not a function]
    at reportException (/home/stocks/algo/webapp/frontend/node_modules/jsdom/lib/jsdom/living/helpers/runtime-script-errors.js:66:24)
    at innerInvokeEventListeners (/home/stocks/algo/webapp/frontend/node_modules/jsdom/lib/jsdom/living/events/EventTarget-impl.js:353:9)
    at invokeEventListeners (/home/stocks/algo/webapp/frontend/node_modules/jsdom/lib/jsdom/living/events/EventTarget-impl.js:286:3)
    at HTMLUnknownElementImpl._dispatch (/home/stocks/algo/webapp/frontend/node_modules/jsdom/lib/jsdom/living/events/EventTarget-impl.js:233:9)
    at HTMLUnknownElementImpl.dispatchEvent (/home/stocks/algo/webapp/frontend/node_modules/jsdom/lib/jsdom/living/events/EventTarget-impl.js:104:17)
    at HTMLUnknownElement.dispatchEvent (/home/stocks/algo/webapp/frontend/node_modules/jsdom/lib/jsdom/living/generated/EventTarget.js:241:34)
    at Object.invokeGuardedCallbackDev (/home/stocks/algo/webapp/frontend/node_modules/react-dom/cjs/react-dom.development.js:4213:16)
    at invokeGuardedCallback (/home/stocks/algo/webapp/frontend/node_modules/react-dom/cjs/react-dom.development.js:4277:31)
    at beginWork$1 (/home/stocks/algo/webapp/frontend/node_modules/react-dom/cjs/react-dom.development.js:27490:7)
    at performUnitOfWork (/home/stocks/algo/webapp/frontend/node_modules/react-dom/cjs/react-dom.development.js:26599:12) TypeError: portfolioData.map is not a function
    at PortfolioManager (/home/stocks/algo/webapp/frontend/src/components/PortfolioManager.jsx:434:30)
    at renderWithHooks (/home/stocks/algo/webapp/frontend/node_modules/react-dom/cjs/react-dom.development.js:15486:18)
    at updateFunctionComponent (/home/stocks/algo/webapp/frontend/node_modules/react-dom/cjs/react-dom.development.js:19617:20)
    at beginWork (/home/stocks/algo/webapp/frontend/node_modules/react-dom/cjs/react-dom.development.js:21640:16)
    at HTMLUnknownElement.callCallback (/home/stocks/algo/webapp/frontend/node_modules/react-dom/cjs/react-dom.development.js:4164:14)
    at HTMLUnknownElement.callTheUserObjectsOperation (/home/stocks/algo/webapp/frontend/node_modules/jsdom/lib/jsdom/living/generated/EventListener.js:26:30)
    at innerInvokeEventListeners (/home/stocks/algo/webapp/frontend/node_modules/jsdom/lib/jsdom/living/events/EventTarget-impl.js:350:25)
    at invokeEventListeners (/home/stocks/algo/webapp/frontend/node_modules/jsdom/lib/jsdom/living/events/EventTarget-impl.js:286:3)
    at HTMLUnknownElementImpl._dispatch (/home/stocks/algo/webapp/frontend/node_modules/jsdom/lib/jsdom/living/events/EventTarget-impl.js:233:9)
    at HTMLUnknownElementImpl.dispatchEvent (/home/stocks/algo/webapp/frontend/node_modules/jsdom/lib/jsdom/living/events/EventTarget-impl.js:104:17)

Error: Uncaught [TypeError: portfolioData.map is not a function]
    at reportException (/home/stocks/algo/webapp/frontend/node_modules/jsdom/lib/jsdom/living/helpers/runtime-script-errors.js:66:24)
    at innerInvokeEventListeners (/home/stocks/algo/webapp/frontend/node_modules/jsdom/lib/jsdom/living/events/EventTarget-impl.js:353:9)
    at invokeEventListeners (/home/stocks/algo/webapp/frontend/node_modules/jsdom/lib/jsdom/living/events/EventTarget-impl.js:286:3)
    at HTMLUnknownElementImpl._dispatch (/home/stocks/algo/webapp/frontend/node_modules/jsdom/lib/jsdom/living/events/EventTarget-impl.js:233:9)
    at HTMLUnknownElementImpl.dispatchEvent (/home/stocks/algo/webapp/frontend/node_modules/jsdom/lib/jsdom/living/events/EventTarget-impl.js:104:17)
    at HTMLUnknownElement.dispatchEvent (/home/stocks/algo/webapp/frontend/node_modules/jsdom/lib/jsdom/living/generated/EventTarget.js:241:34)
    at Object.invokeGuardedCallbackDev (/home/stocks/algo/webapp/frontend/node_modules/react-dom/cjs/react-dom.development.js:4213:16)
    at invokeGuardedCallback (/home/stocks/algo/webapp/frontend/node_modules/react-dom/cjs/react-dom.development.js:4277:31)
    at beginWork$1 (/home/stocks/algo/webapp/frontend/node_modules/react-dom/cjs/react-dom.development.js:27490:7)
    at performUnitOfWork (/home/stocks/algo/webapp/frontend/node_modules/react-dom/cjs/react-dom.development.js:26599:12) TypeError: portfolioData.map is not a function
    at PortfolioManager (/home/stocks/algo/webapp/frontend/src/components/PortfolioManager.jsx:434:30)
    at renderWithHooks (/home/stocks/algo/webapp/frontend/node_modules/react-dom/cjs/react-dom.development.js:15486:18)
    at updateFunctionComponent (/home/stocks/algo/webapp/frontend/node_modules/react-dom/cjs/react-dom.development.js:19617:20)
    at beginWork (/home/stocks/algo/webapp/frontend/node_modules/react-dom/cjs/react-dom.development.js:21640:16)
    at HTMLUnknownElement.callCallback (/home/stocks/algo/webapp/frontend/node_modules/react-dom/cjs/react-dom.development.js:4164:14)
    at HTMLUnknownElement.callTheUserObjectsOperation (/home/stocks/algo/webapp/frontend/node_modules/jsdom/lib/jsdom/living/generated/EventListener.js:26:30)
    at innerInvokeEventListeners (/home/stocks/algo/webapp/frontend/node_modules/jsdom/lib/jsdom/living/events/EventTarget-impl.js:350:25)
    at invokeEventListeners (/home/stocks/algo/webapp/frontend/node_modules/jsdom/lib/jsdom/living/events/EventTarget-impl.js:286:3)
    at HTMLUnknownElementImpl._dispatch (/home/stocks/algo/webapp/frontend/node_modules/jsdom/lib/jsdom/living/events/EventTarget-impl.js:233:9)
    at HTMLUnknownElementImpl.dispatchEvent (/home/stocks/algo/webapp/frontend/node_modules/jsdom/lib/jsdom/living/events/EventTarget-impl.js:104:17)
Error: Uncaught [TypeError: portfolioData.map is not a function]
    at reportException (/home/stocks/algo/webapp/frontend/node_modules/jsdom/lib/jsdom/living/helpers/runtime-script-errors.js:66:24)
    at innerInvokeEventListeners (/home/stocks/algo/webapp/frontend/node_modules/jsdom/lib/jsdom/living/events/EventTarget-impl.js:353:9)
    at invokeEventListeners (/home/stocks/algo/webapp/frontend/node_modules/jsdom/lib/jsdom/living/events/EventTarget-impl.js:286:3)
    at HTMLUnknownElementImpl._dispatch (/home/stocks/algo/webapp/frontend/node_modules/jsdom/lib/jsdom/living/events/EventTarget-impl.js:233:9)
    at HTMLUnknownElementImpl.dispatchEvent (/home/stocks/algo/webapp/frontend/node_modules/jsdom/lib/jsdom/living/events/EventTarget-impl.js:104:17)
    at HTMLUnknownElement.dispatchEvent (/home/stocks/algo/webapp/frontend/node_modules/jsdom/lib/jsdom/living/generated/EventTarget.js:241:34)
    at Object.invokeGuardedCallbackDev (/home/stocks/algo/webapp/frontend/node_modules/react-dom/cjs/react-dom.development.js:4213:16)
    at invokeGuardedCallback (/home/stocks/algo/webapp/frontend/node_modules/react-dom/cjs/react-dom.development.js:4277:31)
    at beginWork$1 (/home/stocks/algo/webapp/frontend/node_modules/react-dom/cjs/react-dom.development.js:27490:7)
    at performUnitOfWork (/home/stocks/algo/webapp/frontend/node_modules/react-dom/cjs/react-dom.development.js:26599:12) TypeError: portfolioData.map is not a function
    at PortfolioManager (/home/stocks/algo/webapp/frontend/src/components/PortfolioManager.jsx:434:30)
    at renderWithHooks (/home/stocks/algo/webapp/frontend/node_modules/react-dom/cjs/react-dom.development.js:15486:18)
    at updateFunctionComponent (/home/stocks/algo/webapp/frontend/node_modules/react-dom/cjs/react-dom.development.js:19617:20)
    at beginWork (/home/stocks/algo/webapp/frontend/node_modules/react-dom/cjs/react-dom.development.js:21640:16)
    at HTMLUnknownElement.callCallback (/home/stocks/algo/webapp/frontend/node_modules/react-dom/cjs/react-dom.development.js:4164:14)
    at HTMLUnknownElement.callTheUserObjectsOperation (/home/stocks/algo/webapp/frontend/node_modules/jsdom/lib/jsdom/living/generated/EventListener.js:26:30)
    at innerInvokeEventListeners (/home/stocks/algo/webapp/frontend/node_modules/jsdom/lib/jsdom/living/events/EventTarget-impl.js:350:25)
    at invokeEventListeners (/home/stocks/algo/webapp/frontend/node_modules/jsdom/lib/jsdom/living/events/EventTarget-impl.js:286:3)
    at HTMLUnknownElementImpl._dispatch (/home/stocks/algo/webapp/frontend/node_modules/jsdom/lib/jsdom/living/events/EventTarget-impl.js:233:9)
    at HTMLUnknownElementImpl.dispatchEvent (/home/stocks/algo/webapp/frontend/node_modules/jsdom/lib/jsdom/living/events/EventTarget-impl.js:104:17)

            </system-err>
            <failure message="Unable to find an element with the text: Portfolio Overview. This could be because the text is broken up by multiple elements. In this case, you can provide a function for your text matcher to make your matcher more flexible.

Ignored nodes: comments, script, style
[36m&lt;body&gt;[39m
  [36m&lt;div /&gt;[39m
[36m&lt;/body&gt;[39m

Ignored nodes: comments, script, style
[36m&lt;html&gt;[39m
  [36m&lt;head /&gt;[39m
  [36m&lt;body&gt;[39m
    [36m&lt;div /&gt;[39m
  [36m&lt;/body&gt;[39m
[36m&lt;/html&gt;[39m..." type="TestingLibraryElementError">
TestingLibraryElementError: Unable to find an element with the text: Portfolio Overview. This could be because the text is broken up by multiple elements. In this case, you can provide a function for your text matcher to make your matcher more flexible.

Ignored nodes: comments, script, style
&lt;body&gt;
  &lt;div /&gt;
&lt;/body&gt;

Ignored nodes: comments, script, style
&lt;html&gt;
  &lt;head /&gt;
  &lt;body&gt;
    &lt;div /&gt;
  &lt;/body&gt;
&lt;/html&gt;...
 ❯ Proxy.waitForWrapper node_modules/@testing-library/react/node_modules/@testing-library/dom/dist/wait-for.js:163:27
 ❯ src/tests/unit/components/real-portfolio-manager.test.jsx:283:13
            </failure>
            <failure message="Unable to find an element with the text: Portfolio Overview. This could be because the text is broken up by multiple elements. In this case, you can provide a function for your text matcher to make your matcher more flexible.

Ignored nodes: comments, script, style
[36m&lt;body&gt;[39m
  [36m&lt;div /&gt;[39m
[36m&lt;/body&gt;[39m

Ignored nodes: comments, script, style
[36m&lt;html&gt;[39m
  [36m&lt;head /&gt;[39m
  [36m&lt;body&gt;[39m
    [36m&lt;div /&gt;[39m
  [36m&lt;/body&gt;[39m
[36m&lt;/html&gt;[39m..." type="TestingLibraryElementError">
TestingLibraryElementError: Unable to find an element with the text: Portfolio Overview. This could be because the text is broken up by multiple elements. In this case, you can provide a function for your text matcher to make your matcher more flexible.

Ignored nodes: comments, script, style
&lt;body&gt;
  &lt;div /&gt;
&lt;/body&gt;

Ignored nodes: comments, script, style
&lt;html&gt;
  &lt;head /&gt;
  &lt;body&gt;
    &lt;div /&gt;
  &lt;/body&gt;
&lt;/html&gt;...
 ❯ Proxy.waitForWrapper node_modules/@testing-library/react/node_modules/@testing-library/dom/dist/wait-for.js:163:27
 ❯ src/tests/unit/components/real-portfolio-manager.test.jsx:283:13
            </failure>
            <failure message="Unable to find an element with the text: Portfolio Overview. This could be because the text is broken up by multiple elements. In this case, you can provide a function for your text matcher to make your matcher more flexible.

Ignored nodes: comments, script, style
[36m&lt;body&gt;[39m
  [36m&lt;div /&gt;[39m
[36m&lt;/body&gt;[39m

Ignored nodes: comments, script, style
[36m&lt;html&gt;[39m
  [36m&lt;head /&gt;[39m
  [36m&lt;body&gt;[39m
    [36m&lt;div /&gt;[39m
  [36m&lt;/body&gt;[39m
[36m&lt;/html&gt;[39m..." type="TestingLibraryElementError">
TestingLibraryElementError: Unable to find an element with the text: Portfolio Overview. This could be because the text is broken up by multiple elements. In this case, you can provide a function for your text matcher to make your matcher more flexible.

Ignored nodes: comments, script, style
&lt;body&gt;
  &lt;div /&gt;
&lt;/body&gt;

Ignored nodes: comments, script, style
&lt;html&gt;
  &lt;head /&gt;
  &lt;body&gt;
    &lt;div /&gt;
  &lt;/body&gt;
&lt;/html&gt;...
 ❯ Proxy.waitForWrapper node_modules/@testing-library/react/node_modules/@testing-library/dom/dist/wait-for.js:163:27
 ❯ src/tests/unit/components/real-portfolio-manager.test.jsx:283:13
            </failure>
        </testcase>
        <testcase classname="src/tests/unit/components/real-portfolio-manager.test.jsx" name="💼 Real PortfolioManager Component &gt; Add New Holding Functionality &gt; should handle add holding API errors" time="3.014">
            <system-err>
Error: Uncaught [TypeError: portfolioData.map is not a function]
    at reportException (/home/stocks/algo/webapp/frontend/node_modules/jsdom/lib/jsdom/living/helpers/runtime-script-errors.js:66:24)
    at innerInvokeEventListeners (/home/stocks/algo/webapp/frontend/node_modules/jsdom/lib/jsdom/living/events/EventTarget-impl.js:353:9)
    at invokeEventListeners (/home/stocks/algo/webapp/frontend/node_modules/jsdom/lib/jsdom/living/events/EventTarget-impl.js:286:3)
    at HTMLUnknownElementImpl._dispatch (/home/stocks/algo/webapp/frontend/node_modules/jsdom/lib/jsdom/living/events/EventTarget-impl.js:233:9)
    at HTMLUnknownElementImpl.dispatchEvent (/home/stocks/algo/webapp/frontend/node_modules/jsdom/lib/jsdom/living/events/EventTarget-impl.js:104:17)
    at HTMLUnknownElement.dispatchEvent (/home/stocks/algo/webapp/frontend/node_modules/jsdom/lib/jsdom/living/generated/EventTarget.js:241:34)
    at Object.invokeGuardedCallbackDev (/home/stocks/algo/webapp/frontend/node_modules/react-dom/cjs/react-dom.development.js:4213:16)
    at invokeGuardedCallback (/home/stocks/algo/webapp/frontend/node_modules/react-dom/cjs/react-dom.development.js:4277:31)
    at beginWork$1 (/home/stocks/algo/webapp/frontend/node_modules/react-dom/cjs/react-dom.development.js:27490:7)
    at performUnitOfWork (/home/stocks/algo/webapp/frontend/node_modules/react-dom/cjs/react-dom.development.js:26599:12) TypeError: portfolioData.map is not a function
    at PortfolioManager (/home/stocks/algo/webapp/frontend/src/components/PortfolioManager.jsx:434:30)
    at renderWithHooks (/home/stocks/algo/webapp/frontend/node_modules/react-dom/cjs/react-dom.development.js:15486:18)
    at updateFunctionComponent (/home/stocks/algo/webapp/frontend/node_modules/react-dom/cjs/react-dom.development.js:19617:20)
    at beginWork (/home/stocks/algo/webapp/frontend/node_modules/react-dom/cjs/react-dom.development.js:21640:16)
    at HTMLUnknownElement.callCallback (/home/stocks/algo/webapp/frontend/node_modules/react-dom/cjs/react-dom.development.js:4164:14)
    at HTMLUnknownElement.callTheUserObjectsOperation (/home/stocks/algo/webapp/frontend/node_modules/jsdom/lib/jsdom/living/generated/EventListener.js:26:30)
    at innerInvokeEventListeners (/home/stocks/algo/webapp/frontend/node_modules/jsdom/lib/jsdom/living/events/EventTarget-impl.js:350:25)
    at invokeEventListeners (/home/stocks/algo/webapp/frontend/node_modules/jsdom/lib/jsdom/living/events/EventTarget-impl.js:286:3)
    at HTMLUnknownElementImpl._dispatch (/home/stocks/algo/webapp/frontend/node_modules/jsdom/lib/jsdom/living/events/EventTarget-impl.js:233:9)
    at HTMLUnknownElementImpl.dispatchEvent (/home/stocks/algo/webapp/frontend/node_modules/jsdom/lib/jsdom/living/events/EventTarget-impl.js:104:17)
Error: Uncaught [TypeError: portfolioData.map is not a function]
    at reportException (/home/stocks/algo/webapp/frontend/node_modules/jsdom/lib/jsdom/living/helpers/runtime-script-errors.js:66:24)
    at innerInvokeEventListeners (/home/stocks/algo/webapp/frontend/node_modules/jsdom/lib/jsdom/living/events/EventTarget-impl.js:353:9)
    at invokeEventListeners (/home/stocks/algo/webapp/frontend/node_modules/jsdom/lib/jsdom/living/events/EventTarget-impl.js:286:3)
    at HTMLUnknownElementImpl._dispatch (/home/stocks/algo/webapp/frontend/node_modules/jsdom/lib/jsdom/living/events/EventTarget-impl.js:233:9)
    at HTMLUnknownElementImpl.dispatchEvent (/home/stocks/algo/webapp/frontend/node_modules/jsdom/lib/jsdom/living/events/EventTarget-impl.js:104:17)
    at HTMLUnknownElement.dispatchEvent (/home/stocks/algo/webapp/frontend/node_modules/jsdom/lib/jsdom/living/generated/EventTarget.js:241:34)
    at Object.invokeGuardedCallbackDev (/home/stocks/algo/webapp/frontend/node_modules/react-dom/cjs/react-dom.development.js:4213:16)
    at invokeGuardedCallback (/home/stocks/algo/webapp/frontend/node_modules/react-dom/cjs/react-dom.development.js:4277:31)
    at beginWork$1 (/home/stocks/algo/webapp/frontend/node_modules/react-dom/cjs/react-dom.development.js:27490:7)
    at performUnitOfWork (/home/stocks/algo/webapp/frontend/node_modules/react-dom/cjs/react-dom.development.js:26599:12) TypeError: portfolioData.map is not a function
    at PortfolioManager (/home/stocks/algo/webapp/frontend/src/components/PortfolioManager.jsx:434:30)
    at renderWithHooks (/home/stocks/algo/webapp/frontend/node_modules/react-dom/cjs/react-dom.development.js:15486:18)
    at updateFunctionComponent (/home/stocks/algo/webapp/frontend/node_modules/react-dom/cjs/react-dom.development.js:19617:20)
    at beginWork (/home/stocks/algo/webapp/frontend/node_modules/react-dom/cjs/react-dom.development.js:21640:16)
    at HTMLUnknownElement.callCallback (/home/stocks/algo/webapp/frontend/node_modules/react-dom/cjs/react-dom.development.js:4164:14)
    at HTMLUnknownElement.callTheUserObjectsOperation (/home/stocks/algo/webapp/frontend/node_modules/jsdom/lib/jsdom/living/generated/EventListener.js:26:30)
    at innerInvokeEventListeners (/home/stocks/algo/webapp/frontend/node_modules/jsdom/lib/jsdom/living/events/EventTarget-impl.js:350:25)
    at invokeEventListeners (/home/stocks/algo/webapp/frontend/node_modules/jsdom/lib/jsdom/living/events/EventTarget-impl.js:286:3)
    at HTMLUnknownElementImpl._dispatch (/home/stocks/algo/webapp/frontend/node_modules/jsdom/lib/jsdom/living/events/EventTarget-impl.js:233:9)
    at HTMLUnknownElementImpl.dispatchEvent (/home/stocks/algo/webapp/frontend/node_modules/jsdom/lib/jsdom/living/events/EventTarget-impl.js:104:17)

Error: Uncaught [TypeError: portfolioData.map is not a function]
    at reportException (/home/stocks/algo/webapp/frontend/node_modules/jsdom/lib/jsdom/living/helpers/runtime-script-errors.js:66:24)
    at innerInvokeEventListeners (/home/stocks/algo/webapp/frontend/node_modules/jsdom/lib/jsdom/living/events/EventTarget-impl.js:353:9)
    at invokeEventListeners (/home/stocks/algo/webapp/frontend/node_modules/jsdom/lib/jsdom/living/events/EventTarget-impl.js:286:3)
    at HTMLUnknownElementImpl._dispatch (/home/stocks/algo/webapp/frontend/node_modules/jsdom/lib/jsdom/living/events/EventTarget-impl.js:233:9)
    at HTMLUnknownElementImpl.dispatchEvent (/home/stocks/algo/webapp/frontend/node_modules/jsdom/lib/jsdom/living/events/EventTarget-impl.js:104:17)
    at HTMLUnknownElement.dispatchEvent (/home/stocks/algo/webapp/frontend/node_modules/jsdom/lib/jsdom/living/generated/EventTarget.js:241:34)
    at Object.invokeGuardedCallbackDev (/home/stocks/algo/webapp/frontend/node_modules/react-dom/cjs/react-dom.development.js:4213:16)
    at invokeGuardedCallback (/home/stocks/algo/webapp/frontend/node_modules/react-dom/cjs/react-dom.development.js:4277:31)
    at beginWork$1 (/home/stocks/algo/webapp/frontend/node_modules/react-dom/cjs/react-dom.development.js:27490:7)
    at performUnitOfWork (/home/stocks/algo/webapp/frontend/node_modules/react-dom/cjs/react-dom.development.js:26599:12) TypeError: portfolioData.map is not a function
    at PortfolioManager (/home/stocks/algo/webapp/frontend/src/components/PortfolioManager.jsx:434:30)
    at renderWithHooks (/home/stocks/algo/webapp/frontend/node_modules/react-dom/cjs/react-dom.development.js:15486:18)
    at updateFunctionComponent (/home/stocks/algo/webapp/frontend/node_modules/react-dom/cjs/react-dom.development.js:19617:20)
    at beginWork (/home/stocks/algo/webapp/frontend/node_modules/react-dom/cjs/react-dom.development.js:21640:16)
    at HTMLUnknownElement.callCallback (/home/stocks/algo/webapp/frontend/node_modules/react-dom/cjs/react-dom.development.js:4164:14)
    at HTMLUnknownElement.callTheUserObjectsOperation (/home/stocks/algo/webapp/frontend/node_modules/jsdom/lib/jsdom/living/generated/EventListener.js:26:30)
    at innerInvokeEventListeners (/home/stocks/algo/webapp/frontend/node_modules/jsdom/lib/jsdom/living/events/EventTarget-impl.js:350:25)
    at invokeEventListeners (/home/stocks/algo/webapp/frontend/node_modules/jsdom/lib/jsdom/living/events/EventTarget-impl.js:286:3)
    at HTMLUnknownElementImpl._dispatch (/home/stocks/algo/webapp/frontend/node_modules/jsdom/lib/jsdom/living/events/EventTarget-impl.js:233:9)
    at HTMLUnknownElementImpl.dispatchEvent (/home/stocks/algo/webapp/frontend/node_modules/jsdom/lib/jsdom/living/events/EventTarget-impl.js:104:17)
Error: Uncaught [TypeError: portfolioData.map is not a function]
    at reportException (/home/stocks/algo/webapp/frontend/node_modules/jsdom/lib/jsdom/living/helpers/runtime-script-errors.js:66:24)
    at innerInvokeEventListeners (/home/stocks/algo/webapp/frontend/node_modules/jsdom/lib/jsdom/living/events/EventTarget-impl.js:353:9)
    at invokeEventListeners (/home/stocks/algo/webapp/frontend/node_modules/jsdom/lib/jsdom/living/events/EventTarget-impl.js:286:3)
    at HTMLUnknownElementImpl._dispatch (/home/stocks/algo/webapp/frontend/node_modules/jsdom/lib/jsdom/living/events/EventTarget-impl.js:233:9)
    at HTMLUnknownElementImpl.dispatchEvent (/home/stocks/algo/webapp/frontend/node_modules/jsdom/lib/jsdom/living/events/EventTarget-impl.js:104:17)
    at HTMLUnknownElement.dispatchEvent (/home/stocks/algo/webapp/frontend/node_modules/jsdom/lib/jsdom/living/generated/EventTarget.js:241:34)
    at Object.invokeGuardedCallbackDev (/home/stocks/algo/webapp/frontend/node_modules/react-dom/cjs/react-dom.development.js:4213:16)
    at invokeGuardedCallback (/home/stocks/algo/webapp/frontend/node_modules/react-dom/cjs/react-dom.development.js:4277:31)
    at beginWork$1 (/home/stocks/algo/webapp/frontend/node_modules/react-dom/cjs/react-dom.development.js:27490:7)
    at performUnitOfWork (/home/stocks/algo/webapp/frontend/node_modules/react-dom/cjs/react-dom.development.js:26599:12) TypeError: portfolioData.map is not a function
    at PortfolioManager (/home/stocks/algo/webapp/frontend/src/components/PortfolioManager.jsx:434:30)
    at renderWithHooks (/home/stocks/algo/webapp/frontend/node_modules/react-dom/cjs/react-dom.development.js:15486:18)
    at updateFunctionComponent (/home/stocks/algo/webapp/frontend/node_modules/react-dom/cjs/react-dom.development.js:19617:20)
    at beginWork (/home/stocks/algo/webapp/frontend/node_modules/react-dom/cjs/react-dom.development.js:21640:16)
    at HTMLUnknownElement.callCallback (/home/stocks/algo/webapp/frontend/node_modules/react-dom/cjs/react-dom.development.js:4164:14)
    at HTMLUnknownElement.callTheUserObjectsOperation (/home/stocks/algo/webapp/frontend/node_modules/jsdom/lib/jsdom/living/generated/EventListener.js:26:30)
    at innerInvokeEventListeners (/home/stocks/algo/webapp/frontend/node_modules/jsdom/lib/jsdom/living/events/EventTarget-impl.js:350:25)
    at invokeEventListeners (/home/stocks/algo/webapp/frontend/node_modules/jsdom/lib/jsdom/living/events/EventTarget-impl.js:286:3)
    at HTMLUnknownElementImpl._dispatch (/home/stocks/algo/webapp/frontend/node_modules/jsdom/lib/jsdom/living/events/EventTarget-impl.js:233:9)
    at HTMLUnknownElementImpl.dispatchEvent (/home/stocks/algo/webapp/frontend/node_modules/jsdom/lib/jsdom/living/events/EventTarget-impl.js:104:17)

Error: Uncaught [TypeError: portfolioData.map is not a function]
    at reportException (/home/stocks/algo/webapp/frontend/node_modules/jsdom/lib/jsdom/living/helpers/runtime-script-errors.js:66:24)
    at innerInvokeEventListeners (/home/stocks/algo/webapp/frontend/node_modules/jsdom/lib/jsdom/living/events/EventTarget-impl.js:353:9)
    at invokeEventListeners (/home/stocks/algo/webapp/frontend/node_modules/jsdom/lib/jsdom/living/events/EventTarget-impl.js:286:3)
    at HTMLUnknownElementImpl._dispatch (/home/stocks/algo/webapp/frontend/node_modules/jsdom/lib/jsdom/living/events/EventTarget-impl.js:233:9)
    at HTMLUnknownElementImpl.dispatchEvent (/home/stocks/algo/webapp/frontend/node_modules/jsdom/lib/jsdom/living/events/EventTarget-impl.js:104:17)
    at HTMLUnknownElement.dispatchEvent (/home/stocks/algo/webapp/frontend/node_modules/jsdom/lib/jsdom/living/generated/EventTarget.js:241:34)
    at Object.invokeGuardedCallbackDev (/home/stocks/algo/webapp/frontend/node_modules/react-dom/cjs/react-dom.development.js:4213:16)
    at invokeGuardedCallback (/home/stocks/algo/webapp/frontend/node_modules/react-dom/cjs/react-dom.development.js:4277:31)
    at beginWork$1 (/home/stocks/algo/webapp/frontend/node_modules/react-dom/cjs/react-dom.development.js:27490:7)
    at performUnitOfWork (/home/stocks/algo/webapp/frontend/node_modules/react-dom/cjs/react-dom.development.js:26599:12) TypeError: portfolioData.map is not a function
    at PortfolioManager (/home/stocks/algo/webapp/frontend/src/components/PortfolioManager.jsx:434:30)
    at renderWithHooks (/home/stocks/algo/webapp/frontend/node_modules/react-dom/cjs/react-dom.development.js:15486:18)
    at updateFunctionComponent (/home/stocks/algo/webapp/frontend/node_modules/react-dom/cjs/react-dom.development.js:19617:20)
    at beginWork (/home/stocks/algo/webapp/frontend/node_modules/react-dom/cjs/react-dom.development.js:21640:16)
    at HTMLUnknownElement.callCallback (/home/stocks/algo/webapp/frontend/node_modules/react-dom/cjs/react-dom.development.js:4164:14)
    at HTMLUnknownElement.callTheUserObjectsOperation (/home/stocks/algo/webapp/frontend/node_modules/jsdom/lib/jsdom/living/generated/EventListener.js:26:30)
    at innerInvokeEventListeners (/home/stocks/algo/webapp/frontend/node_modules/jsdom/lib/jsdom/living/events/EventTarget-impl.js:350:25)
    at invokeEventListeners (/home/stocks/algo/webapp/frontend/node_modules/jsdom/lib/jsdom/living/events/EventTarget-impl.js:286:3)
    at HTMLUnknownElementImpl._dispatch (/home/stocks/algo/webapp/frontend/node_modules/jsdom/lib/jsdom/living/events/EventTarget-impl.js:233:9)
    at HTMLUnknownElementImpl.dispatchEvent (/home/stocks/algo/webapp/frontend/node_modules/jsdom/lib/jsdom/living/events/EventTarget-impl.js:104:17)
Error: Uncaught [TypeError: portfolioData.map is not a function]
    at reportException (/home/stocks/algo/webapp/frontend/node_modules/jsdom/lib/jsdom/living/helpers/runtime-script-errors.js:66:24)
    at innerInvokeEventListeners (/home/stocks/algo/webapp/frontend/node_modules/jsdom/lib/jsdom/living/events/EventTarget-impl.js:353:9)
    at invokeEventListeners (/home/stocks/algo/webapp/frontend/node_modules/jsdom/lib/jsdom/living/events/EventTarget-impl.js:286:3)
    at HTMLUnknownElementImpl._dispatch (/home/stocks/algo/webapp/frontend/node_modules/jsdom/lib/jsdom/living/events/EventTarget-impl.js:233:9)
    at HTMLUnknownElementImpl.dispatchEvent (/home/stocks/algo/webapp/frontend/node_modules/jsdom/lib/jsdom/living/events/EventTarget-impl.js:104:17)
    at HTMLUnknownElement.dispatchEvent (/home/stocks/algo/webapp/frontend/node_modules/jsdom/lib/jsdom/living/generated/EventTarget.js:241:34)
    at Object.invokeGuardedCallbackDev (/home/stocks/algo/webapp/frontend/node_modules/react-dom/cjs/react-dom.development.js:4213:16)
    at invokeGuardedCallback (/home/stocks/algo/webapp/frontend/node_modules/react-dom/cjs/react-dom.development.js:4277:31)
    at beginWork$1 (/home/stocks/algo/webapp/frontend/node_modules/react-dom/cjs/react-dom.development.js:27490:7)
    at performUnitOfWork (/home/stocks/algo/webapp/frontend/node_modules/react-dom/cjs/react-dom.development.js:26599:12) TypeError: portfolioData.map is not a function
    at PortfolioManager (/home/stocks/algo/webapp/frontend/src/components/PortfolioManager.jsx:434:30)
    at renderWithHooks (/home/stocks/algo/webapp/frontend/node_modules/react-dom/cjs/react-dom.development.js:15486:18)
    at updateFunctionComponent (/home/stocks/algo/webapp/frontend/node_modules/react-dom/cjs/react-dom.development.js:19617:20)
    at beginWork (/home/stocks/algo/webapp/frontend/node_modules/react-dom/cjs/react-dom.development.js:21640:16)
    at HTMLUnknownElement.callCallback (/home/stocks/algo/webapp/frontend/node_modules/react-dom/cjs/react-dom.development.js:4164:14)
    at HTMLUnknownElement.callTheUserObjectsOperation (/home/stocks/algo/webapp/frontend/node_modules/jsdom/lib/jsdom/living/generated/EventListener.js:26:30)
    at innerInvokeEventListeners (/home/stocks/algo/webapp/frontend/node_modules/jsdom/lib/jsdom/living/events/EventTarget-impl.js:350:25)
    at invokeEventListeners (/home/stocks/algo/webapp/frontend/node_modules/jsdom/lib/jsdom/living/events/EventTarget-impl.js:286:3)
    at HTMLUnknownElementImpl._dispatch (/home/stocks/algo/webapp/frontend/node_modules/jsdom/lib/jsdom/living/events/EventTarget-impl.js:233:9)
    at HTMLUnknownElementImpl.dispatchEvent (/home/stocks/algo/webapp/frontend/node_modules/jsdom/lib/jsdom/living/events/EventTarget-impl.js:104:17)

            </system-err>
            <failure message="Unable to find an element with the text: Portfolio Overview. This could be because the text is broken up by multiple elements. In this case, you can provide a function for your text matcher to make your matcher more flexible.

Ignored nodes: comments, script, style
[36m&lt;body&gt;[39m
  [36m&lt;div /&gt;[39m
[36m&lt;/body&gt;[39m

Ignored nodes: comments, script, style
[36m&lt;html&gt;[39m
  [36m&lt;head /&gt;[39m
  [36m&lt;body&gt;[39m
    [36m&lt;div /&gt;[39m
  [36m&lt;/body&gt;[39m
[36m&lt;/html&gt;[39m..." type="TestingLibraryElementError">
TestingLibraryElementError: Unable to find an element with the text: Portfolio Overview. This could be because the text is broken up by multiple elements. In this case, you can provide a function for your text matcher to make your matcher more flexible.

Ignored nodes: comments, script, style
&lt;body&gt;
  &lt;div /&gt;
&lt;/body&gt;

Ignored nodes: comments, script, style
&lt;html&gt;
  &lt;head /&gt;
  &lt;body&gt;
    &lt;div /&gt;
  &lt;/body&gt;
&lt;/html&gt;...
 ❯ Proxy.waitForWrapper node_modules/@testing-library/react/node_modules/@testing-library/dom/dist/wait-for.js:163:27
 ❯ src/tests/unit/components/real-portfolio-manager.test.jsx:283:13
            </failure>
            <failure message="Unable to find an element with the text: Portfolio Overview. This could be because the text is broken up by multiple elements. In this case, you can provide a function for your text matcher to make your matcher more flexible.

Ignored nodes: comments, script, style
[36m&lt;body&gt;[39m
  [36m&lt;div /&gt;[39m
[36m&lt;/body&gt;[39m

Ignored nodes: comments, script, style
[36m&lt;html&gt;[39m
  [36m&lt;head /&gt;[39m
  [36m&lt;body&gt;[39m
    [36m&lt;div /&gt;[39m
  [36m&lt;/body&gt;[39m
[36m&lt;/html&gt;[39m..." type="TestingLibraryElementError">
TestingLibraryElementError: Unable to find an element with the text: Portfolio Overview. This could be because the text is broken up by multiple elements. In this case, you can provide a function for your text matcher to make your matcher more flexible.

Ignored nodes: comments, script, style
&lt;body&gt;
  &lt;div /&gt;
&lt;/body&gt;

Ignored nodes: comments, script, style
&lt;html&gt;
  &lt;head /&gt;
  &lt;body&gt;
    &lt;div /&gt;
  &lt;/body&gt;
&lt;/html&gt;...
 ❯ Proxy.waitForWrapper node_modules/@testing-library/react/node_modules/@testing-library/dom/dist/wait-for.js:163:27
 ❯ src/tests/unit/components/real-portfolio-manager.test.jsx:283:13
            </failure>
            <failure message="Unable to find an element with the text: Portfolio Overview. This could be because the text is broken up by multiple elements. In this case, you can provide a function for your text matcher to make your matcher more flexible.

Ignored nodes: comments, script, style
[36m&lt;body&gt;[39m
  [36m&lt;div /&gt;[39m
[36m&lt;/body&gt;[39m

Ignored nodes: comments, script, style
[36m&lt;html&gt;[39m
  [36m&lt;head /&gt;[39m
  [36m&lt;body&gt;[39m
    [36m&lt;div /&gt;[39m
  [36m&lt;/body&gt;[39m
[36m&lt;/html&gt;[39m..." type="TestingLibraryElementError">
TestingLibraryElementError: Unable to find an element with the text: Portfolio Overview. This could be because the text is broken up by multiple elements. In this case, you can provide a function for your text matcher to make your matcher more flexible.

Ignored nodes: comments, script, style
&lt;body&gt;
  &lt;div /&gt;
&lt;/body&gt;

Ignored nodes: comments, script, style
&lt;html&gt;
  &lt;head /&gt;
  &lt;body&gt;
    &lt;div /&gt;
  &lt;/body&gt;
&lt;/html&gt;...
 ❯ Proxy.waitForWrapper node_modules/@testing-library/react/node_modules/@testing-library/dom/dist/wait-for.js:163:27
 ❯ src/tests/unit/components/real-portfolio-manager.test.jsx:283:13
            </failure>
        </testcase>
        <testcase classname="src/tests/unit/components/real-portfolio-manager.test.jsx" name="💼 Real PortfolioManager Component &gt; Edit and Delete Holdings &gt; should show edit and delete buttons for each holding" time="3.022">
            <system-err>
Error: Uncaught [TypeError: portfolioData.map is not a function]
    at reportException (/home/stocks/algo/webapp/frontend/node_modules/jsdom/lib/jsdom/living/helpers/runtime-script-errors.js:66:24)
    at innerInvokeEventListeners (/home/stocks/algo/webapp/frontend/node_modules/jsdom/lib/jsdom/living/events/EventTarget-impl.js:353:9)
    at invokeEventListeners (/home/stocks/algo/webapp/frontend/node_modules/jsdom/lib/jsdom/living/events/EventTarget-impl.js:286:3)
    at HTMLUnknownElementImpl._dispatch (/home/stocks/algo/webapp/frontend/node_modules/jsdom/lib/jsdom/living/events/EventTarget-impl.js:233:9)
    at HTMLUnknownElementImpl.dispatchEvent (/home/stocks/algo/webapp/frontend/node_modules/jsdom/lib/jsdom/living/events/EventTarget-impl.js:104:17)
    at HTMLUnknownElement.dispatchEvent (/home/stocks/algo/webapp/frontend/node_modules/jsdom/lib/jsdom/living/generated/EventTarget.js:241:34)
    at Object.invokeGuardedCallbackDev (/home/stocks/algo/webapp/frontend/node_modules/react-dom/cjs/react-dom.development.js:4213:16)
    at invokeGuardedCallback (/home/stocks/algo/webapp/frontend/node_modules/react-dom/cjs/react-dom.development.js:4277:31)
    at beginWork$1 (/home/stocks/algo/webapp/frontend/node_modules/react-dom/cjs/react-dom.development.js:27490:7)
    at performUnitOfWork (/home/stocks/algo/webapp/frontend/node_modules/react-dom/cjs/react-dom.development.js:26599:12) TypeError: portfolioData.map is not a function
    at PortfolioManager (/home/stocks/algo/webapp/frontend/src/components/PortfolioManager.jsx:434:30)
    at renderWithHooks (/home/stocks/algo/webapp/frontend/node_modules/react-dom/cjs/react-dom.development.js:15486:18)
    at updateFunctionComponent (/home/stocks/algo/webapp/frontend/node_modules/react-dom/cjs/react-dom.development.js:19617:20)
    at beginWork (/home/stocks/algo/webapp/frontend/node_modules/react-dom/cjs/react-dom.development.js:21640:16)
    at HTMLUnknownElement.callCallback (/home/stocks/algo/webapp/frontend/node_modules/react-dom/cjs/react-dom.development.js:4164:14)
    at HTMLUnknownElement.callTheUserObjectsOperation (/home/stocks/algo/webapp/frontend/node_modules/jsdom/lib/jsdom/living/generated/EventListener.js:26:30)
    at innerInvokeEventListeners (/home/stocks/algo/webapp/frontend/node_modules/jsdom/lib/jsdom/living/events/EventTarget-impl.js:350:25)
    at invokeEventListeners (/home/stocks/algo/webapp/frontend/node_modules/jsdom/lib/jsdom/living/events/EventTarget-impl.js:286:3)
    at HTMLUnknownElementImpl._dispatch (/home/stocks/algo/webapp/frontend/node_modules/jsdom/lib/jsdom/living/events/EventTarget-impl.js:233:9)
    at HTMLUnknownElementImpl.dispatchEvent (/home/stocks/algo/webapp/frontend/node_modules/jsdom/lib/jsdom/living/events/EventTarget-impl.js:104:17)
Error: Uncaught [TypeError: portfolioData.map is not a function]
    at reportException (/home/stocks/algo/webapp/frontend/node_modules/jsdom/lib/jsdom/living/helpers/runtime-script-errors.js:66:24)
    at innerInvokeEventListeners (/home/stocks/algo/webapp/frontend/node_modules/jsdom/lib/jsdom/living/events/EventTarget-impl.js:353:9)
    at invokeEventListeners (/home/stocks/algo/webapp/frontend/node_modules/jsdom/lib/jsdom/living/events/EventTarget-impl.js:286:3)
    at HTMLUnknownElementImpl._dispatch (/home/stocks/algo/webapp/frontend/node_modules/jsdom/lib/jsdom/living/events/EventTarget-impl.js:233:9)
    at HTMLUnknownElementImpl.dispatchEvent (/home/stocks/algo/webapp/frontend/node_modules/jsdom/lib/jsdom/living/events/EventTarget-impl.js:104:17)
    at HTMLUnknownElement.dispatchEvent (/home/stocks/algo/webapp/frontend/node_modules/jsdom/lib/jsdom/living/generated/EventTarget.js:241:34)
    at Object.invokeGuardedCallbackDev (/home/stocks/algo/webapp/frontend/node_modules/react-dom/cjs/react-dom.development.js:4213:16)
    at invokeGuardedCallback (/home/stocks/algo/webapp/frontend/node_modules/react-dom/cjs/react-dom.development.js:4277:31)
    at beginWork$1 (/home/stocks/algo/webapp/frontend/node_modules/react-dom/cjs/react-dom.development.js:27490:7)
    at performUnitOfWork (/home/stocks/algo/webapp/frontend/node_modules/react-dom/cjs/react-dom.development.js:26599:12) TypeError: portfolioData.map is not a function
    at PortfolioManager (/home/stocks/algo/webapp/frontend/src/components/PortfolioManager.jsx:434:30)
    at renderWithHooks (/home/stocks/algo/webapp/frontend/node_modules/react-dom/cjs/react-dom.development.js:15486:18)
    at updateFunctionComponent (/home/stocks/algo/webapp/frontend/node_modules/react-dom/cjs/react-dom.development.js:19617:20)
    at beginWork (/home/stocks/algo/webapp/frontend/node_modules/react-dom/cjs/react-dom.development.js:21640:16)
    at HTMLUnknownElement.callCallback (/home/stocks/algo/webapp/frontend/node_modules/react-dom/cjs/react-dom.development.js:4164:14)
    at HTMLUnknownElement.callTheUserObjectsOperation (/home/stocks/algo/webapp/frontend/node_modules/jsdom/lib/jsdom/living/generated/EventListener.js:26:30)
    at innerInvokeEventListeners (/home/stocks/algo/webapp/frontend/node_modules/jsdom/lib/jsdom/living/events/EventTarget-impl.js:350:25)
    at invokeEventListeners (/home/stocks/algo/webapp/frontend/node_modules/jsdom/lib/jsdom/living/events/EventTarget-impl.js:286:3)
    at HTMLUnknownElementImpl._dispatch (/home/stocks/algo/webapp/frontend/node_modules/jsdom/lib/jsdom/living/events/EventTarget-impl.js:233:9)
    at HTMLUnknownElementImpl.dispatchEvent (/home/stocks/algo/webapp/frontend/node_modules/jsdom/lib/jsdom/living/events/EventTarget-impl.js:104:17)

Error: Uncaught [TypeError: portfolioData.map is not a function]
    at reportException (/home/stocks/algo/webapp/frontend/node_modules/jsdom/lib/jsdom/living/helpers/runtime-script-errors.js:66:24)
    at innerInvokeEventListeners (/home/stocks/algo/webapp/frontend/node_modules/jsdom/lib/jsdom/living/events/EventTarget-impl.js:353:9)
    at invokeEventListeners (/home/stocks/algo/webapp/frontend/node_modules/jsdom/lib/jsdom/living/events/EventTarget-impl.js:286:3)
    at HTMLUnknownElementImpl._dispatch (/home/stocks/algo/webapp/frontend/node_modules/jsdom/lib/jsdom/living/events/EventTarget-impl.js:233:9)
    at HTMLUnknownElementImpl.dispatchEvent (/home/stocks/algo/webapp/frontend/node_modules/jsdom/lib/jsdom/living/events/EventTarget-impl.js:104:17)
    at HTMLUnknownElement.dispatchEvent (/home/stocks/algo/webapp/frontend/node_modules/jsdom/lib/jsdom/living/generated/EventTarget.js:241:34)
    at Object.invokeGuardedCallbackDev (/home/stocks/algo/webapp/frontend/node_modules/react-dom/cjs/react-dom.development.js:4213:16)
    at invokeGuardedCallback (/home/stocks/algo/webapp/frontend/node_modules/react-dom/cjs/react-dom.development.js:4277:31)
    at beginWork$1 (/home/stocks/algo/webapp/frontend/node_modules/react-dom/cjs/react-dom.development.js:27490:7)
    at performUnitOfWork (/home/stocks/algo/webapp/frontend/node_modules/react-dom/cjs/react-dom.development.js:26599:12) TypeError: portfolioData.map is not a function
    at PortfolioManager (/home/stocks/algo/webapp/frontend/src/components/PortfolioManager.jsx:434:30)
    at renderWithHooks (/home/stocks/algo/webapp/frontend/node_modules/react-dom/cjs/react-dom.development.js:15486:18)
    at updateFunctionComponent (/home/stocks/algo/webapp/frontend/node_modules/react-dom/cjs/react-dom.development.js:19617:20)
    at beginWork (/home/stocks/algo/webapp/frontend/node_modules/react-dom/cjs/react-dom.development.js:21640:16)
    at HTMLUnknownElement.callCallback (/home/stocks/algo/webapp/frontend/node_modules/react-dom/cjs/react-dom.development.js:4164:14)
    at HTMLUnknownElement.callTheUserObjectsOperation (/home/stocks/algo/webapp/frontend/node_modules/jsdom/lib/jsdom/living/generated/EventListener.js:26:30)
    at innerInvokeEventListeners (/home/stocks/algo/webapp/frontend/node_modules/jsdom/lib/jsdom/living/events/EventTarget-impl.js:350:25)
    at invokeEventListeners (/home/stocks/algo/webapp/frontend/node_modules/jsdom/lib/jsdom/living/events/EventTarget-impl.js:286:3)
    at HTMLUnknownElementImpl._dispatch (/home/stocks/algo/webapp/frontend/node_modules/jsdom/lib/jsdom/living/events/EventTarget-impl.js:233:9)
    at HTMLUnknownElementImpl.dispatchEvent (/home/stocks/algo/webapp/frontend/node_modules/jsdom/lib/jsdom/living/events/EventTarget-impl.js:104:17)
Error: Uncaught [TypeError: portfolioData.map is not a function]
    at reportException (/home/stocks/algo/webapp/frontend/node_modules/jsdom/lib/jsdom/living/helpers/runtime-script-errors.js:66:24)
    at innerInvokeEventListeners (/home/stocks/algo/webapp/frontend/node_modules/jsdom/lib/jsdom/living/events/EventTarget-impl.js:353:9)
    at invokeEventListeners (/home/stocks/algo/webapp/frontend/node_modules/jsdom/lib/jsdom/living/events/EventTarget-impl.js:286:3)
    at HTMLUnknownElementImpl._dispatch (/home/stocks/algo/webapp/frontend/node_modules/jsdom/lib/jsdom/living/events/EventTarget-impl.js:233:9)
    at HTMLUnknownElementImpl.dispatchEvent (/home/stocks/algo/webapp/frontend/node_modules/jsdom/lib/jsdom/living/events/EventTarget-impl.js:104:17)
    at HTMLUnknownElement.dispatchEvent (/home/stocks/algo/webapp/frontend/node_modules/jsdom/lib/jsdom/living/generated/EventTarget.js:241:34)
    at Object.invokeGuardedCallbackDev (/home/stocks/algo/webapp/frontend/node_modules/react-dom/cjs/react-dom.development.js:4213:16)
    at invokeGuardedCallback (/home/stocks/algo/webapp/frontend/node_modules/react-dom/cjs/react-dom.development.js:4277:31)
    at beginWork$1 (/home/stocks/algo/webapp/frontend/node_modules/react-dom/cjs/react-dom.development.js:27490:7)
    at performUnitOfWork (/home/stocks/algo/webapp/frontend/node_modules/react-dom/cjs/react-dom.development.js:26599:12) TypeError: portfolioData.map is not a function
    at PortfolioManager (/home/stocks/algo/webapp/frontend/src/components/PortfolioManager.jsx:434:30)
    at renderWithHooks (/home/stocks/algo/webapp/frontend/node_modules/react-dom/cjs/react-dom.development.js:15486:18)
    at updateFunctionComponent (/home/stocks/algo/webapp/frontend/node_modules/react-dom/cjs/react-dom.development.js:19617:20)
    at beginWork (/home/stocks/algo/webapp/frontend/node_modules/react-dom/cjs/react-dom.development.js:21640:16)
    at HTMLUnknownElement.callCallback (/home/stocks/algo/webapp/frontend/node_modules/react-dom/cjs/react-dom.development.js:4164:14)
    at HTMLUnknownElement.callTheUserObjectsOperation (/home/stocks/algo/webapp/frontend/node_modules/jsdom/lib/jsdom/living/generated/EventListener.js:26:30)
    at innerInvokeEventListeners (/home/stocks/algo/webapp/frontend/node_modules/jsdom/lib/jsdom/living/events/EventTarget-impl.js:350:25)
    at invokeEventListeners (/home/stocks/algo/webapp/frontend/node_modules/jsdom/lib/jsdom/living/events/EventTarget-impl.js:286:3)
    at HTMLUnknownElementImpl._dispatch (/home/stocks/algo/webapp/frontend/node_modules/jsdom/lib/jsdom/living/events/EventTarget-impl.js:233:9)
    at HTMLUnknownElementImpl.dispatchEvent (/home/stocks/algo/webapp/frontend/node_modules/jsdom/lib/jsdom/living/events/EventTarget-impl.js:104:17)

Error: Uncaught [TypeError: portfolioData.map is not a function]
    at reportException (/home/stocks/algo/webapp/frontend/node_modules/jsdom/lib/jsdom/living/helpers/runtime-script-errors.js:66:24)
    at innerInvokeEventListeners (/home/stocks/algo/webapp/frontend/node_modules/jsdom/lib/jsdom/living/events/EventTarget-impl.js:353:9)
    at invokeEventListeners (/home/stocks/algo/webapp/frontend/node_modules/jsdom/lib/jsdom/living/events/EventTarget-impl.js:286:3)
    at HTMLUnknownElementImpl._dispatch (/home/stocks/algo/webapp/frontend/node_modules/jsdom/lib/jsdom/living/events/EventTarget-impl.js:233:9)
    at HTMLUnknownElementImpl.dispatchEvent (/home/stocks/algo/webapp/frontend/node_modules/jsdom/lib/jsdom/living/events/EventTarget-impl.js:104:17)
    at HTMLUnknownElement.dispatchEvent (/home/stocks/algo/webapp/frontend/node_modules/jsdom/lib/jsdom/living/generated/EventTarget.js:241:34)
    at Object.invokeGuardedCallbackDev (/home/stocks/algo/webapp/frontend/node_modules/react-dom/cjs/react-dom.development.js:4213:16)
    at invokeGuardedCallback (/home/stocks/algo/webapp/frontend/node_modules/react-dom/cjs/react-dom.development.js:4277:31)
    at beginWork$1 (/home/stocks/algo/webapp/frontend/node_modules/react-dom/cjs/react-dom.development.js:27490:7)
    at performUnitOfWork (/home/stocks/algo/webapp/frontend/node_modules/react-dom/cjs/react-dom.development.js:26599:12) TypeError: portfolioData.map is not a function
    at PortfolioManager (/home/stocks/algo/webapp/frontend/src/components/PortfolioManager.jsx:434:30)
    at renderWithHooks (/home/stocks/algo/webapp/frontend/node_modules/react-dom/cjs/react-dom.development.js:15486:18)
    at updateFunctionComponent (/home/stocks/algo/webapp/frontend/node_modules/react-dom/cjs/react-dom.development.js:19617:20)
    at beginWork (/home/stocks/algo/webapp/frontend/node_modules/react-dom/cjs/react-dom.development.js:21640:16)
    at HTMLUnknownElement.callCallback (/home/stocks/algo/webapp/frontend/node_modules/react-dom/cjs/react-dom.development.js:4164:14)
    at HTMLUnknownElement.callTheUserObjectsOperation (/home/stocks/algo/webapp/frontend/node_modules/jsdom/lib/jsdom/living/generated/EventListener.js:26:30)
    at innerInvokeEventListeners (/home/stocks/algo/webapp/frontend/node_modules/jsdom/lib/jsdom/living/events/EventTarget-impl.js:350:25)
    at invokeEventListeners (/home/stocks/algo/webapp/frontend/node_modules/jsdom/lib/jsdom/living/events/EventTarget-impl.js:286:3)
    at HTMLUnknownElementImpl._dispatch (/home/stocks/algo/webapp/frontend/node_modules/jsdom/lib/jsdom/living/events/EventTarget-impl.js:233:9)
    at HTMLUnknownElementImpl.dispatchEvent (/home/stocks/algo/webapp/frontend/node_modules/jsdom/lib/jsdom/living/events/EventTarget-impl.js:104:17)
Error: Uncaught [TypeError: portfolioData.map is not a function]
    at reportException (/home/stocks/algo/webapp/frontend/node_modules/jsdom/lib/jsdom/living/helpers/runtime-script-errors.js:66:24)
    at innerInvokeEventListeners (/home/stocks/algo/webapp/frontend/node_modules/jsdom/lib/jsdom/living/events/EventTarget-impl.js:353:9)
    at invokeEventListeners (/home/stocks/algo/webapp/frontend/node_modules/jsdom/lib/jsdom/living/events/EventTarget-impl.js:286:3)
    at HTMLUnknownElementImpl._dispatch (/home/stocks/algo/webapp/frontend/node_modules/jsdom/lib/jsdom/living/events/EventTarget-impl.js:233:9)
    at HTMLUnknownElementImpl.dispatchEvent (/home/stocks/algo/webapp/frontend/node_modules/jsdom/lib/jsdom/living/events/EventTarget-impl.js:104:17)
    at HTMLUnknownElement.dispatchEvent (/home/stocks/algo/webapp/frontend/node_modules/jsdom/lib/jsdom/living/generated/EventTarget.js:241:34)
    at Object.invokeGuardedCallbackDev (/home/stocks/algo/webapp/frontend/node_modules/react-dom/cjs/react-dom.development.js:4213:16)
    at invokeGuardedCallback (/home/stocks/algo/webapp/frontend/node_modules/react-dom/cjs/react-dom.development.js:4277:31)
    at beginWork$1 (/home/stocks/algo/webapp/frontend/node_modules/react-dom/cjs/react-dom.development.js:27490:7)
    at performUnitOfWork (/home/stocks/algo/webapp/frontend/node_modules/react-dom/cjs/react-dom.development.js:26599:12) TypeError: portfolioData.map is not a function
    at PortfolioManager (/home/stocks/algo/webapp/frontend/src/components/PortfolioManager.jsx:434:30)
    at renderWithHooks (/home/stocks/algo/webapp/frontend/node_modules/react-dom/cjs/react-dom.development.js:15486:18)
    at updateFunctionComponent (/home/stocks/algo/webapp/frontend/node_modules/react-dom/cjs/react-dom.development.js:19617:20)
    at beginWork (/home/stocks/algo/webapp/frontend/node_modules/react-dom/cjs/react-dom.development.js:21640:16)
    at HTMLUnknownElement.callCallback (/home/stocks/algo/webapp/frontend/node_modules/react-dom/cjs/react-dom.development.js:4164:14)
    at HTMLUnknownElement.callTheUserObjectsOperation (/home/stocks/algo/webapp/frontend/node_modules/jsdom/lib/jsdom/living/generated/EventListener.js:26:30)
    at innerInvokeEventListeners (/home/stocks/algo/webapp/frontend/node_modules/jsdom/lib/jsdom/living/events/EventTarget-impl.js:350:25)
    at invokeEventListeners (/home/stocks/algo/webapp/frontend/node_modules/jsdom/lib/jsdom/living/events/EventTarget-impl.js:286:3)
    at HTMLUnknownElementImpl._dispatch (/home/stocks/algo/webapp/frontend/node_modules/jsdom/lib/jsdom/living/events/EventTarget-impl.js:233:9)
    at HTMLUnknownElementImpl.dispatchEvent (/home/stocks/algo/webapp/frontend/node_modules/jsdom/lib/jsdom/living/events/EventTarget-impl.js:104:17)

            </system-err>
            <failure message="Unable to find an element with the text: Portfolio Overview. This could be because the text is broken up by multiple elements. In this case, you can provide a function for your text matcher to make your matcher more flexible.

Ignored nodes: comments, script, style
[36m&lt;body&gt;[39m
  [36m&lt;div /&gt;[39m
[36m&lt;/body&gt;[39m

Ignored nodes: comments, script, style
[36m&lt;html&gt;[39m
  [36m&lt;head /&gt;[39m
  [36m&lt;body&gt;[39m
    [36m&lt;div /&gt;[39m
  [36m&lt;/body&gt;[39m
[36m&lt;/html&gt;[39m..." type="TestingLibraryElementError">
TestingLibraryElementError: Unable to find an element with the text: Portfolio Overview. This could be because the text is broken up by multiple elements. In this case, you can provide a function for your text matcher to make your matcher more flexible.

Ignored nodes: comments, script, style
&lt;body&gt;
  &lt;div /&gt;
&lt;/body&gt;

Ignored nodes: comments, script, style
&lt;html&gt;
  &lt;head /&gt;
  &lt;body&gt;
    &lt;div /&gt;
  &lt;/body&gt;
&lt;/html&gt;...
 ❯ Proxy.waitForWrapper node_modules/@testing-library/react/node_modules/@testing-library/dom/dist/wait-for.js:163:27
 ❯ src/tests/unit/components/real-portfolio-manager.test.jsx:365:13
            </failure>
            <failure message="Unable to find an element with the text: Portfolio Overview. This could be because the text is broken up by multiple elements. In this case, you can provide a function for your text matcher to make your matcher more flexible.

Ignored nodes: comments, script, style
[36m&lt;body&gt;[39m
  [36m&lt;div /&gt;[39m
[36m&lt;/body&gt;[39m

Ignored nodes: comments, script, style
[36m&lt;html&gt;[39m
  [36m&lt;head /&gt;[39m
  [36m&lt;body&gt;[39m
    [36m&lt;div /&gt;[39m
  [36m&lt;/body&gt;[39m
[36m&lt;/html&gt;[39m..." type="TestingLibraryElementError">
TestingLibraryElementError: Unable to find an element with the text: Portfolio Overview. This could be because the text is broken up by multiple elements. In this case, you can provide a function for your text matcher to make your matcher more flexible.

Ignored nodes: comments, script, style
&lt;body&gt;
  &lt;div /&gt;
&lt;/body&gt;

Ignored nodes: comments, script, style
&lt;html&gt;
  &lt;head /&gt;
  &lt;body&gt;
    &lt;div /&gt;
  &lt;/body&gt;
&lt;/html&gt;...
 ❯ Proxy.waitForWrapper node_modules/@testing-library/react/node_modules/@testing-library/dom/dist/wait-for.js:163:27
 ❯ src/tests/unit/components/real-portfolio-manager.test.jsx:365:13
            </failure>
            <failure message="Unable to find an element with the text: Portfolio Overview. This could be because the text is broken up by multiple elements. In this case, you can provide a function for your text matcher to make your matcher more flexible.

Ignored nodes: comments, script, style
[36m&lt;body&gt;[39m
  [36m&lt;div /&gt;[39m
[36m&lt;/body&gt;[39m

Ignored nodes: comments, script, style
[36m&lt;html&gt;[39m
  [36m&lt;head /&gt;[39m
  [36m&lt;body&gt;[39m
    [36m&lt;div /&gt;[39m
  [36m&lt;/body&gt;[39m
[36m&lt;/html&gt;[39m..." type="TestingLibraryElementError">
TestingLibraryElementError: Unable to find an element with the text: Portfolio Overview. This could be because the text is broken up by multiple elements. In this case, you can provide a function for your text matcher to make your matcher more flexible.

Ignored nodes: comments, script, style
&lt;body&gt;
  &lt;div /&gt;
&lt;/body&gt;

Ignored nodes: comments, script, style
&lt;html&gt;
  &lt;head /&gt;
  &lt;body&gt;
    &lt;div /&gt;
  &lt;/body&gt;
&lt;/html&gt;...
 ❯ Proxy.waitForWrapper node_modules/@testing-library/react/node_modules/@testing-library/dom/dist/wait-for.js:163:27
 ❯ src/tests/unit/components/real-portfolio-manager.test.jsx:365:13
            </failure>
        </testcase>
        <testcase classname="src/tests/unit/components/real-portfolio-manager.test.jsx" name="💼 Real PortfolioManager Component &gt; Edit and Delete Holdings &gt; should open edit dialog when edit button clicked" time="3.026">
            <system-err>
Error: Uncaught [TypeError: portfolioData.map is not a function]
    at reportException (/home/stocks/algo/webapp/frontend/node_modules/jsdom/lib/jsdom/living/helpers/runtime-script-errors.js:66:24)
    at innerInvokeEventListeners (/home/stocks/algo/webapp/frontend/node_modules/jsdom/lib/jsdom/living/events/EventTarget-impl.js:353:9)
    at invokeEventListeners (/home/stocks/algo/webapp/frontend/node_modules/jsdom/lib/jsdom/living/events/EventTarget-impl.js:286:3)
    at HTMLUnknownElementImpl._dispatch (/home/stocks/algo/webapp/frontend/node_modules/jsdom/lib/jsdom/living/events/EventTarget-impl.js:233:9)
    at HTMLUnknownElementImpl.dispatchEvent (/home/stocks/algo/webapp/frontend/node_modules/jsdom/lib/jsdom/living/events/EventTarget-impl.js:104:17)
    at HTMLUnknownElement.dispatchEvent (/home/stocks/algo/webapp/frontend/node_modules/jsdom/lib/jsdom/living/generated/EventTarget.js:241:34)
    at Object.invokeGuardedCallbackDev (/home/stocks/algo/webapp/frontend/node_modules/react-dom/cjs/react-dom.development.js:4213:16)
    at invokeGuardedCallback (/home/stocks/algo/webapp/frontend/node_modules/react-dom/cjs/react-dom.development.js:4277:31)
    at beginWork$1 (/home/stocks/algo/webapp/frontend/node_modules/react-dom/cjs/react-dom.development.js:27490:7)
    at performUnitOfWork (/home/stocks/algo/webapp/frontend/node_modules/react-dom/cjs/react-dom.development.js:26599:12) TypeError: portfolioData.map is not a function
    at PortfolioManager (/home/stocks/algo/webapp/frontend/src/components/PortfolioManager.jsx:434:30)
    at renderWithHooks (/home/stocks/algo/webapp/frontend/node_modules/react-dom/cjs/react-dom.development.js:15486:18)
    at updateFunctionComponent (/home/stocks/algo/webapp/frontend/node_modules/react-dom/cjs/react-dom.development.js:19617:20)
    at beginWork (/home/stocks/algo/webapp/frontend/node_modules/react-dom/cjs/react-dom.development.js:21640:16)
    at HTMLUnknownElement.callCallback (/home/stocks/algo/webapp/frontend/node_modules/react-dom/cjs/react-dom.development.js:4164:14)
    at HTMLUnknownElement.callTheUserObjectsOperation (/home/stocks/algo/webapp/frontend/node_modules/jsdom/lib/jsdom/living/generated/EventListener.js:26:30)
    at innerInvokeEventListeners (/home/stocks/algo/webapp/frontend/node_modules/jsdom/lib/jsdom/living/events/EventTarget-impl.js:350:25)
    at invokeEventListeners (/home/stocks/algo/webapp/frontend/node_modules/jsdom/lib/jsdom/living/events/EventTarget-impl.js:286:3)
    at HTMLUnknownElementImpl._dispatch (/home/stocks/algo/webapp/frontend/node_modules/jsdom/lib/jsdom/living/events/EventTarget-impl.js:233:9)
    at HTMLUnknownElementImpl.dispatchEvent (/home/stocks/algo/webapp/frontend/node_modules/jsdom/lib/jsdom/living/events/EventTarget-impl.js:104:17)
Error: Uncaught [TypeError: portfolioData.map is not a function]
    at reportException (/home/stocks/algo/webapp/frontend/node_modules/jsdom/lib/jsdom/living/helpers/runtime-script-errors.js:66:24)
    at innerInvokeEventListeners (/home/stocks/algo/webapp/frontend/node_modules/jsdom/lib/jsdom/living/events/EventTarget-impl.js:353:9)
    at invokeEventListeners (/home/stocks/algo/webapp/frontend/node_modules/jsdom/lib/jsdom/living/events/EventTarget-impl.js:286:3)
    at HTMLUnknownElementImpl._dispatch (/home/stocks/algo/webapp/frontend/node_modules/jsdom/lib/jsdom/living/events/EventTarget-impl.js:233:9)
    at HTMLUnknownElementImpl.dispatchEvent (/home/stocks/algo/webapp/frontend/node_modules/jsdom/lib/jsdom/living/events/EventTarget-impl.js:104:17)
    at HTMLUnknownElement.dispatchEvent (/home/stocks/algo/webapp/frontend/node_modules/jsdom/lib/jsdom/living/generated/EventTarget.js:241:34)
    at Object.invokeGuardedCallbackDev (/home/stocks/algo/webapp/frontend/node_modules/react-dom/cjs/react-dom.development.js:4213:16)
    at invokeGuardedCallback (/home/stocks/algo/webapp/frontend/node_modules/react-dom/cjs/react-dom.development.js:4277:31)
    at beginWork$1 (/home/stocks/algo/webapp/frontend/node_modules/react-dom/cjs/react-dom.development.js:27490:7)
    at performUnitOfWork (/home/stocks/algo/webapp/frontend/node_modules/react-dom/cjs/react-dom.development.js:26599:12) TypeError: portfolioData.map is not a function
    at PortfolioManager (/home/stocks/algo/webapp/frontend/src/components/PortfolioManager.jsx:434:30)
    at renderWithHooks (/home/stocks/algo/webapp/frontend/node_modules/react-dom/cjs/react-dom.development.js:15486:18)
    at updateFunctionComponent (/home/stocks/algo/webapp/frontend/node_modules/react-dom/cjs/react-dom.development.js:19617:20)
    at beginWork (/home/stocks/algo/webapp/frontend/node_modules/react-dom/cjs/react-dom.development.js:21640:16)
    at HTMLUnknownElement.callCallback (/home/stocks/algo/webapp/frontend/node_modules/react-dom/cjs/react-dom.development.js:4164:14)
    at HTMLUnknownElement.callTheUserObjectsOperation (/home/stocks/algo/webapp/frontend/node_modules/jsdom/lib/jsdom/living/generated/EventListener.js:26:30)
    at innerInvokeEventListeners (/home/stocks/algo/webapp/frontend/node_modules/jsdom/lib/jsdom/living/events/EventTarget-impl.js:350:25)
    at invokeEventListeners (/home/stocks/algo/webapp/frontend/node_modules/jsdom/lib/jsdom/living/events/EventTarget-impl.js:286:3)
    at HTMLUnknownElementImpl._dispatch (/home/stocks/algo/webapp/frontend/node_modules/jsdom/lib/jsdom/living/events/EventTarget-impl.js:233:9)
    at HTMLUnknownElementImpl.dispatchEvent (/home/stocks/algo/webapp/frontend/node_modules/jsdom/lib/jsdom/living/events/EventTarget-impl.js:104:17)

Error: Uncaught [TypeError: portfolioData.map is not a function]
    at reportException (/home/stocks/algo/webapp/frontend/node_modules/jsdom/lib/jsdom/living/helpers/runtime-script-errors.js:66:24)
    at innerInvokeEventListeners (/home/stocks/algo/webapp/frontend/node_modules/jsdom/lib/jsdom/living/events/EventTarget-impl.js:353:9)
    at invokeEventListeners (/home/stocks/algo/webapp/frontend/node_modules/jsdom/lib/jsdom/living/events/EventTarget-impl.js:286:3)
    at HTMLUnknownElementImpl._dispatch (/home/stocks/algo/webapp/frontend/node_modules/jsdom/lib/jsdom/living/events/EventTarget-impl.js:233:9)
    at HTMLUnknownElementImpl.dispatchEvent (/home/stocks/algo/webapp/frontend/node_modules/jsdom/lib/jsdom/living/events/EventTarget-impl.js:104:17)
    at HTMLUnknownElement.dispatchEvent (/home/stocks/algo/webapp/frontend/node_modules/jsdom/lib/jsdom/living/generated/EventTarget.js:241:34)
    at Object.invokeGuardedCallbackDev (/home/stocks/algo/webapp/frontend/node_modules/react-dom/cjs/react-dom.development.js:4213:16)
    at invokeGuardedCallback (/home/stocks/algo/webapp/frontend/node_modules/react-dom/cjs/react-dom.development.js:4277:31)
    at beginWork$1 (/home/stocks/algo/webapp/frontend/node_modules/react-dom/cjs/react-dom.development.js:27490:7)
    at performUnitOfWork (/home/stocks/algo/webapp/frontend/node_modules/react-dom/cjs/react-dom.development.js:26599:12) TypeError: portfolioData.map is not a function
    at PortfolioManager (/home/stocks/algo/webapp/frontend/src/components/PortfolioManager.jsx:434:30)
    at renderWithHooks (/home/stocks/algo/webapp/frontend/node_modules/react-dom/cjs/react-dom.development.js:15486:18)
    at updateFunctionComponent (/home/stocks/algo/webapp/frontend/node_modules/react-dom/cjs/react-dom.development.js:19617:20)
    at beginWork (/home/stocks/algo/webapp/frontend/node_modules/react-dom/cjs/react-dom.development.js:21640:16)
    at HTMLUnknownElement.callCallback (/home/stocks/algo/webapp/frontend/node_modules/react-dom/cjs/react-dom.development.js:4164:14)
    at HTMLUnknownElement.callTheUserObjectsOperation (/home/stocks/algo/webapp/frontend/node_modules/jsdom/lib/jsdom/living/generated/EventListener.js:26:30)
    at innerInvokeEventListeners (/home/stocks/algo/webapp/frontend/node_modules/jsdom/lib/jsdom/living/events/EventTarget-impl.js:350:25)
    at invokeEventListeners (/home/stocks/algo/webapp/frontend/node_modules/jsdom/lib/jsdom/living/events/EventTarget-impl.js:286:3)
    at HTMLUnknownElementImpl._dispatch (/home/stocks/algo/webapp/frontend/node_modules/jsdom/lib/jsdom/living/events/EventTarget-impl.js:233:9)
    at HTMLUnknownElementImpl.dispatchEvent (/home/stocks/algo/webapp/frontend/node_modules/jsdom/lib/jsdom/living/events/EventTarget-impl.js:104:17)
Error: Uncaught [TypeError: portfolioData.map is not a function]
    at reportException (/home/stocks/algo/webapp/frontend/node_modules/jsdom/lib/jsdom/living/helpers/runtime-script-errors.js:66:24)
    at innerInvokeEventListeners (/home/stocks/algo/webapp/frontend/node_modules/jsdom/lib/jsdom/living/events/EventTarget-impl.js:353:9)
    at invokeEventListeners (/home/stocks/algo/webapp/frontend/node_modules/jsdom/lib/jsdom/living/events/EventTarget-impl.js:286:3)
    at HTMLUnknownElementImpl._dispatch (/home/stocks/algo/webapp/frontend/node_modules/jsdom/lib/jsdom/living/events/EventTarget-impl.js:233:9)
    at HTMLUnknownElementImpl.dispatchEvent (/home/stocks/algo/webapp/frontend/node_modules/jsdom/lib/jsdom/living/events/EventTarget-impl.js:104:17)
    at HTMLUnknownElement.dispatchEvent (/home/stocks/algo/webapp/frontend/node_modules/jsdom/lib/jsdom/living/generated/EventTarget.js:241:34)
    at Object.invokeGuardedCallbackDev (/home/stocks/algo/webapp/frontend/node_modules/react-dom/cjs/react-dom.development.js:4213:16)
    at invokeGuardedCallback (/home/stocks/algo/webapp/frontend/node_modules/react-dom/cjs/react-dom.development.js:4277:31)
    at beginWork$1 (/home/stocks/algo/webapp/frontend/node_modules/react-dom/cjs/react-dom.development.js:27490:7)
    at performUnitOfWork (/home/stocks/algo/webapp/frontend/node_modules/react-dom/cjs/react-dom.development.js:26599:12) TypeError: portfolioData.map is not a function
    at PortfolioManager (/home/stocks/algo/webapp/frontend/src/components/PortfolioManager.jsx:434:30)
    at renderWithHooks (/home/stocks/algo/webapp/frontend/node_modules/react-dom/cjs/react-dom.development.js:15486:18)
    at updateFunctionComponent (/home/stocks/algo/webapp/frontend/node_modules/react-dom/cjs/react-dom.development.js:19617:20)
    at beginWork (/home/stocks/algo/webapp/frontend/node_modules/react-dom/cjs/react-dom.development.js:21640:16)
    at HTMLUnknownElement.callCallback (/home/stocks/algo/webapp/frontend/node_modules/react-dom/cjs/react-dom.development.js:4164:14)
    at HTMLUnknownElement.callTheUserObjectsOperation (/home/stocks/algo/webapp/frontend/node_modules/jsdom/lib/jsdom/living/generated/EventListener.js:26:30)
    at innerInvokeEventListeners (/home/stocks/algo/webapp/frontend/node_modules/jsdom/lib/jsdom/living/events/EventTarget-impl.js:350:25)
    at invokeEventListeners (/home/stocks/algo/webapp/frontend/node_modules/jsdom/lib/jsdom/living/events/EventTarget-impl.js:286:3)
    at HTMLUnknownElementImpl._dispatch (/home/stocks/algo/webapp/frontend/node_modules/jsdom/lib/jsdom/living/events/EventTarget-impl.js:233:9)
    at HTMLUnknownElementImpl.dispatchEvent (/home/stocks/algo/webapp/frontend/node_modules/jsdom/lib/jsdom/living/events/EventTarget-impl.js:104:17)

Error: Uncaught [TypeError: portfolioData.map is not a function]
    at reportException (/home/stocks/algo/webapp/frontend/node_modules/jsdom/lib/jsdom/living/helpers/runtime-script-errors.js:66:24)
    at innerInvokeEventListeners (/home/stocks/algo/webapp/frontend/node_modules/jsdom/lib/jsdom/living/events/EventTarget-impl.js:353:9)
    at invokeEventListeners (/home/stocks/algo/webapp/frontend/node_modules/jsdom/lib/jsdom/living/events/EventTarget-impl.js:286:3)
    at HTMLUnknownElementImpl._dispatch (/home/stocks/algo/webapp/frontend/node_modules/jsdom/lib/jsdom/living/events/EventTarget-impl.js:233:9)
    at HTMLUnknownElementImpl.dispatchEvent (/home/stocks/algo/webapp/frontend/node_modules/jsdom/lib/jsdom/living/events/EventTarget-impl.js:104:17)
    at HTMLUnknownElement.dispatchEvent (/home/stocks/algo/webapp/frontend/node_modules/jsdom/lib/jsdom/living/generated/EventTarget.js:241:34)
    at Object.invokeGuardedCallbackDev (/home/stocks/algo/webapp/frontend/node_modules/react-dom/cjs/react-dom.development.js:4213:16)
    at invokeGuardedCallback (/home/stocks/algo/webapp/frontend/node_modules/react-dom/cjs/react-dom.development.js:4277:31)
    at beginWork$1 (/home/stocks/algo/webapp/frontend/node_modules/react-dom/cjs/react-dom.development.js:27490:7)
    at performUnitOfWork (/home/stocks/algo/webapp/frontend/node_modules/react-dom/cjs/react-dom.development.js:26599:12) TypeError: portfolioData.map is not a function
    at PortfolioManager (/home/stocks/algo/webapp/frontend/src/components/PortfolioManager.jsx:434:30)
    at renderWithHooks (/home/stocks/algo/webapp/frontend/node_modules/react-dom/cjs/react-dom.development.js:15486:18)
    at updateFunctionComponent (/home/stocks/algo/webapp/frontend/node_modules/react-dom/cjs/react-dom.development.js:19617:20)
    at beginWork (/home/stocks/algo/webapp/frontend/node_modules/react-dom/cjs/react-dom.development.js:21640:16)
    at HTMLUnknownElement.callCallback (/home/stocks/algo/webapp/frontend/node_modules/react-dom/cjs/react-dom.development.js:4164:14)
    at HTMLUnknownElement.callTheUserObjectsOperation (/home/stocks/algo/webapp/frontend/node_modules/jsdom/lib/jsdom/living/generated/EventListener.js:26:30)
    at innerInvokeEventListeners (/home/stocks/algo/webapp/frontend/node_modules/jsdom/lib/jsdom/living/events/EventTarget-impl.js:350:25)
    at invokeEventListeners (/home/stocks/algo/webapp/frontend/node_modules/jsdom/lib/jsdom/living/events/EventTarget-impl.js:286:3)
    at HTMLUnknownElementImpl._dispatch (/home/stocks/algo/webapp/frontend/node_modules/jsdom/lib/jsdom/living/events/EventTarget-impl.js:233:9)
    at HTMLUnknownElementImpl.dispatchEvent (/home/stocks/algo/webapp/frontend/node_modules/jsdom/lib/jsdom/living/events/EventTarget-impl.js:104:17)
Error: Uncaught [TypeError: portfolioData.map is not a function]
    at reportException (/home/stocks/algo/webapp/frontend/node_modules/jsdom/lib/jsdom/living/helpers/runtime-script-errors.js:66:24)
    at innerInvokeEventListeners (/home/stocks/algo/webapp/frontend/node_modules/jsdom/lib/jsdom/living/events/EventTarget-impl.js:353:9)
    at invokeEventListeners (/home/stocks/algo/webapp/frontend/node_modules/jsdom/lib/jsdom/living/events/EventTarget-impl.js:286:3)
    at HTMLUnknownElementImpl._dispatch (/home/stocks/algo/webapp/frontend/node_modules/jsdom/lib/jsdom/living/events/EventTarget-impl.js:233:9)
    at HTMLUnknownElementImpl.dispatchEvent (/home/stocks/algo/webapp/frontend/node_modules/jsdom/lib/jsdom/living/events/EventTarget-impl.js:104:17)
    at HTMLUnknownElement.dispatchEvent (/home/stocks/algo/webapp/frontend/node_modules/jsdom/lib/jsdom/living/generated/EventTarget.js:241:34)
    at Object.invokeGuardedCallbackDev (/home/stocks/algo/webapp/frontend/node_modules/react-dom/cjs/react-dom.development.js:4213:16)
    at invokeGuardedCallback (/home/stocks/algo/webapp/frontend/node_modules/react-dom/cjs/react-dom.development.js:4277:31)
    at beginWork$1 (/home/stocks/algo/webapp/frontend/node_modules/react-dom/cjs/react-dom.development.js:27490:7)
    at performUnitOfWork (/home/stocks/algo/webapp/frontend/node_modules/react-dom/cjs/react-dom.development.js:26599:12) TypeError: portfolioData.map is not a function
    at PortfolioManager (/home/stocks/algo/webapp/frontend/src/components/PortfolioManager.jsx:434:30)
    at renderWithHooks (/home/stocks/algo/webapp/frontend/node_modules/react-dom/cjs/react-dom.development.js:15486:18)
    at updateFunctionComponent (/home/stocks/algo/webapp/frontend/node_modules/react-dom/cjs/react-dom.development.js:19617:20)
    at beginWork (/home/stocks/algo/webapp/frontend/node_modules/react-dom/cjs/react-dom.development.js:21640:16)
    at HTMLUnknownElement.callCallback (/home/stocks/algo/webapp/frontend/node_modules/react-dom/cjs/react-dom.development.js:4164:14)
    at HTMLUnknownElement.callTheUserObjectsOperation (/home/stocks/algo/webapp/frontend/node_modules/jsdom/lib/jsdom/living/generated/EventListener.js:26:30)
    at innerInvokeEventListeners (/home/stocks/algo/webapp/frontend/node_modules/jsdom/lib/jsdom/living/events/EventTarget-impl.js:350:25)
    at invokeEventListeners (/home/stocks/algo/webapp/frontend/node_modules/jsdom/lib/jsdom/living/events/EventTarget-impl.js:286:3)
    at HTMLUnknownElementImpl._dispatch (/home/stocks/algo/webapp/frontend/node_modules/jsdom/lib/jsdom/living/events/EventTarget-impl.js:233:9)
    at HTMLUnknownElementImpl.dispatchEvent (/home/stocks/algo/webapp/frontend/node_modules/jsdom/lib/jsdom/living/events/EventTarget-impl.js:104:17)

            </system-err>
            <failure message="Unable to find an element with the text: Portfolio Overview. This could be because the text is broken up by multiple elements. In this case, you can provide a function for your text matcher to make your matcher more flexible.

Ignored nodes: comments, script, style
[36m&lt;body&gt;[39m
  [36m&lt;div /&gt;[39m
[36m&lt;/body&gt;[39m

Ignored nodes: comments, script, style
[36m&lt;html&gt;[39m
  [36m&lt;head /&gt;[39m
  [36m&lt;body&gt;[39m
    [36m&lt;div /&gt;[39m
  [36m&lt;/body&gt;[39m
[36m&lt;/html&gt;[39m..." type="TestingLibraryElementError">
TestingLibraryElementError: Unable to find an element with the text: Portfolio Overview. This could be because the text is broken up by multiple elements. In this case, you can provide a function for your text matcher to make your matcher more flexible.

Ignored nodes: comments, script, style
&lt;body&gt;
  &lt;div /&gt;
&lt;/body&gt;

Ignored nodes: comments, script, style
&lt;html&gt;
  &lt;head /&gt;
  &lt;body&gt;
    &lt;div /&gt;
  &lt;/body&gt;
&lt;/html&gt;...
 ❯ Proxy.waitForWrapper node_modules/@testing-library/react/node_modules/@testing-library/dom/dist/wait-for.js:163:27
 ❯ src/tests/unit/components/real-portfolio-manager.test.jsx:365:13
            </failure>
            <failure message="Unable to find an element with the text: Portfolio Overview. This could be because the text is broken up by multiple elements. In this case, you can provide a function for your text matcher to make your matcher more flexible.

Ignored nodes: comments, script, style
[36m&lt;body&gt;[39m
  [36m&lt;div /&gt;[39m
[36m&lt;/body&gt;[39m

Ignored nodes: comments, script, style
[36m&lt;html&gt;[39m
  [36m&lt;head /&gt;[39m
  [36m&lt;body&gt;[39m
    [36m&lt;div /&gt;[39m
  [36m&lt;/body&gt;[39m
[36m&lt;/html&gt;[39m..." type="TestingLibraryElementError">
TestingLibraryElementError: Unable to find an element with the text: Portfolio Overview. This could be because the text is broken up by multiple elements. In this case, you can provide a function for your text matcher to make your matcher more flexible.

Ignored nodes: comments, script, style
&lt;body&gt;
  &lt;div /&gt;
&lt;/body&gt;

Ignored nodes: comments, script, style
&lt;html&gt;
  &lt;head /&gt;
  &lt;body&gt;
    &lt;div /&gt;
  &lt;/body&gt;
&lt;/html&gt;...
 ❯ Proxy.waitForWrapper node_modules/@testing-library/react/node_modules/@testing-library/dom/dist/wait-for.js:163:27
 ❯ src/tests/unit/components/real-portfolio-manager.test.jsx:365:13
            </failure>
            <failure message="Unable to find an element with the text: Portfolio Overview. This could be because the text is broken up by multiple elements. In this case, you can provide a function for your text matcher to make your matcher more flexible.

Ignored nodes: comments, script, style
[36m&lt;body&gt;[39m
  [36m&lt;div /&gt;[39m
[36m&lt;/body&gt;[39m

Ignored nodes: comments, script, style
[36m&lt;html&gt;[39m
  [36m&lt;head /&gt;[39m
  [36m&lt;body&gt;[39m
    [36m&lt;div /&gt;[39m
  [36m&lt;/body&gt;[39m
[36m&lt;/html&gt;[39m..." type="TestingLibraryElementError">
TestingLibraryElementError: Unable to find an element with the text: Portfolio Overview. This could be because the text is broken up by multiple elements. In this case, you can provide a function for your text matcher to make your matcher more flexible.

Ignored nodes: comments, script, style
&lt;body&gt;
  &lt;div /&gt;
&lt;/body&gt;

Ignored nodes: comments, script, style
&lt;html&gt;
  &lt;head /&gt;
  &lt;body&gt;
    &lt;div /&gt;
  &lt;/body&gt;
&lt;/html&gt;...
 ❯ Proxy.waitForWrapper node_modules/@testing-library/react/node_modules/@testing-library/dom/dist/wait-for.js:163:27
 ❯ src/tests/unit/components/real-portfolio-manager.test.jsx:365:13
            </failure>
        </testcase>
        <testcase classname="src/tests/unit/components/real-portfolio-manager.test.jsx" name="💼 Real PortfolioManager Component &gt; Edit and Delete Holdings &gt; should update holding with new data" time="3.042">
            <system-err>
Error: Uncaught [TypeError: portfolioData.map is not a function]
    at reportException (/home/stocks/algo/webapp/frontend/node_modules/jsdom/lib/jsdom/living/helpers/runtime-script-errors.js:66:24)
    at innerInvokeEventListeners (/home/stocks/algo/webapp/frontend/node_modules/jsdom/lib/jsdom/living/events/EventTarget-impl.js:353:9)
    at invokeEventListeners (/home/stocks/algo/webapp/frontend/node_modules/jsdom/lib/jsdom/living/events/EventTarget-impl.js:286:3)
    at HTMLUnknownElementImpl._dispatch (/home/stocks/algo/webapp/frontend/node_modules/jsdom/lib/jsdom/living/events/EventTarget-impl.js:233:9)
    at HTMLUnknownElementImpl.dispatchEvent (/home/stocks/algo/webapp/frontend/node_modules/jsdom/lib/jsdom/living/events/EventTarget-impl.js:104:17)
    at HTMLUnknownElement.dispatchEvent (/home/stocks/algo/webapp/frontend/node_modules/jsdom/lib/jsdom/living/generated/EventTarget.js:241:34)
    at Object.invokeGuardedCallbackDev (/home/stocks/algo/webapp/frontend/node_modules/react-dom/cjs/react-dom.development.js:4213:16)
    at invokeGuardedCallback (/home/stocks/algo/webapp/frontend/node_modules/react-dom/cjs/react-dom.development.js:4277:31)
    at beginWork$1 (/home/stocks/algo/webapp/frontend/node_modules/react-dom/cjs/react-dom.development.js:27490:7)
    at performUnitOfWork (/home/stocks/algo/webapp/frontend/node_modules/react-dom/cjs/react-dom.development.js:26599:12) TypeError: portfolioData.map is not a function
    at PortfolioManager (/home/stocks/algo/webapp/frontend/src/components/PortfolioManager.jsx:434:30)
    at renderWithHooks (/home/stocks/algo/webapp/frontend/node_modules/react-dom/cjs/react-dom.development.js:15486:18)
    at updateFunctionComponent (/home/stocks/algo/webapp/frontend/node_modules/react-dom/cjs/react-dom.development.js:19617:20)
    at beginWork (/home/stocks/algo/webapp/frontend/node_modules/react-dom/cjs/react-dom.development.js:21640:16)
    at HTMLUnknownElement.callCallback (/home/stocks/algo/webapp/frontend/node_modules/react-dom/cjs/react-dom.development.js:4164:14)
    at HTMLUnknownElement.callTheUserObjectsOperation (/home/stocks/algo/webapp/frontend/node_modules/jsdom/lib/jsdom/living/generated/EventListener.js:26:30)
    at innerInvokeEventListeners (/home/stocks/algo/webapp/frontend/node_modules/jsdom/lib/jsdom/living/events/EventTarget-impl.js:350:25)
    at invokeEventListeners (/home/stocks/algo/webapp/frontend/node_modules/jsdom/lib/jsdom/living/events/EventTarget-impl.js:286:3)
    at HTMLUnknownElementImpl._dispatch (/home/stocks/algo/webapp/frontend/node_modules/jsdom/lib/jsdom/living/events/EventTarget-impl.js:233:9)
    at HTMLUnknownElementImpl.dispatchEvent (/home/stocks/algo/webapp/frontend/node_modules/jsdom/lib/jsdom/living/events/EventTarget-impl.js:104:17)
Error: Uncaught [TypeError: portfolioData.map is not a function]
    at reportException (/home/stocks/algo/webapp/frontend/node_modules/jsdom/lib/jsdom/living/helpers/runtime-script-errors.js:66:24)
    at innerInvokeEventListeners (/home/stocks/algo/webapp/frontend/node_modules/jsdom/lib/jsdom/living/events/EventTarget-impl.js:353:9)
    at invokeEventListeners (/home/stocks/algo/webapp/frontend/node_modules/jsdom/lib/jsdom/living/events/EventTarget-impl.js:286:3)
    at HTMLUnknownElementImpl._dispatch (/home/stocks/algo/webapp/frontend/node_modules/jsdom/lib/jsdom/living/events/EventTarget-impl.js:233:9)
    at HTMLUnknownElementImpl.dispatchEvent (/home/stocks/algo/webapp/frontend/node_modules/jsdom/lib/jsdom/living/events/EventTarget-impl.js:104:17)
    at HTMLUnknownElement.dispatchEvent (/home/stocks/algo/webapp/frontend/node_modules/jsdom/lib/jsdom/living/generated/EventTarget.js:241:34)
    at Object.invokeGuardedCallbackDev (/home/stocks/algo/webapp/frontend/node_modules/react-dom/cjs/react-dom.development.js:4213:16)
    at invokeGuardedCallback (/home/stocks/algo/webapp/frontend/node_modules/react-dom/cjs/react-dom.development.js:4277:31)
    at beginWork$1 (/home/stocks/algo/webapp/frontend/node_modules/react-dom/cjs/react-dom.development.js:27490:7)
    at performUnitOfWork (/home/stocks/algo/webapp/frontend/node_modules/react-dom/cjs/react-dom.development.js:26599:12) TypeError: portfolioData.map is not a function
    at PortfolioManager (/home/stocks/algo/webapp/frontend/src/components/PortfolioManager.jsx:434:30)
    at renderWithHooks (/home/stocks/algo/webapp/frontend/node_modules/react-dom/cjs/react-dom.development.js:15486:18)
    at updateFunctionComponent (/home/stocks/algo/webapp/frontend/node_modules/react-dom/cjs/react-dom.development.js:19617:20)
    at beginWork (/home/stocks/algo/webapp/frontend/node_modules/react-dom/cjs/react-dom.development.js:21640:16)
    at HTMLUnknownElement.callCallback (/home/stocks/algo/webapp/frontend/node_modules/react-dom/cjs/react-dom.development.js:4164:14)
    at HTMLUnknownElement.callTheUserObjectsOperation (/home/stocks/algo/webapp/frontend/node_modules/jsdom/lib/jsdom/living/generated/EventListener.js:26:30)
    at innerInvokeEventListeners (/home/stocks/algo/webapp/frontend/node_modules/jsdom/lib/jsdom/living/events/EventTarget-impl.js:350:25)
    at invokeEventListeners (/home/stocks/algo/webapp/frontend/node_modules/jsdom/lib/jsdom/living/events/EventTarget-impl.js:286:3)
    at HTMLUnknownElementImpl._dispatch (/home/stocks/algo/webapp/frontend/node_modules/jsdom/lib/jsdom/living/events/EventTarget-impl.js:233:9)
    at HTMLUnknownElementImpl.dispatchEvent (/home/stocks/algo/webapp/frontend/node_modules/jsdom/lib/jsdom/living/events/EventTarget-impl.js:104:17)

Error: Uncaught [TypeError: portfolioData.map is not a function]
    at reportException (/home/stocks/algo/webapp/frontend/node_modules/jsdom/lib/jsdom/living/helpers/runtime-script-errors.js:66:24)
    at innerInvokeEventListeners (/home/stocks/algo/webapp/frontend/node_modules/jsdom/lib/jsdom/living/events/EventTarget-impl.js:353:9)
    at invokeEventListeners (/home/stocks/algo/webapp/frontend/node_modules/jsdom/lib/jsdom/living/events/EventTarget-impl.js:286:3)
    at HTMLUnknownElementImpl._dispatch (/home/stocks/algo/webapp/frontend/node_modules/jsdom/lib/jsdom/living/events/EventTarget-impl.js:233:9)
    at HTMLUnknownElementImpl.dispatchEvent (/home/stocks/algo/webapp/frontend/node_modules/jsdom/lib/jsdom/living/events/EventTarget-impl.js:104:17)
    at HTMLUnknownElement.dispatchEvent (/home/stocks/algo/webapp/frontend/node_modules/jsdom/lib/jsdom/living/generated/EventTarget.js:241:34)
    at Object.invokeGuardedCallbackDev (/home/stocks/algo/webapp/frontend/node_modules/react-dom/cjs/react-dom.development.js:4213:16)
    at invokeGuardedCallback (/home/stocks/algo/webapp/frontend/node_modules/react-dom/cjs/react-dom.development.js:4277:31)
    at beginWork$1 (/home/stocks/algo/webapp/frontend/node_modules/react-dom/cjs/react-dom.development.js:27490:7)
    at performUnitOfWork (/home/stocks/algo/webapp/frontend/node_modules/react-dom/cjs/react-dom.development.js:26599:12) TypeError: portfolioData.map is not a function
    at PortfolioManager (/home/stocks/algo/webapp/frontend/src/components/PortfolioManager.jsx:434:30)
    at renderWithHooks (/home/stocks/algo/webapp/frontend/node_modules/react-dom/cjs/react-dom.development.js:15486:18)
    at updateFunctionComponent (/home/stocks/algo/webapp/frontend/node_modules/react-dom/cjs/react-dom.development.js:19617:20)
    at beginWork (/home/stocks/algo/webapp/frontend/node_modules/react-dom/cjs/react-dom.development.js:21640:16)
    at HTMLUnknownElement.callCallback (/home/stocks/algo/webapp/frontend/node_modules/react-dom/cjs/react-dom.development.js:4164:14)
    at HTMLUnknownElement.callTheUserObjectsOperation (/home/stocks/algo/webapp/frontend/node_modules/jsdom/lib/jsdom/living/generated/EventListener.js:26:30)
    at innerInvokeEventListeners (/home/stocks/algo/webapp/frontend/node_modules/jsdom/lib/jsdom/living/events/EventTarget-impl.js:350:25)
    at invokeEventListeners (/home/stocks/algo/webapp/frontend/node_modules/jsdom/lib/jsdom/living/events/EventTarget-impl.js:286:3)
    at HTMLUnknownElementImpl._dispatch (/home/stocks/algo/webapp/frontend/node_modules/jsdom/lib/jsdom/living/events/EventTarget-impl.js:233:9)
    at HTMLUnknownElementImpl.dispatchEvent (/home/stocks/algo/webapp/frontend/node_modules/jsdom/lib/jsdom/living/events/EventTarget-impl.js:104:17)
Error: Uncaught [TypeError: portfolioData.map is not a function]
    at reportException (/home/stocks/algo/webapp/frontend/node_modules/jsdom/lib/jsdom/living/helpers/runtime-script-errors.js:66:24)
    at innerInvokeEventListeners (/home/stocks/algo/webapp/frontend/node_modules/jsdom/lib/jsdom/living/events/EventTarget-impl.js:353:9)
    at invokeEventListeners (/home/stocks/algo/webapp/frontend/node_modules/jsdom/lib/jsdom/living/events/EventTarget-impl.js:286:3)
    at HTMLUnknownElementImpl._dispatch (/home/stocks/algo/webapp/frontend/node_modules/jsdom/lib/jsdom/living/events/EventTarget-impl.js:233:9)
    at HTMLUnknownElementImpl.dispatchEvent (/home/stocks/algo/webapp/frontend/node_modules/jsdom/lib/jsdom/living/events/EventTarget-impl.js:104:17)
    at HTMLUnknownElement.dispatchEvent (/home/stocks/algo/webapp/frontend/node_modules/jsdom/lib/jsdom/living/generated/EventTarget.js:241:34)
    at Object.invokeGuardedCallbackDev (/home/stocks/algo/webapp/frontend/node_modules/react-dom/cjs/react-dom.development.js:4213:16)
    at invokeGuardedCallback (/home/stocks/algo/webapp/frontend/node_modules/react-dom/cjs/react-dom.development.js:4277:31)
    at beginWork$1 (/home/stocks/algo/webapp/frontend/node_modules/react-dom/cjs/react-dom.development.js:27490:7)
    at performUnitOfWork (/home/stocks/algo/webapp/frontend/node_modules/react-dom/cjs/react-dom.development.js:26599:12) TypeError: portfolioData.map is not a function
    at PortfolioManager (/home/stocks/algo/webapp/frontend/src/components/PortfolioManager.jsx:434:30)
    at renderWithHooks (/home/stocks/algo/webapp/frontend/node_modules/react-dom/cjs/react-dom.development.js:15486:18)
    at updateFunctionComponent (/home/stocks/algo/webapp/frontend/node_modules/react-dom/cjs/react-dom.development.js:19617:20)
    at beginWork (/home/stocks/algo/webapp/frontend/node_modules/react-dom/cjs/react-dom.development.js:21640:16)
    at HTMLUnknownElement.callCallback (/home/stocks/algo/webapp/frontend/node_modules/react-dom/cjs/react-dom.development.js:4164:14)
    at HTMLUnknownElement.callTheUserObjectsOperation (/home/stocks/algo/webapp/frontend/node_modules/jsdom/lib/jsdom/living/generated/EventListener.js:26:30)
    at innerInvokeEventListeners (/home/stocks/algo/webapp/frontend/node_modules/jsdom/lib/jsdom/living/events/EventTarget-impl.js:350:25)
    at invokeEventListeners (/home/stocks/algo/webapp/frontend/node_modules/jsdom/lib/jsdom/living/events/EventTarget-impl.js:286:3)
    at HTMLUnknownElementImpl._dispatch (/home/stocks/algo/webapp/frontend/node_modules/jsdom/lib/jsdom/living/events/EventTarget-impl.js:233:9)
    at HTMLUnknownElementImpl.dispatchEvent (/home/stocks/algo/webapp/frontend/node_modules/jsdom/lib/jsdom/living/events/EventTarget-impl.js:104:17)

Error: Uncaught [TypeError: portfolioData.map is not a function]
    at reportException (/home/stocks/algo/webapp/frontend/node_modules/jsdom/lib/jsdom/living/helpers/runtime-script-errors.js:66:24)
    at innerInvokeEventListeners (/home/stocks/algo/webapp/frontend/node_modules/jsdom/lib/jsdom/living/events/EventTarget-impl.js:353:9)
    at invokeEventListeners (/home/stocks/algo/webapp/frontend/node_modules/jsdom/lib/jsdom/living/events/EventTarget-impl.js:286:3)
    at HTMLUnknownElementImpl._dispatch (/home/stocks/algo/webapp/frontend/node_modules/jsdom/lib/jsdom/living/events/EventTarget-impl.js:233:9)
    at HTMLUnknownElementImpl.dispatchEvent (/home/stocks/algo/webapp/frontend/node_modules/jsdom/lib/jsdom/living/events/EventTarget-impl.js:104:17)
    at HTMLUnknownElement.dispatchEvent (/home/stocks/algo/webapp/frontend/node_modules/jsdom/lib/jsdom/living/generated/EventTarget.js:241:34)
    at Object.invokeGuardedCallbackDev (/home/stocks/algo/webapp/frontend/node_modules/react-dom/cjs/react-dom.development.js:4213:16)
    at invokeGuardedCallback (/home/stocks/algo/webapp/frontend/node_modules/react-dom/cjs/react-dom.development.js:4277:31)
    at beginWork$1 (/home/stocks/algo/webapp/frontend/node_modules/react-dom/cjs/react-dom.development.js:27490:7)
    at performUnitOfWork (/home/stocks/algo/webapp/frontend/node_modules/react-dom/cjs/react-dom.development.js:26599:12) TypeError: portfolioData.map is not a function
    at PortfolioManager (/home/stocks/algo/webapp/frontend/src/components/PortfolioManager.jsx:434:30)
    at renderWithHooks (/home/stocks/algo/webapp/frontend/node_modules/react-dom/cjs/react-dom.development.js:15486:18)
    at updateFunctionComponent (/home/stocks/algo/webapp/frontend/node_modules/react-dom/cjs/react-dom.development.js:19617:20)
    at beginWork (/home/stocks/algo/webapp/frontend/node_modules/react-dom/cjs/react-dom.development.js:21640:16)
    at HTMLUnknownElement.callCallback (/home/stocks/algo/webapp/frontend/node_modules/react-dom/cjs/react-dom.development.js:4164:14)
    at HTMLUnknownElement.callTheUserObjectsOperation (/home/stocks/algo/webapp/frontend/node_modules/jsdom/lib/jsdom/living/generated/EventListener.js:26:30)
    at innerInvokeEventListeners (/home/stocks/algo/webapp/frontend/node_modules/jsdom/lib/jsdom/living/events/EventTarget-impl.js:350:25)
    at invokeEventListeners (/home/stocks/algo/webapp/frontend/node_modules/jsdom/lib/jsdom/living/events/EventTarget-impl.js:286:3)
    at HTMLUnknownElementImpl._dispatch (/home/stocks/algo/webapp/frontend/node_modules/jsdom/lib/jsdom/living/events/EventTarget-impl.js:233:9)
    at HTMLUnknownElementImpl.dispatchEvent (/home/stocks/algo/webapp/frontend/node_modules/jsdom/lib/jsdom/living/events/EventTarget-impl.js:104:17)
Error: Uncaught [TypeError: portfolioData.map is not a function]
    at reportException (/home/stocks/algo/webapp/frontend/node_modules/jsdom/lib/jsdom/living/helpers/runtime-script-errors.js:66:24)
    at innerInvokeEventListeners (/home/stocks/algo/webapp/frontend/node_modules/jsdom/lib/jsdom/living/events/EventTarget-impl.js:353:9)
    at invokeEventListeners (/home/stocks/algo/webapp/frontend/node_modules/jsdom/lib/jsdom/living/events/EventTarget-impl.js:286:3)
    at HTMLUnknownElementImpl._dispatch (/home/stocks/algo/webapp/frontend/node_modules/jsdom/lib/jsdom/living/events/EventTarget-impl.js:233:9)
    at HTMLUnknownElementImpl.dispatchEvent (/home/stocks/algo/webapp/frontend/node_modules/jsdom/lib/jsdom/living/events/EventTarget-impl.js:104:17)
    at HTMLUnknownElement.dispatchEvent (/home/stocks/algo/webapp/frontend/node_modules/jsdom/lib/jsdom/living/generated/EventTarget.js:241:34)
    at Object.invokeGuardedCallbackDev (/home/stocks/algo/webapp/frontend/node_modules/react-dom/cjs/react-dom.development.js:4213:16)
    at invokeGuardedCallback (/home/stocks/algo/webapp/frontend/node_modules/react-dom/cjs/react-dom.development.js:4277:31)
    at beginWork$1 (/home/stocks/algo/webapp/frontend/node_modules/react-dom/cjs/react-dom.development.js:27490:7)
    at performUnitOfWork (/home/stocks/algo/webapp/frontend/node_modules/react-dom/cjs/react-dom.development.js:26599:12) TypeError: portfolioData.map is not a function
    at PortfolioManager (/home/stocks/algo/webapp/frontend/src/components/PortfolioManager.jsx:434:30)
    at renderWithHooks (/home/stocks/algo/webapp/frontend/node_modules/react-dom/cjs/react-dom.development.js:15486:18)
    at updateFunctionComponent (/home/stocks/algo/webapp/frontend/node_modules/react-dom/cjs/react-dom.development.js:19617:20)
    at beginWork (/home/stocks/algo/webapp/frontend/node_modules/react-dom/cjs/react-dom.development.js:21640:16)
    at HTMLUnknownElement.callCallback (/home/stocks/algo/webapp/frontend/node_modules/react-dom/cjs/react-dom.development.js:4164:14)
    at HTMLUnknownElement.callTheUserObjectsOperation (/home/stocks/algo/webapp/frontend/node_modules/jsdom/lib/jsdom/living/generated/EventListener.js:26:30)
    at innerInvokeEventListeners (/home/stocks/algo/webapp/frontend/node_modules/jsdom/lib/jsdom/living/events/EventTarget-impl.js:350:25)
    at invokeEventListeners (/home/stocks/algo/webapp/frontend/node_modules/jsdom/lib/jsdom/living/events/EventTarget-impl.js:286:3)
    at HTMLUnknownElementImpl._dispatch (/home/stocks/algo/webapp/frontend/node_modules/jsdom/lib/jsdom/living/events/EventTarget-impl.js:233:9)
    at HTMLUnknownElementImpl.dispatchEvent (/home/stocks/algo/webapp/frontend/node_modules/jsdom/lib/jsdom/living/events/EventTarget-impl.js:104:17)

            </system-err>
            <failure message="Unable to find an element with the text: Portfolio Overview. This could be because the text is broken up by multiple elements. In this case, you can provide a function for your text matcher to make your matcher more flexible.

Ignored nodes: comments, script, style
[36m&lt;body&gt;[39m
  [36m&lt;div /&gt;[39m
[36m&lt;/body&gt;[39m

Ignored nodes: comments, script, style
[36m&lt;html&gt;[39m
  [36m&lt;head /&gt;[39m
  [36m&lt;body&gt;[39m
    [36m&lt;div /&gt;[39m
  [36m&lt;/body&gt;[39m
[36m&lt;/html&gt;[39m..." type="TestingLibraryElementError">
TestingLibraryElementError: Unable to find an element with the text: Portfolio Overview. This could be because the text is broken up by multiple elements. In this case, you can provide a function for your text matcher to make your matcher more flexible.

Ignored nodes: comments, script, style
&lt;body&gt;
  &lt;div /&gt;
&lt;/body&gt;

Ignored nodes: comments, script, style
&lt;html&gt;
  &lt;head /&gt;
  &lt;body&gt;
    &lt;div /&gt;
  &lt;/body&gt;
&lt;/html&gt;...
 ❯ Proxy.waitForWrapper node_modules/@testing-library/react/node_modules/@testing-library/dom/dist/wait-for.js:163:27
 ❯ src/tests/unit/components/real-portfolio-manager.test.jsx:365:13
            </failure>
            <failure message="Unable to find an element with the text: Portfolio Overview. This could be because the text is broken up by multiple elements. In this case, you can provide a function for your text matcher to make your matcher more flexible.

Ignored nodes: comments, script, style
[36m&lt;body&gt;[39m
  [36m&lt;div /&gt;[39m
[36m&lt;/body&gt;[39m

Ignored nodes: comments, script, style
[36m&lt;html&gt;[39m
  [36m&lt;head /&gt;[39m
  [36m&lt;body&gt;[39m
    [36m&lt;div /&gt;[39m
  [36m&lt;/body&gt;[39m
[36m&lt;/html&gt;[39m..." type="TestingLibraryElementError">
TestingLibraryElementError: Unable to find an element with the text: Portfolio Overview. This could be because the text is broken up by multiple elements. In this case, you can provide a function for your text matcher to make your matcher more flexible.

Ignored nodes: comments, script, style
&lt;body&gt;
  &lt;div /&gt;
&lt;/body&gt;

Ignored nodes: comments, script, style
&lt;html&gt;
  &lt;head /&gt;
  &lt;body&gt;
    &lt;div /&gt;
  &lt;/body&gt;
&lt;/html&gt;...
 ❯ Proxy.waitForWrapper node_modules/@testing-library/react/node_modules/@testing-library/dom/dist/wait-for.js:163:27
 ❯ src/tests/unit/components/real-portfolio-manager.test.jsx:365:13
            </failure>
            <failure message="Unable to find an element with the text: Portfolio Overview. This could be because the text is broken up by multiple elements. In this case, you can provide a function for your text matcher to make your matcher more flexible.

Ignored nodes: comments, script, style
[36m&lt;body&gt;[39m
  [36m&lt;div /&gt;[39m
[36m&lt;/body&gt;[39m

Ignored nodes: comments, script, style
[36m&lt;html&gt;[39m
  [36m&lt;head /&gt;[39m
  [36m&lt;body&gt;[39m
    [36m&lt;div /&gt;[39m
  [36m&lt;/body&gt;[39m
[36m&lt;/html&gt;[39m..." type="TestingLibraryElementError">
TestingLibraryElementError: Unable to find an element with the text: Portfolio Overview. This could be because the text is broken up by multiple elements. In this case, you can provide a function for your text matcher to make your matcher more flexible.

Ignored nodes: comments, script, style
&lt;body&gt;
  &lt;div /&gt;
&lt;/body&gt;

Ignored nodes: comments, script, style
&lt;html&gt;
  &lt;head /&gt;
  &lt;body&gt;
    &lt;div /&gt;
  &lt;/body&gt;
&lt;/html&gt;...
 ❯ Proxy.waitForWrapper node_modules/@testing-library/react/node_modules/@testing-library/dom/dist/wait-for.js:163:27
 ❯ src/tests/unit/components/real-portfolio-manager.test.jsx:365:13
            </failure>
        </testcase>
        <testcase classname="src/tests/unit/components/real-portfolio-manager.test.jsx" name="💼 Real PortfolioManager Component &gt; Edit and Delete Holdings &gt; should delete holding when delete button clicked" time="3.031">
            <system-err>
Error: Uncaught [TypeError: portfolioData.map is not a function]
    at reportException (/home/stocks/algo/webapp/frontend/node_modules/jsdom/lib/jsdom/living/helpers/runtime-script-errors.js:66:24)
    at innerInvokeEventListeners (/home/stocks/algo/webapp/frontend/node_modules/jsdom/lib/jsdom/living/events/EventTarget-impl.js:353:9)
    at invokeEventListeners (/home/stocks/algo/webapp/frontend/node_modules/jsdom/lib/jsdom/living/events/EventTarget-impl.js:286:3)
    at HTMLUnknownElementImpl._dispatch (/home/stocks/algo/webapp/frontend/node_modules/jsdom/lib/jsdom/living/events/EventTarget-impl.js:233:9)
    at HTMLUnknownElementImpl.dispatchEvent (/home/stocks/algo/webapp/frontend/node_modules/jsdom/lib/jsdom/living/events/EventTarget-impl.js:104:17)
    at HTMLUnknownElement.dispatchEvent (/home/stocks/algo/webapp/frontend/node_modules/jsdom/lib/jsdom/living/generated/EventTarget.js:241:34)
    at Object.invokeGuardedCallbackDev (/home/stocks/algo/webapp/frontend/node_modules/react-dom/cjs/react-dom.development.js:4213:16)
    at invokeGuardedCallback (/home/stocks/algo/webapp/frontend/node_modules/react-dom/cjs/react-dom.development.js:4277:31)
    at beginWork$1 (/home/stocks/algo/webapp/frontend/node_modules/react-dom/cjs/react-dom.development.js:27490:7)
    at performUnitOfWork (/home/stocks/algo/webapp/frontend/node_modules/react-dom/cjs/react-dom.development.js:26599:12) TypeError: portfolioData.map is not a function
    at PortfolioManager (/home/stocks/algo/webapp/frontend/src/components/PortfolioManager.jsx:434:30)
    at renderWithHooks (/home/stocks/algo/webapp/frontend/node_modules/react-dom/cjs/react-dom.development.js:15486:18)
    at updateFunctionComponent (/home/stocks/algo/webapp/frontend/node_modules/react-dom/cjs/react-dom.development.js:19617:20)
    at beginWork (/home/stocks/algo/webapp/frontend/node_modules/react-dom/cjs/react-dom.development.js:21640:16)
    at HTMLUnknownElement.callCallback (/home/stocks/algo/webapp/frontend/node_modules/react-dom/cjs/react-dom.development.js:4164:14)
    at HTMLUnknownElement.callTheUserObjectsOperation (/home/stocks/algo/webapp/frontend/node_modules/jsdom/lib/jsdom/living/generated/EventListener.js:26:30)
    at innerInvokeEventListeners (/home/stocks/algo/webapp/frontend/node_modules/jsdom/lib/jsdom/living/events/EventTarget-impl.js:350:25)
    at invokeEventListeners (/home/stocks/algo/webapp/frontend/node_modules/jsdom/lib/jsdom/living/events/EventTarget-impl.js:286:3)
    at HTMLUnknownElementImpl._dispatch (/home/stocks/algo/webapp/frontend/node_modules/jsdom/lib/jsdom/living/events/EventTarget-impl.js:233:9)
    at HTMLUnknownElementImpl.dispatchEvent (/home/stocks/algo/webapp/frontend/node_modules/jsdom/lib/jsdom/living/events/EventTarget-impl.js:104:17)
Error: Uncaught [TypeError: portfolioData.map is not a function]
    at reportException (/home/stocks/algo/webapp/frontend/node_modules/jsdom/lib/jsdom/living/helpers/runtime-script-errors.js:66:24)
    at innerInvokeEventListeners (/home/stocks/algo/webapp/frontend/node_modules/jsdom/lib/jsdom/living/events/EventTarget-impl.js:353:9)
    at invokeEventListeners (/home/stocks/algo/webapp/frontend/node_modules/jsdom/lib/jsdom/living/events/EventTarget-impl.js:286:3)
    at HTMLUnknownElementImpl._dispatch (/home/stocks/algo/webapp/frontend/node_modules/jsdom/lib/jsdom/living/events/EventTarget-impl.js:233:9)
    at HTMLUnknownElementImpl.dispatchEvent (/home/stocks/algo/webapp/frontend/node_modules/jsdom/lib/jsdom/living/events/EventTarget-impl.js:104:17)
    at HTMLUnknownElement.dispatchEvent (/home/stocks/algo/webapp/frontend/node_modules/jsdom/lib/jsdom/living/generated/EventTarget.js:241:34)
    at Object.invokeGuardedCallbackDev (/home/stocks/algo/webapp/frontend/node_modules/react-dom/cjs/react-dom.development.js:4213:16)
    at invokeGuardedCallback (/home/stocks/algo/webapp/frontend/node_modules/react-dom/cjs/react-dom.development.js:4277:31)
    at beginWork$1 (/home/stocks/algo/webapp/frontend/node_modules/react-dom/cjs/react-dom.development.js:27490:7)
    at performUnitOfWork (/home/stocks/algo/webapp/frontend/node_modules/react-dom/cjs/react-dom.development.js:26599:12) TypeError: portfolioData.map is not a function
    at PortfolioManager (/home/stocks/algo/webapp/frontend/src/components/PortfolioManager.jsx:434:30)
    at renderWithHooks (/home/stocks/algo/webapp/frontend/node_modules/react-dom/cjs/react-dom.development.js:15486:18)
    at updateFunctionComponent (/home/stocks/algo/webapp/frontend/node_modules/react-dom/cjs/react-dom.development.js:19617:20)
    at beginWork (/home/stocks/algo/webapp/frontend/node_modules/react-dom/cjs/react-dom.development.js:21640:16)
    at HTMLUnknownElement.callCallback (/home/stocks/algo/webapp/frontend/node_modules/react-dom/cjs/react-dom.development.js:4164:14)
    at HTMLUnknownElement.callTheUserObjectsOperation (/home/stocks/algo/webapp/frontend/node_modules/jsdom/lib/jsdom/living/generated/EventListener.js:26:30)
    at innerInvokeEventListeners (/home/stocks/algo/webapp/frontend/node_modules/jsdom/lib/jsdom/living/events/EventTarget-impl.js:350:25)
    at invokeEventListeners (/home/stocks/algo/webapp/frontend/node_modules/jsdom/lib/jsdom/living/events/EventTarget-impl.js:286:3)
    at HTMLUnknownElementImpl._dispatch (/home/stocks/algo/webapp/frontend/node_modules/jsdom/lib/jsdom/living/events/EventTarget-impl.js:233:9)
    at HTMLUnknownElementImpl.dispatchEvent (/home/stocks/algo/webapp/frontend/node_modules/jsdom/lib/jsdom/living/events/EventTarget-impl.js:104:17)

Error: Uncaught [TypeError: portfolioData.map is not a function]
    at reportException (/home/stocks/algo/webapp/frontend/node_modules/jsdom/lib/jsdom/living/helpers/runtime-script-errors.js:66:24)
    at innerInvokeEventListeners (/home/stocks/algo/webapp/frontend/node_modules/jsdom/lib/jsdom/living/events/EventTarget-impl.js:353:9)
    at invokeEventListeners (/home/stocks/algo/webapp/frontend/node_modules/jsdom/lib/jsdom/living/events/EventTarget-impl.js:286:3)
    at HTMLUnknownElementImpl._dispatch (/home/stocks/algo/webapp/frontend/node_modules/jsdom/lib/jsdom/living/events/EventTarget-impl.js:233:9)
    at HTMLUnknownElementImpl.dispatchEvent (/home/stocks/algo/webapp/frontend/node_modules/jsdom/lib/jsdom/living/events/EventTarget-impl.js:104:17)
    at HTMLUnknownElement.dispatchEvent (/home/stocks/algo/webapp/frontend/node_modules/jsdom/lib/jsdom/living/generated/EventTarget.js:241:34)
    at Object.invokeGuardedCallbackDev (/home/stocks/algo/webapp/frontend/node_modules/react-dom/cjs/react-dom.development.js:4213:16)
    at invokeGuardedCallback (/home/stocks/algo/webapp/frontend/node_modules/react-dom/cjs/react-dom.development.js:4277:31)
    at beginWork$1 (/home/stocks/algo/webapp/frontend/node_modules/react-dom/cjs/react-dom.development.js:27490:7)
    at performUnitOfWork (/home/stocks/algo/webapp/frontend/node_modules/react-dom/cjs/react-dom.development.js:26599:12) TypeError: portfolioData.map is not a function
    at PortfolioManager (/home/stocks/algo/webapp/frontend/src/components/PortfolioManager.jsx:434:30)
    at renderWithHooks (/home/stocks/algo/webapp/frontend/node_modules/react-dom/cjs/react-dom.development.js:15486:18)
    at updateFunctionComponent (/home/stocks/algo/webapp/frontend/node_modules/react-dom/cjs/react-dom.development.js:19617:20)
    at beginWork (/home/stocks/algo/webapp/frontend/node_modules/react-dom/cjs/react-dom.development.js:21640:16)
    at HTMLUnknownElement.callCallback (/home/stocks/algo/webapp/frontend/node_modules/react-dom/cjs/react-dom.development.js:4164:14)
    at HTMLUnknownElement.callTheUserObjectsOperation (/home/stocks/algo/webapp/frontend/node_modules/jsdom/lib/jsdom/living/generated/EventListener.js:26:30)
    at innerInvokeEventListeners (/home/stocks/algo/webapp/frontend/node_modules/jsdom/lib/jsdom/living/events/EventTarget-impl.js:350:25)
    at invokeEventListeners (/home/stocks/algo/webapp/frontend/node_modules/jsdom/lib/jsdom/living/events/EventTarget-impl.js:286:3)
    at HTMLUnknownElementImpl._dispatch (/home/stocks/algo/webapp/frontend/node_modules/jsdom/lib/jsdom/living/events/EventTarget-impl.js:233:9)
    at HTMLUnknownElementImpl.dispatchEvent (/home/stocks/algo/webapp/frontend/node_modules/jsdom/lib/jsdom/living/events/EventTarget-impl.js:104:17)
Error: Uncaught [TypeError: portfolioData.map is not a function]
    at reportException (/home/stocks/algo/webapp/frontend/node_modules/jsdom/lib/jsdom/living/helpers/runtime-script-errors.js:66:24)
    at innerInvokeEventListeners (/home/stocks/algo/webapp/frontend/node_modules/jsdom/lib/jsdom/living/events/EventTarget-impl.js:353:9)
    at invokeEventListeners (/home/stocks/algo/webapp/frontend/node_modules/jsdom/lib/jsdom/living/events/EventTarget-impl.js:286:3)
    at HTMLUnknownElementImpl._dispatch (/home/stocks/algo/webapp/frontend/node_modules/jsdom/lib/jsdom/living/events/EventTarget-impl.js:233:9)
    at HTMLUnknownElementImpl.dispatchEvent (/home/stocks/algo/webapp/frontend/node_modules/jsdom/lib/jsdom/living/events/EventTarget-impl.js:104:17)
    at HTMLUnknownElement.dispatchEvent (/home/stocks/algo/webapp/frontend/node_modules/jsdom/lib/jsdom/living/generated/EventTarget.js:241:34)
    at Object.invokeGuardedCallbackDev (/home/stocks/algo/webapp/frontend/node_modules/react-dom/cjs/react-dom.development.js:4213:16)
    at invokeGuardedCallback (/home/stocks/algo/webapp/frontend/node_modules/react-dom/cjs/react-dom.development.js:4277:31)
    at beginWork$1 (/home/stocks/algo/webapp/frontend/node_modules/react-dom/cjs/react-dom.development.js:27490:7)
    at performUnitOfWork (/home/stocks/algo/webapp/frontend/node_modules/react-dom/cjs/react-dom.development.js:26599:12) TypeError: portfolioData.map is not a function
    at PortfolioManager (/home/stocks/algo/webapp/frontend/src/components/PortfolioManager.jsx:434:30)
    at renderWithHooks (/home/stocks/algo/webapp/frontend/node_modules/react-dom/cjs/react-dom.development.js:15486:18)
    at updateFunctionComponent (/home/stocks/algo/webapp/frontend/node_modules/react-dom/cjs/react-dom.development.js:19617:20)
    at beginWork (/home/stocks/algo/webapp/frontend/node_modules/react-dom/cjs/react-dom.development.js:21640:16)
    at HTMLUnknownElement.callCallback (/home/stocks/algo/webapp/frontend/node_modules/react-dom/cjs/react-dom.development.js:4164:14)
    at HTMLUnknownElement.callTheUserObjectsOperation (/home/stocks/algo/webapp/frontend/node_modules/jsdom/lib/jsdom/living/generated/EventListener.js:26:30)
    at innerInvokeEventListeners (/home/stocks/algo/webapp/frontend/node_modules/jsdom/lib/jsdom/living/events/EventTarget-impl.js:350:25)
    at invokeEventListeners (/home/stocks/algo/webapp/frontend/node_modules/jsdom/lib/jsdom/living/events/EventTarget-impl.js:286:3)
    at HTMLUnknownElementImpl._dispatch (/home/stocks/algo/webapp/frontend/node_modules/jsdom/lib/jsdom/living/events/EventTarget-impl.js:233:9)
    at HTMLUnknownElementImpl.dispatchEvent (/home/stocks/algo/webapp/frontend/node_modules/jsdom/lib/jsdom/living/events/EventTarget-impl.js:104:17)

Error: Uncaught [TypeError: portfolioData.map is not a function]
    at reportException (/home/stocks/algo/webapp/frontend/node_modules/jsdom/lib/jsdom/living/helpers/runtime-script-errors.js:66:24)
    at innerInvokeEventListeners (/home/stocks/algo/webapp/frontend/node_modules/jsdom/lib/jsdom/living/events/EventTarget-impl.js:353:9)
    at invokeEventListeners (/home/stocks/algo/webapp/frontend/node_modules/jsdom/lib/jsdom/living/events/EventTarget-impl.js:286:3)
    at HTMLUnknownElementImpl._dispatch (/home/stocks/algo/webapp/frontend/node_modules/jsdom/lib/jsdom/living/events/EventTarget-impl.js:233:9)
    at HTMLUnknownElementImpl.dispatchEvent (/home/stocks/algo/webapp/frontend/node_modules/jsdom/lib/jsdom/living/events/EventTarget-impl.js:104:17)
    at HTMLUnknownElement.dispatchEvent (/home/stocks/algo/webapp/frontend/node_modules/jsdom/lib/jsdom/living/generated/EventTarget.js:241:34)
    at Object.invokeGuardedCallbackDev (/home/stocks/algo/webapp/frontend/node_modules/react-dom/cjs/react-dom.development.js:4213:16)
    at invokeGuardedCallback (/home/stocks/algo/webapp/frontend/node_modules/react-dom/cjs/react-dom.development.js:4277:31)
    at beginWork$1 (/home/stocks/algo/webapp/frontend/node_modules/react-dom/cjs/react-dom.development.js:27490:7)
    at performUnitOfWork (/home/stocks/algo/webapp/frontend/node_modules/react-dom/cjs/react-dom.development.js:26599:12) TypeError: portfolioData.map is not a function
    at PortfolioManager (/home/stocks/algo/webapp/frontend/src/components/PortfolioManager.jsx:434:30)
    at renderWithHooks (/home/stocks/algo/webapp/frontend/node_modules/react-dom/cjs/react-dom.development.js:15486:18)
    at updateFunctionComponent (/home/stocks/algo/webapp/frontend/node_modules/react-dom/cjs/react-dom.development.js:19617:20)
    at beginWork (/home/stocks/algo/webapp/frontend/node_modules/react-dom/cjs/react-dom.development.js:21640:16)
    at HTMLUnknownElement.callCallback (/home/stocks/algo/webapp/frontend/node_modules/react-dom/cjs/react-dom.development.js:4164:14)
    at HTMLUnknownElement.callTheUserObjectsOperation (/home/stocks/algo/webapp/frontend/node_modules/jsdom/lib/jsdom/living/generated/EventListener.js:26:30)
    at innerInvokeEventListeners (/home/stocks/algo/webapp/frontend/node_modules/jsdom/lib/jsdom/living/events/EventTarget-impl.js:350:25)
    at invokeEventListeners (/home/stocks/algo/webapp/frontend/node_modules/jsdom/lib/jsdom/living/events/EventTarget-impl.js:286:3)
    at HTMLUnknownElementImpl._dispatch (/home/stocks/algo/webapp/frontend/node_modules/jsdom/lib/jsdom/living/events/EventTarget-impl.js:233:9)
    at HTMLUnknownElementImpl.dispatchEvent (/home/stocks/algo/webapp/frontend/node_modules/jsdom/lib/jsdom/living/events/EventTarget-impl.js:104:17)
Error: Uncaught [TypeError: portfolioData.map is not a function]
    at reportException (/home/stocks/algo/webapp/frontend/node_modules/jsdom/lib/jsdom/living/helpers/runtime-script-errors.js:66:24)
    at innerInvokeEventListeners (/home/stocks/algo/webapp/frontend/node_modules/jsdom/lib/jsdom/living/events/EventTarget-impl.js:353:9)
    at invokeEventListeners (/home/stocks/algo/webapp/frontend/node_modules/jsdom/lib/jsdom/living/events/EventTarget-impl.js:286:3)
    at HTMLUnknownElementImpl._dispatch (/home/stocks/algo/webapp/frontend/node_modules/jsdom/lib/jsdom/living/events/EventTarget-impl.js:233:9)
    at HTMLUnknownElementImpl.dispatchEvent (/home/stocks/algo/webapp/frontend/node_modules/jsdom/lib/jsdom/living/events/EventTarget-impl.js:104:17)
    at HTMLUnknownElement.dispatchEvent (/home/stocks/algo/webapp/frontend/node_modules/jsdom/lib/jsdom/living/generated/EventTarget.js:241:34)
    at Object.invokeGuardedCallbackDev (/home/stocks/algo/webapp/frontend/node_modules/react-dom/cjs/react-dom.development.js:4213:16)
    at invokeGuardedCallback (/home/stocks/algo/webapp/frontend/node_modules/react-dom/cjs/react-dom.development.js:4277:31)
    at beginWork$1 (/home/stocks/algo/webapp/frontend/node_modules/react-dom/cjs/react-dom.development.js:27490:7)
    at performUnitOfWork (/home/stocks/algo/webapp/frontend/node_modules/react-dom/cjs/react-dom.development.js:26599:12) TypeError: portfolioData.map is not a function
    at PortfolioManager (/home/stocks/algo/webapp/frontend/src/components/PortfolioManager.jsx:434:30)
    at renderWithHooks (/home/stocks/algo/webapp/frontend/node_modules/react-dom/cjs/react-dom.development.js:15486:18)
    at updateFunctionComponent (/home/stocks/algo/webapp/frontend/node_modules/react-dom/cjs/react-dom.development.js:19617:20)
    at beginWork (/home/stocks/algo/webapp/frontend/node_modules/react-dom/cjs/react-dom.development.js:21640:16)
    at HTMLUnknownElement.callCallback (/home/stocks/algo/webapp/frontend/node_modules/react-dom/cjs/react-dom.development.js:4164:14)
    at HTMLUnknownElement.callTheUserObjectsOperation (/home/stocks/algo/webapp/frontend/node_modules/jsdom/lib/jsdom/living/generated/EventListener.js:26:30)
    at innerInvokeEventListeners (/home/stocks/algo/webapp/frontend/node_modules/jsdom/lib/jsdom/living/events/EventTarget-impl.js:350:25)
    at invokeEventListeners (/home/stocks/algo/webapp/frontend/node_modules/jsdom/lib/jsdom/living/events/EventTarget-impl.js:286:3)
    at HTMLUnknownElementImpl._dispatch (/home/stocks/algo/webapp/frontend/node_modules/jsdom/lib/jsdom/living/events/EventTarget-impl.js:233:9)
    at HTMLUnknownElementImpl.dispatchEvent (/home/stocks/algo/webapp/frontend/node_modules/jsdom/lib/jsdom/living/events/EventTarget-impl.js:104:17)

            </system-err>
            <failure message="Unable to find an element with the text: Portfolio Overview. This could be because the text is broken up by multiple elements. In this case, you can provide a function for your text matcher to make your matcher more flexible.

Ignored nodes: comments, script, style
[36m&lt;body&gt;[39m
  [36m&lt;div /&gt;[39m
[36m&lt;/body&gt;[39m

Ignored nodes: comments, script, style
[36m&lt;html&gt;[39m
  [36m&lt;head /&gt;[39m
  [36m&lt;body&gt;[39m
    [36m&lt;div /&gt;[39m
  [36m&lt;/body&gt;[39m
[36m&lt;/html&gt;[39m..." type="TestingLibraryElementError">
TestingLibraryElementError: Unable to find an element with the text: Portfolio Overview. This could be because the text is broken up by multiple elements. In this case, you can provide a function for your text matcher to make your matcher more flexible.

Ignored nodes: comments, script, style
&lt;body&gt;
  &lt;div /&gt;
&lt;/body&gt;

Ignored nodes: comments, script, style
&lt;html&gt;
  &lt;head /&gt;
  &lt;body&gt;
    &lt;div /&gt;
  &lt;/body&gt;
&lt;/html&gt;...
 ❯ Proxy.waitForWrapper node_modules/@testing-library/react/node_modules/@testing-library/dom/dist/wait-for.js:163:27
 ❯ src/tests/unit/components/real-portfolio-manager.test.jsx:365:13
            </failure>
            <failure message="Unable to find an element with the text: Portfolio Overview. This could be because the text is broken up by multiple elements. In this case, you can provide a function for your text matcher to make your matcher more flexible.

Ignored nodes: comments, script, style
[36m&lt;body&gt;[39m
  [36m&lt;div /&gt;[39m
[36m&lt;/body&gt;[39m

Ignored nodes: comments, script, style
[36m&lt;html&gt;[39m
  [36m&lt;head /&gt;[39m
  [36m&lt;body&gt;[39m
    [36m&lt;div /&gt;[39m
  [36m&lt;/body&gt;[39m
[36m&lt;/html&gt;[39m..." type="TestingLibraryElementError">
TestingLibraryElementError: Unable to find an element with the text: Portfolio Overview. This could be because the text is broken up by multiple elements. In this case, you can provide a function for your text matcher to make your matcher more flexible.

Ignored nodes: comments, script, style
&lt;body&gt;
  &lt;div /&gt;
&lt;/body&gt;

Ignored nodes: comments, script, style
&lt;html&gt;
  &lt;head /&gt;
  &lt;body&gt;
    &lt;div /&gt;
  &lt;/body&gt;
&lt;/html&gt;...
 ❯ Proxy.waitForWrapper node_modules/@testing-library/react/node_modules/@testing-library/dom/dist/wait-for.js:163:27
 ❯ src/tests/unit/components/real-portfolio-manager.test.jsx:365:13
            </failure>
            <failure message="Unable to find an element with the text: Portfolio Overview. This could be because the text is broken up by multiple elements. In this case, you can provide a function for your text matcher to make your matcher more flexible.

Ignored nodes: comments, script, style
[36m&lt;body&gt;[39m
  [36m&lt;div /&gt;[39m
[36m&lt;/body&gt;[39m

Ignored nodes: comments, script, style
[36m&lt;html&gt;[39m
  [36m&lt;head /&gt;[39m
  [36m&lt;body&gt;[39m
    [36m&lt;div /&gt;[39m
  [36m&lt;/body&gt;[39m
[36m&lt;/html&gt;[39m..." type="TestingLibraryElementError">
TestingLibraryElementError: Unable to find an element with the text: Portfolio Overview. This could be because the text is broken up by multiple elements. In this case, you can provide a function for your text matcher to make your matcher more flexible.

Ignored nodes: comments, script, style
&lt;body&gt;
  &lt;div /&gt;
&lt;/body&gt;

Ignored nodes: comments, script, style
&lt;html&gt;
  &lt;head /&gt;
  &lt;body&gt;
    &lt;div /&gt;
  &lt;/body&gt;
&lt;/html&gt;...
 ❯ Proxy.waitForWrapper node_modules/@testing-library/react/node_modules/@testing-library/dom/dist/wait-for.js:163:27
 ❯ src/tests/unit/components/real-portfolio-manager.test.jsx:365:13
            </failure>
        </testcase>
        <testcase classname="src/tests/unit/components/real-portfolio-manager.test.jsx" name="💼 Real PortfolioManager Component &gt; Portfolio Charts and Visualization &gt; should render portfolio allocation pie chart" time="3.013">
            <system-err>
Error: Uncaught [TypeError: portfolioData.map is not a function]
    at reportException (/home/stocks/algo/webapp/frontend/node_modules/jsdom/lib/jsdom/living/helpers/runtime-script-errors.js:66:24)
    at innerInvokeEventListeners (/home/stocks/algo/webapp/frontend/node_modules/jsdom/lib/jsdom/living/events/EventTarget-impl.js:353:9)
    at invokeEventListeners (/home/stocks/algo/webapp/frontend/node_modules/jsdom/lib/jsdom/living/events/EventTarget-impl.js:286:3)
    at HTMLUnknownElementImpl._dispatch (/home/stocks/algo/webapp/frontend/node_modules/jsdom/lib/jsdom/living/events/EventTarget-impl.js:233:9)
    at HTMLUnknownElementImpl.dispatchEvent (/home/stocks/algo/webapp/frontend/node_modules/jsdom/lib/jsdom/living/events/EventTarget-impl.js:104:17)
    at HTMLUnknownElement.dispatchEvent (/home/stocks/algo/webapp/frontend/node_modules/jsdom/lib/jsdom/living/generated/EventTarget.js:241:34)
    at Object.invokeGuardedCallbackDev (/home/stocks/algo/webapp/frontend/node_modules/react-dom/cjs/react-dom.development.js:4213:16)
    at invokeGuardedCallback (/home/stocks/algo/webapp/frontend/node_modules/react-dom/cjs/react-dom.development.js:4277:31)
    at beginWork$1 (/home/stocks/algo/webapp/frontend/node_modules/react-dom/cjs/react-dom.development.js:27490:7)
    at performUnitOfWork (/home/stocks/algo/webapp/frontend/node_modules/react-dom/cjs/react-dom.development.js:26599:12) TypeError: portfolioData.map is not a function
    at PortfolioManager (/home/stocks/algo/webapp/frontend/src/components/PortfolioManager.jsx:434:30)
    at renderWithHooks (/home/stocks/algo/webapp/frontend/node_modules/react-dom/cjs/react-dom.development.js:15486:18)
    at updateFunctionComponent (/home/stocks/algo/webapp/frontend/node_modules/react-dom/cjs/react-dom.development.js:19617:20)
    at beginWork (/home/stocks/algo/webapp/frontend/node_modules/react-dom/cjs/react-dom.development.js:21640:16)
    at HTMLUnknownElement.callCallback (/home/stocks/algo/webapp/frontend/node_modules/react-dom/cjs/react-dom.development.js:4164:14)
    at HTMLUnknownElement.callTheUserObjectsOperation (/home/stocks/algo/webapp/frontend/node_modules/jsdom/lib/jsdom/living/generated/EventListener.js:26:30)
    at innerInvokeEventListeners (/home/stocks/algo/webapp/frontend/node_modules/jsdom/lib/jsdom/living/events/EventTarget-impl.js:350:25)
    at invokeEventListeners (/home/stocks/algo/webapp/frontend/node_modules/jsdom/lib/jsdom/living/events/EventTarget-impl.js:286:3)
    at HTMLUnknownElementImpl._dispatch (/home/stocks/algo/webapp/frontend/node_modules/jsdom/lib/jsdom/living/events/EventTarget-impl.js:233:9)
    at HTMLUnknownElementImpl.dispatchEvent (/home/stocks/algo/webapp/frontend/node_modules/jsdom/lib/jsdom/living/events/EventTarget-impl.js:104:17)
Error: Uncaught [TypeError: portfolioData.map is not a function]
    at reportException (/home/stocks/algo/webapp/frontend/node_modules/jsdom/lib/jsdom/living/helpers/runtime-script-errors.js:66:24)
    at innerInvokeEventListeners (/home/stocks/algo/webapp/frontend/node_modules/jsdom/lib/jsdom/living/events/EventTarget-impl.js:353:9)
    at invokeEventListeners (/home/stocks/algo/webapp/frontend/node_modules/jsdom/lib/jsdom/living/events/EventTarget-impl.js:286:3)
    at HTMLUnknownElementImpl._dispatch (/home/stocks/algo/webapp/frontend/node_modules/jsdom/lib/jsdom/living/events/EventTarget-impl.js:233:9)
    at HTMLUnknownElementImpl.dispatchEvent (/home/stocks/algo/webapp/frontend/node_modules/jsdom/lib/jsdom/living/events/EventTarget-impl.js:104:17)
    at HTMLUnknownElement.dispatchEvent (/home/stocks/algo/webapp/frontend/node_modules/jsdom/lib/jsdom/living/generated/EventTarget.js:241:34)
    at Object.invokeGuardedCallbackDev (/home/stocks/algo/webapp/frontend/node_modules/react-dom/cjs/react-dom.development.js:4213:16)
    at invokeGuardedCallback (/home/stocks/algo/webapp/frontend/node_modules/react-dom/cjs/react-dom.development.js:4277:31)
    at beginWork$1 (/home/stocks/algo/webapp/frontend/node_modules/react-dom/cjs/react-dom.development.js:27490:7)
    at performUnitOfWork (/home/stocks/algo/webapp/frontend/node_modules/react-dom/cjs/react-dom.development.js:26599:12) TypeError: portfolioData.map is not a function
    at PortfolioManager (/home/stocks/algo/webapp/frontend/src/components/PortfolioManager.jsx:434:30)
    at renderWithHooks (/home/stocks/algo/webapp/frontend/node_modules/react-dom/cjs/react-dom.development.js:15486:18)
    at updateFunctionComponent (/home/stocks/algo/webapp/frontend/node_modules/react-dom/cjs/react-dom.development.js:19617:20)
    at beginWork (/home/stocks/algo/webapp/frontend/node_modules/react-dom/cjs/react-dom.development.js:21640:16)
    at HTMLUnknownElement.callCallback (/home/stocks/algo/webapp/frontend/node_modules/react-dom/cjs/react-dom.development.js:4164:14)
    at HTMLUnknownElement.callTheUserObjectsOperation (/home/stocks/algo/webapp/frontend/node_modules/jsdom/lib/jsdom/living/generated/EventListener.js:26:30)
    at innerInvokeEventListeners (/home/stocks/algo/webapp/frontend/node_modules/jsdom/lib/jsdom/living/events/EventTarget-impl.js:350:25)
    at invokeEventListeners (/home/stocks/algo/webapp/frontend/node_modules/jsdom/lib/jsdom/living/events/EventTarget-impl.js:286:3)
    at HTMLUnknownElementImpl._dispatch (/home/stocks/algo/webapp/frontend/node_modules/jsdom/lib/jsdom/living/events/EventTarget-impl.js:233:9)
    at HTMLUnknownElementImpl.dispatchEvent (/home/stocks/algo/webapp/frontend/node_modules/jsdom/lib/jsdom/living/events/EventTarget-impl.js:104:17)

Error: Uncaught [TypeError: portfolioData.map is not a function]
    at reportException (/home/stocks/algo/webapp/frontend/node_modules/jsdom/lib/jsdom/living/helpers/runtime-script-errors.js:66:24)
    at innerInvokeEventListeners (/home/stocks/algo/webapp/frontend/node_modules/jsdom/lib/jsdom/living/events/EventTarget-impl.js:353:9)
    at invokeEventListeners (/home/stocks/algo/webapp/frontend/node_modules/jsdom/lib/jsdom/living/events/EventTarget-impl.js:286:3)
    at HTMLUnknownElementImpl._dispatch (/home/stocks/algo/webapp/frontend/node_modules/jsdom/lib/jsdom/living/events/EventTarget-impl.js:233:9)
    at HTMLUnknownElementImpl.dispatchEvent (/home/stocks/algo/webapp/frontend/node_modules/jsdom/lib/jsdom/living/events/EventTarget-impl.js:104:17)
    at HTMLUnknownElement.dispatchEvent (/home/stocks/algo/webapp/frontend/node_modules/jsdom/lib/jsdom/living/generated/EventTarget.js:241:34)
    at Object.invokeGuardedCallbackDev (/home/stocks/algo/webapp/frontend/node_modules/react-dom/cjs/react-dom.development.js:4213:16)
    at invokeGuardedCallback (/home/stocks/algo/webapp/frontend/node_modules/react-dom/cjs/react-dom.development.js:4277:31)
    at beginWork$1 (/home/stocks/algo/webapp/frontend/node_modules/react-dom/cjs/react-dom.development.js:27490:7)
    at performUnitOfWork (/home/stocks/algo/webapp/frontend/node_modules/react-dom/cjs/react-dom.development.js:26599:12) TypeError: portfolioData.map is not a function
    at PortfolioManager (/home/stocks/algo/webapp/frontend/src/components/PortfolioManager.jsx:434:30)
    at renderWithHooks (/home/stocks/algo/webapp/frontend/node_modules/react-dom/cjs/react-dom.development.js:15486:18)
    at updateFunctionComponent (/home/stocks/algo/webapp/frontend/node_modules/react-dom/cjs/react-dom.development.js:19617:20)
    at beginWork (/home/stocks/algo/webapp/frontend/node_modules/react-dom/cjs/react-dom.development.js:21640:16)
    at HTMLUnknownElement.callCallback (/home/stocks/algo/webapp/frontend/node_modules/react-dom/cjs/react-dom.development.js:4164:14)
    at HTMLUnknownElement.callTheUserObjectsOperation (/home/stocks/algo/webapp/frontend/node_modules/jsdom/lib/jsdom/living/generated/EventListener.js:26:30)
    at innerInvokeEventListeners (/home/stocks/algo/webapp/frontend/node_modules/jsdom/lib/jsdom/living/events/EventTarget-impl.js:350:25)
    at invokeEventListeners (/home/stocks/algo/webapp/frontend/node_modules/jsdom/lib/jsdom/living/events/EventTarget-impl.js:286:3)
    at HTMLUnknownElementImpl._dispatch (/home/stocks/algo/webapp/frontend/node_modules/jsdom/lib/jsdom/living/events/EventTarget-impl.js:233:9)
    at HTMLUnknownElementImpl.dispatchEvent (/home/stocks/algo/webapp/frontend/node_modules/jsdom/lib/jsdom/living/events/EventTarget-impl.js:104:17)
Error: Uncaught [TypeError: portfolioData.map is not a function]
    at reportException (/home/stocks/algo/webapp/frontend/node_modules/jsdom/lib/jsdom/living/helpers/runtime-script-errors.js:66:24)
    at innerInvokeEventListeners (/home/stocks/algo/webapp/frontend/node_modules/jsdom/lib/jsdom/living/events/EventTarget-impl.js:353:9)
    at invokeEventListeners (/home/stocks/algo/webapp/frontend/node_modules/jsdom/lib/jsdom/living/events/EventTarget-impl.js:286:3)
    at HTMLUnknownElementImpl._dispatch (/home/stocks/algo/webapp/frontend/node_modules/jsdom/lib/jsdom/living/events/EventTarget-impl.js:233:9)
    at HTMLUnknownElementImpl.dispatchEvent (/home/stocks/algo/webapp/frontend/node_modules/jsdom/lib/jsdom/living/events/EventTarget-impl.js:104:17)
    at HTMLUnknownElement.dispatchEvent (/home/stocks/algo/webapp/frontend/node_modules/jsdom/lib/jsdom/living/generated/EventTarget.js:241:34)
    at Object.invokeGuardedCallbackDev (/home/stocks/algo/webapp/frontend/node_modules/react-dom/cjs/react-dom.development.js:4213:16)
    at invokeGuardedCallback (/home/stocks/algo/webapp/frontend/node_modules/react-dom/cjs/react-dom.development.js:4277:31)
    at beginWork$1 (/home/stocks/algo/webapp/frontend/node_modules/react-dom/cjs/react-dom.development.js:27490:7)
    at performUnitOfWork (/home/stocks/algo/webapp/frontend/node_modules/react-dom/cjs/react-dom.development.js:26599:12) TypeError: portfolioData.map is not a function
    at PortfolioManager (/home/stocks/algo/webapp/frontend/src/components/PortfolioManager.jsx:434:30)
    at renderWithHooks (/home/stocks/algo/webapp/frontend/node_modules/react-dom/cjs/react-dom.development.js:15486:18)
    at updateFunctionComponent (/home/stocks/algo/webapp/frontend/node_modules/react-dom/cjs/react-dom.development.js:19617:20)
    at beginWork (/home/stocks/algo/webapp/frontend/node_modules/react-dom/cjs/react-dom.development.js:21640:16)
    at HTMLUnknownElement.callCallback (/home/stocks/algo/webapp/frontend/node_modules/react-dom/cjs/react-dom.development.js:4164:14)
    at HTMLUnknownElement.callTheUserObjectsOperation (/home/stocks/algo/webapp/frontend/node_modules/jsdom/lib/jsdom/living/generated/EventListener.js:26:30)
    at innerInvokeEventListeners (/home/stocks/algo/webapp/frontend/node_modules/jsdom/lib/jsdom/living/events/EventTarget-impl.js:350:25)
    at invokeEventListeners (/home/stocks/algo/webapp/frontend/node_modules/jsdom/lib/jsdom/living/events/EventTarget-impl.js:286:3)
    at HTMLUnknownElementImpl._dispatch (/home/stocks/algo/webapp/frontend/node_modules/jsdom/lib/jsdom/living/events/EventTarget-impl.js:233:9)
    at HTMLUnknownElementImpl.dispatchEvent (/home/stocks/algo/webapp/frontend/node_modules/jsdom/lib/jsdom/living/events/EventTarget-impl.js:104:17)

Error: Uncaught [TypeError: portfolioData.map is not a function]
    at reportException (/home/stocks/algo/webapp/frontend/node_modules/jsdom/lib/jsdom/living/helpers/runtime-script-errors.js:66:24)
    at innerInvokeEventListeners (/home/stocks/algo/webapp/frontend/node_modules/jsdom/lib/jsdom/living/events/EventTarget-impl.js:353:9)
    at invokeEventListeners (/home/stocks/algo/webapp/frontend/node_modules/jsdom/lib/jsdom/living/events/EventTarget-impl.js:286:3)
    at HTMLUnknownElementImpl._dispatch (/home/stocks/algo/webapp/frontend/node_modules/jsdom/lib/jsdom/living/events/EventTarget-impl.js:233:9)
    at HTMLUnknownElementImpl.dispatchEvent (/home/stocks/algo/webapp/frontend/node_modules/jsdom/lib/jsdom/living/events/EventTarget-impl.js:104:17)
    at HTMLUnknownElement.dispatchEvent (/home/stocks/algo/webapp/frontend/node_modules/jsdom/lib/jsdom/living/generated/EventTarget.js:241:34)
    at Object.invokeGuardedCallbackDev (/home/stocks/algo/webapp/frontend/node_modules/react-dom/cjs/react-dom.development.js:4213:16)
    at invokeGuardedCallback (/home/stocks/algo/webapp/frontend/node_modules/react-dom/cjs/react-dom.development.js:4277:31)
    at beginWork$1 (/home/stocks/algo/webapp/frontend/node_modules/react-dom/cjs/react-dom.development.js:27490:7)
    at performUnitOfWork (/home/stocks/algo/webapp/frontend/node_modules/react-dom/cjs/react-dom.development.js:26599:12) TypeError: portfolioData.map is not a function
    at PortfolioManager (/home/stocks/algo/webapp/frontend/src/components/PortfolioManager.jsx:434:30)
    at renderWithHooks (/home/stocks/algo/webapp/frontend/node_modules/react-dom/cjs/react-dom.development.js:15486:18)
    at updateFunctionComponent (/home/stocks/algo/webapp/frontend/node_modules/react-dom/cjs/react-dom.development.js:19617:20)
    at beginWork (/home/stocks/algo/webapp/frontend/node_modules/react-dom/cjs/react-dom.development.js:21640:16)
    at HTMLUnknownElement.callCallback (/home/stocks/algo/webapp/frontend/node_modules/react-dom/cjs/react-dom.development.js:4164:14)
    at HTMLUnknownElement.callTheUserObjectsOperation (/home/stocks/algo/webapp/frontend/node_modules/jsdom/lib/jsdom/living/generated/EventListener.js:26:30)
    at innerInvokeEventListeners (/home/stocks/algo/webapp/frontend/node_modules/jsdom/lib/jsdom/living/events/EventTarget-impl.js:350:25)
    at invokeEventListeners (/home/stocks/algo/webapp/frontend/node_modules/jsdom/lib/jsdom/living/events/EventTarget-impl.js:286:3)
    at HTMLUnknownElementImpl._dispatch (/home/stocks/algo/webapp/frontend/node_modules/jsdom/lib/jsdom/living/events/EventTarget-impl.js:233:9)
    at HTMLUnknownElementImpl.dispatchEvent (/home/stocks/algo/webapp/frontend/node_modules/jsdom/lib/jsdom/living/events/EventTarget-impl.js:104:17)
Error: Uncaught [TypeError: portfolioData.map is not a function]
    at reportException (/home/stocks/algo/webapp/frontend/node_modules/jsdom/lib/jsdom/living/helpers/runtime-script-errors.js:66:24)
    at innerInvokeEventListeners (/home/stocks/algo/webapp/frontend/node_modules/jsdom/lib/jsdom/living/events/EventTarget-impl.js:353:9)
    at invokeEventListeners (/home/stocks/algo/webapp/frontend/node_modules/jsdom/lib/jsdom/living/events/EventTarget-impl.js:286:3)
    at HTMLUnknownElementImpl._dispatch (/home/stocks/algo/webapp/frontend/node_modules/jsdom/lib/jsdom/living/events/EventTarget-impl.js:233:9)
    at HTMLUnknownElementImpl.dispatchEvent (/home/stocks/algo/webapp/frontend/node_modules/jsdom/lib/jsdom/living/events/EventTarget-impl.js:104:17)
    at HTMLUnknownElement.dispatchEvent (/home/stocks/algo/webapp/frontend/node_modules/jsdom/lib/jsdom/living/generated/EventTarget.js:241:34)
    at Object.invokeGuardedCallbackDev (/home/stocks/algo/webapp/frontend/node_modules/react-dom/cjs/react-dom.development.js:4213:16)
    at invokeGuardedCallback (/home/stocks/algo/webapp/frontend/node_modules/react-dom/cjs/react-dom.development.js:4277:31)
    at beginWork$1 (/home/stocks/algo/webapp/frontend/node_modules/react-dom/cjs/react-dom.development.js:27490:7)
    at performUnitOfWork (/home/stocks/algo/webapp/frontend/node_modules/react-dom/cjs/react-dom.development.js:26599:12) TypeError: portfolioData.map is not a function
    at PortfolioManager (/home/stocks/algo/webapp/frontend/src/components/PortfolioManager.jsx:434:30)
    at renderWithHooks (/home/stocks/algo/webapp/frontend/node_modules/react-dom/cjs/react-dom.development.js:15486:18)
    at updateFunctionComponent (/home/stocks/algo/webapp/frontend/node_modules/react-dom/cjs/react-dom.development.js:19617:20)
    at beginWork (/home/stocks/algo/webapp/frontend/node_modules/react-dom/cjs/react-dom.development.js:21640:16)
    at HTMLUnknownElement.callCallback (/home/stocks/algo/webapp/frontend/node_modules/react-dom/cjs/react-dom.development.js:4164:14)
    at HTMLUnknownElement.callTheUserObjectsOperation (/home/stocks/algo/webapp/frontend/node_modules/jsdom/lib/jsdom/living/generated/EventListener.js:26:30)
    at innerInvokeEventListeners (/home/stocks/algo/webapp/frontend/node_modules/jsdom/lib/jsdom/living/events/EventTarget-impl.js:350:25)
    at invokeEventListeners (/home/stocks/algo/webapp/frontend/node_modules/jsdom/lib/jsdom/living/events/EventTarget-impl.js:286:3)
    at HTMLUnknownElementImpl._dispatch (/home/stocks/algo/webapp/frontend/node_modules/jsdom/lib/jsdom/living/events/EventTarget-impl.js:233:9)
    at HTMLUnknownElementImpl.dispatchEvent (/home/stocks/algo/webapp/frontend/node_modules/jsdom/lib/jsdom/living/events/EventTarget-impl.js:104:17)

            </system-err>
            <failure message="Unable to find an element with the text: Portfolio Overview. This could be because the text is broken up by multiple elements. In this case, you can provide a function for your text matcher to make your matcher more flexible.

Ignored nodes: comments, script, style
[36m&lt;body&gt;[39m
  [36m&lt;div /&gt;[39m
[36m&lt;/body&gt;[39m

Ignored nodes: comments, script, style
[36m&lt;html&gt;[39m
  [36m&lt;head /&gt;[39m
  [36m&lt;body&gt;[39m
    [36m&lt;div /&gt;[39m
  [36m&lt;/body&gt;[39m
[36m&lt;/html&gt;[39m..." type="TestingLibraryElementError">
TestingLibraryElementError: Unable to find an element with the text: Portfolio Overview. This could be because the text is broken up by multiple elements. In this case, you can provide a function for your text matcher to make your matcher more flexible.

Ignored nodes: comments, script, style
&lt;body&gt;
  &lt;div /&gt;
&lt;/body&gt;

Ignored nodes: comments, script, style
&lt;html&gt;
  &lt;head /&gt;
  &lt;body&gt;
    &lt;div /&gt;
  &lt;/body&gt;
&lt;/html&gt;...
 ❯ Proxy.waitForWrapper node_modules/@testing-library/react/node_modules/@testing-library/dom/dist/wait-for.js:163:27
 ❯ src/tests/unit/components/real-portfolio-manager.test.jsx:429:13
            </failure>
            <failure message="Unable to find an element with the text: Portfolio Overview. This could be because the text is broken up by multiple elements. In this case, you can provide a function for your text matcher to make your matcher more flexible.

Ignored nodes: comments, script, style
[36m&lt;body&gt;[39m
  [36m&lt;div /&gt;[39m
[36m&lt;/body&gt;[39m

Ignored nodes: comments, script, style
[36m&lt;html&gt;[39m
  [36m&lt;head /&gt;[39m
  [36m&lt;body&gt;[39m
    [36m&lt;div /&gt;[39m
  [36m&lt;/body&gt;[39m
[36m&lt;/html&gt;[39m..." type="TestingLibraryElementError">
TestingLibraryElementError: Unable to find an element with the text: Portfolio Overview. This could be because the text is broken up by multiple elements. In this case, you can provide a function for your text matcher to make your matcher more flexible.

Ignored nodes: comments, script, style
&lt;body&gt;
  &lt;div /&gt;
&lt;/body&gt;

Ignored nodes: comments, script, style
&lt;html&gt;
  &lt;head /&gt;
  &lt;body&gt;
    &lt;div /&gt;
  &lt;/body&gt;
&lt;/html&gt;...
 ❯ Proxy.waitForWrapper node_modules/@testing-library/react/node_modules/@testing-library/dom/dist/wait-for.js:163:27
 ❯ src/tests/unit/components/real-portfolio-manager.test.jsx:429:13
            </failure>
            <failure message="Unable to find an element with the text: Portfolio Overview. This could be because the text is broken up by multiple elements. In this case, you can provide a function for your text matcher to make your matcher more flexible.

Ignored nodes: comments, script, style
[36m&lt;body&gt;[39m
  [36m&lt;div /&gt;[39m
[36m&lt;/body&gt;[39m

Ignored nodes: comments, script, style
[36m&lt;html&gt;[39m
  [36m&lt;head /&gt;[39m
  [36m&lt;body&gt;[39m
    [36m&lt;div /&gt;[39m
  [36m&lt;/body&gt;[39m
[36m&lt;/html&gt;[39m..." type="TestingLibraryElementError">
TestingLibraryElementError: Unable to find an element with the text: Portfolio Overview. This could be because the text is broken up by multiple elements. In this case, you can provide a function for your text matcher to make your matcher more flexible.

Ignored nodes: comments, script, style
&lt;body&gt;
  &lt;div /&gt;
&lt;/body&gt;

Ignored nodes: comments, script, style
&lt;html&gt;
  &lt;head /&gt;
  &lt;body&gt;
    &lt;div /&gt;
  &lt;/body&gt;
&lt;/html&gt;...
 ❯ Proxy.waitForWrapper node_modules/@testing-library/react/node_modules/@testing-library/dom/dist/wait-for.js:163:27
 ❯ src/tests/unit/components/real-portfolio-manager.test.jsx:429:13
            </failure>
        </testcase>
        <testcase classname="src/tests/unit/components/real-portfolio-manager.test.jsx" name="💼 Real PortfolioManager Component &gt; Portfolio Charts and Visualization &gt; should render performance bar chart" time="3.014">
            <system-err>
Error: Uncaught [TypeError: portfolioData.map is not a function]
    at reportException (/home/stocks/algo/webapp/frontend/node_modules/jsdom/lib/jsdom/living/helpers/runtime-script-errors.js:66:24)
    at innerInvokeEventListeners (/home/stocks/algo/webapp/frontend/node_modules/jsdom/lib/jsdom/living/events/EventTarget-impl.js:353:9)
    at invokeEventListeners (/home/stocks/algo/webapp/frontend/node_modules/jsdom/lib/jsdom/living/events/EventTarget-impl.js:286:3)
    at HTMLUnknownElementImpl._dispatch (/home/stocks/algo/webapp/frontend/node_modules/jsdom/lib/jsdom/living/events/EventTarget-impl.js:233:9)
    at HTMLUnknownElementImpl.dispatchEvent (/home/stocks/algo/webapp/frontend/node_modules/jsdom/lib/jsdom/living/events/EventTarget-impl.js:104:17)
    at HTMLUnknownElement.dispatchEvent (/home/stocks/algo/webapp/frontend/node_modules/jsdom/lib/jsdom/living/generated/EventTarget.js:241:34)
    at Object.invokeGuardedCallbackDev (/home/stocks/algo/webapp/frontend/node_modules/react-dom/cjs/react-dom.development.js:4213:16)
    at invokeGuardedCallback (/home/stocks/algo/webapp/frontend/node_modules/react-dom/cjs/react-dom.development.js:4277:31)
    at beginWork$1 (/home/stocks/algo/webapp/frontend/node_modules/react-dom/cjs/react-dom.development.js:27490:7)
    at performUnitOfWork (/home/stocks/algo/webapp/frontend/node_modules/react-dom/cjs/react-dom.development.js:26599:12) TypeError: portfolioData.map is not a function
    at PortfolioManager (/home/stocks/algo/webapp/frontend/src/components/PortfolioManager.jsx:434:30)
    at renderWithHooks (/home/stocks/algo/webapp/frontend/node_modules/react-dom/cjs/react-dom.development.js:15486:18)
    at updateFunctionComponent (/home/stocks/algo/webapp/frontend/node_modules/react-dom/cjs/react-dom.development.js:19617:20)
    at beginWork (/home/stocks/algo/webapp/frontend/node_modules/react-dom/cjs/react-dom.development.js:21640:16)
    at HTMLUnknownElement.callCallback (/home/stocks/algo/webapp/frontend/node_modules/react-dom/cjs/react-dom.development.js:4164:14)
    at HTMLUnknownElement.callTheUserObjectsOperation (/home/stocks/algo/webapp/frontend/node_modules/jsdom/lib/jsdom/living/generated/EventListener.js:26:30)
    at innerInvokeEventListeners (/home/stocks/algo/webapp/frontend/node_modules/jsdom/lib/jsdom/living/events/EventTarget-impl.js:350:25)
    at invokeEventListeners (/home/stocks/algo/webapp/frontend/node_modules/jsdom/lib/jsdom/living/events/EventTarget-impl.js:286:3)
    at HTMLUnknownElementImpl._dispatch (/home/stocks/algo/webapp/frontend/node_modules/jsdom/lib/jsdom/living/events/EventTarget-impl.js:233:9)
    at HTMLUnknownElementImpl.dispatchEvent (/home/stocks/algo/webapp/frontend/node_modules/jsdom/lib/jsdom/living/events/EventTarget-impl.js:104:17)
Error: Uncaught [TypeError: portfolioData.map is not a function]
    at reportException (/home/stocks/algo/webapp/frontend/node_modules/jsdom/lib/jsdom/living/helpers/runtime-script-errors.js:66:24)
    at innerInvokeEventListeners (/home/stocks/algo/webapp/frontend/node_modules/jsdom/lib/jsdom/living/events/EventTarget-impl.js:353:9)
    at invokeEventListeners (/home/stocks/algo/webapp/frontend/node_modules/jsdom/lib/jsdom/living/events/EventTarget-impl.js:286:3)
    at HTMLUnknownElementImpl._dispatch (/home/stocks/algo/webapp/frontend/node_modules/jsdom/lib/jsdom/living/events/EventTarget-impl.js:233:9)
    at HTMLUnknownElementImpl.dispatchEvent (/home/stocks/algo/webapp/frontend/node_modules/jsdom/lib/jsdom/living/events/EventTarget-impl.js:104:17)
    at HTMLUnknownElement.dispatchEvent (/home/stocks/algo/webapp/frontend/node_modules/jsdom/lib/jsdom/living/generated/EventTarget.js:241:34)
    at Object.invokeGuardedCallbackDev (/home/stocks/algo/webapp/frontend/node_modules/react-dom/cjs/react-dom.development.js:4213:16)
    at invokeGuardedCallback (/home/stocks/algo/webapp/frontend/node_modules/react-dom/cjs/react-dom.development.js:4277:31)
    at beginWork$1 (/home/stocks/algo/webapp/frontend/node_modules/react-dom/cjs/react-dom.development.js:27490:7)
    at performUnitOfWork (/home/stocks/algo/webapp/frontend/node_modules/react-dom/cjs/react-dom.development.js:26599:12) TypeError: portfolioData.map is not a function
    at PortfolioManager (/home/stocks/algo/webapp/frontend/src/components/PortfolioManager.jsx:434:30)
    at renderWithHooks (/home/stocks/algo/webapp/frontend/node_modules/react-dom/cjs/react-dom.development.js:15486:18)
    at updateFunctionComponent (/home/stocks/algo/webapp/frontend/node_modules/react-dom/cjs/react-dom.development.js:19617:20)
    at beginWork (/home/stocks/algo/webapp/frontend/node_modules/react-dom/cjs/react-dom.development.js:21640:16)
    at HTMLUnknownElement.callCallback (/home/stocks/algo/webapp/frontend/node_modules/react-dom/cjs/react-dom.development.js:4164:14)
    at HTMLUnknownElement.callTheUserObjectsOperation (/home/stocks/algo/webapp/frontend/node_modules/jsdom/lib/jsdom/living/generated/EventListener.js:26:30)
    at innerInvokeEventListeners (/home/stocks/algo/webapp/frontend/node_modules/jsdom/lib/jsdom/living/events/EventTarget-impl.js:350:25)
    at invokeEventListeners (/home/stocks/algo/webapp/frontend/node_modules/jsdom/lib/jsdom/living/events/EventTarget-impl.js:286:3)
    at HTMLUnknownElementImpl._dispatch (/home/stocks/algo/webapp/frontend/node_modules/jsdom/lib/jsdom/living/events/EventTarget-impl.js:233:9)
    at HTMLUnknownElementImpl.dispatchEvent (/home/stocks/algo/webapp/frontend/node_modules/jsdom/lib/jsdom/living/events/EventTarget-impl.js:104:17)

Error: Uncaught [TypeError: portfolioData.map is not a function]
    at reportException (/home/stocks/algo/webapp/frontend/node_modules/jsdom/lib/jsdom/living/helpers/runtime-script-errors.js:66:24)
    at innerInvokeEventListeners (/home/stocks/algo/webapp/frontend/node_modules/jsdom/lib/jsdom/living/events/EventTarget-impl.js:353:9)
    at invokeEventListeners (/home/stocks/algo/webapp/frontend/node_modules/jsdom/lib/jsdom/living/events/EventTarget-impl.js:286:3)
    at HTMLUnknownElementImpl._dispatch (/home/stocks/algo/webapp/frontend/node_modules/jsdom/lib/jsdom/living/events/EventTarget-impl.js:233:9)
    at HTMLUnknownElementImpl.dispatchEvent (/home/stocks/algo/webapp/frontend/node_modules/jsdom/lib/jsdom/living/events/EventTarget-impl.js:104:17)
    at HTMLUnknownElement.dispatchEvent (/home/stocks/algo/webapp/frontend/node_modules/jsdom/lib/jsdom/living/generated/EventTarget.js:241:34)
    at Object.invokeGuardedCallbackDev (/home/stocks/algo/webapp/frontend/node_modules/react-dom/cjs/react-dom.development.js:4213:16)
    at invokeGuardedCallback (/home/stocks/algo/webapp/frontend/node_modules/react-dom/cjs/react-dom.development.js:4277:31)
    at beginWork$1 (/home/stocks/algo/webapp/frontend/node_modules/react-dom/cjs/react-dom.development.js:27490:7)
    at performUnitOfWork (/home/stocks/algo/webapp/frontend/node_modules/react-dom/cjs/react-dom.development.js:26599:12) TypeError: portfolioData.map is not a function
    at PortfolioManager (/home/stocks/algo/webapp/frontend/src/components/PortfolioManager.jsx:434:30)
    at renderWithHooks (/home/stocks/algo/webapp/frontend/node_modules/react-dom/cjs/react-dom.development.js:15486:18)
    at updateFunctionComponent (/home/stocks/algo/webapp/frontend/node_modules/react-dom/cjs/react-dom.development.js:19617:20)
    at beginWork (/home/stocks/algo/webapp/frontend/node_modules/react-dom/cjs/react-dom.development.js:21640:16)
    at HTMLUnknownElement.callCallback (/home/stocks/algo/webapp/frontend/node_modules/react-dom/cjs/react-dom.development.js:4164:14)
    at HTMLUnknownElement.callTheUserObjectsOperation (/home/stocks/algo/webapp/frontend/node_modules/jsdom/lib/jsdom/living/generated/EventListener.js:26:30)
    at innerInvokeEventListeners (/home/stocks/algo/webapp/frontend/node_modules/jsdom/lib/jsdom/living/events/EventTarget-impl.js:350:25)
    at invokeEventListeners (/home/stocks/algo/webapp/frontend/node_modules/jsdom/lib/jsdom/living/events/EventTarget-impl.js:286:3)
    at HTMLUnknownElementImpl._dispatch (/home/stocks/algo/webapp/frontend/node_modules/jsdom/lib/jsdom/living/events/EventTarget-impl.js:233:9)
    at HTMLUnknownElementImpl.dispatchEvent (/home/stocks/algo/webapp/frontend/node_modules/jsdom/lib/jsdom/living/events/EventTarget-impl.js:104:17)
Error: Uncaught [TypeError: portfolioData.map is not a function]
    at reportException (/home/stocks/algo/webapp/frontend/node_modules/jsdom/lib/jsdom/living/helpers/runtime-script-errors.js:66:24)
    at innerInvokeEventListeners (/home/stocks/algo/webapp/frontend/node_modules/jsdom/lib/jsdom/living/events/EventTarget-impl.js:353:9)
    at invokeEventListeners (/home/stocks/algo/webapp/frontend/node_modules/jsdom/lib/jsdom/living/events/EventTarget-impl.js:286:3)
    at HTMLUnknownElementImpl._dispatch (/home/stocks/algo/webapp/frontend/node_modules/jsdom/lib/jsdom/living/events/EventTarget-impl.js:233:9)
    at HTMLUnknownElementImpl.dispatchEvent (/home/stocks/algo/webapp/frontend/node_modules/jsdom/lib/jsdom/living/events/EventTarget-impl.js:104:17)
    at HTMLUnknownElement.dispatchEvent (/home/stocks/algo/webapp/frontend/node_modules/jsdom/lib/jsdom/living/generated/EventTarget.js:241:34)
    at Object.invokeGuardedCallbackDev (/home/stocks/algo/webapp/frontend/node_modules/react-dom/cjs/react-dom.development.js:4213:16)
    at invokeGuardedCallback (/home/stocks/algo/webapp/frontend/node_modules/react-dom/cjs/react-dom.development.js:4277:31)
    at beginWork$1 (/home/stocks/algo/webapp/frontend/node_modules/react-dom/cjs/react-dom.development.js:27490:7)
    at performUnitOfWork (/home/stocks/algo/webapp/frontend/node_modules/react-dom/cjs/react-dom.development.js:26599:12) TypeError: portfolioData.map is not a function
    at PortfolioManager (/home/stocks/algo/webapp/frontend/src/components/PortfolioManager.jsx:434:30)
    at renderWithHooks (/home/stocks/algo/webapp/frontend/node_modules/react-dom/cjs/react-dom.development.js:15486:18)
    at updateFunctionComponent (/home/stocks/algo/webapp/frontend/node_modules/react-dom/cjs/react-dom.development.js:19617:20)
    at beginWork (/home/stocks/algo/webapp/frontend/node_modules/react-dom/cjs/react-dom.development.js:21640:16)
    at HTMLUnknownElement.callCallback (/home/stocks/algo/webapp/frontend/node_modules/react-dom/cjs/react-dom.development.js:4164:14)
    at HTMLUnknownElement.callTheUserObjectsOperation (/home/stocks/algo/webapp/frontend/node_modules/jsdom/lib/jsdom/living/generated/EventListener.js:26:30)
    at innerInvokeEventListeners (/home/stocks/algo/webapp/frontend/node_modules/jsdom/lib/jsdom/living/events/EventTarget-impl.js:350:25)
    at invokeEventListeners (/home/stocks/algo/webapp/frontend/node_modules/jsdom/lib/jsdom/living/events/EventTarget-impl.js:286:3)
    at HTMLUnknownElementImpl._dispatch (/home/stocks/algo/webapp/frontend/node_modules/jsdom/lib/jsdom/living/events/EventTarget-impl.js:233:9)
    at HTMLUnknownElementImpl.dispatchEvent (/home/stocks/algo/webapp/frontend/node_modules/jsdom/lib/jsdom/living/events/EventTarget-impl.js:104:17)

Error: Uncaught [TypeError: portfolioData.map is not a function]
    at reportException (/home/stocks/algo/webapp/frontend/node_modules/jsdom/lib/jsdom/living/helpers/runtime-script-errors.js:66:24)
    at innerInvokeEventListeners (/home/stocks/algo/webapp/frontend/node_modules/jsdom/lib/jsdom/living/events/EventTarget-impl.js:353:9)
    at invokeEventListeners (/home/stocks/algo/webapp/frontend/node_modules/jsdom/lib/jsdom/living/events/EventTarget-impl.js:286:3)
    at HTMLUnknownElementImpl._dispatch (/home/stocks/algo/webapp/frontend/node_modules/jsdom/lib/jsdom/living/events/EventTarget-impl.js:233:9)
    at HTMLUnknownElementImpl.dispatchEvent (/home/stocks/algo/webapp/frontend/node_modules/jsdom/lib/jsdom/living/events/EventTarget-impl.js:104:17)
    at HTMLUnknownElement.dispatchEvent (/home/stocks/algo/webapp/frontend/node_modules/jsdom/lib/jsdom/living/generated/EventTarget.js:241:34)
    at Object.invokeGuardedCallbackDev (/home/stocks/algo/webapp/frontend/node_modules/react-dom/cjs/react-dom.development.js:4213:16)
    at invokeGuardedCallback (/home/stocks/algo/webapp/frontend/node_modules/react-dom/cjs/react-dom.development.js:4277:31)
    at beginWork$1 (/home/stocks/algo/webapp/frontend/node_modules/react-dom/cjs/react-dom.development.js:27490:7)
    at performUnitOfWork (/home/stocks/algo/webapp/frontend/node_modules/react-dom/cjs/react-dom.development.js:26599:12) TypeError: portfolioData.map is not a function
    at PortfolioManager (/home/stocks/algo/webapp/frontend/src/components/PortfolioManager.jsx:434:30)
    at renderWithHooks (/home/stocks/algo/webapp/frontend/node_modules/react-dom/cjs/react-dom.development.js:15486:18)
    at updateFunctionComponent (/home/stocks/algo/webapp/frontend/node_modules/react-dom/cjs/react-dom.development.js:19617:20)
    at beginWork (/home/stocks/algo/webapp/frontend/node_modules/react-dom/cjs/react-dom.development.js:21640:16)
    at HTMLUnknownElement.callCallback (/home/stocks/algo/webapp/frontend/node_modules/react-dom/cjs/react-dom.development.js:4164:14)
    at HTMLUnknownElement.callTheUserObjectsOperation (/home/stocks/algo/webapp/frontend/node_modules/jsdom/lib/jsdom/living/generated/EventListener.js:26:30)
    at innerInvokeEventListeners (/home/stocks/algo/webapp/frontend/node_modules/jsdom/lib/jsdom/living/events/EventTarget-impl.js:350:25)
    at invokeEventListeners (/home/stocks/algo/webapp/frontend/node_modules/jsdom/lib/jsdom/living/events/EventTarget-impl.js:286:3)
    at HTMLUnknownElementImpl._dispatch (/home/stocks/algo/webapp/frontend/node_modules/jsdom/lib/jsdom/living/events/EventTarget-impl.js:233:9)
    at HTMLUnknownElementImpl.dispatchEvent (/home/stocks/algo/webapp/frontend/node_modules/jsdom/lib/jsdom/living/events/EventTarget-impl.js:104:17)
Error: Uncaught [TypeError: portfolioData.map is not a function]
    at reportException (/home/stocks/algo/webapp/frontend/node_modules/jsdom/lib/jsdom/living/helpers/runtime-script-errors.js:66:24)
    at innerInvokeEventListeners (/home/stocks/algo/webapp/frontend/node_modules/jsdom/lib/jsdom/living/events/EventTarget-impl.js:353:9)
    at invokeEventListeners (/home/stocks/algo/webapp/frontend/node_modules/jsdom/lib/jsdom/living/events/EventTarget-impl.js:286:3)
    at HTMLUnknownElementImpl._dispatch (/home/stocks/algo/webapp/frontend/node_modules/jsdom/lib/jsdom/living/events/EventTarget-impl.js:233:9)
    at HTMLUnknownElementImpl.dispatchEvent (/home/stocks/algo/webapp/frontend/node_modules/jsdom/lib/jsdom/living/events/EventTarget-impl.js:104:17)
    at HTMLUnknownElement.dispatchEvent (/home/stocks/algo/webapp/frontend/node_modules/jsdom/lib/jsdom/living/generated/EventTarget.js:241:34)
    at Object.invokeGuardedCallbackDev (/home/stocks/algo/webapp/frontend/node_modules/react-dom/cjs/react-dom.development.js:4213:16)
    at invokeGuardedCallback (/home/stocks/algo/webapp/frontend/node_modules/react-dom/cjs/react-dom.development.js:4277:31)
    at beginWork$1 (/home/stocks/algo/webapp/frontend/node_modules/react-dom/cjs/react-dom.development.js:27490:7)
    at performUnitOfWork (/home/stocks/algo/webapp/frontend/node_modules/react-dom/cjs/react-dom.development.js:26599:12) TypeError: portfolioData.map is not a function
    at PortfolioManager (/home/stocks/algo/webapp/frontend/src/components/PortfolioManager.jsx:434:30)
    at renderWithHooks (/home/stocks/algo/webapp/frontend/node_modules/react-dom/cjs/react-dom.development.js:15486:18)
    at updateFunctionComponent (/home/stocks/algo/webapp/frontend/node_modules/react-dom/cjs/react-dom.development.js:19617:20)
    at beginWork (/home/stocks/algo/webapp/frontend/node_modules/react-dom/cjs/react-dom.development.js:21640:16)
    at HTMLUnknownElement.callCallback (/home/stocks/algo/webapp/frontend/node_modules/react-dom/cjs/react-dom.development.js:4164:14)
    at HTMLUnknownElement.callTheUserObjectsOperation (/home/stocks/algo/webapp/frontend/node_modules/jsdom/lib/jsdom/living/generated/EventListener.js:26:30)
    at innerInvokeEventListeners (/home/stocks/algo/webapp/frontend/node_modules/jsdom/lib/jsdom/living/events/EventTarget-impl.js:350:25)
    at invokeEventListeners (/home/stocks/algo/webapp/frontend/node_modules/jsdom/lib/jsdom/living/events/EventTarget-impl.js:286:3)
    at HTMLUnknownElementImpl._dispatch (/home/stocks/algo/webapp/frontend/node_modules/jsdom/lib/jsdom/living/events/EventTarget-impl.js:233:9)
    at HTMLUnknownElementImpl.dispatchEvent (/home/stocks/algo/webapp/frontend/node_modules/jsdom/lib/jsdom/living/events/EventTarget-impl.js:104:17)

            </system-err>
            <failure message="Unable to find an element with the text: Portfolio Overview. This could be because the text is broken up by multiple elements. In this case, you can provide a function for your text matcher to make your matcher more flexible.

Ignored nodes: comments, script, style
[36m&lt;body&gt;[39m
  [36m&lt;div /&gt;[39m
[36m&lt;/body&gt;[39m

Ignored nodes: comments, script, style
[36m&lt;html&gt;[39m
  [36m&lt;head /&gt;[39m
  [36m&lt;body&gt;[39m
    [36m&lt;div /&gt;[39m
  [36m&lt;/body&gt;[39m
[36m&lt;/html&gt;[39m..." type="TestingLibraryElementError">
TestingLibraryElementError: Unable to find an element with the text: Portfolio Overview. This could be because the text is broken up by multiple elements. In this case, you can provide a function for your text matcher to make your matcher more flexible.

Ignored nodes: comments, script, style
&lt;body&gt;
  &lt;div /&gt;
&lt;/body&gt;

Ignored nodes: comments, script, style
&lt;html&gt;
  &lt;head /&gt;
  &lt;body&gt;
    &lt;div /&gt;
  &lt;/body&gt;
&lt;/html&gt;...
 ❯ Proxy.waitForWrapper node_modules/@testing-library/react/node_modules/@testing-library/dom/dist/wait-for.js:163:27
 ❯ src/tests/unit/components/real-portfolio-manager.test.jsx:429:13
            </failure>
            <failure message="Unable to find an element with the text: Portfolio Overview. This could be because the text is broken up by multiple elements. In this case, you can provide a function for your text matcher to make your matcher more flexible.

Ignored nodes: comments, script, style
[36m&lt;body&gt;[39m
  [36m&lt;div /&gt;[39m
[36m&lt;/body&gt;[39m

Ignored nodes: comments, script, style
[36m&lt;html&gt;[39m
  [36m&lt;head /&gt;[39m
  [36m&lt;body&gt;[39m
    [36m&lt;div /&gt;[39m
  [36m&lt;/body&gt;[39m
[36m&lt;/html&gt;[39m..." type="TestingLibraryElementError">
TestingLibraryElementError: Unable to find an element with the text: Portfolio Overview. This could be because the text is broken up by multiple elements. In this case, you can provide a function for your text matcher to make your matcher more flexible.

Ignored nodes: comments, script, style
&lt;body&gt;
  &lt;div /&gt;
&lt;/body&gt;

Ignored nodes: comments, script, style
&lt;html&gt;
  &lt;head /&gt;
  &lt;body&gt;
    &lt;div /&gt;
  &lt;/body&gt;
&lt;/html&gt;...
 ❯ Proxy.waitForWrapper node_modules/@testing-library/react/node_modules/@testing-library/dom/dist/wait-for.js:163:27
 ❯ src/tests/unit/components/real-portfolio-manager.test.jsx:429:13
            </failure>
            <failure message="Unable to find an element with the text: Portfolio Overview. This could be because the text is broken up by multiple elements. In this case, you can provide a function for your text matcher to make your matcher more flexible.

Ignored nodes: comments, script, style
[36m&lt;body&gt;[39m
  [36m&lt;div /&gt;[39m
[36m&lt;/body&gt;[39m

Ignored nodes: comments, script, style
[36m&lt;html&gt;[39m
  [36m&lt;head /&gt;[39m
  [36m&lt;body&gt;[39m
    [36m&lt;div /&gt;[39m
  [36m&lt;/body&gt;[39m
[36m&lt;/html&gt;[39m..." type="TestingLibraryElementError">
TestingLibraryElementError: Unable to find an element with the text: Portfolio Overview. This could be because the text is broken up by multiple elements. In this case, you can provide a function for your text matcher to make your matcher more flexible.

Ignored nodes: comments, script, style
&lt;body&gt;
  &lt;div /&gt;
&lt;/body&gt;

Ignored nodes: comments, script, style
&lt;html&gt;
  &lt;head /&gt;
  &lt;body&gt;
    &lt;div /&gt;
  &lt;/body&gt;
&lt;/html&gt;...
 ❯ Proxy.waitForWrapper node_modules/@testing-library/react/node_modules/@testing-library/dom/dist/wait-for.js:163:27
 ❯ src/tests/unit/components/real-portfolio-manager.test.jsx:429:13
            </failure>
        </testcase>
        <testcase classname="src/tests/unit/components/real-portfolio-manager.test.jsx" name="💼 Real PortfolioManager Component &gt; Portfolio Charts and Visualization &gt; should display chart controls" time="4.178">
            <system-err>
Error: Uncaught [TypeError: portfolioData.map is not a function]
    at reportException (/home/stocks/algo/webapp/frontend/node_modules/jsdom/lib/jsdom/living/helpers/runtime-script-errors.js:66:24)
    at innerInvokeEventListeners (/home/stocks/algo/webapp/frontend/node_modules/jsdom/lib/jsdom/living/events/EventTarget-impl.js:353:9)
    at invokeEventListeners (/home/stocks/algo/webapp/frontend/node_modules/jsdom/lib/jsdom/living/events/EventTarget-impl.js:286:3)
    at HTMLUnknownElementImpl._dispatch (/home/stocks/algo/webapp/frontend/node_modules/jsdom/lib/jsdom/living/events/EventTarget-impl.js:233:9)
    at HTMLUnknownElementImpl.dispatchEvent (/home/stocks/algo/webapp/frontend/node_modules/jsdom/lib/jsdom/living/events/EventTarget-impl.js:104:17)
    at HTMLUnknownElement.dispatchEvent (/home/stocks/algo/webapp/frontend/node_modules/jsdom/lib/jsdom/living/generated/EventTarget.js:241:34)
    at Object.invokeGuardedCallbackDev (/home/stocks/algo/webapp/frontend/node_modules/react-dom/cjs/react-dom.development.js:4213:16)
    at invokeGuardedCallback (/home/stocks/algo/webapp/frontend/node_modules/react-dom/cjs/react-dom.development.js:4277:31)
    at beginWork$1 (/home/stocks/algo/webapp/frontend/node_modules/react-dom/cjs/react-dom.development.js:27490:7)
    at performUnitOfWork (/home/stocks/algo/webapp/frontend/node_modules/react-dom/cjs/react-dom.development.js:26599:12) TypeError: portfolioData.map is not a function
    at PortfolioManager (/home/stocks/algo/webapp/frontend/src/components/PortfolioManager.jsx:434:30)
    at renderWithHooks (/home/stocks/algo/webapp/frontend/node_modules/react-dom/cjs/react-dom.development.js:15486:18)
    at updateFunctionComponent (/home/stocks/algo/webapp/frontend/node_modules/react-dom/cjs/react-dom.development.js:19617:20)
    at beginWork (/home/stocks/algo/webapp/frontend/node_modules/react-dom/cjs/react-dom.development.js:21640:16)
    at HTMLUnknownElement.callCallback (/home/stocks/algo/webapp/frontend/node_modules/react-dom/cjs/react-dom.development.js:4164:14)
    at HTMLUnknownElement.callTheUserObjectsOperation (/home/stocks/algo/webapp/frontend/node_modules/jsdom/lib/jsdom/living/generated/EventListener.js:26:30)
    at innerInvokeEventListeners (/home/stocks/algo/webapp/frontend/node_modules/jsdom/lib/jsdom/living/events/EventTarget-impl.js:350:25)
    at invokeEventListeners (/home/stocks/algo/webapp/frontend/node_modules/jsdom/lib/jsdom/living/events/EventTarget-impl.js:286:3)
    at HTMLUnknownElementImpl._dispatch (/home/stocks/algo/webapp/frontend/node_modules/jsdom/lib/jsdom/living/events/EventTarget-impl.js:233:9)
    at HTMLUnknownElementImpl.dispatchEvent (/home/stocks/algo/webapp/frontend/node_modules/jsdom/lib/jsdom/living/events/EventTarget-impl.js:104:17)
Error: Uncaught [TypeError: portfolioData.map is not a function]
    at reportException (/home/stocks/algo/webapp/frontend/node_modules/jsdom/lib/jsdom/living/helpers/runtime-script-errors.js:66:24)
    at innerInvokeEventListeners (/home/stocks/algo/webapp/frontend/node_modules/jsdom/lib/jsdom/living/events/EventTarget-impl.js:353:9)
    at invokeEventListeners (/home/stocks/algo/webapp/frontend/node_modules/jsdom/lib/jsdom/living/events/EventTarget-impl.js:286:3)
    at HTMLUnknownElementImpl._dispatch (/home/stocks/algo/webapp/frontend/node_modules/jsdom/lib/jsdom/living/events/EventTarget-impl.js:233:9)
    at HTMLUnknownElementImpl.dispatchEvent (/home/stocks/algo/webapp/frontend/node_modules/jsdom/lib/jsdom/living/events/EventTarget-impl.js:104:17)
    at HTMLUnknownElement.dispatchEvent (/home/stocks/algo/webapp/frontend/node_modules/jsdom/lib/jsdom/living/generated/EventTarget.js:241:34)
    at Object.invokeGuardedCallbackDev (/home/stocks/algo/webapp/frontend/node_modules/react-dom/cjs/react-dom.development.js:4213:16)
    at invokeGuardedCallback (/home/stocks/algo/webapp/frontend/node_modules/react-dom/cjs/react-dom.development.js:4277:31)
    at beginWork$1 (/home/stocks/algo/webapp/frontend/node_modules/react-dom/cjs/react-dom.development.js:27490:7)
    at performUnitOfWork (/home/stocks/algo/webapp/frontend/node_modules/react-dom/cjs/react-dom.development.js:26599:12) TypeError: portfolioData.map is not a function
    at PortfolioManager (/home/stocks/algo/webapp/frontend/src/components/PortfolioManager.jsx:434:30)
    at renderWithHooks (/home/stocks/algo/webapp/frontend/node_modules/react-dom/cjs/react-dom.development.js:15486:18)
    at updateFunctionComponent (/home/stocks/algo/webapp/frontend/node_modules/react-dom/cjs/react-dom.development.js:19617:20)
    at beginWork (/home/stocks/algo/webapp/frontend/node_modules/react-dom/cjs/react-dom.development.js:21640:16)
    at HTMLUnknownElement.callCallback (/home/stocks/algo/webapp/frontend/node_modules/react-dom/cjs/react-dom.development.js:4164:14)
    at HTMLUnknownElement.callTheUserObjectsOperation (/home/stocks/algo/webapp/frontend/node_modules/jsdom/lib/jsdom/living/generated/EventListener.js:26:30)
    at innerInvokeEventListeners (/home/stocks/algo/webapp/frontend/node_modules/jsdom/lib/jsdom/living/events/EventTarget-impl.js:350:25)
    at invokeEventListeners (/home/stocks/algo/webapp/frontend/node_modules/jsdom/lib/jsdom/living/events/EventTarget-impl.js:286:3)
    at HTMLUnknownElementImpl._dispatch (/home/stocks/algo/webapp/frontend/node_modules/jsdom/lib/jsdom/living/events/EventTarget-impl.js:233:9)
    at HTMLUnknownElementImpl.dispatchEvent (/home/stocks/algo/webapp/frontend/node_modules/jsdom/lib/jsdom/living/events/EventTarget-impl.js:104:17)

Error: Uncaught [TypeError: portfolioData.map is not a function]
    at reportException (/home/stocks/algo/webapp/frontend/node_modules/jsdom/lib/jsdom/living/helpers/runtime-script-errors.js:66:24)
    at innerInvokeEventListeners (/home/stocks/algo/webapp/frontend/node_modules/jsdom/lib/jsdom/living/events/EventTarget-impl.js:353:9)
    at invokeEventListeners (/home/stocks/algo/webapp/frontend/node_modules/jsdom/lib/jsdom/living/events/EventTarget-impl.js:286:3)
    at HTMLUnknownElementImpl._dispatch (/home/stocks/algo/webapp/frontend/node_modules/jsdom/lib/jsdom/living/events/EventTarget-impl.js:233:9)
    at HTMLUnknownElementImpl.dispatchEvent (/home/stocks/algo/webapp/frontend/node_modules/jsdom/lib/jsdom/living/events/EventTarget-impl.js:104:17)
    at HTMLUnknownElement.dispatchEvent (/home/stocks/algo/webapp/frontend/node_modules/jsdom/lib/jsdom/living/generated/EventTarget.js:241:34)
    at Object.invokeGuardedCallbackDev (/home/stocks/algo/webapp/frontend/node_modules/react-dom/cjs/react-dom.development.js:4213:16)
    at invokeGuardedCallback (/home/stocks/algo/webapp/frontend/node_modules/react-dom/cjs/react-dom.development.js:4277:31)
    at beginWork$1 (/home/stocks/algo/webapp/frontend/node_modules/react-dom/cjs/react-dom.development.js:27490:7)
    at performUnitOfWork (/home/stocks/algo/webapp/frontend/node_modules/react-dom/cjs/react-dom.development.js:26599:12) TypeError: portfolioData.map is not a function
    at PortfolioManager (/home/stocks/algo/webapp/frontend/src/components/PortfolioManager.jsx:434:30)
    at renderWithHooks (/home/stocks/algo/webapp/frontend/node_modules/react-dom/cjs/react-dom.development.js:15486:18)
    at updateFunctionComponent (/home/stocks/algo/webapp/frontend/node_modules/react-dom/cjs/react-dom.development.js:19617:20)
    at beginWork (/home/stocks/algo/webapp/frontend/node_modules/react-dom/cjs/react-dom.development.js:21640:16)
    at HTMLUnknownElement.callCallback (/home/stocks/algo/webapp/frontend/node_modules/react-dom/cjs/react-dom.development.js:4164:14)
    at HTMLUnknownElement.callTheUserObjectsOperation (/home/stocks/algo/webapp/frontend/node_modules/jsdom/lib/jsdom/living/generated/EventListener.js:26:30)
    at innerInvokeEventListeners (/home/stocks/algo/webapp/frontend/node_modules/jsdom/lib/jsdom/living/events/EventTarget-impl.js:350:25)
    at invokeEventListeners (/home/stocks/algo/webapp/frontend/node_modules/jsdom/lib/jsdom/living/events/EventTarget-impl.js:286:3)
    at HTMLUnknownElementImpl._dispatch (/home/stocks/algo/webapp/frontend/node_modules/jsdom/lib/jsdom/living/events/EventTarget-impl.js:233:9)
    at HTMLUnknownElementImpl.dispatchEvent (/home/stocks/algo/webapp/frontend/node_modules/jsdom/lib/jsdom/living/events/EventTarget-impl.js:104:17)
Error: Uncaught [TypeError: portfolioData.map is not a function]
    at reportException (/home/stocks/algo/webapp/frontend/node_modules/jsdom/lib/jsdom/living/helpers/runtime-script-errors.js:66:24)
    at innerInvokeEventListeners (/home/stocks/algo/webapp/frontend/node_modules/jsdom/lib/jsdom/living/events/EventTarget-impl.js:353:9)
    at invokeEventListeners (/home/stocks/algo/webapp/frontend/node_modules/jsdom/lib/jsdom/living/events/EventTarget-impl.js:286:3)
    at HTMLUnknownElementImpl._dispatch (/home/stocks/algo/webapp/frontend/node_modules/jsdom/lib/jsdom/living/events/EventTarget-impl.js:233:9)
    at HTMLUnknownElementImpl.dispatchEvent (/home/stocks/algo/webapp/frontend/node_modules/jsdom/lib/jsdom/living/events/EventTarget-impl.js:104:17)
    at HTMLUnknownElement.dispatchEvent (/home/stocks/algo/webapp/frontend/node_modules/jsdom/lib/jsdom/living/generated/EventTarget.js:241:34)
    at Object.invokeGuardedCallbackDev (/home/stocks/algo/webapp/frontend/node_modules/react-dom/cjs/react-dom.development.js:4213:16)
    at invokeGuardedCallback (/home/stocks/algo/webapp/frontend/node_modules/react-dom/cjs/react-dom.development.js:4277:31)
    at beginWork$1 (/home/stocks/algo/webapp/frontend/node_modules/react-dom/cjs/react-dom.development.js:27490:7)
    at performUnitOfWork (/home/stocks/algo/webapp/frontend/node_modules/react-dom/cjs/react-dom.development.js:26599:12) TypeError: portfolioData.map is not a function
    at PortfolioManager (/home/stocks/algo/webapp/frontend/src/components/PortfolioManager.jsx:434:30)
    at renderWithHooks (/home/stocks/algo/webapp/frontend/node_modules/react-dom/cjs/react-dom.development.js:15486:18)
    at updateFunctionComponent (/home/stocks/algo/webapp/frontend/node_modules/react-dom/cjs/react-dom.development.js:19617:20)
    at beginWork (/home/stocks/algo/webapp/frontend/node_modules/react-dom/cjs/react-dom.development.js:21640:16)
    at HTMLUnknownElement.callCallback (/home/stocks/algo/webapp/frontend/node_modules/react-dom/cjs/react-dom.development.js:4164:14)
    at HTMLUnknownElement.callTheUserObjectsOperation (/home/stocks/algo/webapp/frontend/node_modules/jsdom/lib/jsdom/living/generated/EventListener.js:26:30)
    at innerInvokeEventListeners (/home/stocks/algo/webapp/frontend/node_modules/jsdom/lib/jsdom/living/events/EventTarget-impl.js:350:25)
    at invokeEventListeners (/home/stocks/algo/webapp/frontend/node_modules/jsdom/lib/jsdom/living/events/EventTarget-impl.js:286:3)
    at HTMLUnknownElementImpl._dispatch (/home/stocks/algo/webapp/frontend/node_modules/jsdom/lib/jsdom/living/events/EventTarget-impl.js:233:9)
    at HTMLUnknownElementImpl.dispatchEvent (/home/stocks/algo/webapp/frontend/node_modules/jsdom/lib/jsdom/living/events/EventTarget-impl.js:104:17)

Error: Uncaught [TypeError: portfolioData.map is not a function]
    at reportException (/home/stocks/algo/webapp/frontend/node_modules/jsdom/lib/jsdom/living/helpers/runtime-script-errors.js:66:24)
    at innerInvokeEventListeners (/home/stocks/algo/webapp/frontend/node_modules/jsdom/lib/jsdom/living/events/EventTarget-impl.js:353:9)
    at invokeEventListeners (/home/stocks/algo/webapp/frontend/node_modules/jsdom/lib/jsdom/living/events/EventTarget-impl.js:286:3)
    at HTMLUnknownElementImpl._dispatch (/home/stocks/algo/webapp/frontend/node_modules/jsdom/lib/jsdom/living/events/EventTarget-impl.js:233:9)
    at HTMLUnknownElementImpl.dispatchEvent (/home/stocks/algo/webapp/frontend/node_modules/jsdom/lib/jsdom/living/events/EventTarget-impl.js:104:17)
    at HTMLUnknownElement.dispatchEvent (/home/stocks/algo/webapp/frontend/node_modules/jsdom/lib/jsdom/living/generated/EventTarget.js:241:34)
    at Object.invokeGuardedCallbackDev (/home/stocks/algo/webapp/frontend/node_modules/react-dom/cjs/react-dom.development.js:4213:16)
    at invokeGuardedCallback (/home/stocks/algo/webapp/frontend/node_modules/react-dom/cjs/react-dom.development.js:4277:31)
    at beginWork$1 (/home/stocks/algo/webapp/frontend/node_modules/react-dom/cjs/react-dom.development.js:27490:7)
    at performUnitOfWork (/home/stocks/algo/webapp/frontend/node_modules/react-dom/cjs/react-dom.development.js:26599:12) TypeError: portfolioData.map is not a function
    at PortfolioManager (/home/stocks/algo/webapp/frontend/src/components/PortfolioManager.jsx:434:30)
    at renderWithHooks (/home/stocks/algo/webapp/frontend/node_modules/react-dom/cjs/react-dom.development.js:15486:18)
    at updateFunctionComponent (/home/stocks/algo/webapp/frontend/node_modules/react-dom/cjs/react-dom.development.js:19617:20)
    at beginWork (/home/stocks/algo/webapp/frontend/node_modules/react-dom/cjs/react-dom.development.js:21640:16)
    at HTMLUnknownElement.callCallback (/home/stocks/algo/webapp/frontend/node_modules/react-dom/cjs/react-dom.development.js:4164:14)
    at HTMLUnknownElement.callTheUserObjectsOperation (/home/stocks/algo/webapp/frontend/node_modules/jsdom/lib/jsdom/living/generated/EventListener.js:26:30)
    at innerInvokeEventListeners (/home/stocks/algo/webapp/frontend/node_modules/jsdom/lib/jsdom/living/events/EventTarget-impl.js:350:25)
    at invokeEventListeners (/home/stocks/algo/webapp/frontend/node_modules/jsdom/lib/jsdom/living/events/EventTarget-impl.js:286:3)
    at HTMLUnknownElementImpl._dispatch (/home/stocks/algo/webapp/frontend/node_modules/jsdom/lib/jsdom/living/events/EventTarget-impl.js:233:9)
    at HTMLUnknownElementImpl.dispatchEvent (/home/stocks/algo/webapp/frontend/node_modules/jsdom/lib/jsdom/living/events/EventTarget-impl.js:104:17)
Error: Uncaught [TypeError: portfolioData.map is not a function]
    at reportException (/home/stocks/algo/webapp/frontend/node_modules/jsdom/lib/jsdom/living/helpers/runtime-script-errors.js:66:24)
    at innerInvokeEventListeners (/home/stocks/algo/webapp/frontend/node_modules/jsdom/lib/jsdom/living/events/EventTarget-impl.js:353:9)
    at invokeEventListeners (/home/stocks/algo/webapp/frontend/node_modules/jsdom/lib/jsdom/living/events/EventTarget-impl.js:286:3)
    at HTMLUnknownElementImpl._dispatch (/home/stocks/algo/webapp/frontend/node_modules/jsdom/lib/jsdom/living/events/EventTarget-impl.js:233:9)
    at HTMLUnknownElementImpl.dispatchEvent (/home/stocks/algo/webapp/frontend/node_modules/jsdom/lib/jsdom/living/events/EventTarget-impl.js:104:17)
    at HTMLUnknownElement.dispatchEvent (/home/stocks/algo/webapp/frontend/node_modules/jsdom/lib/jsdom/living/generated/EventTarget.js:241:34)
    at Object.invokeGuardedCallbackDev (/home/stocks/algo/webapp/frontend/node_modules/react-dom/cjs/react-dom.development.js:4213:16)
    at invokeGuardedCallback (/home/stocks/algo/webapp/frontend/node_modules/react-dom/cjs/react-dom.development.js:4277:31)
    at beginWork$1 (/home/stocks/algo/webapp/frontend/node_modules/react-dom/cjs/react-dom.development.js:27490:7)
    at performUnitOfWork (/home/stocks/algo/webapp/frontend/node_modules/react-dom/cjs/react-dom.development.js:26599:12) TypeError: portfolioData.map is not a function
    at PortfolioManager (/home/stocks/algo/webapp/frontend/src/components/PortfolioManager.jsx:434:30)
    at renderWithHooks (/home/stocks/algo/webapp/frontend/node_modules/react-dom/cjs/react-dom.development.js:15486:18)
    at updateFunctionComponent (/home/stocks/algo/webapp/frontend/node_modules/react-dom/cjs/react-dom.development.js:19617:20)
    at beginWork (/home/stocks/algo/webapp/frontend/node_modules/react-dom/cjs/react-dom.development.js:21640:16)
    at HTMLUnknownElement.callCallback (/home/stocks/algo/webapp/frontend/node_modules/react-dom/cjs/react-dom.development.js:4164:14)
    at HTMLUnknownElement.callTheUserObjectsOperation (/home/stocks/algo/webapp/frontend/node_modules/jsdom/lib/jsdom/living/generated/EventListener.js:26:30)
    at innerInvokeEventListeners (/home/stocks/algo/webapp/frontend/node_modules/jsdom/lib/jsdom/living/events/EventTarget-impl.js:350:25)
    at invokeEventListeners (/home/stocks/algo/webapp/frontend/node_modules/jsdom/lib/jsdom/living/events/EventTarget-impl.js:286:3)
    at HTMLUnknownElementImpl._dispatch (/home/stocks/algo/webapp/frontend/node_modules/jsdom/lib/jsdom/living/events/EventTarget-impl.js:233:9)
    at HTMLUnknownElementImpl.dispatchEvent (/home/stocks/algo/webapp/frontend/node_modules/jsdom/lib/jsdom/living/events/EventTarget-impl.js:104:17)

            </system-err>
            <failure message="Unable to find an element with the text: Portfolio Overview. This could be because the text is broken up by multiple elements. In this case, you can provide a function for your text matcher to make your matcher more flexible.

Ignored nodes: comments, script, style
[36m&lt;body&gt;[39m
  [36m&lt;div /&gt;[39m
[36m&lt;/body&gt;[39m

Ignored nodes: comments, script, style
[36m&lt;html&gt;[39m
  [36m&lt;head /&gt;[39m
  [36m&lt;body&gt;[39m
    [36m&lt;div /&gt;[39m
  [36m&lt;/body&gt;[39m
[36m&lt;/html&gt;[39m..." type="TestingLibraryElementError">
TestingLibraryElementError: Unable to find an element with the text: Portfolio Overview. This could be because the text is broken up by multiple elements. In this case, you can provide a function for your text matcher to make your matcher more flexible.

Ignored nodes: comments, script, style
&lt;body&gt;
  &lt;div /&gt;
&lt;/body&gt;

Ignored nodes: comments, script, style
&lt;html&gt;
  &lt;head /&gt;
  &lt;body&gt;
    &lt;div /&gt;
  &lt;/body&gt;
&lt;/html&gt;...
 ❯ Proxy.waitForWrapper node_modules/@testing-library/react/node_modules/@testing-library/dom/dist/wait-for.js:163:27
 ❯ src/tests/unit/components/real-portfolio-manager.test.jsx:429:13
            </failure>
            <failure message="Unable to find an element with the text: Portfolio Overview. This could be because the text is broken up by multiple elements. In this case, you can provide a function for your text matcher to make your matcher more flexible.

Ignored nodes: comments, script, style
[36m&lt;body&gt;[39m
  [36m&lt;div /&gt;[39m
[36m&lt;/body&gt;[39m

Ignored nodes: comments, script, style
[36m&lt;html&gt;[39m
  [36m&lt;head /&gt;[39m
  [36m&lt;body&gt;[39m
    [36m&lt;div /&gt;[39m
  [36m&lt;/body&gt;[39m
[36m&lt;/html&gt;[39m..." type="TestingLibraryElementError">
TestingLibraryElementError: Unable to find an element with the text: Portfolio Overview. This could be because the text is broken up by multiple elements. In this case, you can provide a function for your text matcher to make your matcher more flexible.

Ignored nodes: comments, script, style
&lt;body&gt;
  &lt;div /&gt;
&lt;/body&gt;

Ignored nodes: comments, script, style
&lt;html&gt;
  &lt;head /&gt;
  &lt;body&gt;
    &lt;div /&gt;
  &lt;/body&gt;
&lt;/html&gt;...
 ❯ Proxy.waitForWrapper node_modules/@testing-library/react/node_modules/@testing-library/dom/dist/wait-for.js:163:27
 ❯ src/tests/unit/components/real-portfolio-manager.test.jsx:429:13
            </failure>
            <failure message="Unable to find an element with the text: Portfolio Overview. This could be because the text is broken up by multiple elements. In this case, you can provide a function for your text matcher to make your matcher more flexible.

Ignored nodes: comments, script, style
[36m&lt;body&gt;[39m
  [36m&lt;div /&gt;[39m
[36m&lt;/body&gt;[39m

Ignored nodes: comments, script, style
[36m&lt;html&gt;[39m
  [36m&lt;head /&gt;[39m
  [36m&lt;body&gt;[39m
    [36m&lt;div /&gt;[39m
  [36m&lt;/body&gt;[39m
[36m&lt;/html&gt;[39m..." type="TestingLibraryElementError">
TestingLibraryElementError: Unable to find an element with the text: Portfolio Overview. This could be because the text is broken up by multiple elements. In this case, you can provide a function for your text matcher to make your matcher more flexible.

Ignored nodes: comments, script, style
&lt;body&gt;
  &lt;div /&gt;
&lt;/body&gt;

Ignored nodes: comments, script, style
&lt;html&gt;
  &lt;head /&gt;
  &lt;body&gt;
    &lt;div /&gt;
  &lt;/body&gt;
&lt;/html&gt;...
 ❯ Proxy.waitForWrapper node_modules/@testing-library/react/node_modules/@testing-library/dom/dist/wait-for.js:163:27
 ❯ src/tests/unit/components/real-portfolio-manager.test.jsx:429:13
            </failure>
        </testcase>
        <testcase classname="src/tests/unit/components/real-portfolio-manager.test.jsx" name="💼 Real PortfolioManager Component &gt; Portfolio Import from Broker &gt; should show import button" time="3.012">
            <system-err>
Error: Uncaught [TypeError: portfolioData.map is not a function]
    at reportException (/home/stocks/algo/webapp/frontend/node_modules/jsdom/lib/jsdom/living/helpers/runtime-script-errors.js:66:24)
    at innerInvokeEventListeners (/home/stocks/algo/webapp/frontend/node_modules/jsdom/lib/jsdom/living/events/EventTarget-impl.js:353:9)
    at invokeEventListeners (/home/stocks/algo/webapp/frontend/node_modules/jsdom/lib/jsdom/living/events/EventTarget-impl.js:286:3)
    at HTMLUnknownElementImpl._dispatch (/home/stocks/algo/webapp/frontend/node_modules/jsdom/lib/jsdom/living/events/EventTarget-impl.js:233:9)
    at HTMLUnknownElementImpl.dispatchEvent (/home/stocks/algo/webapp/frontend/node_modules/jsdom/lib/jsdom/living/events/EventTarget-impl.js:104:17)
    at HTMLUnknownElement.dispatchEvent (/home/stocks/algo/webapp/frontend/node_modules/jsdom/lib/jsdom/living/generated/EventTarget.js:241:34)
    at Object.invokeGuardedCallbackDev (/home/stocks/algo/webapp/frontend/node_modules/react-dom/cjs/react-dom.development.js:4213:16)
    at invokeGuardedCallback (/home/stocks/algo/webapp/frontend/node_modules/react-dom/cjs/react-dom.development.js:4277:31)
    at beginWork$1 (/home/stocks/algo/webapp/frontend/node_modules/react-dom/cjs/react-dom.development.js:27490:7)
    at performUnitOfWork (/home/stocks/algo/webapp/frontend/node_modules/react-dom/cjs/react-dom.development.js:26599:12) TypeError: portfolioData.map is not a function
    at PortfolioManager (/home/stocks/algo/webapp/frontend/src/components/PortfolioManager.jsx:434:30)
    at renderWithHooks (/home/stocks/algo/webapp/frontend/node_modules/react-dom/cjs/react-dom.development.js:15486:18)
    at updateFunctionComponent (/home/stocks/algo/webapp/frontend/node_modules/react-dom/cjs/react-dom.development.js:19617:20)
    at beginWork (/home/stocks/algo/webapp/frontend/node_modules/react-dom/cjs/react-dom.development.js:21640:16)
    at HTMLUnknownElement.callCallback (/home/stocks/algo/webapp/frontend/node_modules/react-dom/cjs/react-dom.development.js:4164:14)
    at HTMLUnknownElement.callTheUserObjectsOperation (/home/stocks/algo/webapp/frontend/node_modules/jsdom/lib/jsdom/living/generated/EventListener.js:26:30)
    at innerInvokeEventListeners (/home/stocks/algo/webapp/frontend/node_modules/jsdom/lib/jsdom/living/events/EventTarget-impl.js:350:25)
    at invokeEventListeners (/home/stocks/algo/webapp/frontend/node_modules/jsdom/lib/jsdom/living/events/EventTarget-impl.js:286:3)
    at HTMLUnknownElementImpl._dispatch (/home/stocks/algo/webapp/frontend/node_modules/jsdom/lib/jsdom/living/events/EventTarget-impl.js:233:9)
    at HTMLUnknownElementImpl.dispatchEvent (/home/stocks/algo/webapp/frontend/node_modules/jsdom/lib/jsdom/living/events/EventTarget-impl.js:104:17)
Error: Uncaught [TypeError: portfolioData.map is not a function]
    at reportException (/home/stocks/algo/webapp/frontend/node_modules/jsdom/lib/jsdom/living/helpers/runtime-script-errors.js:66:24)
    at innerInvokeEventListeners (/home/stocks/algo/webapp/frontend/node_modules/jsdom/lib/jsdom/living/events/EventTarget-impl.js:353:9)
    at invokeEventListeners (/home/stocks/algo/webapp/frontend/node_modules/jsdom/lib/jsdom/living/events/EventTarget-impl.js:286:3)
    at HTMLUnknownElementImpl._dispatch (/home/stocks/algo/webapp/frontend/node_modules/jsdom/lib/jsdom/living/events/EventTarget-impl.js:233:9)
    at HTMLUnknownElementImpl.dispatchEvent (/home/stocks/algo/webapp/frontend/node_modules/jsdom/lib/jsdom/living/events/EventTarget-impl.js:104:17)
    at HTMLUnknownElement.dispatchEvent (/home/stocks/algo/webapp/frontend/node_modules/jsdom/lib/jsdom/living/generated/EventTarget.js:241:34)
    at Object.invokeGuardedCallbackDev (/home/stocks/algo/webapp/frontend/node_modules/react-dom/cjs/react-dom.development.js:4213:16)
    at invokeGuardedCallback (/home/stocks/algo/webapp/frontend/node_modules/react-dom/cjs/react-dom.development.js:4277:31)
    at beginWork$1 (/home/stocks/algo/webapp/frontend/node_modules/react-dom/cjs/react-dom.development.js:27490:7)
    at performUnitOfWork (/home/stocks/algo/webapp/frontend/node_modules/react-dom/cjs/react-dom.development.js:26599:12) TypeError: portfolioData.map is not a function
    at PortfolioManager (/home/stocks/algo/webapp/frontend/src/components/PortfolioManager.jsx:434:30)
    at renderWithHooks (/home/stocks/algo/webapp/frontend/node_modules/react-dom/cjs/react-dom.development.js:15486:18)
    at updateFunctionComponent (/home/stocks/algo/webapp/frontend/node_modules/react-dom/cjs/react-dom.development.js:19617:20)
    at beginWork (/home/stocks/algo/webapp/frontend/node_modules/react-dom/cjs/react-dom.development.js:21640:16)
    at HTMLUnknownElement.callCallback (/home/stocks/algo/webapp/frontend/node_modules/react-dom/cjs/react-dom.development.js:4164:14)
    at HTMLUnknownElement.callTheUserObjectsOperation (/home/stocks/algo/webapp/frontend/node_modules/jsdom/lib/jsdom/living/generated/EventListener.js:26:30)
    at innerInvokeEventListeners (/home/stocks/algo/webapp/frontend/node_modules/jsdom/lib/jsdom/living/events/EventTarget-impl.js:350:25)
    at invokeEventListeners (/home/stocks/algo/webapp/frontend/node_modules/jsdom/lib/jsdom/living/events/EventTarget-impl.js:286:3)
    at HTMLUnknownElementImpl._dispatch (/home/stocks/algo/webapp/frontend/node_modules/jsdom/lib/jsdom/living/events/EventTarget-impl.js:233:9)
    at HTMLUnknownElementImpl.dispatchEvent (/home/stocks/algo/webapp/frontend/node_modules/jsdom/lib/jsdom/living/events/EventTarget-impl.js:104:17)

Error: Uncaught [TypeError: portfolioData.map is not a function]
    at reportException (/home/stocks/algo/webapp/frontend/node_modules/jsdom/lib/jsdom/living/helpers/runtime-script-errors.js:66:24)
    at innerInvokeEventListeners (/home/stocks/algo/webapp/frontend/node_modules/jsdom/lib/jsdom/living/events/EventTarget-impl.js:353:9)
    at invokeEventListeners (/home/stocks/algo/webapp/frontend/node_modules/jsdom/lib/jsdom/living/events/EventTarget-impl.js:286:3)
    at HTMLUnknownElementImpl._dispatch (/home/stocks/algo/webapp/frontend/node_modules/jsdom/lib/jsdom/living/events/EventTarget-impl.js:233:9)
    at HTMLUnknownElementImpl.dispatchEvent (/home/stocks/algo/webapp/frontend/node_modules/jsdom/lib/jsdom/living/events/EventTarget-impl.js:104:17)
    at HTMLUnknownElement.dispatchEvent (/home/stocks/algo/webapp/frontend/node_modules/jsdom/lib/jsdom/living/generated/EventTarget.js:241:34)
    at Object.invokeGuardedCallbackDev (/home/stocks/algo/webapp/frontend/node_modules/react-dom/cjs/react-dom.development.js:4213:16)
    at invokeGuardedCallback (/home/stocks/algo/webapp/frontend/node_modules/react-dom/cjs/react-dom.development.js:4277:31)
    at beginWork$1 (/home/stocks/algo/webapp/frontend/node_modules/react-dom/cjs/react-dom.development.js:27490:7)
    at performUnitOfWork (/home/stocks/algo/webapp/frontend/node_modules/react-dom/cjs/react-dom.development.js:26599:12) TypeError: portfolioData.map is not a function
    at PortfolioManager (/home/stocks/algo/webapp/frontend/src/components/PortfolioManager.jsx:434:30)
    at renderWithHooks (/home/stocks/algo/webapp/frontend/node_modules/react-dom/cjs/react-dom.development.js:15486:18)
    at updateFunctionComponent (/home/stocks/algo/webapp/frontend/node_modules/react-dom/cjs/react-dom.development.js:19617:20)
    at beginWork (/home/stocks/algo/webapp/frontend/node_modules/react-dom/cjs/react-dom.development.js:21640:16)
    at HTMLUnknownElement.callCallback (/home/stocks/algo/webapp/frontend/node_modules/react-dom/cjs/react-dom.development.js:4164:14)
    at HTMLUnknownElement.callTheUserObjectsOperation (/home/stocks/algo/webapp/frontend/node_modules/jsdom/lib/jsdom/living/generated/EventListener.js:26:30)
    at innerInvokeEventListeners (/home/stocks/algo/webapp/frontend/node_modules/jsdom/lib/jsdom/living/events/EventTarget-impl.js:350:25)
    at invokeEventListeners (/home/stocks/algo/webapp/frontend/node_modules/jsdom/lib/jsdom/living/events/EventTarget-impl.js:286:3)
    at HTMLUnknownElementImpl._dispatch (/home/stocks/algo/webapp/frontend/node_modules/jsdom/lib/jsdom/living/events/EventTarget-impl.js:233:9)
    at HTMLUnknownElementImpl.dispatchEvent (/home/stocks/algo/webapp/frontend/node_modules/jsdom/lib/jsdom/living/events/EventTarget-impl.js:104:17)
Error: Uncaught [TypeError: portfolioData.map is not a function]
    at reportException (/home/stocks/algo/webapp/frontend/node_modules/jsdom/lib/jsdom/living/helpers/runtime-script-errors.js:66:24)
    at innerInvokeEventListeners (/home/stocks/algo/webapp/frontend/node_modules/jsdom/lib/jsdom/living/events/EventTarget-impl.js:353:9)
    at invokeEventListeners (/home/stocks/algo/webapp/frontend/node_modules/jsdom/lib/jsdom/living/events/EventTarget-impl.js:286:3)
    at HTMLUnknownElementImpl._dispatch (/home/stocks/algo/webapp/frontend/node_modules/jsdom/lib/jsdom/living/events/EventTarget-impl.js:233:9)
    at HTMLUnknownElementImpl.dispatchEvent (/home/stocks/algo/webapp/frontend/node_modules/jsdom/lib/jsdom/living/events/EventTarget-impl.js:104:17)
    at HTMLUnknownElement.dispatchEvent (/home/stocks/algo/webapp/frontend/node_modules/jsdom/lib/jsdom/living/generated/EventTarget.js:241:34)
    at Object.invokeGuardedCallbackDev (/home/stocks/algo/webapp/frontend/node_modules/react-dom/cjs/react-dom.development.js:4213:16)
    at invokeGuardedCallback (/home/stocks/algo/webapp/frontend/node_modules/react-dom/cjs/react-dom.development.js:4277:31)
    at beginWork$1 (/home/stocks/algo/webapp/frontend/node_modules/react-dom/cjs/react-dom.development.js:27490:7)
    at performUnitOfWork (/home/stocks/algo/webapp/frontend/node_modules/react-dom/cjs/react-dom.development.js:26599:12) TypeError: portfolioData.map is not a function
    at PortfolioManager (/home/stocks/algo/webapp/frontend/src/components/PortfolioManager.jsx:434:30)
    at renderWithHooks (/home/stocks/algo/webapp/frontend/node_modules/react-dom/cjs/react-dom.development.js:15486:18)
    at updateFunctionComponent (/home/stocks/algo/webapp/frontend/node_modules/react-dom/cjs/react-dom.development.js:19617:20)
    at beginWork (/home/stocks/algo/webapp/frontend/node_modules/react-dom/cjs/react-dom.development.js:21640:16)
    at HTMLUnknownElement.callCallback (/home/stocks/algo/webapp/frontend/node_modules/react-dom/cjs/react-dom.development.js:4164:14)
    at HTMLUnknownElement.callTheUserObjectsOperation (/home/stocks/algo/webapp/frontend/node_modules/jsdom/lib/jsdom/living/generated/EventListener.js:26:30)
    at innerInvokeEventListeners (/home/stocks/algo/webapp/frontend/node_modules/jsdom/lib/jsdom/living/events/EventTarget-impl.js:350:25)
    at invokeEventListeners (/home/stocks/algo/webapp/frontend/node_modules/jsdom/lib/jsdom/living/events/EventTarget-impl.js:286:3)
    at HTMLUnknownElementImpl._dispatch (/home/stocks/algo/webapp/frontend/node_modules/jsdom/lib/jsdom/living/events/EventTarget-impl.js:233:9)
    at HTMLUnknownElementImpl.dispatchEvent (/home/stocks/algo/webapp/frontend/node_modules/jsdom/lib/jsdom/living/events/EventTarget-impl.js:104:17)

Error: Uncaught [TypeError: portfolioData.map is not a function]
    at reportException (/home/stocks/algo/webapp/frontend/node_modules/jsdom/lib/jsdom/living/helpers/runtime-script-errors.js:66:24)
    at innerInvokeEventListeners (/home/stocks/algo/webapp/frontend/node_modules/jsdom/lib/jsdom/living/events/EventTarget-impl.js:353:9)
    at invokeEventListeners (/home/stocks/algo/webapp/frontend/node_modules/jsdom/lib/jsdom/living/events/EventTarget-impl.js:286:3)
    at HTMLUnknownElementImpl._dispatch (/home/stocks/algo/webapp/frontend/node_modules/jsdom/lib/jsdom/living/events/EventTarget-impl.js:233:9)
    at HTMLUnknownElementImpl.dispatchEvent (/home/stocks/algo/webapp/frontend/node_modules/jsdom/lib/jsdom/living/events/EventTarget-impl.js:104:17)
    at HTMLUnknownElement.dispatchEvent (/home/stocks/algo/webapp/frontend/node_modules/jsdom/lib/jsdom/living/generated/EventTarget.js:241:34)
    at Object.invokeGuardedCallbackDev (/home/stocks/algo/webapp/frontend/node_modules/react-dom/cjs/react-dom.development.js:4213:16)
    at invokeGuardedCallback (/home/stocks/algo/webapp/frontend/node_modules/react-dom/cjs/react-dom.development.js:4277:31)
    at beginWork$1 (/home/stocks/algo/webapp/frontend/node_modules/react-dom/cjs/react-dom.development.js:27490:7)
    at performUnitOfWork (/home/stocks/algo/webapp/frontend/node_modules/react-dom/cjs/react-dom.development.js:26599:12) TypeError: portfolioData.map is not a function
    at PortfolioManager (/home/stocks/algo/webapp/frontend/src/components/PortfolioManager.jsx:434:30)
    at renderWithHooks (/home/stocks/algo/webapp/frontend/node_modules/react-dom/cjs/react-dom.development.js:15486:18)
    at updateFunctionComponent (/home/stocks/algo/webapp/frontend/node_modules/react-dom/cjs/react-dom.development.js:19617:20)
    at beginWork (/home/stocks/algo/webapp/frontend/node_modules/react-dom/cjs/react-dom.development.js:21640:16)
    at HTMLUnknownElement.callCallback (/home/stocks/algo/webapp/frontend/node_modules/react-dom/cjs/react-dom.development.js:4164:14)
    at HTMLUnknownElement.callTheUserObjectsOperation (/home/stocks/algo/webapp/frontend/node_modules/jsdom/lib/jsdom/living/generated/EventListener.js:26:30)
    at innerInvokeEventListeners (/home/stocks/algo/webapp/frontend/node_modules/jsdom/lib/jsdom/living/events/EventTarget-impl.js:350:25)
    at invokeEventListeners (/home/stocks/algo/webapp/frontend/node_modules/jsdom/lib/jsdom/living/events/EventTarget-impl.js:286:3)
    at HTMLUnknownElementImpl._dispatch (/home/stocks/algo/webapp/frontend/node_modules/jsdom/lib/jsdom/living/events/EventTarget-impl.js:233:9)
    at HTMLUnknownElementImpl.dispatchEvent (/home/stocks/algo/webapp/frontend/node_modules/jsdom/lib/jsdom/living/events/EventTarget-impl.js:104:17)
Error: Uncaught [TypeError: portfolioData.map is not a function]
    at reportException (/home/stocks/algo/webapp/frontend/node_modules/jsdom/lib/jsdom/living/helpers/runtime-script-errors.js:66:24)
    at innerInvokeEventListeners (/home/stocks/algo/webapp/frontend/node_modules/jsdom/lib/jsdom/living/events/EventTarget-impl.js:353:9)
    at invokeEventListeners (/home/stocks/algo/webapp/frontend/node_modules/jsdom/lib/jsdom/living/events/EventTarget-impl.js:286:3)
    at HTMLUnknownElementImpl._dispatch (/home/stocks/algo/webapp/frontend/node_modules/jsdom/lib/jsdom/living/events/EventTarget-impl.js:233:9)
    at HTMLUnknownElementImpl.dispatchEvent (/home/stocks/algo/webapp/frontend/node_modules/jsdom/lib/jsdom/living/events/EventTarget-impl.js:104:17)
    at HTMLUnknownElement.dispatchEvent (/home/stocks/algo/webapp/frontend/node_modules/jsdom/lib/jsdom/living/generated/EventTarget.js:241:34)
    at Object.invokeGuardedCallbackDev (/home/stocks/algo/webapp/frontend/node_modules/react-dom/cjs/react-dom.development.js:4213:16)
    at invokeGuardedCallback (/home/stocks/algo/webapp/frontend/node_modules/react-dom/cjs/react-dom.development.js:4277:31)
    at beginWork$1 (/home/stocks/algo/webapp/frontend/node_modules/react-dom/cjs/react-dom.development.js:27490:7)
    at performUnitOfWork (/home/stocks/algo/webapp/frontend/node_modules/react-dom/cjs/react-dom.development.js:26599:12) TypeError: portfolioData.map is not a function
    at PortfolioManager (/home/stocks/algo/webapp/frontend/src/components/PortfolioManager.jsx:434:30)
    at renderWithHooks (/home/stocks/algo/webapp/frontend/node_modules/react-dom/cjs/react-dom.development.js:15486:18)
    at updateFunctionComponent (/home/stocks/algo/webapp/frontend/node_modules/react-dom/cjs/react-dom.development.js:19617:20)
    at beginWork (/home/stocks/algo/webapp/frontend/node_modules/react-dom/cjs/react-dom.development.js:21640:16)
    at HTMLUnknownElement.callCallback (/home/stocks/algo/webapp/frontend/node_modules/react-dom/cjs/react-dom.development.js:4164:14)
    at HTMLUnknownElement.callTheUserObjectsOperation (/home/stocks/algo/webapp/frontend/node_modules/jsdom/lib/jsdom/living/generated/EventListener.js:26:30)
    at innerInvokeEventListeners (/home/stocks/algo/webapp/frontend/node_modules/jsdom/lib/jsdom/living/events/EventTarget-impl.js:350:25)
    at invokeEventListeners (/home/stocks/algo/webapp/frontend/node_modules/jsdom/lib/jsdom/living/events/EventTarget-impl.js:286:3)
    at HTMLUnknownElementImpl._dispatch (/home/stocks/algo/webapp/frontend/node_modules/jsdom/lib/jsdom/living/events/EventTarget-impl.js:233:9)
    at HTMLUnknownElementImpl.dispatchEvent (/home/stocks/algo/webapp/frontend/node_modules/jsdom/lib/jsdom/living/events/EventTarget-impl.js:104:17)

            </system-err>
            <failure message="Unable to find an element with the text: Portfolio Overview. This could be because the text is broken up by multiple elements. In this case, you can provide a function for your text matcher to make your matcher more flexible.

Ignored nodes: comments, script, style
[36m&lt;body&gt;[39m
  [36m&lt;div /&gt;[39m
[36m&lt;/body&gt;[39m

Ignored nodes: comments, script, style
[36m&lt;html&gt;[39m
  [36m&lt;head /&gt;[39m
  [36m&lt;body&gt;[39m
    [36m&lt;div /&gt;[39m
  [36m&lt;/body&gt;[39m
[36m&lt;/html&gt;[39m..." type="TestingLibraryElementError">
TestingLibraryElementError: Unable to find an element with the text: Portfolio Overview. This could be because the text is broken up by multiple elements. In this case, you can provide a function for your text matcher to make your matcher more flexible.

Ignored nodes: comments, script, style
&lt;body&gt;
  &lt;div /&gt;
&lt;/body&gt;

Ignored nodes: comments, script, style
&lt;html&gt;
  &lt;head /&gt;
  &lt;body&gt;
    &lt;div /&gt;
  &lt;/body&gt;
&lt;/html&gt;...
 ❯ Proxy.waitForWrapper node_modules/@testing-library/react/node_modules/@testing-library/dom/dist/wait-for.js:163:27
 ❯ src/tests/unit/components/real-portfolio-manager.test.jsx:456:13
            </failure>
            <failure message="Unable to find an element with the text: Portfolio Overview. This could be because the text is broken up by multiple elements. In this case, you can provide a function for your text matcher to make your matcher more flexible.

Ignored nodes: comments, script, style
[36m&lt;body&gt;[39m
  [36m&lt;div /&gt;[39m
[36m&lt;/body&gt;[39m

Ignored nodes: comments, script, style
[36m&lt;html&gt;[39m
  [36m&lt;head /&gt;[39m
  [36m&lt;body&gt;[39m
    [36m&lt;div /&gt;[39m
  [36m&lt;/body&gt;[39m
[36m&lt;/html&gt;[39m..." type="TestingLibraryElementError">
TestingLibraryElementError: Unable to find an element with the text: Portfolio Overview. This could be because the text is broken up by multiple elements. In this case, you can provide a function for your text matcher to make your matcher more flexible.

Ignored nodes: comments, script, style
&lt;body&gt;
  &lt;div /&gt;
&lt;/body&gt;

Ignored nodes: comments, script, style
&lt;html&gt;
  &lt;head /&gt;
  &lt;body&gt;
    &lt;div /&gt;
  &lt;/body&gt;
&lt;/html&gt;...
 ❯ Proxy.waitForWrapper node_modules/@testing-library/react/node_modules/@testing-library/dom/dist/wait-for.js:163:27
 ❯ src/tests/unit/components/real-portfolio-manager.test.jsx:456:13
            </failure>
            <failure message="Unable to find an element with the text: Portfolio Overview. This could be because the text is broken up by multiple elements. In this case, you can provide a function for your text matcher to make your matcher more flexible.

Ignored nodes: comments, script, style
[36m&lt;body&gt;[39m
  [36m&lt;div /&gt;[39m
[36m&lt;/body&gt;[39m

Ignored nodes: comments, script, style
[36m&lt;html&gt;[39m
  [36m&lt;head /&gt;[39m
  [36m&lt;body&gt;[39m
    [36m&lt;div /&gt;[39m
  [36m&lt;/body&gt;[39m
[36m&lt;/html&gt;[39m..." type="TestingLibraryElementError">
TestingLibraryElementError: Unable to find an element with the text: Portfolio Overview. This could be because the text is broken up by multiple elements. In this case, you can provide a function for your text matcher to make your matcher more flexible.

Ignored nodes: comments, script, style
&lt;body&gt;
  &lt;div /&gt;
&lt;/body&gt;

Ignored nodes: comments, script, style
&lt;html&gt;
  &lt;head /&gt;
  &lt;body&gt;
    &lt;div /&gt;
  &lt;/body&gt;
&lt;/html&gt;...
 ❯ Proxy.waitForWrapper node_modules/@testing-library/react/node_modules/@testing-library/dom/dist/wait-for.js:163:27
 ❯ src/tests/unit/components/real-portfolio-manager.test.jsx:456:13
            </failure>
        </testcase>
        <testcase classname="src/tests/unit/components/real-portfolio-manager.test.jsx" name="💼 Real PortfolioManager Component &gt; Portfolio Import from Broker &gt; should handle portfolio import" time="3.011">
            <system-err>
Error: Uncaught [TypeError: portfolioData.map is not a function]
    at reportException (/home/stocks/algo/webapp/frontend/node_modules/jsdom/lib/jsdom/living/helpers/runtime-script-errors.js:66:24)
    at innerInvokeEventListeners (/home/stocks/algo/webapp/frontend/node_modules/jsdom/lib/jsdom/living/events/EventTarget-impl.js:353:9)
    at invokeEventListeners (/home/stocks/algo/webapp/frontend/node_modules/jsdom/lib/jsdom/living/events/EventTarget-impl.js:286:3)
    at HTMLUnknownElementImpl._dispatch (/home/stocks/algo/webapp/frontend/node_modules/jsdom/lib/jsdom/living/events/EventTarget-impl.js:233:9)
    at HTMLUnknownElementImpl.dispatchEvent (/home/stocks/algo/webapp/frontend/node_modules/jsdom/lib/jsdom/living/events/EventTarget-impl.js:104:17)
    at HTMLUnknownElement.dispatchEvent (/home/stocks/algo/webapp/frontend/node_modules/jsdom/lib/jsdom/living/generated/EventTarget.js:241:34)
    at Object.invokeGuardedCallbackDev (/home/stocks/algo/webapp/frontend/node_modules/react-dom/cjs/react-dom.development.js:4213:16)
    at invokeGuardedCallback (/home/stocks/algo/webapp/frontend/node_modules/react-dom/cjs/react-dom.development.js:4277:31)
    at beginWork$1 (/home/stocks/algo/webapp/frontend/node_modules/react-dom/cjs/react-dom.development.js:27490:7)
    at performUnitOfWork (/home/stocks/algo/webapp/frontend/node_modules/react-dom/cjs/react-dom.development.js:26599:12) TypeError: portfolioData.map is not a function
    at PortfolioManager (/home/stocks/algo/webapp/frontend/src/components/PortfolioManager.jsx:434:30)
    at renderWithHooks (/home/stocks/algo/webapp/frontend/node_modules/react-dom/cjs/react-dom.development.js:15486:18)
    at updateFunctionComponent (/home/stocks/algo/webapp/frontend/node_modules/react-dom/cjs/react-dom.development.js:19617:20)
    at beginWork (/home/stocks/algo/webapp/frontend/node_modules/react-dom/cjs/react-dom.development.js:21640:16)
    at HTMLUnknownElement.callCallback (/home/stocks/algo/webapp/frontend/node_modules/react-dom/cjs/react-dom.development.js:4164:14)
    at HTMLUnknownElement.callTheUserObjectsOperation (/home/stocks/algo/webapp/frontend/node_modules/jsdom/lib/jsdom/living/generated/EventListener.js:26:30)
    at innerInvokeEventListeners (/home/stocks/algo/webapp/frontend/node_modules/jsdom/lib/jsdom/living/events/EventTarget-impl.js:350:25)
    at invokeEventListeners (/home/stocks/algo/webapp/frontend/node_modules/jsdom/lib/jsdom/living/events/EventTarget-impl.js:286:3)
    at HTMLUnknownElementImpl._dispatch (/home/stocks/algo/webapp/frontend/node_modules/jsdom/lib/jsdom/living/events/EventTarget-impl.js:233:9)
    at HTMLUnknownElementImpl.dispatchEvent (/home/stocks/algo/webapp/frontend/node_modules/jsdom/lib/jsdom/living/events/EventTarget-impl.js:104:17)
Error: Uncaught [TypeError: portfolioData.map is not a function]
    at reportException (/home/stocks/algo/webapp/frontend/node_modules/jsdom/lib/jsdom/living/helpers/runtime-script-errors.js:66:24)
    at innerInvokeEventListeners (/home/stocks/algo/webapp/frontend/node_modules/jsdom/lib/jsdom/living/events/EventTarget-impl.js:353:9)
    at invokeEventListeners (/home/stocks/algo/webapp/frontend/node_modules/jsdom/lib/jsdom/living/events/EventTarget-impl.js:286:3)
    at HTMLUnknownElementImpl._dispatch (/home/stocks/algo/webapp/frontend/node_modules/jsdom/lib/jsdom/living/events/EventTarget-impl.js:233:9)
    at HTMLUnknownElementImpl.dispatchEvent (/home/stocks/algo/webapp/frontend/node_modules/jsdom/lib/jsdom/living/events/EventTarget-impl.js:104:17)
    at HTMLUnknownElement.dispatchEvent (/home/stocks/algo/webapp/frontend/node_modules/jsdom/lib/jsdom/living/generated/EventTarget.js:241:34)
    at Object.invokeGuardedCallbackDev (/home/stocks/algo/webapp/frontend/node_modules/react-dom/cjs/react-dom.development.js:4213:16)
    at invokeGuardedCallback (/home/stocks/algo/webapp/frontend/node_modules/react-dom/cjs/react-dom.development.js:4277:31)
    at beginWork$1 (/home/stocks/algo/webapp/frontend/node_modules/react-dom/cjs/react-dom.development.js:27490:7)
    at performUnitOfWork (/home/stocks/algo/webapp/frontend/node_modules/react-dom/cjs/react-dom.development.js:26599:12) TypeError: portfolioData.map is not a function
    at PortfolioManager (/home/stocks/algo/webapp/frontend/src/components/PortfolioManager.jsx:434:30)
    at renderWithHooks (/home/stocks/algo/webapp/frontend/node_modules/react-dom/cjs/react-dom.development.js:15486:18)
    at updateFunctionComponent (/home/stocks/algo/webapp/frontend/node_modules/react-dom/cjs/react-dom.development.js:19617:20)
    at beginWork (/home/stocks/algo/webapp/frontend/node_modules/react-dom/cjs/react-dom.development.js:21640:16)
    at HTMLUnknownElement.callCallback (/home/stocks/algo/webapp/frontend/node_modules/react-dom/cjs/react-dom.development.js:4164:14)
    at HTMLUnknownElement.callTheUserObjectsOperation (/home/stocks/algo/webapp/frontend/node_modules/jsdom/lib/jsdom/living/generated/EventListener.js:26:30)
    at innerInvokeEventListeners (/home/stocks/algo/webapp/frontend/node_modules/jsdom/lib/jsdom/living/events/EventTarget-impl.js:350:25)
    at invokeEventListeners (/home/stocks/algo/webapp/frontend/node_modules/jsdom/lib/jsdom/living/events/EventTarget-impl.js:286:3)
    at HTMLUnknownElementImpl._dispatch (/home/stocks/algo/webapp/frontend/node_modules/jsdom/lib/jsdom/living/events/EventTarget-impl.js:233:9)
    at HTMLUnknownElementImpl.dispatchEvent (/home/stocks/algo/webapp/frontend/node_modules/jsdom/lib/jsdom/living/events/EventTarget-impl.js:104:17)

Error: Uncaught [TypeError: portfolioData.map is not a function]
    at reportException (/home/stocks/algo/webapp/frontend/node_modules/jsdom/lib/jsdom/living/helpers/runtime-script-errors.js:66:24)
    at innerInvokeEventListeners (/home/stocks/algo/webapp/frontend/node_modules/jsdom/lib/jsdom/living/events/EventTarget-impl.js:353:9)
    at invokeEventListeners (/home/stocks/algo/webapp/frontend/node_modules/jsdom/lib/jsdom/living/events/EventTarget-impl.js:286:3)
    at HTMLUnknownElementImpl._dispatch (/home/stocks/algo/webapp/frontend/node_modules/jsdom/lib/jsdom/living/events/EventTarget-impl.js:233:9)
    at HTMLUnknownElementImpl.dispatchEvent (/home/stocks/algo/webapp/frontend/node_modules/jsdom/lib/jsdom/living/events/EventTarget-impl.js:104:17)
    at HTMLUnknownElement.dispatchEvent (/home/stocks/algo/webapp/frontend/node_modules/jsdom/lib/jsdom/living/generated/EventTarget.js:241:34)
    at Object.invokeGuardedCallbackDev (/home/stocks/algo/webapp/frontend/node_modules/react-dom/cjs/react-dom.development.js:4213:16)
    at invokeGuardedCallback (/home/stocks/algo/webapp/frontend/node_modules/react-dom/cjs/react-dom.development.js:4277:31)
    at beginWork$1 (/home/stocks/algo/webapp/frontend/node_modules/react-dom/cjs/react-dom.development.js:27490:7)
    at performUnitOfWork (/home/stocks/algo/webapp/frontend/node_modules/react-dom/cjs/react-dom.development.js:26599:12) TypeError: portfolioData.map is not a function
    at PortfolioManager (/home/stocks/algo/webapp/frontend/src/components/PortfolioManager.jsx:434:30)
    at renderWithHooks (/home/stocks/algo/webapp/frontend/node_modules/react-dom/cjs/react-dom.development.js:15486:18)
    at updateFunctionComponent (/home/stocks/algo/webapp/frontend/node_modules/react-dom/cjs/react-dom.development.js:19617:20)
    at beginWork (/home/stocks/algo/webapp/frontend/node_modules/react-dom/cjs/react-dom.development.js:21640:16)
    at HTMLUnknownElement.callCallback (/home/stocks/algo/webapp/frontend/node_modules/react-dom/cjs/react-dom.development.js:4164:14)
    at HTMLUnknownElement.callTheUserObjectsOperation (/home/stocks/algo/webapp/frontend/node_modules/jsdom/lib/jsdom/living/generated/EventListener.js:26:30)
    at innerInvokeEventListeners (/home/stocks/algo/webapp/frontend/node_modules/jsdom/lib/jsdom/living/events/EventTarget-impl.js:350:25)
    at invokeEventListeners (/home/stocks/algo/webapp/frontend/node_modules/jsdom/lib/jsdom/living/events/EventTarget-impl.js:286:3)
    at HTMLUnknownElementImpl._dispatch (/home/stocks/algo/webapp/frontend/node_modules/jsdom/lib/jsdom/living/events/EventTarget-impl.js:233:9)
    at HTMLUnknownElementImpl.dispatchEvent (/home/stocks/algo/webapp/frontend/node_modules/jsdom/lib/jsdom/living/events/EventTarget-impl.js:104:17)
Error: Uncaught [TypeError: portfolioData.map is not a function]
    at reportException (/home/stocks/algo/webapp/frontend/node_modules/jsdom/lib/jsdom/living/helpers/runtime-script-errors.js:66:24)
    at innerInvokeEventListeners (/home/stocks/algo/webapp/frontend/node_modules/jsdom/lib/jsdom/living/events/EventTarget-impl.js:353:9)
    at invokeEventListeners (/home/stocks/algo/webapp/frontend/node_modules/jsdom/lib/jsdom/living/events/EventTarget-impl.js:286:3)
    at HTMLUnknownElementImpl._dispatch (/home/stocks/algo/webapp/frontend/node_modules/jsdom/lib/jsdom/living/events/EventTarget-impl.js:233:9)
    at HTMLUnknownElementImpl.dispatchEvent (/home/stocks/algo/webapp/frontend/node_modules/jsdom/lib/jsdom/living/events/EventTarget-impl.js:104:17)
    at HTMLUnknownElement.dispatchEvent (/home/stocks/algo/webapp/frontend/node_modules/jsdom/lib/jsdom/living/generated/EventTarget.js:241:34)
    at Object.invokeGuardedCallbackDev (/home/stocks/algo/webapp/frontend/node_modules/react-dom/cjs/react-dom.development.js:4213:16)
    at invokeGuardedCallback (/home/stocks/algo/webapp/frontend/node_modules/react-dom/cjs/react-dom.development.js:4277:31)
    at beginWork$1 (/home/stocks/algo/webapp/frontend/node_modules/react-dom/cjs/react-dom.development.js:27490:7)
    at performUnitOfWork (/home/stocks/algo/webapp/frontend/node_modules/react-dom/cjs/react-dom.development.js:26599:12) TypeError: portfolioData.map is not a function
    at PortfolioManager (/home/stocks/algo/webapp/frontend/src/components/PortfolioManager.jsx:434:30)
    at renderWithHooks (/home/stocks/algo/webapp/frontend/node_modules/react-dom/cjs/react-dom.development.js:15486:18)
    at updateFunctionComponent (/home/stocks/algo/webapp/frontend/node_modules/react-dom/cjs/react-dom.development.js:19617:20)
    at beginWork (/home/stocks/algo/webapp/frontend/node_modules/react-dom/cjs/react-dom.development.js:21640:16)
    at HTMLUnknownElement.callCallback (/home/stocks/algo/webapp/frontend/node_modules/react-dom/cjs/react-dom.development.js:4164:14)
    at HTMLUnknownElement.callTheUserObjectsOperation (/home/stocks/algo/webapp/frontend/node_modules/jsdom/lib/jsdom/living/generated/EventListener.js:26:30)
    at innerInvokeEventListeners (/home/stocks/algo/webapp/frontend/node_modules/jsdom/lib/jsdom/living/events/EventTarget-impl.js:350:25)
    at invokeEventListeners (/home/stocks/algo/webapp/frontend/node_modules/jsdom/lib/jsdom/living/events/EventTarget-impl.js:286:3)
    at HTMLUnknownElementImpl._dispatch (/home/stocks/algo/webapp/frontend/node_modules/jsdom/lib/jsdom/living/events/EventTarget-impl.js:233:9)
    at HTMLUnknownElementImpl.dispatchEvent (/home/stocks/algo/webapp/frontend/node_modules/jsdom/lib/jsdom/living/events/EventTarget-impl.js:104:17)

Error: Uncaught [TypeError: portfolioData.map is not a function]
    at reportException (/home/stocks/algo/webapp/frontend/node_modules/jsdom/lib/jsdom/living/helpers/runtime-script-errors.js:66:24)
    at innerInvokeEventListeners (/home/stocks/algo/webapp/frontend/node_modules/jsdom/lib/jsdom/living/events/EventTarget-impl.js:353:9)
    at invokeEventListeners (/home/stocks/algo/webapp/frontend/node_modules/jsdom/lib/jsdom/living/events/EventTarget-impl.js:286:3)
    at HTMLUnknownElementImpl._dispatch (/home/stocks/algo/webapp/frontend/node_modules/jsdom/lib/jsdom/living/events/EventTarget-impl.js:233:9)
    at HTMLUnknownElementImpl.dispatchEvent (/home/stocks/algo/webapp/frontend/node_modules/jsdom/lib/jsdom/living/events/EventTarget-impl.js:104:17)
    at HTMLUnknownElement.dispatchEvent (/home/stocks/algo/webapp/frontend/node_modules/jsdom/lib/jsdom/living/generated/EventTarget.js:241:34)
    at Object.invokeGuardedCallbackDev (/home/stocks/algo/webapp/frontend/node_modules/react-dom/cjs/react-dom.development.js:4213:16)
    at invokeGuardedCallback (/home/stocks/algo/webapp/frontend/node_modules/react-dom/cjs/react-dom.development.js:4277:31)
    at beginWork$1 (/home/stocks/algo/webapp/frontend/node_modules/react-dom/cjs/react-dom.development.js:27490:7)
    at performUnitOfWork (/home/stocks/algo/webapp/frontend/node_modules/react-dom/cjs/react-dom.development.js:26599:12) TypeError: portfolioData.map is not a function
    at PortfolioManager (/home/stocks/algo/webapp/frontend/src/components/PortfolioManager.jsx:434:30)
    at renderWithHooks (/home/stocks/algo/webapp/frontend/node_modules/react-dom/cjs/react-dom.development.js:15486:18)
    at updateFunctionComponent (/home/stocks/algo/webapp/frontend/node_modules/react-dom/cjs/react-dom.development.js:19617:20)
    at beginWork (/home/stocks/algo/webapp/frontend/node_modules/react-dom/cjs/react-dom.development.js:21640:16)
    at HTMLUnknownElement.callCallback (/home/stocks/algo/webapp/frontend/node_modules/react-dom/cjs/react-dom.development.js:4164:14)
    at HTMLUnknownElement.callTheUserObjectsOperation (/home/stocks/algo/webapp/frontend/node_modules/jsdom/lib/jsdom/living/generated/EventListener.js:26:30)
    at innerInvokeEventListeners (/home/stocks/algo/webapp/frontend/node_modules/jsdom/lib/jsdom/living/events/EventTarget-impl.js:350:25)
    at invokeEventListeners (/home/stocks/algo/webapp/frontend/node_modules/jsdom/lib/jsdom/living/events/EventTarget-impl.js:286:3)
    at HTMLUnknownElementImpl._dispatch (/home/stocks/algo/webapp/frontend/node_modules/jsdom/lib/jsdom/living/events/EventTarget-impl.js:233:9)
    at HTMLUnknownElementImpl.dispatchEvent (/home/stocks/algo/webapp/frontend/node_modules/jsdom/lib/jsdom/living/events/EventTarget-impl.js:104:17)
Error: Uncaught [TypeError: portfolioData.map is not a function]
    at reportException (/home/stocks/algo/webapp/frontend/node_modules/jsdom/lib/jsdom/living/helpers/runtime-script-errors.js:66:24)
    at innerInvokeEventListeners (/home/stocks/algo/webapp/frontend/node_modules/jsdom/lib/jsdom/living/events/EventTarget-impl.js:353:9)
    at invokeEventListeners (/home/stocks/algo/webapp/frontend/node_modules/jsdom/lib/jsdom/living/events/EventTarget-impl.js:286:3)
    at HTMLUnknownElementImpl._dispatch (/home/stocks/algo/webapp/frontend/node_modules/jsdom/lib/jsdom/living/events/EventTarget-impl.js:233:9)
    at HTMLUnknownElementImpl.dispatchEvent (/home/stocks/algo/webapp/frontend/node_modules/jsdom/lib/jsdom/living/events/EventTarget-impl.js:104:17)
    at HTMLUnknownElement.dispatchEvent (/home/stocks/algo/webapp/frontend/node_modules/jsdom/lib/jsdom/living/generated/EventTarget.js:241:34)
    at Object.invokeGuardedCallbackDev (/home/stocks/algo/webapp/frontend/node_modules/react-dom/cjs/react-dom.development.js:4213:16)
    at invokeGuardedCallback (/home/stocks/algo/webapp/frontend/node_modules/react-dom/cjs/react-dom.development.js:4277:31)
    at beginWork$1 (/home/stocks/algo/webapp/frontend/node_modules/react-dom/cjs/react-dom.development.js:27490:7)
    at performUnitOfWork (/home/stocks/algo/webapp/frontend/node_modules/react-dom/cjs/react-dom.development.js:26599:12) TypeError: portfolioData.map is not a function
    at PortfolioManager (/home/stocks/algo/webapp/frontend/src/components/PortfolioManager.jsx:434:30)
    at renderWithHooks (/home/stocks/algo/webapp/frontend/node_modules/react-dom/cjs/react-dom.development.js:15486:18)
    at updateFunctionComponent (/home/stocks/algo/webapp/frontend/node_modules/react-dom/cjs/react-dom.development.js:19617:20)
    at beginWork (/home/stocks/algo/webapp/frontend/node_modules/react-dom/cjs/react-dom.development.js:21640:16)
    at HTMLUnknownElement.callCallback (/home/stocks/algo/webapp/frontend/node_modules/react-dom/cjs/react-dom.development.js:4164:14)
    at HTMLUnknownElement.callTheUserObjectsOperation (/home/stocks/algo/webapp/frontend/node_modules/jsdom/lib/jsdom/living/generated/EventListener.js:26:30)
    at innerInvokeEventListeners (/home/stocks/algo/webapp/frontend/node_modules/jsdom/lib/jsdom/living/events/EventTarget-impl.js:350:25)
    at invokeEventListeners (/home/stocks/algo/webapp/frontend/node_modules/jsdom/lib/jsdom/living/events/EventTarget-impl.js:286:3)
    at HTMLUnknownElementImpl._dispatch (/home/stocks/algo/webapp/frontend/node_modules/jsdom/lib/jsdom/living/events/EventTarget-impl.js:233:9)
    at HTMLUnknownElementImpl.dispatchEvent (/home/stocks/algo/webapp/frontend/node_modules/jsdom/lib/jsdom/living/events/EventTarget-impl.js:104:17)

            </system-err>
            <failure message="Unable to find an element with the text: Portfolio Overview. This could be because the text is broken up by multiple elements. In this case, you can provide a function for your text matcher to make your matcher more flexible.

Ignored nodes: comments, script, style
[36m&lt;body&gt;[39m
  [36m&lt;div /&gt;[39m
[36m&lt;/body&gt;[39m

Ignored nodes: comments, script, style
[36m&lt;html&gt;[39m
  [36m&lt;head /&gt;[39m
  [36m&lt;body&gt;[39m
    [36m&lt;div /&gt;[39m
  [36m&lt;/body&gt;[39m
[36m&lt;/html&gt;[39m..." type="TestingLibraryElementError">
TestingLibraryElementError: Unable to find an element with the text: Portfolio Overview. This could be because the text is broken up by multiple elements. In this case, you can provide a function for your text matcher to make your matcher more flexible.

Ignored nodes: comments, script, style
&lt;body&gt;
  &lt;div /&gt;
&lt;/body&gt;

Ignored nodes: comments, script, style
&lt;html&gt;
  &lt;head /&gt;
  &lt;body&gt;
    &lt;div /&gt;
  &lt;/body&gt;
&lt;/html&gt;...
 ❯ Proxy.waitForWrapper node_modules/@testing-library/react/node_modules/@testing-library/dom/dist/wait-for.js:163:27
 ❯ src/tests/unit/components/real-portfolio-manager.test.jsx:456:13
            </failure>
            <failure message="Unable to find an element with the text: Portfolio Overview. This could be because the text is broken up by multiple elements. In this case, you can provide a function for your text matcher to make your matcher more flexible.

Ignored nodes: comments, script, style
[36m&lt;body&gt;[39m
  [36m&lt;div /&gt;[39m
[36m&lt;/body&gt;[39m

Ignored nodes: comments, script, style
[36m&lt;html&gt;[39m
  [36m&lt;head /&gt;[39m
  [36m&lt;body&gt;[39m
    [36m&lt;div /&gt;[39m
  [36m&lt;/body&gt;[39m
[36m&lt;/html&gt;[39m..." type="TestingLibraryElementError">
TestingLibraryElementError: Unable to find an element with the text: Portfolio Overview. This could be because the text is broken up by multiple elements. In this case, you can provide a function for your text matcher to make your matcher more flexible.

Ignored nodes: comments, script, style
&lt;body&gt;
  &lt;div /&gt;
&lt;/body&gt;

Ignored nodes: comments, script, style
&lt;html&gt;
  &lt;head /&gt;
  &lt;body&gt;
    &lt;div /&gt;
  &lt;/body&gt;
&lt;/html&gt;...
 ❯ Proxy.waitForWrapper node_modules/@testing-library/react/node_modules/@testing-library/dom/dist/wait-for.js:163:27
 ❯ src/tests/unit/components/real-portfolio-manager.test.jsx:456:13
            </failure>
            <failure message="Unable to find an element with the text: Portfolio Overview. This could be because the text is broken up by multiple elements. In this case, you can provide a function for your text matcher to make your matcher more flexible.

Ignored nodes: comments, script, style
[36m&lt;body&gt;[39m
  [36m&lt;div /&gt;[39m
[36m&lt;/body&gt;[39m

Ignored nodes: comments, script, style
[36m&lt;html&gt;[39m
  [36m&lt;head /&gt;[39m
  [36m&lt;body&gt;[39m
    [36m&lt;div /&gt;[39m
  [36m&lt;/body&gt;[39m
[36m&lt;/html&gt;[39m..." type="TestingLibraryElementError">
TestingLibraryElementError: Unable to find an element with the text: Portfolio Overview. This could be because the text is broken up by multiple elements. In this case, you can provide a function for your text matcher to make your matcher more flexible.

Ignored nodes: comments, script, style
&lt;body&gt;
  &lt;div /&gt;
&lt;/body&gt;

Ignored nodes: comments, script, style
&lt;html&gt;
  &lt;head /&gt;
  &lt;body&gt;
    &lt;div /&gt;
  &lt;/body&gt;
&lt;/html&gt;...
 ❯ Proxy.waitForWrapper node_modules/@testing-library/react/node_modules/@testing-library/dom/dist/wait-for.js:163:27
 ❯ src/tests/unit/components/real-portfolio-manager.test.jsx:456:13
            </failure>
        </testcase>
        <testcase classname="src/tests/unit/components/real-portfolio-manager.test.jsx" name="💼 Real PortfolioManager Component &gt; Portfolio Import from Broker &gt; should show import progress" time="3.014">
            <system-err>
Error: Uncaught [TypeError: portfolioData.map is not a function]
    at reportException (/home/stocks/algo/webapp/frontend/node_modules/jsdom/lib/jsdom/living/helpers/runtime-script-errors.js:66:24)
    at innerInvokeEventListeners (/home/stocks/algo/webapp/frontend/node_modules/jsdom/lib/jsdom/living/events/EventTarget-impl.js:353:9)
    at invokeEventListeners (/home/stocks/algo/webapp/frontend/node_modules/jsdom/lib/jsdom/living/events/EventTarget-impl.js:286:3)
    at HTMLUnknownElementImpl._dispatch (/home/stocks/algo/webapp/frontend/node_modules/jsdom/lib/jsdom/living/events/EventTarget-impl.js:233:9)
    at HTMLUnknownElementImpl.dispatchEvent (/home/stocks/algo/webapp/frontend/node_modules/jsdom/lib/jsdom/living/events/EventTarget-impl.js:104:17)
    at HTMLUnknownElement.dispatchEvent (/home/stocks/algo/webapp/frontend/node_modules/jsdom/lib/jsdom/living/generated/EventTarget.js:241:34)
    at Object.invokeGuardedCallbackDev (/home/stocks/algo/webapp/frontend/node_modules/react-dom/cjs/react-dom.development.js:4213:16)
    at invokeGuardedCallback (/home/stocks/algo/webapp/frontend/node_modules/react-dom/cjs/react-dom.development.js:4277:31)
    at beginWork$1 (/home/stocks/algo/webapp/frontend/node_modules/react-dom/cjs/react-dom.development.js:27490:7)
    at performUnitOfWork (/home/stocks/algo/webapp/frontend/node_modules/react-dom/cjs/react-dom.development.js:26599:12) TypeError: portfolioData.map is not a function
    at PortfolioManager (/home/stocks/algo/webapp/frontend/src/components/PortfolioManager.jsx:434:30)
    at renderWithHooks (/home/stocks/algo/webapp/frontend/node_modules/react-dom/cjs/react-dom.development.js:15486:18)
    at updateFunctionComponent (/home/stocks/algo/webapp/frontend/node_modules/react-dom/cjs/react-dom.development.js:19617:20)
    at beginWork (/home/stocks/algo/webapp/frontend/node_modules/react-dom/cjs/react-dom.development.js:21640:16)
    at HTMLUnknownElement.callCallback (/home/stocks/algo/webapp/frontend/node_modules/react-dom/cjs/react-dom.development.js:4164:14)
    at HTMLUnknownElement.callTheUserObjectsOperation (/home/stocks/algo/webapp/frontend/node_modules/jsdom/lib/jsdom/living/generated/EventListener.js:26:30)
    at innerInvokeEventListeners (/home/stocks/algo/webapp/frontend/node_modules/jsdom/lib/jsdom/living/events/EventTarget-impl.js:350:25)
    at invokeEventListeners (/home/stocks/algo/webapp/frontend/node_modules/jsdom/lib/jsdom/living/events/EventTarget-impl.js:286:3)
    at HTMLUnknownElementImpl._dispatch (/home/stocks/algo/webapp/frontend/node_modules/jsdom/lib/jsdom/living/events/EventTarget-impl.js:233:9)
    at HTMLUnknownElementImpl.dispatchEvent (/home/stocks/algo/webapp/frontend/node_modules/jsdom/lib/jsdom/living/events/EventTarget-impl.js:104:17)
Error: Uncaught [TypeError: portfolioData.map is not a function]
    at reportException (/home/stocks/algo/webapp/frontend/node_modules/jsdom/lib/jsdom/living/helpers/runtime-script-errors.js:66:24)
    at innerInvokeEventListeners (/home/stocks/algo/webapp/frontend/node_modules/jsdom/lib/jsdom/living/events/EventTarget-impl.js:353:9)
    at invokeEventListeners (/home/stocks/algo/webapp/frontend/node_modules/jsdom/lib/jsdom/living/events/EventTarget-impl.js:286:3)
    at HTMLUnknownElementImpl._dispatch (/home/stocks/algo/webapp/frontend/node_modules/jsdom/lib/jsdom/living/events/EventTarget-impl.js:233:9)
    at HTMLUnknownElementImpl.dispatchEvent (/home/stocks/algo/webapp/frontend/node_modules/jsdom/lib/jsdom/living/events/EventTarget-impl.js:104:17)
    at HTMLUnknownElement.dispatchEvent (/home/stocks/algo/webapp/frontend/node_modules/jsdom/lib/jsdom/living/generated/EventTarget.js:241:34)
    at Object.invokeGuardedCallbackDev (/home/stocks/algo/webapp/frontend/node_modules/react-dom/cjs/react-dom.development.js:4213:16)
    at invokeGuardedCallback (/home/stocks/algo/webapp/frontend/node_modules/react-dom/cjs/react-dom.development.js:4277:31)
    at beginWork$1 (/home/stocks/algo/webapp/frontend/node_modules/react-dom/cjs/react-dom.development.js:27490:7)
    at performUnitOfWork (/home/stocks/algo/webapp/frontend/node_modules/react-dom/cjs/react-dom.development.js:26599:12) TypeError: portfolioData.map is not a function
    at PortfolioManager (/home/stocks/algo/webapp/frontend/src/components/PortfolioManager.jsx:434:30)
    at renderWithHooks (/home/stocks/algo/webapp/frontend/node_modules/react-dom/cjs/react-dom.development.js:15486:18)
    at updateFunctionComponent (/home/stocks/algo/webapp/frontend/node_modules/react-dom/cjs/react-dom.development.js:19617:20)
    at beginWork (/home/stocks/algo/webapp/frontend/node_modules/react-dom/cjs/react-dom.development.js:21640:16)
    at HTMLUnknownElement.callCallback (/home/stocks/algo/webapp/frontend/node_modules/react-dom/cjs/react-dom.development.js:4164:14)
    at HTMLUnknownElement.callTheUserObjectsOperation (/home/stocks/algo/webapp/frontend/node_modules/jsdom/lib/jsdom/living/generated/EventListener.js:26:30)
    at innerInvokeEventListeners (/home/stocks/algo/webapp/frontend/node_modules/jsdom/lib/jsdom/living/events/EventTarget-impl.js:350:25)
    at invokeEventListeners (/home/stocks/algo/webapp/frontend/node_modules/jsdom/lib/jsdom/living/events/EventTarget-impl.js:286:3)
    at HTMLUnknownElementImpl._dispatch (/home/stocks/algo/webapp/frontend/node_modules/jsdom/lib/jsdom/living/events/EventTarget-impl.js:233:9)
    at HTMLUnknownElementImpl.dispatchEvent (/home/stocks/algo/webapp/frontend/node_modules/jsdom/lib/jsdom/living/events/EventTarget-impl.js:104:17)

Error: Uncaught [TypeError: portfolioData.map is not a function]
    at reportException (/home/stocks/algo/webapp/frontend/node_modules/jsdom/lib/jsdom/living/helpers/runtime-script-errors.js:66:24)
    at innerInvokeEventListeners (/home/stocks/algo/webapp/frontend/node_modules/jsdom/lib/jsdom/living/events/EventTarget-impl.js:353:9)
    at invokeEventListeners (/home/stocks/algo/webapp/frontend/node_modules/jsdom/lib/jsdom/living/events/EventTarget-impl.js:286:3)
    at HTMLUnknownElementImpl._dispatch (/home/stocks/algo/webapp/frontend/node_modules/jsdom/lib/jsdom/living/events/EventTarget-impl.js:233:9)
    at HTMLUnknownElementImpl.dispatchEvent (/home/stocks/algo/webapp/frontend/node_modules/jsdom/lib/jsdom/living/events/EventTarget-impl.js:104:17)
    at HTMLUnknownElement.dispatchEvent (/home/stocks/algo/webapp/frontend/node_modules/jsdom/lib/jsdom/living/generated/EventTarget.js:241:34)
    at Object.invokeGuardedCallbackDev (/home/stocks/algo/webapp/frontend/node_modules/react-dom/cjs/react-dom.development.js:4213:16)
    at invokeGuardedCallback (/home/stocks/algo/webapp/frontend/node_modules/react-dom/cjs/react-dom.development.js:4277:31)
    at beginWork$1 (/home/stocks/algo/webapp/frontend/node_modules/react-dom/cjs/react-dom.development.js:27490:7)
    at performUnitOfWork (/home/stocks/algo/webapp/frontend/node_modules/react-dom/cjs/react-dom.development.js:26599:12) TypeError: portfolioData.map is not a function
    at PortfolioManager (/home/stocks/algo/webapp/frontend/src/components/PortfolioManager.jsx:434:30)
    at renderWithHooks (/home/stocks/algo/webapp/frontend/node_modules/react-dom/cjs/react-dom.development.js:15486:18)
    at updateFunctionComponent (/home/stocks/algo/webapp/frontend/node_modules/react-dom/cjs/react-dom.development.js:19617:20)
    at beginWork (/home/stocks/algo/webapp/frontend/node_modules/react-dom/cjs/react-dom.development.js:21640:16)
    at HTMLUnknownElement.callCallback (/home/stocks/algo/webapp/frontend/node_modules/react-dom/cjs/react-dom.development.js:4164:14)
    at HTMLUnknownElement.callTheUserObjectsOperation (/home/stocks/algo/webapp/frontend/node_modules/jsdom/lib/jsdom/living/generated/EventListener.js:26:30)
    at innerInvokeEventListeners (/home/stocks/algo/webapp/frontend/node_modules/jsdom/lib/jsdom/living/events/EventTarget-impl.js:350:25)
    at invokeEventListeners (/home/stocks/algo/webapp/frontend/node_modules/jsdom/lib/jsdom/living/events/EventTarget-impl.js:286:3)
    at HTMLUnknownElementImpl._dispatch (/home/stocks/algo/webapp/frontend/node_modules/jsdom/lib/jsdom/living/events/EventTarget-impl.js:233:9)
    at HTMLUnknownElementImpl.dispatchEvent (/home/stocks/algo/webapp/frontend/node_modules/jsdom/lib/jsdom/living/events/EventTarget-impl.js:104:17)
Error: Uncaught [TypeError: portfolioData.map is not a function]
    at reportException (/home/stocks/algo/webapp/frontend/node_modules/jsdom/lib/jsdom/living/helpers/runtime-script-errors.js:66:24)
    at innerInvokeEventListeners (/home/stocks/algo/webapp/frontend/node_modules/jsdom/lib/jsdom/living/events/EventTarget-impl.js:353:9)
    at invokeEventListeners (/home/stocks/algo/webapp/frontend/node_modules/jsdom/lib/jsdom/living/events/EventTarget-impl.js:286:3)
    at HTMLUnknownElementImpl._dispatch (/home/stocks/algo/webapp/frontend/node_modules/jsdom/lib/jsdom/living/events/EventTarget-impl.js:233:9)
    at HTMLUnknownElementImpl.dispatchEvent (/home/stocks/algo/webapp/frontend/node_modules/jsdom/lib/jsdom/living/events/EventTarget-impl.js:104:17)
    at HTMLUnknownElement.dispatchEvent (/home/stocks/algo/webapp/frontend/node_modules/jsdom/lib/jsdom/living/generated/EventTarget.js:241:34)
    at Object.invokeGuardedCallbackDev (/home/stocks/algo/webapp/frontend/node_modules/react-dom/cjs/react-dom.development.js:4213:16)
    at invokeGuardedCallback (/home/stocks/algo/webapp/frontend/node_modules/react-dom/cjs/react-dom.development.js:4277:31)
    at beginWork$1 (/home/stocks/algo/webapp/frontend/node_modules/react-dom/cjs/react-dom.development.js:27490:7)
    at performUnitOfWork (/home/stocks/algo/webapp/frontend/node_modules/react-dom/cjs/react-dom.development.js:26599:12) TypeError: portfolioData.map is not a function
    at PortfolioManager (/home/stocks/algo/webapp/frontend/src/components/PortfolioManager.jsx:434:30)
    at renderWithHooks (/home/stocks/algo/webapp/frontend/node_modules/react-dom/cjs/react-dom.development.js:15486:18)
    at updateFunctionComponent (/home/stocks/algo/webapp/frontend/node_modules/react-dom/cjs/react-dom.development.js:19617:20)
    at beginWork (/home/stocks/algo/webapp/frontend/node_modules/react-dom/cjs/react-dom.development.js:21640:16)
    at HTMLUnknownElement.callCallback (/home/stocks/algo/webapp/frontend/node_modules/react-dom/cjs/react-dom.development.js:4164:14)
    at HTMLUnknownElement.callTheUserObjectsOperation (/home/stocks/algo/webapp/frontend/node_modules/jsdom/lib/jsdom/living/generated/EventListener.js:26:30)
    at innerInvokeEventListeners (/home/stocks/algo/webapp/frontend/node_modules/jsdom/lib/jsdom/living/events/EventTarget-impl.js:350:25)
    at invokeEventListeners (/home/stocks/algo/webapp/frontend/node_modules/jsdom/lib/jsdom/living/events/EventTarget-impl.js:286:3)
    at HTMLUnknownElementImpl._dispatch (/home/stocks/algo/webapp/frontend/node_modules/jsdom/lib/jsdom/living/events/EventTarget-impl.js:233:9)
    at HTMLUnknownElementImpl.dispatchEvent (/home/stocks/algo/webapp/frontend/node_modules/jsdom/lib/jsdom/living/events/EventTarget-impl.js:104:17)

Error: Uncaught [TypeError: portfolioData.map is not a function]
    at reportException (/home/stocks/algo/webapp/frontend/node_modules/jsdom/lib/jsdom/living/helpers/runtime-script-errors.js:66:24)
    at innerInvokeEventListeners (/home/stocks/algo/webapp/frontend/node_modules/jsdom/lib/jsdom/living/events/EventTarget-impl.js:353:9)
    at invokeEventListeners (/home/stocks/algo/webapp/frontend/node_modules/jsdom/lib/jsdom/living/events/EventTarget-impl.js:286:3)
    at HTMLUnknownElementImpl._dispatch (/home/stocks/algo/webapp/frontend/node_modules/jsdom/lib/jsdom/living/events/EventTarget-impl.js:233:9)
    at HTMLUnknownElementImpl.dispatchEvent (/home/stocks/algo/webapp/frontend/node_modules/jsdom/lib/jsdom/living/events/EventTarget-impl.js:104:17)
    at HTMLUnknownElement.dispatchEvent (/home/stocks/algo/webapp/frontend/node_modules/jsdom/lib/jsdom/living/generated/EventTarget.js:241:34)
    at Object.invokeGuardedCallbackDev (/home/stocks/algo/webapp/frontend/node_modules/react-dom/cjs/react-dom.development.js:4213:16)
    at invokeGuardedCallback (/home/stocks/algo/webapp/frontend/node_modules/react-dom/cjs/react-dom.development.js:4277:31)
    at beginWork$1 (/home/stocks/algo/webapp/frontend/node_modules/react-dom/cjs/react-dom.development.js:27490:7)
    at performUnitOfWork (/home/stocks/algo/webapp/frontend/node_modules/react-dom/cjs/react-dom.development.js:26599:12) TypeError: portfolioData.map is not a function
    at PortfolioManager (/home/stocks/algo/webapp/frontend/src/components/PortfolioManager.jsx:434:30)
    at renderWithHooks (/home/stocks/algo/webapp/frontend/node_modules/react-dom/cjs/react-dom.development.js:15486:18)
    at updateFunctionComponent (/home/stocks/algo/webapp/frontend/node_modules/react-dom/cjs/react-dom.development.js:19617:20)
    at beginWork (/home/stocks/algo/webapp/frontend/node_modules/react-dom/cjs/react-dom.development.js:21640:16)
    at HTMLUnknownElement.callCallback (/home/stocks/algo/webapp/frontend/node_modules/react-dom/cjs/react-dom.development.js:4164:14)
    at HTMLUnknownElement.callTheUserObjectsOperation (/home/stocks/algo/webapp/frontend/node_modules/jsdom/lib/jsdom/living/generated/EventListener.js:26:30)
    at innerInvokeEventListeners (/home/stocks/algo/webapp/frontend/node_modules/jsdom/lib/jsdom/living/events/EventTarget-impl.js:350:25)
    at invokeEventListeners (/home/stocks/algo/webapp/frontend/node_modules/jsdom/lib/jsdom/living/events/EventTarget-impl.js:286:3)
    at HTMLUnknownElementImpl._dispatch (/home/stocks/algo/webapp/frontend/node_modules/jsdom/lib/jsdom/living/events/EventTarget-impl.js:233:9)
    at HTMLUnknownElementImpl.dispatchEvent (/home/stocks/algo/webapp/frontend/node_modules/jsdom/lib/jsdom/living/events/EventTarget-impl.js:104:17)
Error: Uncaught [TypeError: portfolioData.map is not a function]
    at reportException (/home/stocks/algo/webapp/frontend/node_modules/jsdom/lib/jsdom/living/helpers/runtime-script-errors.js:66:24)
    at innerInvokeEventListeners (/home/stocks/algo/webapp/frontend/node_modules/jsdom/lib/jsdom/living/events/EventTarget-impl.js:353:9)
    at invokeEventListeners (/home/stocks/algo/webapp/frontend/node_modules/jsdom/lib/jsdom/living/events/EventTarget-impl.js:286:3)
    at HTMLUnknownElementImpl._dispatch (/home/stocks/algo/webapp/frontend/node_modules/jsdom/lib/jsdom/living/events/EventTarget-impl.js:233:9)
    at HTMLUnknownElementImpl.dispatchEvent (/home/stocks/algo/webapp/frontend/node_modules/jsdom/lib/jsdom/living/events/EventTarget-impl.js:104:17)
    at HTMLUnknownElement.dispatchEvent (/home/stocks/algo/webapp/frontend/node_modules/jsdom/lib/jsdom/living/generated/EventTarget.js:241:34)
    at Object.invokeGuardedCallbackDev (/home/stocks/algo/webapp/frontend/node_modules/react-dom/cjs/react-dom.development.js:4213:16)
    at invokeGuardedCallback (/home/stocks/algo/webapp/frontend/node_modules/react-dom/cjs/react-dom.development.js:4277:31)
    at beginWork$1 (/home/stocks/algo/webapp/frontend/node_modules/react-dom/cjs/react-dom.development.js:27490:7)
    at performUnitOfWork (/home/stocks/algo/webapp/frontend/node_modules/react-dom/cjs/react-dom.development.js:26599:12) TypeError: portfolioData.map is not a function
    at PortfolioManager (/home/stocks/algo/webapp/frontend/src/components/PortfolioManager.jsx:434:30)
    at renderWithHooks (/home/stocks/algo/webapp/frontend/node_modules/react-dom/cjs/react-dom.development.js:15486:18)
    at updateFunctionComponent (/home/stocks/algo/webapp/frontend/node_modules/react-dom/cjs/react-dom.development.js:19617:20)
    at beginWork (/home/stocks/algo/webapp/frontend/node_modules/react-dom/cjs/react-dom.development.js:21640:16)
    at HTMLUnknownElement.callCallback (/home/stocks/algo/webapp/frontend/node_modules/react-dom/cjs/react-dom.development.js:4164:14)
    at HTMLUnknownElement.callTheUserObjectsOperation (/home/stocks/algo/webapp/frontend/node_modules/jsdom/lib/jsdom/living/generated/EventListener.js:26:30)
    at innerInvokeEventListeners (/home/stocks/algo/webapp/frontend/node_modules/jsdom/lib/jsdom/living/events/EventTarget-impl.js:350:25)
    at invokeEventListeners (/home/stocks/algo/webapp/frontend/node_modules/jsdom/lib/jsdom/living/events/EventTarget-impl.js:286:3)
    at HTMLUnknownElementImpl._dispatch (/home/stocks/algo/webapp/frontend/node_modules/jsdom/lib/jsdom/living/events/EventTarget-impl.js:233:9)
    at HTMLUnknownElementImpl.dispatchEvent (/home/stocks/algo/webapp/frontend/node_modules/jsdom/lib/jsdom/living/events/EventTarget-impl.js:104:17)

            </system-err>
            <failure message="Unable to find an element with the text: Portfolio Overview. This could be because the text is broken up by multiple elements. In this case, you can provide a function for your text matcher to make your matcher more flexible.

Ignored nodes: comments, script, style
[36m&lt;body&gt;[39m
  [36m&lt;div /&gt;[39m
[36m&lt;/body&gt;[39m

Ignored nodes: comments, script, style
[36m&lt;html&gt;[39m
  [36m&lt;head /&gt;[39m
  [36m&lt;body&gt;[39m
    [36m&lt;div /&gt;[39m
  [36m&lt;/body&gt;[39m
[36m&lt;/html&gt;[39m..." type="TestingLibraryElementError">
TestingLibraryElementError: Unable to find an element with the text: Portfolio Overview. This could be because the text is broken up by multiple elements. In this case, you can provide a function for your text matcher to make your matcher more flexible.

Ignored nodes: comments, script, style
&lt;body&gt;
  &lt;div /&gt;
&lt;/body&gt;

Ignored nodes: comments, script, style
&lt;html&gt;
  &lt;head /&gt;
  &lt;body&gt;
    &lt;div /&gt;
  &lt;/body&gt;
&lt;/html&gt;...
 ❯ Proxy.waitForWrapper node_modules/@testing-library/react/node_modules/@testing-library/dom/dist/wait-for.js:163:27
 ❯ src/tests/unit/components/real-portfolio-manager.test.jsx:456:13
            </failure>
            <failure message="Unable to find an element with the text: Portfolio Overview. This could be because the text is broken up by multiple elements. In this case, you can provide a function for your text matcher to make your matcher more flexible.

Ignored nodes: comments, script, style
[36m&lt;body&gt;[39m
  [36m&lt;div /&gt;[39m
[36m&lt;/body&gt;[39m

Ignored nodes: comments, script, style
[36m&lt;html&gt;[39m
  [36m&lt;head /&gt;[39m
  [36m&lt;body&gt;[39m
    [36m&lt;div /&gt;[39m
  [36m&lt;/body&gt;[39m
[36m&lt;/html&gt;[39m..." type="TestingLibraryElementError">
TestingLibraryElementError: Unable to find an element with the text: Portfolio Overview. This could be because the text is broken up by multiple elements. In this case, you can provide a function for your text matcher to make your matcher more flexible.

Ignored nodes: comments, script, style
&lt;body&gt;
  &lt;div /&gt;
&lt;/body&gt;

Ignored nodes: comments, script, style
&lt;html&gt;
  &lt;head /&gt;
  &lt;body&gt;
    &lt;div /&gt;
  &lt;/body&gt;
&lt;/html&gt;...
 ❯ Proxy.waitForWrapper node_modules/@testing-library/react/node_modules/@testing-library/dom/dist/wait-for.js:163:27
 ❯ src/tests/unit/components/real-portfolio-manager.test.jsx:456:13
            </failure>
            <failure message="Unable to find an element with the text: Portfolio Overview. This could be because the text is broken up by multiple elements. In this case, you can provide a function for your text matcher to make your matcher more flexible.

Ignored nodes: comments, script, style
[36m&lt;body&gt;[39m
  [36m&lt;div /&gt;[39m
[36m&lt;/body&gt;[39m

Ignored nodes: comments, script, style
[36m&lt;html&gt;[39m
  [36m&lt;head /&gt;[39m
  [36m&lt;body&gt;[39m
    [36m&lt;div /&gt;[39m
  [36m&lt;/body&gt;[39m
[36m&lt;/html&gt;[39m..." type="TestingLibraryElementError">
TestingLibraryElementError: Unable to find an element with the text: Portfolio Overview. This could be because the text is broken up by multiple elements. In this case, you can provide a function for your text matcher to make your matcher more flexible.

Ignored nodes: comments, script, style
&lt;body&gt;
  &lt;div /&gt;
&lt;/body&gt;

Ignored nodes: comments, script, style
&lt;html&gt;
  &lt;head /&gt;
  &lt;body&gt;
    &lt;div /&gt;
  &lt;/body&gt;
&lt;/html&gt;...
 ❯ Proxy.waitForWrapper node_modules/@testing-library/react/node_modules/@testing-library/dom/dist/wait-for.js:163:27
 ❯ src/tests/unit/components/real-portfolio-manager.test.jsx:456:13
            </failure>
        </testcase>
        <testcase classname="src/tests/unit/components/real-portfolio-manager.test.jsx" name="💼 Real PortfolioManager Component &gt; Refresh and Real-time Updates &gt; should have refresh button" time="3.013">
            <system-err>
Error: Uncaught [TypeError: portfolioData.map is not a function]
    at reportException (/home/stocks/algo/webapp/frontend/node_modules/jsdom/lib/jsdom/living/helpers/runtime-script-errors.js:66:24)
    at innerInvokeEventListeners (/home/stocks/algo/webapp/frontend/node_modules/jsdom/lib/jsdom/living/events/EventTarget-impl.js:353:9)
    at invokeEventListeners (/home/stocks/algo/webapp/frontend/node_modules/jsdom/lib/jsdom/living/events/EventTarget-impl.js:286:3)
    at HTMLUnknownElementImpl._dispatch (/home/stocks/algo/webapp/frontend/node_modules/jsdom/lib/jsdom/living/events/EventTarget-impl.js:233:9)
    at HTMLUnknownElementImpl.dispatchEvent (/home/stocks/algo/webapp/frontend/node_modules/jsdom/lib/jsdom/living/events/EventTarget-impl.js:104:17)
    at HTMLUnknownElement.dispatchEvent (/home/stocks/algo/webapp/frontend/node_modules/jsdom/lib/jsdom/living/generated/EventTarget.js:241:34)
    at Object.invokeGuardedCallbackDev (/home/stocks/algo/webapp/frontend/node_modules/react-dom/cjs/react-dom.development.js:4213:16)
    at invokeGuardedCallback (/home/stocks/algo/webapp/frontend/node_modules/react-dom/cjs/react-dom.development.js:4277:31)
    at beginWork$1 (/home/stocks/algo/webapp/frontend/node_modules/react-dom/cjs/react-dom.development.js:27490:7)
    at performUnitOfWork (/home/stocks/algo/webapp/frontend/node_modules/react-dom/cjs/react-dom.development.js:26599:12) TypeError: portfolioData.map is not a function
    at PortfolioManager (/home/stocks/algo/webapp/frontend/src/components/PortfolioManager.jsx:434:30)
    at renderWithHooks (/home/stocks/algo/webapp/frontend/node_modules/react-dom/cjs/react-dom.development.js:15486:18)
    at updateFunctionComponent (/home/stocks/algo/webapp/frontend/node_modules/react-dom/cjs/react-dom.development.js:19617:20)
    at beginWork (/home/stocks/algo/webapp/frontend/node_modules/react-dom/cjs/react-dom.development.js:21640:16)
    at HTMLUnknownElement.callCallback (/home/stocks/algo/webapp/frontend/node_modules/react-dom/cjs/react-dom.development.js:4164:14)
    at HTMLUnknownElement.callTheUserObjectsOperation (/home/stocks/algo/webapp/frontend/node_modules/jsdom/lib/jsdom/living/generated/EventListener.js:26:30)
    at innerInvokeEventListeners (/home/stocks/algo/webapp/frontend/node_modules/jsdom/lib/jsdom/living/events/EventTarget-impl.js:350:25)
    at invokeEventListeners (/home/stocks/algo/webapp/frontend/node_modules/jsdom/lib/jsdom/living/events/EventTarget-impl.js:286:3)
    at HTMLUnknownElementImpl._dispatch (/home/stocks/algo/webapp/frontend/node_modules/jsdom/lib/jsdom/living/events/EventTarget-impl.js:233:9)
    at HTMLUnknownElementImpl.dispatchEvent (/home/stocks/algo/webapp/frontend/node_modules/jsdom/lib/jsdom/living/events/EventTarget-impl.js:104:17)
Error: Uncaught [TypeError: portfolioData.map is not a function]
    at reportException (/home/stocks/algo/webapp/frontend/node_modules/jsdom/lib/jsdom/living/helpers/runtime-script-errors.js:66:24)
    at innerInvokeEventListeners (/home/stocks/algo/webapp/frontend/node_modules/jsdom/lib/jsdom/living/events/EventTarget-impl.js:353:9)
    at invokeEventListeners (/home/stocks/algo/webapp/frontend/node_modules/jsdom/lib/jsdom/living/events/EventTarget-impl.js:286:3)
    at HTMLUnknownElementImpl._dispatch (/home/stocks/algo/webapp/frontend/node_modules/jsdom/lib/jsdom/living/events/EventTarget-impl.js:233:9)
    at HTMLUnknownElementImpl.dispatchEvent (/home/stocks/algo/webapp/frontend/node_modules/jsdom/lib/jsdom/living/events/EventTarget-impl.js:104:17)
    at HTMLUnknownElement.dispatchEvent (/home/stocks/algo/webapp/frontend/node_modules/jsdom/lib/jsdom/living/generated/EventTarget.js:241:34)
    at Object.invokeGuardedCallbackDev (/home/stocks/algo/webapp/frontend/node_modules/react-dom/cjs/react-dom.development.js:4213:16)
    at invokeGuardedCallback (/home/stocks/algo/webapp/frontend/node_modules/react-dom/cjs/react-dom.development.js:4277:31)
    at beginWork$1 (/home/stocks/algo/webapp/frontend/node_modules/react-dom/cjs/react-dom.development.js:27490:7)
    at performUnitOfWork (/home/stocks/algo/webapp/frontend/node_modules/react-dom/cjs/react-dom.development.js:26599:12) TypeError: portfolioData.map is not a function
    at PortfolioManager (/home/stocks/algo/webapp/frontend/src/components/PortfolioManager.jsx:434:30)
    at renderWithHooks (/home/stocks/algo/webapp/frontend/node_modules/react-dom/cjs/react-dom.development.js:15486:18)
    at updateFunctionComponent (/home/stocks/algo/webapp/frontend/node_modules/react-dom/cjs/react-dom.development.js:19617:20)
    at beginWork (/home/stocks/algo/webapp/frontend/node_modules/react-dom/cjs/react-dom.development.js:21640:16)
    at HTMLUnknownElement.callCallback (/home/stocks/algo/webapp/frontend/node_modules/react-dom/cjs/react-dom.development.js:4164:14)
    at HTMLUnknownElement.callTheUserObjectsOperation (/home/stocks/algo/webapp/frontend/node_modules/jsdom/lib/jsdom/living/generated/EventListener.js:26:30)
    at innerInvokeEventListeners (/home/stocks/algo/webapp/frontend/node_modules/jsdom/lib/jsdom/living/events/EventTarget-impl.js:350:25)
    at invokeEventListeners (/home/stocks/algo/webapp/frontend/node_modules/jsdom/lib/jsdom/living/events/EventTarget-impl.js:286:3)
    at HTMLUnknownElementImpl._dispatch (/home/stocks/algo/webapp/frontend/node_modules/jsdom/lib/jsdom/living/events/EventTarget-impl.js:233:9)
    at HTMLUnknownElementImpl.dispatchEvent (/home/stocks/algo/webapp/frontend/node_modules/jsdom/lib/jsdom/living/events/EventTarget-impl.js:104:17)

Error: Uncaught [TypeError: portfolioData.map is not a function]
    at reportException (/home/stocks/algo/webapp/frontend/node_modules/jsdom/lib/jsdom/living/helpers/runtime-script-errors.js:66:24)
    at innerInvokeEventListeners (/home/stocks/algo/webapp/frontend/node_modules/jsdom/lib/jsdom/living/events/EventTarget-impl.js:353:9)
    at invokeEventListeners (/home/stocks/algo/webapp/frontend/node_modules/jsdom/lib/jsdom/living/events/EventTarget-impl.js:286:3)
    at HTMLUnknownElementImpl._dispatch (/home/stocks/algo/webapp/frontend/node_modules/jsdom/lib/jsdom/living/events/EventTarget-impl.js:233:9)
    at HTMLUnknownElementImpl.dispatchEvent (/home/stocks/algo/webapp/frontend/node_modules/jsdom/lib/jsdom/living/events/EventTarget-impl.js:104:17)
    at HTMLUnknownElement.dispatchEvent (/home/stocks/algo/webapp/frontend/node_modules/jsdom/lib/jsdom/living/generated/EventTarget.js:241:34)
    at Object.invokeGuardedCallbackDev (/home/stocks/algo/webapp/frontend/node_modules/react-dom/cjs/react-dom.development.js:4213:16)
    at invokeGuardedCallback (/home/stocks/algo/webapp/frontend/node_modules/react-dom/cjs/react-dom.development.js:4277:31)
    at beginWork$1 (/home/stocks/algo/webapp/frontend/node_modules/react-dom/cjs/react-dom.development.js:27490:7)
    at performUnitOfWork (/home/stocks/algo/webapp/frontend/node_modules/react-dom/cjs/react-dom.development.js:26599:12) TypeError: portfolioData.map is not a function
    at PortfolioManager (/home/stocks/algo/webapp/frontend/src/components/PortfolioManager.jsx:434:30)
    at renderWithHooks (/home/stocks/algo/webapp/frontend/node_modules/react-dom/cjs/react-dom.development.js:15486:18)
    at updateFunctionComponent (/home/stocks/algo/webapp/frontend/node_modules/react-dom/cjs/react-dom.development.js:19617:20)
    at beginWork (/home/stocks/algo/webapp/frontend/node_modules/react-dom/cjs/react-dom.development.js:21640:16)
    at HTMLUnknownElement.callCallback (/home/stocks/algo/webapp/frontend/node_modules/react-dom/cjs/react-dom.development.js:4164:14)
    at HTMLUnknownElement.callTheUserObjectsOperation (/home/stocks/algo/webapp/frontend/node_modules/jsdom/lib/jsdom/living/generated/EventListener.js:26:30)
    at innerInvokeEventListeners (/home/stocks/algo/webapp/frontend/node_modules/jsdom/lib/jsdom/living/events/EventTarget-impl.js:350:25)
    at invokeEventListeners (/home/stocks/algo/webapp/frontend/node_modules/jsdom/lib/jsdom/living/events/EventTarget-impl.js:286:3)
    at HTMLUnknownElementImpl._dispatch (/home/stocks/algo/webapp/frontend/node_modules/jsdom/lib/jsdom/living/events/EventTarget-impl.js:233:9)
    at HTMLUnknownElementImpl.dispatchEvent (/home/stocks/algo/webapp/frontend/node_modules/jsdom/lib/jsdom/living/events/EventTarget-impl.js:104:17)
Error: Uncaught [TypeError: portfolioData.map is not a function]
    at reportException (/home/stocks/algo/webapp/frontend/node_modules/jsdom/lib/jsdom/living/helpers/runtime-script-errors.js:66:24)
    at innerInvokeEventListeners (/home/stocks/algo/webapp/frontend/node_modules/jsdom/lib/jsdom/living/events/EventTarget-impl.js:353:9)
    at invokeEventListeners (/home/stocks/algo/webapp/frontend/node_modules/jsdom/lib/jsdom/living/events/EventTarget-impl.js:286:3)
    at HTMLUnknownElementImpl._dispatch (/home/stocks/algo/webapp/frontend/node_modules/jsdom/lib/jsdom/living/events/EventTarget-impl.js:233:9)
    at HTMLUnknownElementImpl.dispatchEvent (/home/stocks/algo/webapp/frontend/node_modules/jsdom/lib/jsdom/living/events/EventTarget-impl.js:104:17)
    at HTMLUnknownElement.dispatchEvent (/home/stocks/algo/webapp/frontend/node_modules/jsdom/lib/jsdom/living/generated/EventTarget.js:241:34)
    at Object.invokeGuardedCallbackDev (/home/stocks/algo/webapp/frontend/node_modules/react-dom/cjs/react-dom.development.js:4213:16)
    at invokeGuardedCallback (/home/stocks/algo/webapp/frontend/node_modules/react-dom/cjs/react-dom.development.js:4277:31)
    at beginWork$1 (/home/stocks/algo/webapp/frontend/node_modules/react-dom/cjs/react-dom.development.js:27490:7)
    at performUnitOfWork (/home/stocks/algo/webapp/frontend/node_modules/react-dom/cjs/react-dom.development.js:26599:12) TypeError: portfolioData.map is not a function
    at PortfolioManager (/home/stocks/algo/webapp/frontend/src/components/PortfolioManager.jsx:434:30)
    at renderWithHooks (/home/stocks/algo/webapp/frontend/node_modules/react-dom/cjs/react-dom.development.js:15486:18)
    at updateFunctionComponent (/home/stocks/algo/webapp/frontend/node_modules/react-dom/cjs/react-dom.development.js:19617:20)
    at beginWork (/home/stocks/algo/webapp/frontend/node_modules/react-dom/cjs/react-dom.development.js:21640:16)
    at HTMLUnknownElement.callCallback (/home/stocks/algo/webapp/frontend/node_modules/react-dom/cjs/react-dom.development.js:4164:14)
    at HTMLUnknownElement.callTheUserObjectsOperation (/home/stocks/algo/webapp/frontend/node_modules/jsdom/lib/jsdom/living/generated/EventListener.js:26:30)
    at innerInvokeEventListeners (/home/stocks/algo/webapp/frontend/node_modules/jsdom/lib/jsdom/living/events/EventTarget-impl.js:350:25)
    at invokeEventListeners (/home/stocks/algo/webapp/frontend/node_modules/jsdom/lib/jsdom/living/events/EventTarget-impl.js:286:3)
    at HTMLUnknownElementImpl._dispatch (/home/stocks/algo/webapp/frontend/node_modules/jsdom/lib/jsdom/living/events/EventTarget-impl.js:233:9)
    at HTMLUnknownElementImpl.dispatchEvent (/home/stocks/algo/webapp/frontend/node_modules/jsdom/lib/jsdom/living/events/EventTarget-impl.js:104:17)

Error: Uncaught [TypeError: portfolioData.map is not a function]
    at reportException (/home/stocks/algo/webapp/frontend/node_modules/jsdom/lib/jsdom/living/helpers/runtime-script-errors.js:66:24)
    at innerInvokeEventListeners (/home/stocks/algo/webapp/frontend/node_modules/jsdom/lib/jsdom/living/events/EventTarget-impl.js:353:9)
    at invokeEventListeners (/home/stocks/algo/webapp/frontend/node_modules/jsdom/lib/jsdom/living/events/EventTarget-impl.js:286:3)
    at HTMLUnknownElementImpl._dispatch (/home/stocks/algo/webapp/frontend/node_modules/jsdom/lib/jsdom/living/events/EventTarget-impl.js:233:9)
    at HTMLUnknownElementImpl.dispatchEvent (/home/stocks/algo/webapp/frontend/node_modules/jsdom/lib/jsdom/living/events/EventTarget-impl.js:104:17)
    at HTMLUnknownElement.dispatchEvent (/home/stocks/algo/webapp/frontend/node_modules/jsdom/lib/jsdom/living/generated/EventTarget.js:241:34)
    at Object.invokeGuardedCallbackDev (/home/stocks/algo/webapp/frontend/node_modules/react-dom/cjs/react-dom.development.js:4213:16)
    at invokeGuardedCallback (/home/stocks/algo/webapp/frontend/node_modules/react-dom/cjs/react-dom.development.js:4277:31)
    at beginWork$1 (/home/stocks/algo/webapp/frontend/node_modules/react-dom/cjs/react-dom.development.js:27490:7)
    at performUnitOfWork (/home/stocks/algo/webapp/frontend/node_modules/react-dom/cjs/react-dom.development.js:26599:12) TypeError: portfolioData.map is not a function
    at PortfolioManager (/home/stocks/algo/webapp/frontend/src/components/PortfolioManager.jsx:434:30)
    at renderWithHooks (/home/stocks/algo/webapp/frontend/node_modules/react-dom/cjs/react-dom.development.js:15486:18)
    at updateFunctionComponent (/home/stocks/algo/webapp/frontend/node_modules/react-dom/cjs/react-dom.development.js:19617:20)
    at beginWork (/home/stocks/algo/webapp/frontend/node_modules/react-dom/cjs/react-dom.development.js:21640:16)
    at HTMLUnknownElement.callCallback (/home/stocks/algo/webapp/frontend/node_modules/react-dom/cjs/react-dom.development.js:4164:14)
    at HTMLUnknownElement.callTheUserObjectsOperation (/home/stocks/algo/webapp/frontend/node_modules/jsdom/lib/jsdom/living/generated/EventListener.js:26:30)
    at innerInvokeEventListeners (/home/stocks/algo/webapp/frontend/node_modules/jsdom/lib/jsdom/living/events/EventTarget-impl.js:350:25)
    at invokeEventListeners (/home/stocks/algo/webapp/frontend/node_modules/jsdom/lib/jsdom/living/events/EventTarget-impl.js:286:3)
    at HTMLUnknownElementImpl._dispatch (/home/stocks/algo/webapp/frontend/node_modules/jsdom/lib/jsdom/living/events/EventTarget-impl.js:233:9)
    at HTMLUnknownElementImpl.dispatchEvent (/home/stocks/algo/webapp/frontend/node_modules/jsdom/lib/jsdom/living/events/EventTarget-impl.js:104:17)
Error: Uncaught [TypeError: portfolioData.map is not a function]
    at reportException (/home/stocks/algo/webapp/frontend/node_modules/jsdom/lib/jsdom/living/helpers/runtime-script-errors.js:66:24)
    at innerInvokeEventListeners (/home/stocks/algo/webapp/frontend/node_modules/jsdom/lib/jsdom/living/events/EventTarget-impl.js:353:9)
    at invokeEventListeners (/home/stocks/algo/webapp/frontend/node_modules/jsdom/lib/jsdom/living/events/EventTarget-impl.js:286:3)
    at HTMLUnknownElementImpl._dispatch (/home/stocks/algo/webapp/frontend/node_modules/jsdom/lib/jsdom/living/events/EventTarget-impl.js:233:9)
    at HTMLUnknownElementImpl.dispatchEvent (/home/stocks/algo/webapp/frontend/node_modules/jsdom/lib/jsdom/living/events/EventTarget-impl.js:104:17)
    at HTMLUnknownElement.dispatchEvent (/home/stocks/algo/webapp/frontend/node_modules/jsdom/lib/jsdom/living/generated/EventTarget.js:241:34)
    at Object.invokeGuardedCallbackDev (/home/stocks/algo/webapp/frontend/node_modules/react-dom/cjs/react-dom.development.js:4213:16)
    at invokeGuardedCallback (/home/stocks/algo/webapp/frontend/node_modules/react-dom/cjs/react-dom.development.js:4277:31)
    at beginWork$1 (/home/stocks/algo/webapp/frontend/node_modules/react-dom/cjs/react-dom.development.js:27490:7)
    at performUnitOfWork (/home/stocks/algo/webapp/frontend/node_modules/react-dom/cjs/react-dom.development.js:26599:12) TypeError: portfolioData.map is not a function
    at PortfolioManager (/home/stocks/algo/webapp/frontend/src/components/PortfolioManager.jsx:434:30)
    at renderWithHooks (/home/stocks/algo/webapp/frontend/node_modules/react-dom/cjs/react-dom.development.js:15486:18)
    at updateFunctionComponent (/home/stocks/algo/webapp/frontend/node_modules/react-dom/cjs/react-dom.development.js:19617:20)
    at beginWork (/home/stocks/algo/webapp/frontend/node_modules/react-dom/cjs/react-dom.development.js:21640:16)
    at HTMLUnknownElement.callCallback (/home/stocks/algo/webapp/frontend/node_modules/react-dom/cjs/react-dom.development.js:4164:14)
    at HTMLUnknownElement.callTheUserObjectsOperation (/home/stocks/algo/webapp/frontend/node_modules/jsdom/lib/jsdom/living/generated/EventListener.js:26:30)
    at innerInvokeEventListeners (/home/stocks/algo/webapp/frontend/node_modules/jsdom/lib/jsdom/living/events/EventTarget-impl.js:350:25)
    at invokeEventListeners (/home/stocks/algo/webapp/frontend/node_modules/jsdom/lib/jsdom/living/events/EventTarget-impl.js:286:3)
    at HTMLUnknownElementImpl._dispatch (/home/stocks/algo/webapp/frontend/node_modules/jsdom/lib/jsdom/living/events/EventTarget-impl.js:233:9)
    at HTMLUnknownElementImpl.dispatchEvent (/home/stocks/algo/webapp/frontend/node_modules/jsdom/lib/jsdom/living/events/EventTarget-impl.js:104:17)

            </system-err>
            <failure message="Unable to find an element with the text: Portfolio Overview. This could be because the text is broken up by multiple elements. In this case, you can provide a function for your text matcher to make your matcher more flexible.

Ignored nodes: comments, script, style
[36m&lt;body&gt;[39m
  [36m&lt;div /&gt;[39m
[36m&lt;/body&gt;[39m

Ignored nodes: comments, script, style
[36m&lt;html&gt;[39m
  [36m&lt;head /&gt;[39m
  [36m&lt;body&gt;[39m
    [36m&lt;div /&gt;[39m
  [36m&lt;/body&gt;[39m
[36m&lt;/html&gt;[39m..." type="TestingLibraryElementError">
TestingLibraryElementError: Unable to find an element with the text: Portfolio Overview. This could be because the text is broken up by multiple elements. In this case, you can provide a function for your text matcher to make your matcher more flexible.

Ignored nodes: comments, script, style
&lt;body&gt;
  &lt;div /&gt;
&lt;/body&gt;

Ignored nodes: comments, script, style
&lt;html&gt;
  &lt;head /&gt;
  &lt;body&gt;
    &lt;div /&gt;
  &lt;/body&gt;
&lt;/html&gt;...
 ❯ Proxy.waitForWrapper node_modules/@testing-library/react/node_modules/@testing-library/dom/dist/wait-for.js:163:27
 ❯ src/tests/unit/components/real-portfolio-manager.test.jsx:508:13
            </failure>
            <failure message="Unable to find an element with the text: Portfolio Overview. This could be because the text is broken up by multiple elements. In this case, you can provide a function for your text matcher to make your matcher more flexible.

Ignored nodes: comments, script, style
[36m&lt;body&gt;[39m
  [36m&lt;div /&gt;[39m
[36m&lt;/body&gt;[39m

Ignored nodes: comments, script, style
[36m&lt;html&gt;[39m
  [36m&lt;head /&gt;[39m
  [36m&lt;body&gt;[39m
    [36m&lt;div /&gt;[39m
  [36m&lt;/body&gt;[39m
[36m&lt;/html&gt;[39m..." type="TestingLibraryElementError">
TestingLibraryElementError: Unable to find an element with the text: Portfolio Overview. This could be because the text is broken up by multiple elements. In this case, you can provide a function for your text matcher to make your matcher more flexible.

Ignored nodes: comments, script, style
&lt;body&gt;
  &lt;div /&gt;
&lt;/body&gt;

Ignored nodes: comments, script, style
&lt;html&gt;
  &lt;head /&gt;
  &lt;body&gt;
    &lt;div /&gt;
  &lt;/body&gt;
&lt;/html&gt;...
 ❯ Proxy.waitForWrapper node_modules/@testing-library/react/node_modules/@testing-library/dom/dist/wait-for.js:163:27
 ❯ src/tests/unit/components/real-portfolio-manager.test.jsx:508:13
            </failure>
            <failure message="Unable to find an element with the text: Portfolio Overview. This could be because the text is broken up by multiple elements. In this case, you can provide a function for your text matcher to make your matcher more flexible.

Ignored nodes: comments, script, style
[36m&lt;body&gt;[39m
  [36m&lt;div /&gt;[39m
[36m&lt;/body&gt;[39m

Ignored nodes: comments, script, style
[36m&lt;html&gt;[39m
  [36m&lt;head /&gt;[39m
  [36m&lt;body&gt;[39m
    [36m&lt;div /&gt;[39m
  [36m&lt;/body&gt;[39m
[36m&lt;/html&gt;[39m..." type="TestingLibraryElementError">
TestingLibraryElementError: Unable to find an element with the text: Portfolio Overview. This could be because the text is broken up by multiple elements. In this case, you can provide a function for your text matcher to make your matcher more flexible.

Ignored nodes: comments, script, style
&lt;body&gt;
  &lt;div /&gt;
&lt;/body&gt;

Ignored nodes: comments, script, style
&lt;html&gt;
  &lt;head /&gt;
  &lt;body&gt;
    &lt;div /&gt;
  &lt;/body&gt;
&lt;/html&gt;...
 ❯ Proxy.waitForWrapper node_modules/@testing-library/react/node_modules/@testing-library/dom/dist/wait-for.js:163:27
 ❯ src/tests/unit/components/real-portfolio-manager.test.jsx:508:13
            </failure>
        </testcase>
        <testcase classname="src/tests/unit/components/real-portfolio-manager.test.jsx" name="💼 Real PortfolioManager Component &gt; Refresh and Real-time Updates &gt; should refresh portfolio data when refresh clicked" time="3.012">
            <system-err>
Error: Uncaught [TypeError: portfolioData.map is not a function]
    at reportException (/home/stocks/algo/webapp/frontend/node_modules/jsdom/lib/jsdom/living/helpers/runtime-script-errors.js:66:24)
    at innerInvokeEventListeners (/home/stocks/algo/webapp/frontend/node_modules/jsdom/lib/jsdom/living/events/EventTarget-impl.js:353:9)
    at invokeEventListeners (/home/stocks/algo/webapp/frontend/node_modules/jsdom/lib/jsdom/living/events/EventTarget-impl.js:286:3)
    at HTMLUnknownElementImpl._dispatch (/home/stocks/algo/webapp/frontend/node_modules/jsdom/lib/jsdom/living/events/EventTarget-impl.js:233:9)
    at HTMLUnknownElementImpl.dispatchEvent (/home/stocks/algo/webapp/frontend/node_modules/jsdom/lib/jsdom/living/events/EventTarget-impl.js:104:17)
    at HTMLUnknownElement.dispatchEvent (/home/stocks/algo/webapp/frontend/node_modules/jsdom/lib/jsdom/living/generated/EventTarget.js:241:34)
    at Object.invokeGuardedCallbackDev (/home/stocks/algo/webapp/frontend/node_modules/react-dom/cjs/react-dom.development.js:4213:16)
    at invokeGuardedCallback (/home/stocks/algo/webapp/frontend/node_modules/react-dom/cjs/react-dom.development.js:4277:31)
    at beginWork$1 (/home/stocks/algo/webapp/frontend/node_modules/react-dom/cjs/react-dom.development.js:27490:7)
    at performUnitOfWork (/home/stocks/algo/webapp/frontend/node_modules/react-dom/cjs/react-dom.development.js:26599:12) TypeError: portfolioData.map is not a function
    at PortfolioManager (/home/stocks/algo/webapp/frontend/src/components/PortfolioManager.jsx:434:30)
    at renderWithHooks (/home/stocks/algo/webapp/frontend/node_modules/react-dom/cjs/react-dom.development.js:15486:18)
    at updateFunctionComponent (/home/stocks/algo/webapp/frontend/node_modules/react-dom/cjs/react-dom.development.js:19617:20)
    at beginWork (/home/stocks/algo/webapp/frontend/node_modules/react-dom/cjs/react-dom.development.js:21640:16)
    at HTMLUnknownElement.callCallback (/home/stocks/algo/webapp/frontend/node_modules/react-dom/cjs/react-dom.development.js:4164:14)
    at HTMLUnknownElement.callTheUserObjectsOperation (/home/stocks/algo/webapp/frontend/node_modules/jsdom/lib/jsdom/living/generated/EventListener.js:26:30)
    at innerInvokeEventListeners (/home/stocks/algo/webapp/frontend/node_modules/jsdom/lib/jsdom/living/events/EventTarget-impl.js:350:25)
    at invokeEventListeners (/home/stocks/algo/webapp/frontend/node_modules/jsdom/lib/jsdom/living/events/EventTarget-impl.js:286:3)
    at HTMLUnknownElementImpl._dispatch (/home/stocks/algo/webapp/frontend/node_modules/jsdom/lib/jsdom/living/events/EventTarget-impl.js:233:9)
    at HTMLUnknownElementImpl.dispatchEvent (/home/stocks/algo/webapp/frontend/node_modules/jsdom/lib/jsdom/living/events/EventTarget-impl.js:104:17)
Error: Uncaught [TypeError: portfolioData.map is not a function]
    at reportException (/home/stocks/algo/webapp/frontend/node_modules/jsdom/lib/jsdom/living/helpers/runtime-script-errors.js:66:24)
    at innerInvokeEventListeners (/home/stocks/algo/webapp/frontend/node_modules/jsdom/lib/jsdom/living/events/EventTarget-impl.js:353:9)
    at invokeEventListeners (/home/stocks/algo/webapp/frontend/node_modules/jsdom/lib/jsdom/living/events/EventTarget-impl.js:286:3)
    at HTMLUnknownElementImpl._dispatch (/home/stocks/algo/webapp/frontend/node_modules/jsdom/lib/jsdom/living/events/EventTarget-impl.js:233:9)
    at HTMLUnknownElementImpl.dispatchEvent (/home/stocks/algo/webapp/frontend/node_modules/jsdom/lib/jsdom/living/events/EventTarget-impl.js:104:17)
    at HTMLUnknownElement.dispatchEvent (/home/stocks/algo/webapp/frontend/node_modules/jsdom/lib/jsdom/living/generated/EventTarget.js:241:34)
    at Object.invokeGuardedCallbackDev (/home/stocks/algo/webapp/frontend/node_modules/react-dom/cjs/react-dom.development.js:4213:16)
    at invokeGuardedCallback (/home/stocks/algo/webapp/frontend/node_modules/react-dom/cjs/react-dom.development.js:4277:31)
    at beginWork$1 (/home/stocks/algo/webapp/frontend/node_modules/react-dom/cjs/react-dom.development.js:27490:7)
    at performUnitOfWork (/home/stocks/algo/webapp/frontend/node_modules/react-dom/cjs/react-dom.development.js:26599:12) TypeError: portfolioData.map is not a function
    at PortfolioManager (/home/stocks/algo/webapp/frontend/src/components/PortfolioManager.jsx:434:30)
    at renderWithHooks (/home/stocks/algo/webapp/frontend/node_modules/react-dom/cjs/react-dom.development.js:15486:18)
    at updateFunctionComponent (/home/stocks/algo/webapp/frontend/node_modules/react-dom/cjs/react-dom.development.js:19617:20)
    at beginWork (/home/stocks/algo/webapp/frontend/node_modules/react-dom/cjs/react-dom.development.js:21640:16)
    at HTMLUnknownElement.callCallback (/home/stocks/algo/webapp/frontend/node_modules/react-dom/cjs/react-dom.development.js:4164:14)
    at HTMLUnknownElement.callTheUserObjectsOperation (/home/stocks/algo/webapp/frontend/node_modules/jsdom/lib/jsdom/living/generated/EventListener.js:26:30)
    at innerInvokeEventListeners (/home/stocks/algo/webapp/frontend/node_modules/jsdom/lib/jsdom/living/events/EventTarget-impl.js:350:25)
    at invokeEventListeners (/home/stocks/algo/webapp/frontend/node_modules/jsdom/lib/jsdom/living/events/EventTarget-impl.js:286:3)
    at HTMLUnknownElementImpl._dispatch (/home/stocks/algo/webapp/frontend/node_modules/jsdom/lib/jsdom/living/events/EventTarget-impl.js:233:9)
    at HTMLUnknownElementImpl.dispatchEvent (/home/stocks/algo/webapp/frontend/node_modules/jsdom/lib/jsdom/living/events/EventTarget-impl.js:104:17)

Error: Uncaught [TypeError: portfolioData.map is not a function]
    at reportException (/home/stocks/algo/webapp/frontend/node_modules/jsdom/lib/jsdom/living/helpers/runtime-script-errors.js:66:24)
    at innerInvokeEventListeners (/home/stocks/algo/webapp/frontend/node_modules/jsdom/lib/jsdom/living/events/EventTarget-impl.js:353:9)
    at invokeEventListeners (/home/stocks/algo/webapp/frontend/node_modules/jsdom/lib/jsdom/living/events/EventTarget-impl.js:286:3)
    at HTMLUnknownElementImpl._dispatch (/home/stocks/algo/webapp/frontend/node_modules/jsdom/lib/jsdom/living/events/EventTarget-impl.js:233:9)
    at HTMLUnknownElementImpl.dispatchEvent (/home/stocks/algo/webapp/frontend/node_modules/jsdom/lib/jsdom/living/events/EventTarget-impl.js:104:17)
    at HTMLUnknownElement.dispatchEvent (/home/stocks/algo/webapp/frontend/node_modules/jsdom/lib/jsdom/living/generated/EventTarget.js:241:34)
    at Object.invokeGuardedCallbackDev (/home/stocks/algo/webapp/frontend/node_modules/react-dom/cjs/react-dom.development.js:4213:16)
    at invokeGuardedCallback (/home/stocks/algo/webapp/frontend/node_modules/react-dom/cjs/react-dom.development.js:4277:31)
    at beginWork$1 (/home/stocks/algo/webapp/frontend/node_modules/react-dom/cjs/react-dom.development.js:27490:7)
    at performUnitOfWork (/home/stocks/algo/webapp/frontend/node_modules/react-dom/cjs/react-dom.development.js:26599:12) TypeError: portfolioData.map is not a function
    at PortfolioManager (/home/stocks/algo/webapp/frontend/src/components/PortfolioManager.jsx:434:30)
    at renderWithHooks (/home/stocks/algo/webapp/frontend/node_modules/react-dom/cjs/react-dom.development.js:15486:18)
    at updateFunctionComponent (/home/stocks/algo/webapp/frontend/node_modules/react-dom/cjs/react-dom.development.js:19617:20)
    at beginWork (/home/stocks/algo/webapp/frontend/node_modules/react-dom/cjs/react-dom.development.js:21640:16)
    at HTMLUnknownElement.callCallback (/home/stocks/algo/webapp/frontend/node_modules/react-dom/cjs/react-dom.development.js:4164:14)
    at HTMLUnknownElement.callTheUserObjectsOperation (/home/stocks/algo/webapp/frontend/node_modules/jsdom/lib/jsdom/living/generated/EventListener.js:26:30)
    at innerInvokeEventListeners (/home/stocks/algo/webapp/frontend/node_modules/jsdom/lib/jsdom/living/events/EventTarget-impl.js:350:25)
    at invokeEventListeners (/home/stocks/algo/webapp/frontend/node_modules/jsdom/lib/jsdom/living/events/EventTarget-impl.js:286:3)
    at HTMLUnknownElementImpl._dispatch (/home/stocks/algo/webapp/frontend/node_modules/jsdom/lib/jsdom/living/events/EventTarget-impl.js:233:9)
    at HTMLUnknownElementImpl.dispatchEvent (/home/stocks/algo/webapp/frontend/node_modules/jsdom/lib/jsdom/living/events/EventTarget-impl.js:104:17)
Error: Uncaught [TypeError: portfolioData.map is not a function]
    at reportException (/home/stocks/algo/webapp/frontend/node_modules/jsdom/lib/jsdom/living/helpers/runtime-script-errors.js:66:24)
    at innerInvokeEventListeners (/home/stocks/algo/webapp/frontend/node_modules/jsdom/lib/jsdom/living/events/EventTarget-impl.js:353:9)
    at invokeEventListeners (/home/stocks/algo/webapp/frontend/node_modules/jsdom/lib/jsdom/living/events/EventTarget-impl.js:286:3)
    at HTMLUnknownElementImpl._dispatch (/home/stocks/algo/webapp/frontend/node_modules/jsdom/lib/jsdom/living/events/EventTarget-impl.js:233:9)
    at HTMLUnknownElementImpl.dispatchEvent (/home/stocks/algo/webapp/frontend/node_modules/jsdom/lib/jsdom/living/events/EventTarget-impl.js:104:17)
    at HTMLUnknownElement.dispatchEvent (/home/stocks/algo/webapp/frontend/node_modules/jsdom/lib/jsdom/living/generated/EventTarget.js:241:34)
    at Object.invokeGuardedCallbackDev (/home/stocks/algo/webapp/frontend/node_modules/react-dom/cjs/react-dom.development.js:4213:16)
    at invokeGuardedCallback (/home/stocks/algo/webapp/frontend/node_modules/react-dom/cjs/react-dom.development.js:4277:31)
    at beginWork$1 (/home/stocks/algo/webapp/frontend/node_modules/react-dom/cjs/react-dom.development.js:27490:7)
    at performUnitOfWork (/home/stocks/algo/webapp/frontend/node_modules/react-dom/cjs/react-dom.development.js:26599:12) TypeError: portfolioData.map is not a function
    at PortfolioManager (/home/stocks/algo/webapp/frontend/src/components/PortfolioManager.jsx:434:30)
    at renderWithHooks (/home/stocks/algo/webapp/frontend/node_modules/react-dom/cjs/react-dom.development.js:15486:18)
    at updateFunctionComponent (/home/stocks/algo/webapp/frontend/node_modules/react-dom/cjs/react-dom.development.js:19617:20)
    at beginWork (/home/stocks/algo/webapp/frontend/node_modules/react-dom/cjs/react-dom.development.js:21640:16)
    at HTMLUnknownElement.callCallback (/home/stocks/algo/webapp/frontend/node_modules/react-dom/cjs/react-dom.development.js:4164:14)
    at HTMLUnknownElement.callTheUserObjectsOperation (/home/stocks/algo/webapp/frontend/node_modules/jsdom/lib/jsdom/living/generated/EventListener.js:26:30)
    at innerInvokeEventListeners (/home/stocks/algo/webapp/frontend/node_modules/jsdom/lib/jsdom/living/events/EventTarget-impl.js:350:25)
    at invokeEventListeners (/home/stocks/algo/webapp/frontend/node_modules/jsdom/lib/jsdom/living/events/EventTarget-impl.js:286:3)
    at HTMLUnknownElementImpl._dispatch (/home/stocks/algo/webapp/frontend/node_modules/jsdom/lib/jsdom/living/events/EventTarget-impl.js:233:9)
    at HTMLUnknownElementImpl.dispatchEvent (/home/stocks/algo/webapp/frontend/node_modules/jsdom/lib/jsdom/living/events/EventTarget-impl.js:104:17)

Error: Uncaught [TypeError: portfolioData.map is not a function]
    at reportException (/home/stocks/algo/webapp/frontend/node_modules/jsdom/lib/jsdom/living/helpers/runtime-script-errors.js:66:24)
    at innerInvokeEventListeners (/home/stocks/algo/webapp/frontend/node_modules/jsdom/lib/jsdom/living/events/EventTarget-impl.js:353:9)
    at invokeEventListeners (/home/stocks/algo/webapp/frontend/node_modules/jsdom/lib/jsdom/living/events/EventTarget-impl.js:286:3)
    at HTMLUnknownElementImpl._dispatch (/home/stocks/algo/webapp/frontend/node_modules/jsdom/lib/jsdom/living/events/EventTarget-impl.js:233:9)
    at HTMLUnknownElementImpl.dispatchEvent (/home/stocks/algo/webapp/frontend/node_modules/jsdom/lib/jsdom/living/events/EventTarget-impl.js:104:17)
    at HTMLUnknownElement.dispatchEvent (/home/stocks/algo/webapp/frontend/node_modules/jsdom/lib/jsdom/living/generated/EventTarget.js:241:34)
    at Object.invokeGuardedCallbackDev (/home/stocks/algo/webapp/frontend/node_modules/react-dom/cjs/react-dom.development.js:4213:16)
    at invokeGuardedCallback (/home/stocks/algo/webapp/frontend/node_modules/react-dom/cjs/react-dom.development.js:4277:31)
    at beginWork$1 (/home/stocks/algo/webapp/frontend/node_modules/react-dom/cjs/react-dom.development.js:27490:7)
    at performUnitOfWork (/home/stocks/algo/webapp/frontend/node_modules/react-dom/cjs/react-dom.development.js:26599:12) TypeError: portfolioData.map is not a function
    at PortfolioManager (/home/stocks/algo/webapp/frontend/src/components/PortfolioManager.jsx:434:30)
    at renderWithHooks (/home/stocks/algo/webapp/frontend/node_modules/react-dom/cjs/react-dom.development.js:15486:18)
    at updateFunctionComponent (/home/stocks/algo/webapp/frontend/node_modules/react-dom/cjs/react-dom.development.js:19617:20)
    at beginWork (/home/stocks/algo/webapp/frontend/node_modules/react-dom/cjs/react-dom.development.js:21640:16)
    at HTMLUnknownElement.callCallback (/home/stocks/algo/webapp/frontend/node_modules/react-dom/cjs/react-dom.development.js:4164:14)
    at HTMLUnknownElement.callTheUserObjectsOperation (/home/stocks/algo/webapp/frontend/node_modules/jsdom/lib/jsdom/living/generated/EventListener.js:26:30)
    at innerInvokeEventListeners (/home/stocks/algo/webapp/frontend/node_modules/jsdom/lib/jsdom/living/events/EventTarget-impl.js:350:25)
    at invokeEventListeners (/home/stocks/algo/webapp/frontend/node_modules/jsdom/lib/jsdom/living/events/EventTarget-impl.js:286:3)
    at HTMLUnknownElementImpl._dispatch (/home/stocks/algo/webapp/frontend/node_modules/jsdom/lib/jsdom/living/events/EventTarget-impl.js:233:9)
    at HTMLUnknownElementImpl.dispatchEvent (/home/stocks/algo/webapp/frontend/node_modules/jsdom/lib/jsdom/living/events/EventTarget-impl.js:104:17)
Error: Uncaught [TypeError: portfolioData.map is not a function]
    at reportException (/home/stocks/algo/webapp/frontend/node_modules/jsdom/lib/jsdom/living/helpers/runtime-script-errors.js:66:24)
    at innerInvokeEventListeners (/home/stocks/algo/webapp/frontend/node_modules/jsdom/lib/jsdom/living/events/EventTarget-impl.js:353:9)
    at invokeEventListeners (/home/stocks/algo/webapp/frontend/node_modules/jsdom/lib/jsdom/living/events/EventTarget-impl.js:286:3)
    at HTMLUnknownElementImpl._dispatch (/home/stocks/algo/webapp/frontend/node_modules/jsdom/lib/jsdom/living/events/EventTarget-impl.js:233:9)
    at HTMLUnknownElementImpl.dispatchEvent (/home/stocks/algo/webapp/frontend/node_modules/jsdom/lib/jsdom/living/events/EventTarget-impl.js:104:17)
    at HTMLUnknownElement.dispatchEvent (/home/stocks/algo/webapp/frontend/node_modules/jsdom/lib/jsdom/living/generated/EventTarget.js:241:34)
    at Object.invokeGuardedCallbackDev (/home/stocks/algo/webapp/frontend/node_modules/react-dom/cjs/react-dom.development.js:4213:16)
    at invokeGuardedCallback (/home/stocks/algo/webapp/frontend/node_modules/react-dom/cjs/react-dom.development.js:4277:31)
    at beginWork$1 (/home/stocks/algo/webapp/frontend/node_modules/react-dom/cjs/react-dom.development.js:27490:7)
    at performUnitOfWork (/home/stocks/algo/webapp/frontend/node_modules/react-dom/cjs/react-dom.development.js:26599:12) TypeError: portfolioData.map is not a function
    at PortfolioManager (/home/stocks/algo/webapp/frontend/src/components/PortfolioManager.jsx:434:30)
    at renderWithHooks (/home/stocks/algo/webapp/frontend/node_modules/react-dom/cjs/react-dom.development.js:15486:18)
    at updateFunctionComponent (/home/stocks/algo/webapp/frontend/node_modules/react-dom/cjs/react-dom.development.js:19617:20)
    at beginWork (/home/stocks/algo/webapp/frontend/node_modules/react-dom/cjs/react-dom.development.js:21640:16)
    at HTMLUnknownElement.callCallback (/home/stocks/algo/webapp/frontend/node_modules/react-dom/cjs/react-dom.development.js:4164:14)
    at HTMLUnknownElement.callTheUserObjectsOperation (/home/stocks/algo/webapp/frontend/node_modules/jsdom/lib/jsdom/living/generated/EventListener.js:26:30)
    at innerInvokeEventListeners (/home/stocks/algo/webapp/frontend/node_modules/jsdom/lib/jsdom/living/events/EventTarget-impl.js:350:25)
    at invokeEventListeners (/home/stocks/algo/webapp/frontend/node_modules/jsdom/lib/jsdom/living/events/EventTarget-impl.js:286:3)
    at HTMLUnknownElementImpl._dispatch (/home/stocks/algo/webapp/frontend/node_modules/jsdom/lib/jsdom/living/events/EventTarget-impl.js:233:9)
    at HTMLUnknownElementImpl.dispatchEvent (/home/stocks/algo/webapp/frontend/node_modules/jsdom/lib/jsdom/living/events/EventTarget-impl.js:104:17)

            </system-err>
            <failure message="Unable to find an element with the text: Portfolio Overview. This could be because the text is broken up by multiple elements. In this case, you can provide a function for your text matcher to make your matcher more flexible.

Ignored nodes: comments, script, style
[36m&lt;body&gt;[39m
  [36m&lt;div /&gt;[39m
[36m&lt;/body&gt;[39m

Ignored nodes: comments, script, style
[36m&lt;html&gt;[39m
  [36m&lt;head /&gt;[39m
  [36m&lt;body&gt;[39m
    [36m&lt;div /&gt;[39m
  [36m&lt;/body&gt;[39m
[36m&lt;/html&gt;[39m..." type="TestingLibraryElementError">
TestingLibraryElementError: Unable to find an element with the text: Portfolio Overview. This could be because the text is broken up by multiple elements. In this case, you can provide a function for your text matcher to make your matcher more flexible.

Ignored nodes: comments, script, style
&lt;body&gt;
  &lt;div /&gt;
&lt;/body&gt;

Ignored nodes: comments, script, style
&lt;html&gt;
  &lt;head /&gt;
  &lt;body&gt;
    &lt;div /&gt;
  &lt;/body&gt;
&lt;/html&gt;...
 ❯ Proxy.waitForWrapper node_modules/@testing-library/react/node_modules/@testing-library/dom/dist/wait-for.js:163:27
 ❯ src/tests/unit/components/real-portfolio-manager.test.jsx:508:13
            </failure>
            <failure message="Unable to find an element with the text: Portfolio Overview. This could be because the text is broken up by multiple elements. In this case, you can provide a function for your text matcher to make your matcher more flexible.

Ignored nodes: comments, script, style
[36m&lt;body&gt;[39m
  [36m&lt;div /&gt;[39m
[36m&lt;/body&gt;[39m

Ignored nodes: comments, script, style
[36m&lt;html&gt;[39m
  [36m&lt;head /&gt;[39m
  [36m&lt;body&gt;[39m
    [36m&lt;div /&gt;[39m
  [36m&lt;/body&gt;[39m
[36m&lt;/html&gt;[39m..." type="TestingLibraryElementError">
TestingLibraryElementError: Unable to find an element with the text: Portfolio Overview. This could be because the text is broken up by multiple elements. In this case, you can provide a function for your text matcher to make your matcher more flexible.

Ignored nodes: comments, script, style
&lt;body&gt;
  &lt;div /&gt;
&lt;/body&gt;

Ignored nodes: comments, script, style
&lt;html&gt;
  &lt;head /&gt;
  &lt;body&gt;
    &lt;div /&gt;
  &lt;/body&gt;
&lt;/html&gt;...
 ❯ Proxy.waitForWrapper node_modules/@testing-library/react/node_modules/@testing-library/dom/dist/wait-for.js:163:27
 ❯ src/tests/unit/components/real-portfolio-manager.test.jsx:508:13
            </failure>
            <failure message="Unable to find an element with the text: Portfolio Overview. This could be because the text is broken up by multiple elements. In this case, you can provide a function for your text matcher to make your matcher more flexible.

Ignored nodes: comments, script, style
[36m&lt;body&gt;[39m
  [36m&lt;div /&gt;[39m
[36m&lt;/body&gt;[39m

Ignored nodes: comments, script, style
[36m&lt;html&gt;[39m
  [36m&lt;head /&gt;[39m
  [36m&lt;body&gt;[39m
    [36m&lt;div /&gt;[39m
  [36m&lt;/body&gt;[39m
[36m&lt;/html&gt;[39m..." type="TestingLibraryElementError">
TestingLibraryElementError: Unable to find an element with the text: Portfolio Overview. This could be because the text is broken up by multiple elements. In this case, you can provide a function for your text matcher to make your matcher more flexible.

Ignored nodes: comments, script, style
&lt;body&gt;
  &lt;div /&gt;
&lt;/body&gt;

Ignored nodes: comments, script, style
&lt;html&gt;
  &lt;head /&gt;
  &lt;body&gt;
    &lt;div /&gt;
  &lt;/body&gt;
&lt;/html&gt;...
 ❯ Proxy.waitForWrapper node_modules/@testing-library/react/node_modules/@testing-library/dom/dist/wait-for.js:163:27
 ❯ src/tests/unit/components/real-portfolio-manager.test.jsx:508:13
            </failure>
        </testcase>
        <testcase classname="src/tests/unit/components/real-portfolio-manager.test.jsx" name="💼 Real PortfolioManager Component &gt; Refresh and Real-time Updates &gt; should show last updated timestamp" time="3.012">
            <system-err>
Error: Uncaught [TypeError: portfolioData.map is not a function]
    at reportException (/home/stocks/algo/webapp/frontend/node_modules/jsdom/lib/jsdom/living/helpers/runtime-script-errors.js:66:24)
    at innerInvokeEventListeners (/home/stocks/algo/webapp/frontend/node_modules/jsdom/lib/jsdom/living/events/EventTarget-impl.js:353:9)
    at invokeEventListeners (/home/stocks/algo/webapp/frontend/node_modules/jsdom/lib/jsdom/living/events/EventTarget-impl.js:286:3)
    at HTMLUnknownElementImpl._dispatch (/home/stocks/algo/webapp/frontend/node_modules/jsdom/lib/jsdom/living/events/EventTarget-impl.js:233:9)
    at HTMLUnknownElementImpl.dispatchEvent (/home/stocks/algo/webapp/frontend/node_modules/jsdom/lib/jsdom/living/events/EventTarget-impl.js:104:17)
    at HTMLUnknownElement.dispatchEvent (/home/stocks/algo/webapp/frontend/node_modules/jsdom/lib/jsdom/living/generated/EventTarget.js:241:34)
    at Object.invokeGuardedCallbackDev (/home/stocks/algo/webapp/frontend/node_modules/react-dom/cjs/react-dom.development.js:4213:16)
    at invokeGuardedCallback (/home/stocks/algo/webapp/frontend/node_modules/react-dom/cjs/react-dom.development.js:4277:31)
    at beginWork$1 (/home/stocks/algo/webapp/frontend/node_modules/react-dom/cjs/react-dom.development.js:27490:7)
    at performUnitOfWork (/home/stocks/algo/webapp/frontend/node_modules/react-dom/cjs/react-dom.development.js:26599:12) TypeError: portfolioData.map is not a function
    at PortfolioManager (/home/stocks/algo/webapp/frontend/src/components/PortfolioManager.jsx:434:30)
    at renderWithHooks (/home/stocks/algo/webapp/frontend/node_modules/react-dom/cjs/react-dom.development.js:15486:18)
    at updateFunctionComponent (/home/stocks/algo/webapp/frontend/node_modules/react-dom/cjs/react-dom.development.js:19617:20)
    at beginWork (/home/stocks/algo/webapp/frontend/node_modules/react-dom/cjs/react-dom.development.js:21640:16)
    at HTMLUnknownElement.callCallback (/home/stocks/algo/webapp/frontend/node_modules/react-dom/cjs/react-dom.development.js:4164:14)
    at HTMLUnknownElement.callTheUserObjectsOperation (/home/stocks/algo/webapp/frontend/node_modules/jsdom/lib/jsdom/living/generated/EventListener.js:26:30)
    at innerInvokeEventListeners (/home/stocks/algo/webapp/frontend/node_modules/jsdom/lib/jsdom/living/events/EventTarget-impl.js:350:25)
    at invokeEventListeners (/home/stocks/algo/webapp/frontend/node_modules/jsdom/lib/jsdom/living/events/EventTarget-impl.js:286:3)
    at HTMLUnknownElementImpl._dispatch (/home/stocks/algo/webapp/frontend/node_modules/jsdom/lib/jsdom/living/events/EventTarget-impl.js:233:9)
    at HTMLUnknownElementImpl.dispatchEvent (/home/stocks/algo/webapp/frontend/node_modules/jsdom/lib/jsdom/living/events/EventTarget-impl.js:104:17)
Error: Uncaught [TypeError: portfolioData.map is not a function]
    at reportException (/home/stocks/algo/webapp/frontend/node_modules/jsdom/lib/jsdom/living/helpers/runtime-script-errors.js:66:24)
    at innerInvokeEventListeners (/home/stocks/algo/webapp/frontend/node_modules/jsdom/lib/jsdom/living/events/EventTarget-impl.js:353:9)
    at invokeEventListeners (/home/stocks/algo/webapp/frontend/node_modules/jsdom/lib/jsdom/living/events/EventTarget-impl.js:286:3)
    at HTMLUnknownElementImpl._dispatch (/home/stocks/algo/webapp/frontend/node_modules/jsdom/lib/jsdom/living/events/EventTarget-impl.js:233:9)
    at HTMLUnknownElementImpl.dispatchEvent (/home/stocks/algo/webapp/frontend/node_modules/jsdom/lib/jsdom/living/events/EventTarget-impl.js:104:17)
    at HTMLUnknownElement.dispatchEvent (/home/stocks/algo/webapp/frontend/node_modules/jsdom/lib/jsdom/living/generated/EventTarget.js:241:34)
    at Object.invokeGuardedCallbackDev (/home/stocks/algo/webapp/frontend/node_modules/react-dom/cjs/react-dom.development.js:4213:16)
    at invokeGuardedCallback (/home/stocks/algo/webapp/frontend/node_modules/react-dom/cjs/react-dom.development.js:4277:31)
    at beginWork$1 (/home/stocks/algo/webapp/frontend/node_modules/react-dom/cjs/react-dom.development.js:27490:7)
    at performUnitOfWork (/home/stocks/algo/webapp/frontend/node_modules/react-dom/cjs/react-dom.development.js:26599:12) TypeError: portfolioData.map is not a function
    at PortfolioManager (/home/stocks/algo/webapp/frontend/src/components/PortfolioManager.jsx:434:30)
    at renderWithHooks (/home/stocks/algo/webapp/frontend/node_modules/react-dom/cjs/react-dom.development.js:15486:18)
    at updateFunctionComponent (/home/stocks/algo/webapp/frontend/node_modules/react-dom/cjs/react-dom.development.js:19617:20)
    at beginWork (/home/stocks/algo/webapp/frontend/node_modules/react-dom/cjs/react-dom.development.js:21640:16)
    at HTMLUnknownElement.callCallback (/home/stocks/algo/webapp/frontend/node_modules/react-dom/cjs/react-dom.development.js:4164:14)
    at HTMLUnknownElement.callTheUserObjectsOperation (/home/stocks/algo/webapp/frontend/node_modules/jsdom/lib/jsdom/living/generated/EventListener.js:26:30)
    at innerInvokeEventListeners (/home/stocks/algo/webapp/frontend/node_modules/jsdom/lib/jsdom/living/events/EventTarget-impl.js:350:25)
    at invokeEventListeners (/home/stocks/algo/webapp/frontend/node_modules/jsdom/lib/jsdom/living/events/EventTarget-impl.js:286:3)
    at HTMLUnknownElementImpl._dispatch (/home/stocks/algo/webapp/frontend/node_modules/jsdom/lib/jsdom/living/events/EventTarget-impl.js:233:9)
    at HTMLUnknownElementImpl.dispatchEvent (/home/stocks/algo/webapp/frontend/node_modules/jsdom/lib/jsdom/living/events/EventTarget-impl.js:104:17)

Error: Uncaught [TypeError: portfolioData.map is not a function]
    at reportException (/home/stocks/algo/webapp/frontend/node_modules/jsdom/lib/jsdom/living/helpers/runtime-script-errors.js:66:24)
    at innerInvokeEventListeners (/home/stocks/algo/webapp/frontend/node_modules/jsdom/lib/jsdom/living/events/EventTarget-impl.js:353:9)
    at invokeEventListeners (/home/stocks/algo/webapp/frontend/node_modules/jsdom/lib/jsdom/living/events/EventTarget-impl.js:286:3)
    at HTMLUnknownElementImpl._dispatch (/home/stocks/algo/webapp/frontend/node_modules/jsdom/lib/jsdom/living/events/EventTarget-impl.js:233:9)
    at HTMLUnknownElementImpl.dispatchEvent (/home/stocks/algo/webapp/frontend/node_modules/jsdom/lib/jsdom/living/events/EventTarget-impl.js:104:17)
    at HTMLUnknownElement.dispatchEvent (/home/stocks/algo/webapp/frontend/node_modules/jsdom/lib/jsdom/living/generated/EventTarget.js:241:34)
    at Object.invokeGuardedCallbackDev (/home/stocks/algo/webapp/frontend/node_modules/react-dom/cjs/react-dom.development.js:4213:16)
    at invokeGuardedCallback (/home/stocks/algo/webapp/frontend/node_modules/react-dom/cjs/react-dom.development.js:4277:31)
    at beginWork$1 (/home/stocks/algo/webapp/frontend/node_modules/react-dom/cjs/react-dom.development.js:27490:7)
    at performUnitOfWork (/home/stocks/algo/webapp/frontend/node_modules/react-dom/cjs/react-dom.development.js:26599:12) TypeError: portfolioData.map is not a function
    at PortfolioManager (/home/stocks/algo/webapp/frontend/src/components/PortfolioManager.jsx:434:30)
    at renderWithHooks (/home/stocks/algo/webapp/frontend/node_modules/react-dom/cjs/react-dom.development.js:15486:18)
    at updateFunctionComponent (/home/stocks/algo/webapp/frontend/node_modules/react-dom/cjs/react-dom.development.js:19617:20)
    at beginWork (/home/stocks/algo/webapp/frontend/node_modules/react-dom/cjs/react-dom.development.js:21640:16)
    at HTMLUnknownElement.callCallback (/home/stocks/algo/webapp/frontend/node_modules/react-dom/cjs/react-dom.development.js:4164:14)
    at HTMLUnknownElement.callTheUserObjectsOperation (/home/stocks/algo/webapp/frontend/node_modules/jsdom/lib/jsdom/living/generated/EventListener.js:26:30)
    at innerInvokeEventListeners (/home/stocks/algo/webapp/frontend/node_modules/jsdom/lib/jsdom/living/events/EventTarget-impl.js:350:25)
    at invokeEventListeners (/home/stocks/algo/webapp/frontend/node_modules/jsdom/lib/jsdom/living/events/EventTarget-impl.js:286:3)
    at HTMLUnknownElementImpl._dispatch (/home/stocks/algo/webapp/frontend/node_modules/jsdom/lib/jsdom/living/events/EventTarget-impl.js:233:9)
    at HTMLUnknownElementImpl.dispatchEvent (/home/stocks/algo/webapp/frontend/node_modules/jsdom/lib/jsdom/living/events/EventTarget-impl.js:104:17)
Error: Uncaught [TypeError: portfolioData.map is not a function]
    at reportException (/home/stocks/algo/webapp/frontend/node_modules/jsdom/lib/jsdom/living/helpers/runtime-script-errors.js:66:24)
    at innerInvokeEventListeners (/home/stocks/algo/webapp/frontend/node_modules/jsdom/lib/jsdom/living/events/EventTarget-impl.js:353:9)
    at invokeEventListeners (/home/stocks/algo/webapp/frontend/node_modules/jsdom/lib/jsdom/living/events/EventTarget-impl.js:286:3)
    at HTMLUnknownElementImpl._dispatch (/home/stocks/algo/webapp/frontend/node_modules/jsdom/lib/jsdom/living/events/EventTarget-impl.js:233:9)
    at HTMLUnknownElementImpl.dispatchEvent (/home/stocks/algo/webapp/frontend/node_modules/jsdom/lib/jsdom/living/events/EventTarget-impl.js:104:17)
    at HTMLUnknownElement.dispatchEvent (/home/stocks/algo/webapp/frontend/node_modules/jsdom/lib/jsdom/living/generated/EventTarget.js:241:34)
    at Object.invokeGuardedCallbackDev (/home/stocks/algo/webapp/frontend/node_modules/react-dom/cjs/react-dom.development.js:4213:16)
    at invokeGuardedCallback (/home/stocks/algo/webapp/frontend/node_modules/react-dom/cjs/react-dom.development.js:4277:31)
    at beginWork$1 (/home/stocks/algo/webapp/frontend/node_modules/react-dom/cjs/react-dom.development.js:27490:7)
    at performUnitOfWork (/home/stocks/algo/webapp/frontend/node_modules/react-dom/cjs/react-dom.development.js:26599:12) TypeError: portfolioData.map is not a function
    at PortfolioManager (/home/stocks/algo/webapp/frontend/src/components/PortfolioManager.jsx:434:30)
    at renderWithHooks (/home/stocks/algo/webapp/frontend/node_modules/react-dom/cjs/react-dom.development.js:15486:18)
    at updateFunctionComponent (/home/stocks/algo/webapp/frontend/node_modules/react-dom/cjs/react-dom.development.js:19617:20)
    at beginWork (/home/stocks/algo/webapp/frontend/node_modules/react-dom/cjs/react-dom.development.js:21640:16)
    at HTMLUnknownElement.callCallback (/home/stocks/algo/webapp/frontend/node_modules/react-dom/cjs/react-dom.development.js:4164:14)
    at HTMLUnknownElement.callTheUserObjectsOperation (/home/stocks/algo/webapp/frontend/node_modules/jsdom/lib/jsdom/living/generated/EventListener.js:26:30)
    at innerInvokeEventListeners (/home/stocks/algo/webapp/frontend/node_modules/jsdom/lib/jsdom/living/events/EventTarget-impl.js:350:25)
    at invokeEventListeners (/home/stocks/algo/webapp/frontend/node_modules/jsdom/lib/jsdom/living/events/EventTarget-impl.js:286:3)
    at HTMLUnknownElementImpl._dispatch (/home/stocks/algo/webapp/frontend/node_modules/jsdom/lib/jsdom/living/events/EventTarget-impl.js:233:9)
    at HTMLUnknownElementImpl.dispatchEvent (/home/stocks/algo/webapp/frontend/node_modules/jsdom/lib/jsdom/living/events/EventTarget-impl.js:104:17)

Error: Uncaught [TypeError: portfolioData.map is not a function]
    at reportException (/home/stocks/algo/webapp/frontend/node_modules/jsdom/lib/jsdom/living/helpers/runtime-script-errors.js:66:24)
    at innerInvokeEventListeners (/home/stocks/algo/webapp/frontend/node_modules/jsdom/lib/jsdom/living/events/EventTarget-impl.js:353:9)
    at invokeEventListeners (/home/stocks/algo/webapp/frontend/node_modules/jsdom/lib/jsdom/living/events/EventTarget-impl.js:286:3)
    at HTMLUnknownElementImpl._dispatch (/home/stocks/algo/webapp/frontend/node_modules/jsdom/lib/jsdom/living/events/EventTarget-impl.js:233:9)
    at HTMLUnknownElementImpl.dispatchEvent (/home/stocks/algo/webapp/frontend/node_modules/jsdom/lib/jsdom/living/events/EventTarget-impl.js:104:17)
    at HTMLUnknownElement.dispatchEvent (/home/stocks/algo/webapp/frontend/node_modules/jsdom/lib/jsdom/living/generated/EventTarget.js:241:34)
    at Object.invokeGuardedCallbackDev (/home/stocks/algo/webapp/frontend/node_modules/react-dom/cjs/react-dom.development.js:4213:16)
    at invokeGuardedCallback (/home/stocks/algo/webapp/frontend/node_modules/react-dom/cjs/react-dom.development.js:4277:31)
    at beginWork$1 (/home/stocks/algo/webapp/frontend/node_modules/react-dom/cjs/react-dom.development.js:27490:7)
    at performUnitOfWork (/home/stocks/algo/webapp/frontend/node_modules/react-dom/cjs/react-dom.development.js:26599:12) TypeError: portfolioData.map is not a function
    at PortfolioManager (/home/stocks/algo/webapp/frontend/src/components/PortfolioManager.jsx:434:30)
    at renderWithHooks (/home/stocks/algo/webapp/frontend/node_modules/react-dom/cjs/react-dom.development.js:15486:18)
    at updateFunctionComponent (/home/stocks/algo/webapp/frontend/node_modules/react-dom/cjs/react-dom.development.js:19617:20)
    at beginWork (/home/stocks/algo/webapp/frontend/node_modules/react-dom/cjs/react-dom.development.js:21640:16)
    at HTMLUnknownElement.callCallback (/home/stocks/algo/webapp/frontend/node_modules/react-dom/cjs/react-dom.development.js:4164:14)
    at HTMLUnknownElement.callTheUserObjectsOperation (/home/stocks/algo/webapp/frontend/node_modules/jsdom/lib/jsdom/living/generated/EventListener.js:26:30)
    at innerInvokeEventListeners (/home/stocks/algo/webapp/frontend/node_modules/jsdom/lib/jsdom/living/events/EventTarget-impl.js:350:25)
    at invokeEventListeners (/home/stocks/algo/webapp/frontend/node_modules/jsdom/lib/jsdom/living/events/EventTarget-impl.js:286:3)
    at HTMLUnknownElementImpl._dispatch (/home/stocks/algo/webapp/frontend/node_modules/jsdom/lib/jsdom/living/events/EventTarget-impl.js:233:9)
    at HTMLUnknownElementImpl.dispatchEvent (/home/stocks/algo/webapp/frontend/node_modules/jsdom/lib/jsdom/living/events/EventTarget-impl.js:104:17)
Error: Uncaught [TypeError: portfolioData.map is not a function]
    at reportException (/home/stocks/algo/webapp/frontend/node_modules/jsdom/lib/jsdom/living/helpers/runtime-script-errors.js:66:24)
    at innerInvokeEventListeners (/home/stocks/algo/webapp/frontend/node_modules/jsdom/lib/jsdom/living/events/EventTarget-impl.js:353:9)
    at invokeEventListeners (/home/stocks/algo/webapp/frontend/node_modules/jsdom/lib/jsdom/living/events/EventTarget-impl.js:286:3)
    at HTMLUnknownElementImpl._dispatch (/home/stocks/algo/webapp/frontend/node_modules/jsdom/lib/jsdom/living/events/EventTarget-impl.js:233:9)
    at HTMLUnknownElementImpl.dispatchEvent (/home/stocks/algo/webapp/frontend/node_modules/jsdom/lib/jsdom/living/events/EventTarget-impl.js:104:17)
    at HTMLUnknownElement.dispatchEvent (/home/stocks/algo/webapp/frontend/node_modules/jsdom/lib/jsdom/living/generated/EventTarget.js:241:34)
    at Object.invokeGuardedCallbackDev (/home/stocks/algo/webapp/frontend/node_modules/react-dom/cjs/react-dom.development.js:4213:16)
    at invokeGuardedCallback (/home/stocks/algo/webapp/frontend/node_modules/react-dom/cjs/react-dom.development.js:4277:31)
    at beginWork$1 (/home/stocks/algo/webapp/frontend/node_modules/react-dom/cjs/react-dom.development.js:27490:7)
    at performUnitOfWork (/home/stocks/algo/webapp/frontend/node_modules/react-dom/cjs/react-dom.development.js:26599:12) TypeError: portfolioData.map is not a function
    at PortfolioManager (/home/stocks/algo/webapp/frontend/src/components/PortfolioManager.jsx:434:30)
    at renderWithHooks (/home/stocks/algo/webapp/frontend/node_modules/react-dom/cjs/react-dom.development.js:15486:18)
    at updateFunctionComponent (/home/stocks/algo/webapp/frontend/node_modules/react-dom/cjs/react-dom.development.js:19617:20)
    at beginWork (/home/stocks/algo/webapp/frontend/node_modules/react-dom/cjs/react-dom.development.js:21640:16)
    at HTMLUnknownElement.callCallback (/home/stocks/algo/webapp/frontend/node_modules/react-dom/cjs/react-dom.development.js:4164:14)
    at HTMLUnknownElement.callTheUserObjectsOperation (/home/stocks/algo/webapp/frontend/node_modules/jsdom/lib/jsdom/living/generated/EventListener.js:26:30)
    at innerInvokeEventListeners (/home/stocks/algo/webapp/frontend/node_modules/jsdom/lib/jsdom/living/events/EventTarget-impl.js:350:25)
    at invokeEventListeners (/home/stocks/algo/webapp/frontend/node_modules/jsdom/lib/jsdom/living/events/EventTarget-impl.js:286:3)
    at HTMLUnknownElementImpl._dispatch (/home/stocks/algo/webapp/frontend/node_modules/jsdom/lib/jsdom/living/events/EventTarget-impl.js:233:9)
    at HTMLUnknownElementImpl.dispatchEvent (/home/stocks/algo/webapp/frontend/node_modules/jsdom/lib/jsdom/living/events/EventTarget-impl.js:104:17)

            </system-err>
            <failure message="Unable to find an element with the text: Portfolio Overview. This could be because the text is broken up by multiple elements. In this case, you can provide a function for your text matcher to make your matcher more flexible.

Ignored nodes: comments, script, style
[36m&lt;body&gt;[39m
  [36m&lt;div /&gt;[39m
[36m&lt;/body&gt;[39m

Ignored nodes: comments, script, style
[36m&lt;html&gt;[39m
  [36m&lt;head /&gt;[39m
  [36m&lt;body&gt;[39m
    [36m&lt;div /&gt;[39m
  [36m&lt;/body&gt;[39m
[36m&lt;/html&gt;[39m..." type="TestingLibraryElementError">
TestingLibraryElementError: Unable to find an element with the text: Portfolio Overview. This could be because the text is broken up by multiple elements. In this case, you can provide a function for your text matcher to make your matcher more flexible.

Ignored nodes: comments, script, style
&lt;body&gt;
  &lt;div /&gt;
&lt;/body&gt;

Ignored nodes: comments, script, style
&lt;html&gt;
  &lt;head /&gt;
  &lt;body&gt;
    &lt;div /&gt;
  &lt;/body&gt;
&lt;/html&gt;...
 ❯ Proxy.waitForWrapper node_modules/@testing-library/react/node_modules/@testing-library/dom/dist/wait-for.js:163:27
 ❯ src/tests/unit/components/real-portfolio-manager.test.jsx:508:13
            </failure>
            <failure message="Unable to find an element with the text: Portfolio Overview. This could be because the text is broken up by multiple elements. In this case, you can provide a function for your text matcher to make your matcher more flexible.

Ignored nodes: comments, script, style
[36m&lt;body&gt;[39m
  [36m&lt;div /&gt;[39m
[36m&lt;/body&gt;[39m

Ignored nodes: comments, script, style
[36m&lt;html&gt;[39m
  [36m&lt;head /&gt;[39m
  [36m&lt;body&gt;[39m
    [36m&lt;div /&gt;[39m
  [36m&lt;/body&gt;[39m
[36m&lt;/html&gt;[39m..." type="TestingLibraryElementError">
TestingLibraryElementError: Unable to find an element with the text: Portfolio Overview. This could be because the text is broken up by multiple elements. In this case, you can provide a function for your text matcher to make your matcher more flexible.

Ignored nodes: comments, script, style
&lt;body&gt;
  &lt;div /&gt;
&lt;/body&gt;

Ignored nodes: comments, script, style
&lt;html&gt;
  &lt;head /&gt;
  &lt;body&gt;
    &lt;div /&gt;
  &lt;/body&gt;
&lt;/html&gt;...
 ❯ Proxy.waitForWrapper node_modules/@testing-library/react/node_modules/@testing-library/dom/dist/wait-for.js:163:27
 ❯ src/tests/unit/components/real-portfolio-manager.test.jsx:508:13
            </failure>
            <failure message="Unable to find an element with the text: Portfolio Overview. This could be because the text is broken up by multiple elements. In this case, you can provide a function for your text matcher to make your matcher more flexible.

Ignored nodes: comments, script, style
[36m&lt;body&gt;[39m
  [36m&lt;div /&gt;[39m
[36m&lt;/body&gt;[39m

Ignored nodes: comments, script, style
[36m&lt;html&gt;[39m
  [36m&lt;head /&gt;[39m
  [36m&lt;body&gt;[39m
    [36m&lt;div /&gt;[39m
  [36m&lt;/body&gt;[39m
[36m&lt;/html&gt;[39m..." type="TestingLibraryElementError">
TestingLibraryElementError: Unable to find an element with the text: Portfolio Overview. This could be because the text is broken up by multiple elements. In this case, you can provide a function for your text matcher to make your matcher more flexible.

Ignored nodes: comments, script, style
&lt;body&gt;
  &lt;div /&gt;
&lt;/body&gt;

Ignored nodes: comments, script, style
&lt;html&gt;
  &lt;head /&gt;
  &lt;body&gt;
    &lt;div /&gt;
  &lt;/body&gt;
&lt;/html&gt;...
 ❯ Proxy.waitForWrapper node_modules/@testing-library/react/node_modules/@testing-library/dom/dist/wait-for.js:163:27
 ❯ src/tests/unit/components/real-portfolio-manager.test.jsx:508:13
            </failure>
        </testcase>
        <testcase classname="src/tests/unit/components/real-portfolio-manager.test.jsx" name="💼 Real PortfolioManager Component &gt; Responsive Design and Layout &gt; should render responsive grid layout" time="0.012">
            <failure message="Unable to find an element by: [data-testid=&quot;portfolio-grid&quot;]

Ignored nodes: comments, script, style
[36m&lt;body&gt;[39m
  [36m&lt;div&gt;[39m
    [36m&lt;div[39m
      [33mclass[39m=[32m&quot;MuiBox-root css-9qmfah&quot;[39m
    [36m&gt;[39m
      [36m&lt;span[39m
        [33mclass[39m=[32m&quot;MuiCircularProgress-root MuiCircularProgress-indeterminate MuiCircularProgress-colorPrimary css-18lrjg1-MuiCircularProgress-root&quot;[39m
        [33mrole[39m=[32m&quot;progressbar&quot;[39m
        [33mstyle[39m=[32m&quot;width: 40px; height: 40px;&quot;[39m
      [36m&gt;[39m
        [36m&lt;svg[39m
          [33mclass[39m=[32m&quot;MuiCircularProgress-svg css-1idz92c-MuiCircularProgress-svg&quot;[39m
          [33mviewBox[39m=[32m&quot;22 22 44 44&quot;[39m
        [36m&gt;[39m
          [36m&lt;circle[39m
            [33mclass[39m=[32m&quot;MuiCircularProgress-circle MuiCircularProgress-circleIndeterminate css-176wh8e-MuiCircularProgress-circle&quot;[39m
            [33mcx[39m=[32m&quot;44&quot;[39m
            [33mcy[39m=[32m&quot;44&quot;[39m
            [33mfill[39m=[32m&quot;none&quot;[39m
            [33mr[39m=[32m&quot;20.2&quot;[39m
            [33mstroke-width[39m=[32m&quot;3.6&quot;[39m
          [36m/&gt;[39m
        [36m&lt;/svg&gt;[39m
      [36m&lt;/span&gt;[39m
    [36m&lt;/div&gt;[39m
  [36m&lt;/div&gt;[39m
[36m&lt;/body&gt;[39m" type="TestingLibraryElementError">
TestingLibraryElementError: Unable to find an element by: [data-testid=&quot;portfolio-grid&quot;]

Ignored nodes: comments, script, style
&lt;body&gt;
  &lt;div&gt;
    &lt;div
      class=&quot;MuiBox-root css-9qmfah&quot;
    &gt;
      &lt;span
        class=&quot;MuiCircularProgress-root MuiCircularProgress-indeterminate MuiCircularProgress-colorPrimary css-18lrjg1-MuiCircularProgress-root&quot;
        role=&quot;progressbar&quot;
        style=&quot;width: 40px; height: 40px;&quot;
      &gt;
        &lt;svg
          class=&quot;MuiCircularProgress-svg css-1idz92c-MuiCircularProgress-svg&quot;
          viewBox=&quot;22 22 44 44&quot;
        &gt;
          &lt;circle
            class=&quot;MuiCircularProgress-circle MuiCircularProgress-circleIndeterminate css-176wh8e-MuiCircularProgress-circle&quot;
            cx=&quot;44&quot;
            cy=&quot;44&quot;
            fill=&quot;none&quot;
            r=&quot;20.2&quot;
            stroke-width=&quot;3.6&quot;
          /&gt;
        &lt;/svg&gt;
      &lt;/span&gt;
    &lt;/div&gt;
  &lt;/div&gt;
&lt;/body&gt;
 ❯ Object.getElementError node_modules/@testing-library/react/node_modules/@testing-library/dom/dist/config.js:37:19
 ❯ node_modules/@testing-library/react/node_modules/@testing-library/dom/dist/query-helpers.js:76:38
 ❯ node_modules/@testing-library/react/node_modules/@testing-library/dom/dist/query-helpers.js:52:17
 ❯ node_modules/@testing-library/react/node_modules/@testing-library/dom/dist/query-helpers.js:95:19
 ❯ src/tests/unit/components/real-portfolio-manager.test.jsx:545:36
            </failure>
            <failure message="Unable to find an element by: [data-testid=&quot;portfolio-grid&quot;]

Ignored nodes: comments, script, style
[36m&lt;body&gt;[39m
  [36m&lt;div&gt;[39m
    [36m&lt;div[39m
      [33mclass[39m=[32m&quot;MuiBox-root css-9qmfah&quot;[39m
    [36m&gt;[39m
      [36m&lt;span[39m
        [33mclass[39m=[32m&quot;MuiCircularProgress-root MuiCircularProgress-indeterminate MuiCircularProgress-colorPrimary css-18lrjg1-MuiCircularProgress-root&quot;[39m
        [33mrole[39m=[32m&quot;progressbar&quot;[39m
        [33mstyle[39m=[32m&quot;width: 40px; height: 40px;&quot;[39m
      [36m&gt;[39m
        [36m&lt;svg[39m
          [33mclass[39m=[32m&quot;MuiCircularProgress-svg css-1idz92c-MuiCircularProgress-svg&quot;[39m
          [33mviewBox[39m=[32m&quot;22 22 44 44&quot;[39m
        [36m&gt;[39m
          [36m&lt;circle[39m
            [33mclass[39m=[32m&quot;MuiCircularProgress-circle MuiCircularProgress-circleIndeterminate css-176wh8e-MuiCircularProgress-circle&quot;[39m
            [33mcx[39m=[32m&quot;44&quot;[39m
            [33mcy[39m=[32m&quot;44&quot;[39m
            [33mfill[39m=[32m&quot;none&quot;[39m
            [33mr[39m=[32m&quot;20.2&quot;[39m
            [33mstroke-width[39m=[32m&quot;3.6&quot;[39m
          [36m/&gt;[39m
        [36m&lt;/svg&gt;[39m
      [36m&lt;/span&gt;[39m
    [36m&lt;/div&gt;[39m
  [36m&lt;/div&gt;[39m
[36m&lt;/body&gt;[39m" type="TestingLibraryElementError">
TestingLibraryElementError: Unable to find an element by: [data-testid=&quot;portfolio-grid&quot;]

Ignored nodes: comments, script, style
&lt;body&gt;
  &lt;div&gt;
    &lt;div
      class=&quot;MuiBox-root css-9qmfah&quot;
    &gt;
      &lt;span
        class=&quot;MuiCircularProgress-root MuiCircularProgress-indeterminate MuiCircularProgress-colorPrimary css-18lrjg1-MuiCircularProgress-root&quot;
        role=&quot;progressbar&quot;
        style=&quot;width: 40px; height: 40px;&quot;
      &gt;
        &lt;svg
          class=&quot;MuiCircularProgress-svg css-1idz92c-MuiCircularProgress-svg&quot;
          viewBox=&quot;22 22 44 44&quot;
        &gt;
          &lt;circle
            class=&quot;MuiCircularProgress-circle MuiCircularProgress-circleIndeterminate css-176wh8e-MuiCircularProgress-circle&quot;
            cx=&quot;44&quot;
            cy=&quot;44&quot;
            fill=&quot;none&quot;
            r=&quot;20.2&quot;
            stroke-width=&quot;3.6&quot;
          /&gt;
        &lt;/svg&gt;
      &lt;/span&gt;
    &lt;/div&gt;
  &lt;/div&gt;
&lt;/body&gt;
 ❯ Object.getElementError node_modules/@testing-library/react/node_modules/@testing-library/dom/dist/config.js:37:19
 ❯ node_modules/@testing-library/react/node_modules/@testing-library/dom/dist/query-helpers.js:76:38
 ❯ node_modules/@testing-library/react/node_modules/@testing-library/dom/dist/query-helpers.js:52:17
 ❯ node_modules/@testing-library/react/node_modules/@testing-library/dom/dist/query-helpers.js:95:19
 ❯ src/tests/unit/components/real-portfolio-manager.test.jsx:545:36
            </failure>
            <failure message="Unable to find an element by: [data-testid=&quot;portfolio-grid&quot;]

Ignored nodes: comments, script, style
[36m&lt;body&gt;[39m
  [36m&lt;div&gt;[39m
    [36m&lt;div[39m
      [33mclass[39m=[32m&quot;MuiBox-root css-9qmfah&quot;[39m
    [36m&gt;[39m
      [36m&lt;span[39m
        [33mclass[39m=[32m&quot;MuiCircularProgress-root MuiCircularProgress-indeterminate MuiCircularProgress-colorPrimary css-18lrjg1-MuiCircularProgress-root&quot;[39m
        [33mrole[39m=[32m&quot;progressbar&quot;[39m
        [33mstyle[39m=[32m&quot;width: 40px; height: 40px;&quot;[39m
      [36m&gt;[39m
        [36m&lt;svg[39m
          [33mclass[39m=[32m&quot;MuiCircularProgress-svg css-1idz92c-MuiCircularProgress-svg&quot;[39m
          [33mviewBox[39m=[32m&quot;22 22 44 44&quot;[39m
        [36m&gt;[39m
          [36m&lt;circle[39m
            [33mclass[39m=[32m&quot;MuiCircularProgress-circle MuiCircularProgress-circleIndeterminate css-176wh8e-MuiCircularProgress-circle&quot;[39m
            [33mcx[39m=[32m&quot;44&quot;[39m
            [33mcy[39m=[32m&quot;44&quot;[39m
            [33mfill[39m=[32m&quot;none&quot;[39m
            [33mr[39m=[32m&quot;20.2&quot;[39m
            [33mstroke-width[39m=[32m&quot;3.6&quot;[39m
          [36m/&gt;[39m
        [36m&lt;/svg&gt;[39m
      [36m&lt;/span&gt;[39m
    [36m&lt;/div&gt;[39m
  [36m&lt;/div&gt;[39m
[36m&lt;/body&gt;[39m" type="TestingLibraryElementError">
TestingLibraryElementError: Unable to find an element by: [data-testid=&quot;portfolio-grid&quot;]

Ignored nodes: comments, script, style
&lt;body&gt;
  &lt;div&gt;
    &lt;div
      class=&quot;MuiBox-root css-9qmfah&quot;
    &gt;
      &lt;span
        class=&quot;MuiCircularProgress-root MuiCircularProgress-indeterminate MuiCircularProgress-colorPrimary css-18lrjg1-MuiCircularProgress-root&quot;
        role=&quot;progressbar&quot;
        style=&quot;width: 40px; height: 40px;&quot;
      &gt;
        &lt;svg
          class=&quot;MuiCircularProgress-svg css-1idz92c-MuiCircularProgress-svg&quot;
          viewBox=&quot;22 22 44 44&quot;
        &gt;
          &lt;circle
            class=&quot;MuiCircularProgress-circle MuiCircularProgress-circleIndeterminate css-176wh8e-MuiCircularProgress-circle&quot;
            cx=&quot;44&quot;
            cy=&quot;44&quot;
            fill=&quot;none&quot;
            r=&quot;20.2&quot;
            stroke-width=&quot;3.6&quot;
          /&gt;
        &lt;/svg&gt;
      &lt;/span&gt;
    &lt;/div&gt;
  &lt;/div&gt;
&lt;/body&gt;
 ❯ Object.getElementError node_modules/@testing-library/react/node_modules/@testing-library/dom/dist/config.js:37:19
 ❯ node_modules/@testing-library/react/node_modules/@testing-library/dom/dist/query-helpers.js:76:38
 ❯ node_modules/@testing-library/react/node_modules/@testing-library/dom/dist/query-helpers.js:52:17
 ❯ node_modules/@testing-library/react/node_modules/@testing-library/dom/dist/query-helpers.js:95:19
 ❯ src/tests/unit/components/real-portfolio-manager.test.jsx:545:36
            </failure>
        </testcase>
        <testcase classname="src/tests/unit/components/real-portfolio-manager.test.jsx" name="💼 Real PortfolioManager Component &gt; Responsive Design and Layout &gt; should handle mobile layout" time="0.009">
            <failure message="Unable to find an element with the text: Portfolio Overview. This could be because the text is broken up by multiple elements. In this case, you can provide a function for your text matcher to make your matcher more flexible.

Ignored nodes: comments, script, style
[36m&lt;body&gt;[39m
  [36m&lt;div&gt;[39m
    [36m&lt;div[39m
      [33mclass[39m=[32m&quot;MuiBox-root css-9qmfah&quot;[39m
    [36m&gt;[39m
      [36m&lt;span[39m
        [33mclass[39m=[32m&quot;MuiCircularProgress-root MuiCircularProgress-indeterminate MuiCircularProgress-colorPrimary css-18lrjg1-MuiCircularProgress-root&quot;[39m
        [33mrole[39m=[32m&quot;progressbar&quot;[39m
        [33mstyle[39m=[32m&quot;width: 40px; height: 40px;&quot;[39m
      [36m&gt;[39m
        [36m&lt;svg[39m
          [33mclass[39m=[32m&quot;MuiCircularProgress-svg css-1idz92c-MuiCircularProgress-svg&quot;[39m
          [33mviewBox[39m=[32m&quot;22 22 44 44&quot;[39m
        [36m&gt;[39m
          [36m&lt;circle[39m
            [33mclass[39m=[32m&quot;MuiCircularProgress-circle MuiCircularProgress-circleIndeterminate css-176wh8e-MuiCircularProgress-circle&quot;[39m
            [33mcx[39m=[32m&quot;44&quot;[39m
            [33mcy[39m=[32m&quot;44&quot;[39m
            [33mfill[39m=[32m&quot;none&quot;[39m
            [33mr[39m=[32m&quot;20.2&quot;[39m
            [33mstroke-width[39m=[32m&quot;3.6&quot;[39m
          [36m/&gt;[39m
        [36m&lt;/svg&gt;[39m
      [36m&lt;/span&gt;[39m
    [36m&lt;/div&gt;[39m
  [36m&lt;/div&gt;[39m
[36m&lt;/body&gt;[39m" type="TestingLibraryElementError">
TestingLibraryElementError: Unable to find an element with the text: Portfolio Overview. This could be because the text is broken up by multiple elements. In this case, you can provide a function for your text matcher to make your matcher more flexible.

Ignored nodes: comments, script, style
&lt;body&gt;
  &lt;div&gt;
    &lt;div
      class=&quot;MuiBox-root css-9qmfah&quot;
    &gt;
      &lt;span
        class=&quot;MuiCircularProgress-root MuiCircularProgress-indeterminate MuiCircularProgress-colorPrimary css-18lrjg1-MuiCircularProgress-root&quot;
        role=&quot;progressbar&quot;
        style=&quot;width: 40px; height: 40px;&quot;
      &gt;
        &lt;svg
          class=&quot;MuiCircularProgress-svg css-1idz92c-MuiCircularProgress-svg&quot;
          viewBox=&quot;22 22 44 44&quot;
        &gt;
          &lt;circle
            class=&quot;MuiCircularProgress-circle MuiCircularProgress-circleIndeterminate css-176wh8e-MuiCircularProgress-circle&quot;
            cx=&quot;44&quot;
            cy=&quot;44&quot;
            fill=&quot;none&quot;
            r=&quot;20.2&quot;
            stroke-width=&quot;3.6&quot;
          /&gt;
        &lt;/svg&gt;
      &lt;/span&gt;
    &lt;/div&gt;
  &lt;/div&gt;
&lt;/body&gt;
 ❯ Object.getElementError node_modules/@testing-library/react/node_modules/@testing-library/dom/dist/config.js:37:19
 ❯ node_modules/@testing-library/react/node_modules/@testing-library/dom/dist/query-helpers.js:76:38
 ❯ node_modules/@testing-library/react/node_modules/@testing-library/dom/dist/query-helpers.js:52:17
 ❯ node_modules/@testing-library/react/node_modules/@testing-library/dom/dist/query-helpers.js:95:19
 ❯ src/tests/unit/components/real-portfolio-manager.test.jsx:559:21
            </failure>
            <failure message="Unable to find an element with the text: Portfolio Overview. This could be because the text is broken up by multiple elements. In this case, you can provide a function for your text matcher to make your matcher more flexible.

Ignored nodes: comments, script, style
[36m&lt;body&gt;[39m
  [36m&lt;div&gt;[39m
    [36m&lt;div[39m
      [33mclass[39m=[32m&quot;MuiBox-root css-9qmfah&quot;[39m
    [36m&gt;[39m
      [36m&lt;span[39m
        [33mclass[39m=[32m&quot;MuiCircularProgress-root MuiCircularProgress-indeterminate MuiCircularProgress-colorPrimary css-18lrjg1-MuiCircularProgress-root&quot;[39m
        [33mrole[39m=[32m&quot;progressbar&quot;[39m
        [33mstyle[39m=[32m&quot;width: 40px; height: 40px;&quot;[39m
      [36m&gt;[39m
        [36m&lt;svg[39m
          [33mclass[39m=[32m&quot;MuiCircularProgress-svg css-1idz92c-MuiCircularProgress-svg&quot;[39m
          [33mviewBox[39m=[32m&quot;22 22 44 44&quot;[39m
        [36m&gt;[39m
          [36m&lt;circle[39m
            [33mclass[39m=[32m&quot;MuiCircularProgress-circle MuiCircularProgress-circleIndeterminate css-176wh8e-MuiCircularProgress-circle&quot;[39m
            [33mcx[39m=[32m&quot;44&quot;[39m
            [33mcy[39m=[32m&quot;44&quot;[39m
            [33mfill[39m=[32m&quot;none&quot;[39m
            [33mr[39m=[32m&quot;20.2&quot;[39m
            [33mstroke-width[39m=[32m&quot;3.6&quot;[39m
          [36m/&gt;[39m
        [36m&lt;/svg&gt;[39m
      [36m&lt;/span&gt;[39m
    [36m&lt;/div&gt;[39m
  [36m&lt;/div&gt;[39m
[36m&lt;/body&gt;[39m" type="TestingLibraryElementError">
TestingLibraryElementError: Unable to find an element with the text: Portfolio Overview. This could be because the text is broken up by multiple elements. In this case, you can provide a function for your text matcher to make your matcher more flexible.

Ignored nodes: comments, script, style
&lt;body&gt;
  &lt;div&gt;
    &lt;div
      class=&quot;MuiBox-root css-9qmfah&quot;
    &gt;
      &lt;span
        class=&quot;MuiCircularProgress-root MuiCircularProgress-indeterminate MuiCircularProgress-colorPrimary css-18lrjg1-MuiCircularProgress-root&quot;
        role=&quot;progressbar&quot;
        style=&quot;width: 40px; height: 40px;&quot;
      &gt;
        &lt;svg
          class=&quot;MuiCircularProgress-svg css-1idz92c-MuiCircularProgress-svg&quot;
          viewBox=&quot;22 22 44 44&quot;
        &gt;
          &lt;circle
            class=&quot;MuiCircularProgress-circle MuiCircularProgress-circleIndeterminate css-176wh8e-MuiCircularProgress-circle&quot;
            cx=&quot;44&quot;
            cy=&quot;44&quot;
            fill=&quot;none&quot;
            r=&quot;20.2&quot;
            stroke-width=&quot;3.6&quot;
          /&gt;
        &lt;/svg&gt;
      &lt;/span&gt;
    &lt;/div&gt;
  &lt;/div&gt;
&lt;/body&gt;
 ❯ Object.getElementError node_modules/@testing-library/react/node_modules/@testing-library/dom/dist/config.js:37:19
 ❯ node_modules/@testing-library/react/node_modules/@testing-library/dom/dist/query-helpers.js:76:38
 ❯ node_modules/@testing-library/react/node_modules/@testing-library/dom/dist/query-helpers.js:52:17
 ❯ node_modules/@testing-library/react/node_modules/@testing-library/dom/dist/query-helpers.js:95:19
 ❯ src/tests/unit/components/real-portfolio-manager.test.jsx:559:21
            </failure>
            <failure message="Unable to find an element with the text: Portfolio Overview. This could be because the text is broken up by multiple elements. In this case, you can provide a function for your text matcher to make your matcher more flexible.

Ignored nodes: comments, script, style
[36m&lt;body&gt;[39m
  [36m&lt;div&gt;[39m
    [36m&lt;div[39m
      [33mclass[39m=[32m&quot;MuiBox-root css-9qmfah&quot;[39m
    [36m&gt;[39m
      [36m&lt;span[39m
        [33mclass[39m=[32m&quot;MuiCircularProgress-root MuiCircularProgress-indeterminate MuiCircularProgress-colorPrimary css-18lrjg1-MuiCircularProgress-root&quot;[39m
        [33mrole[39m=[32m&quot;progressbar&quot;[39m
        [33mstyle[39m=[32m&quot;width: 40px; height: 40px;&quot;[39m
      [36m&gt;[39m
        [36m&lt;svg[39m
          [33mclass[39m=[32m&quot;MuiCircularProgress-svg css-1idz92c-MuiCircularProgress-svg&quot;[39m
          [33mviewBox[39m=[32m&quot;22 22 44 44&quot;[39m
        [36m&gt;[39m
          [36m&lt;circle[39m
            [33mclass[39m=[32m&quot;MuiCircularProgress-circle MuiCircularProgress-circleIndeterminate css-176wh8e-MuiCircularProgress-circle&quot;[39m
            [33mcx[39m=[32m&quot;44&quot;[39m
            [33mcy[39m=[32m&quot;44&quot;[39m
            [33mfill[39m=[32m&quot;none&quot;[39m
            [33mr[39m=[32m&quot;20.2&quot;[39m
            [33mstroke-width[39m=[32m&quot;3.6&quot;[39m
          [36m/&gt;[39m
        [36m&lt;/svg&gt;[39m
      [36m&lt;/span&gt;[39m
    [36m&lt;/div&gt;[39m
  [36m&lt;/div&gt;[39m
[36m&lt;/body&gt;[39m" type="TestingLibraryElementError">
TestingLibraryElementError: Unable to find an element with the text: Portfolio Overview. This could be because the text is broken up by multiple elements. In this case, you can provide a function for your text matcher to make your matcher more flexible.

Ignored nodes: comments, script, style
&lt;body&gt;
  &lt;div&gt;
    &lt;div
      class=&quot;MuiBox-root css-9qmfah&quot;
    &gt;
      &lt;span
        class=&quot;MuiCircularProgress-root MuiCircularProgress-indeterminate MuiCircularProgress-colorPrimary css-18lrjg1-MuiCircularProgress-root&quot;
        role=&quot;progressbar&quot;
        style=&quot;width: 40px; height: 40px;&quot;
      &gt;
        &lt;svg
          class=&quot;MuiCircularProgress-svg css-1idz92c-MuiCircularProgress-svg&quot;
          viewBox=&quot;22 22 44 44&quot;
        &gt;
          &lt;circle
            class=&quot;MuiCircularProgress-circle MuiCircularProgress-circleIndeterminate css-176wh8e-MuiCircularProgress-circle&quot;
            cx=&quot;44&quot;
            cy=&quot;44&quot;
            fill=&quot;none&quot;
            r=&quot;20.2&quot;
            stroke-width=&quot;3.6&quot;
          /&gt;
        &lt;/svg&gt;
      &lt;/span&gt;
    &lt;/div&gt;
  &lt;/div&gt;
&lt;/body&gt;
 ❯ Object.getElementError node_modules/@testing-library/react/node_modules/@testing-library/dom/dist/config.js:37:19
 ❯ node_modules/@testing-library/react/node_modules/@testing-library/dom/dist/query-helpers.js:76:38
 ❯ node_modules/@testing-library/react/node_modules/@testing-library/dom/dist/query-helpers.js:52:17
 ❯ node_modules/@testing-library/react/node_modules/@testing-library/dom/dist/query-helpers.js:95:19
 ❯ src/tests/unit/components/real-portfolio-manager.test.jsx:559:21
            </failure>
        </testcase>
        <testcase classname="src/tests/unit/components/real-portfolio-manager.test.jsx" name="💼 Real PortfolioManager Component &gt; Performance and Optimization &gt; should render efficiently with large portfolio" time="3.013">
            <system-err>
Error: Uncaught [TypeError: portfolioData.map is not a function]
    at reportException (/home/stocks/algo/webapp/frontend/node_modules/jsdom/lib/jsdom/living/helpers/runtime-script-errors.js:66:24)
    at innerInvokeEventListeners (/home/stocks/algo/webapp/frontend/node_modules/jsdom/lib/jsdom/living/events/EventTarget-impl.js:353:9)
    at invokeEventListeners (/home/stocks/algo/webapp/frontend/node_modules/jsdom/lib/jsdom/living/events/EventTarget-impl.js:286:3)
    at HTMLUnknownElementImpl._dispatch (/home/stocks/algo/webapp/frontend/node_modules/jsdom/lib/jsdom/living/events/EventTarget-impl.js:233:9)
    at HTMLUnknownElementImpl.dispatchEvent (/home/stocks/algo/webapp/frontend/node_modules/jsdom/lib/jsdom/living/events/EventTarget-impl.js:104:17)
    at HTMLUnknownElement.dispatchEvent (/home/stocks/algo/webapp/frontend/node_modules/jsdom/lib/jsdom/living/generated/EventTarget.js:241:34)
    at Object.invokeGuardedCallbackDev (/home/stocks/algo/webapp/frontend/node_modules/react-dom/cjs/react-dom.development.js:4213:16)
    at invokeGuardedCallback (/home/stocks/algo/webapp/frontend/node_modules/react-dom/cjs/react-dom.development.js:4277:31)
    at beginWork$1 (/home/stocks/algo/webapp/frontend/node_modules/react-dom/cjs/react-dom.development.js:27490:7)
    at performUnitOfWork (/home/stocks/algo/webapp/frontend/node_modules/react-dom/cjs/react-dom.development.js:26599:12) TypeError: portfolioData.map is not a function
    at PortfolioManager (/home/stocks/algo/webapp/frontend/src/components/PortfolioManager.jsx:434:30)
    at renderWithHooks (/home/stocks/algo/webapp/frontend/node_modules/react-dom/cjs/react-dom.development.js:15486:18)
    at updateFunctionComponent (/home/stocks/algo/webapp/frontend/node_modules/react-dom/cjs/react-dom.development.js:19617:20)
    at beginWork (/home/stocks/algo/webapp/frontend/node_modules/react-dom/cjs/react-dom.development.js:21640:16)
    at HTMLUnknownElement.callCallback (/home/stocks/algo/webapp/frontend/node_modules/react-dom/cjs/react-dom.development.js:4164:14)
    at HTMLUnknownElement.callTheUserObjectsOperation (/home/stocks/algo/webapp/frontend/node_modules/jsdom/lib/jsdom/living/generated/EventListener.js:26:30)
    at innerInvokeEventListeners (/home/stocks/algo/webapp/frontend/node_modules/jsdom/lib/jsdom/living/events/EventTarget-impl.js:350:25)
    at invokeEventListeners (/home/stocks/algo/webapp/frontend/node_modules/jsdom/lib/jsdom/living/events/EventTarget-impl.js:286:3)
    at HTMLUnknownElementImpl._dispatch (/home/stocks/algo/webapp/frontend/node_modules/jsdom/lib/jsdom/living/events/EventTarget-impl.js:233:9)
    at HTMLUnknownElementImpl.dispatchEvent (/home/stocks/algo/webapp/frontend/node_modules/jsdom/lib/jsdom/living/events/EventTarget-impl.js:104:17)
Error: Uncaught [TypeError: portfolioData.map is not a function]
    at reportException (/home/stocks/algo/webapp/frontend/node_modules/jsdom/lib/jsdom/living/helpers/runtime-script-errors.js:66:24)
    at innerInvokeEventListeners (/home/stocks/algo/webapp/frontend/node_modules/jsdom/lib/jsdom/living/events/EventTarget-impl.js:353:9)
    at invokeEventListeners (/home/stocks/algo/webapp/frontend/node_modules/jsdom/lib/jsdom/living/events/EventTarget-impl.js:286:3)
    at HTMLUnknownElementImpl._dispatch (/home/stocks/algo/webapp/frontend/node_modules/jsdom/lib/jsdom/living/events/EventTarget-impl.js:233:9)
    at HTMLUnknownElementImpl.dispatchEvent (/home/stocks/algo/webapp/frontend/node_modules/jsdom/lib/jsdom/living/events/EventTarget-impl.js:104:17)
    at HTMLUnknownElement.dispatchEvent (/home/stocks/algo/webapp/frontend/node_modules/jsdom/lib/jsdom/living/generated/EventTarget.js:241:34)
    at Object.invokeGuardedCallbackDev (/home/stocks/algo/webapp/frontend/node_modules/react-dom/cjs/react-dom.development.js:4213:16)
    at invokeGuardedCallback (/home/stocks/algo/webapp/frontend/node_modules/react-dom/cjs/react-dom.development.js:4277:31)
    at beginWork$1 (/home/stocks/algo/webapp/frontend/node_modules/react-dom/cjs/react-dom.development.js:27490:7)
    at performUnitOfWork (/home/stocks/algo/webapp/frontend/node_modules/react-dom/cjs/react-dom.development.js:26599:12) TypeError: portfolioData.map is not a function
    at PortfolioManager (/home/stocks/algo/webapp/frontend/src/components/PortfolioManager.jsx:434:30)
    at renderWithHooks (/home/stocks/algo/webapp/frontend/node_modules/react-dom/cjs/react-dom.development.js:15486:18)
    at updateFunctionComponent (/home/stocks/algo/webapp/frontend/node_modules/react-dom/cjs/react-dom.development.js:19617:20)
    at beginWork (/home/stocks/algo/webapp/frontend/node_modules/react-dom/cjs/react-dom.development.js:21640:16)
    at HTMLUnknownElement.callCallback (/home/stocks/algo/webapp/frontend/node_modules/react-dom/cjs/react-dom.development.js:4164:14)
    at HTMLUnknownElement.callTheUserObjectsOperation (/home/stocks/algo/webapp/frontend/node_modules/jsdom/lib/jsdom/living/generated/EventListener.js:26:30)
    at innerInvokeEventListeners (/home/stocks/algo/webapp/frontend/node_modules/jsdom/lib/jsdom/living/events/EventTarget-impl.js:350:25)
    at invokeEventListeners (/home/stocks/algo/webapp/frontend/node_modules/jsdom/lib/jsdom/living/events/EventTarget-impl.js:286:3)
    at HTMLUnknownElementImpl._dispatch (/home/stocks/algo/webapp/frontend/node_modules/jsdom/lib/jsdom/living/events/EventTarget-impl.js:233:9)
    at HTMLUnknownElementImpl.dispatchEvent (/home/stocks/algo/webapp/frontend/node_modules/jsdom/lib/jsdom/living/events/EventTarget-impl.js:104:17)

Error: Uncaught [TypeError: portfolioData.map is not a function]
    at reportException (/home/stocks/algo/webapp/frontend/node_modules/jsdom/lib/jsdom/living/helpers/runtime-script-errors.js:66:24)
    at innerInvokeEventListeners (/home/stocks/algo/webapp/frontend/node_modules/jsdom/lib/jsdom/living/events/EventTarget-impl.js:353:9)
    at invokeEventListeners (/home/stocks/algo/webapp/frontend/node_modules/jsdom/lib/jsdom/living/events/EventTarget-impl.js:286:3)
    at HTMLUnknownElementImpl._dispatch (/home/stocks/algo/webapp/frontend/node_modules/jsdom/lib/jsdom/living/events/EventTarget-impl.js:233:9)
    at HTMLUnknownElementImpl.dispatchEvent (/home/stocks/algo/webapp/frontend/node_modules/jsdom/lib/jsdom/living/events/EventTarget-impl.js:104:17)
    at HTMLUnknownElement.dispatchEvent (/home/stocks/algo/webapp/frontend/node_modules/jsdom/lib/jsdom/living/generated/EventTarget.js:241:34)
    at Object.invokeGuardedCallbackDev (/home/stocks/algo/webapp/frontend/node_modules/react-dom/cjs/react-dom.development.js:4213:16)
    at invokeGuardedCallback (/home/stocks/algo/webapp/frontend/node_modules/react-dom/cjs/react-dom.development.js:4277:31)
    at beginWork$1 (/home/stocks/algo/webapp/frontend/node_modules/react-dom/cjs/react-dom.development.js:27490:7)
    at performUnitOfWork (/home/stocks/algo/webapp/frontend/node_modules/react-dom/cjs/react-dom.development.js:26599:12) TypeError: portfolioData.map is not a function
    at PortfolioManager (/home/stocks/algo/webapp/frontend/src/components/PortfolioManager.jsx:434:30)
    at renderWithHooks (/home/stocks/algo/webapp/frontend/node_modules/react-dom/cjs/react-dom.development.js:15486:18)
    at updateFunctionComponent (/home/stocks/algo/webapp/frontend/node_modules/react-dom/cjs/react-dom.development.js:19617:20)
    at beginWork (/home/stocks/algo/webapp/frontend/node_modules/react-dom/cjs/react-dom.development.js:21640:16)
    at HTMLUnknownElement.callCallback (/home/stocks/algo/webapp/frontend/node_modules/react-dom/cjs/react-dom.development.js:4164:14)
    at HTMLUnknownElement.callTheUserObjectsOperation (/home/stocks/algo/webapp/frontend/node_modules/jsdom/lib/jsdom/living/generated/EventListener.js:26:30)
    at innerInvokeEventListeners (/home/stocks/algo/webapp/frontend/node_modules/jsdom/lib/jsdom/living/events/EventTarget-impl.js:350:25)
    at invokeEventListeners (/home/stocks/algo/webapp/frontend/node_modules/jsdom/lib/jsdom/living/events/EventTarget-impl.js:286:3)
    at HTMLUnknownElementImpl._dispatch (/home/stocks/algo/webapp/frontend/node_modules/jsdom/lib/jsdom/living/events/EventTarget-impl.js:233:9)
    at HTMLUnknownElementImpl.dispatchEvent (/home/stocks/algo/webapp/frontend/node_modules/jsdom/lib/jsdom/living/events/EventTarget-impl.js:104:17)
Error: Uncaught [TypeError: portfolioData.map is not a function]
    at reportException (/home/stocks/algo/webapp/frontend/node_modules/jsdom/lib/jsdom/living/helpers/runtime-script-errors.js:66:24)
    at innerInvokeEventListeners (/home/stocks/algo/webapp/frontend/node_modules/jsdom/lib/jsdom/living/events/EventTarget-impl.js:353:9)
    at invokeEventListeners (/home/stocks/algo/webapp/frontend/node_modules/jsdom/lib/jsdom/living/events/EventTarget-impl.js:286:3)
    at HTMLUnknownElementImpl._dispatch (/home/stocks/algo/webapp/frontend/node_modules/jsdom/lib/jsdom/living/events/EventTarget-impl.js:233:9)
    at HTMLUnknownElementImpl.dispatchEvent (/home/stocks/algo/webapp/frontend/node_modules/jsdom/lib/jsdom/living/events/EventTarget-impl.js:104:17)
    at HTMLUnknownElement.dispatchEvent (/home/stocks/algo/webapp/frontend/node_modules/jsdom/lib/jsdom/living/generated/EventTarget.js:241:34)
    at Object.invokeGuardedCallbackDev (/home/stocks/algo/webapp/frontend/node_modules/react-dom/cjs/react-dom.development.js:4213:16)
    at invokeGuardedCallback (/home/stocks/algo/webapp/frontend/node_modules/react-dom/cjs/react-dom.development.js:4277:31)
    at beginWork$1 (/home/stocks/algo/webapp/frontend/node_modules/react-dom/cjs/react-dom.development.js:27490:7)
    at performUnitOfWork (/home/stocks/algo/webapp/frontend/node_modules/react-dom/cjs/react-dom.development.js:26599:12) TypeError: portfolioData.map is not a function
    at PortfolioManager (/home/stocks/algo/webapp/frontend/src/components/PortfolioManager.jsx:434:30)
    at renderWithHooks (/home/stocks/algo/webapp/frontend/node_modules/react-dom/cjs/react-dom.development.js:15486:18)
    at updateFunctionComponent (/home/stocks/algo/webapp/frontend/node_modules/react-dom/cjs/react-dom.development.js:19617:20)
    at beginWork (/home/stocks/algo/webapp/frontend/node_modules/react-dom/cjs/react-dom.development.js:21640:16)
    at HTMLUnknownElement.callCallback (/home/stocks/algo/webapp/frontend/node_modules/react-dom/cjs/react-dom.development.js:4164:14)
    at HTMLUnknownElement.callTheUserObjectsOperation (/home/stocks/algo/webapp/frontend/node_modules/jsdom/lib/jsdom/living/generated/EventListener.js:26:30)
    at innerInvokeEventListeners (/home/stocks/algo/webapp/frontend/node_modules/jsdom/lib/jsdom/living/events/EventTarget-impl.js:350:25)
    at invokeEventListeners (/home/stocks/algo/webapp/frontend/node_modules/jsdom/lib/jsdom/living/events/EventTarget-impl.js:286:3)
    at HTMLUnknownElementImpl._dispatch (/home/stocks/algo/webapp/frontend/node_modules/jsdom/lib/jsdom/living/events/EventTarget-impl.js:233:9)
    at HTMLUnknownElementImpl.dispatchEvent (/home/stocks/algo/webapp/frontend/node_modules/jsdom/lib/jsdom/living/events/EventTarget-impl.js:104:17)

Error: Uncaught [TypeError: portfolioData.map is not a function]
    at reportException (/home/stocks/algo/webapp/frontend/node_modules/jsdom/lib/jsdom/living/helpers/runtime-script-errors.js:66:24)
    at innerInvokeEventListeners (/home/stocks/algo/webapp/frontend/node_modules/jsdom/lib/jsdom/living/events/EventTarget-impl.js:353:9)
    at invokeEventListeners (/home/stocks/algo/webapp/frontend/node_modules/jsdom/lib/jsdom/living/events/EventTarget-impl.js:286:3)
    at HTMLUnknownElementImpl._dispatch (/home/stocks/algo/webapp/frontend/node_modules/jsdom/lib/jsdom/living/events/EventTarget-impl.js:233:9)
    at HTMLUnknownElementImpl.dispatchEvent (/home/stocks/algo/webapp/frontend/node_modules/jsdom/lib/jsdom/living/events/EventTarget-impl.js:104:17)
    at HTMLUnknownElement.dispatchEvent (/home/stocks/algo/webapp/frontend/node_modules/jsdom/lib/jsdom/living/generated/EventTarget.js:241:34)
    at Object.invokeGuardedCallbackDev (/home/stocks/algo/webapp/frontend/node_modules/react-dom/cjs/react-dom.development.js:4213:16)
    at invokeGuardedCallback (/home/stocks/algo/webapp/frontend/node_modules/react-dom/cjs/react-dom.development.js:4277:31)
    at beginWork$1 (/home/stocks/algo/webapp/frontend/node_modules/react-dom/cjs/react-dom.development.js:27490:7)
    at performUnitOfWork (/home/stocks/algo/webapp/frontend/node_modules/react-dom/cjs/react-dom.development.js:26599:12) TypeError: portfolioData.map is not a function
    at PortfolioManager (/home/stocks/algo/webapp/frontend/src/components/PortfolioManager.jsx:434:30)
    at renderWithHooks (/home/stocks/algo/webapp/frontend/node_modules/react-dom/cjs/react-dom.development.js:15486:18)
    at updateFunctionComponent (/home/stocks/algo/webapp/frontend/node_modules/react-dom/cjs/react-dom.development.js:19617:20)
    at beginWork (/home/stocks/algo/webapp/frontend/node_modules/react-dom/cjs/react-dom.development.js:21640:16)
    at HTMLUnknownElement.callCallback (/home/stocks/algo/webapp/frontend/node_modules/react-dom/cjs/react-dom.development.js:4164:14)
    at HTMLUnknownElement.callTheUserObjectsOperation (/home/stocks/algo/webapp/frontend/node_modules/jsdom/lib/jsdom/living/generated/EventListener.js:26:30)
    at innerInvokeEventListeners (/home/stocks/algo/webapp/frontend/node_modules/jsdom/lib/jsdom/living/events/EventTarget-impl.js:350:25)
    at invokeEventListeners (/home/stocks/algo/webapp/frontend/node_modules/jsdom/lib/jsdom/living/events/EventTarget-impl.js:286:3)
    at HTMLUnknownElementImpl._dispatch (/home/stocks/algo/webapp/frontend/node_modules/jsdom/lib/jsdom/living/events/EventTarget-impl.js:233:9)
    at HTMLUnknownElementImpl.dispatchEvent (/home/stocks/algo/webapp/frontend/node_modules/jsdom/lib/jsdom/living/events/EventTarget-impl.js:104:17)
Error: Uncaught [TypeError: portfolioData.map is not a function]
    at reportException (/home/stocks/algo/webapp/frontend/node_modules/jsdom/lib/jsdom/living/helpers/runtime-script-errors.js:66:24)
    at innerInvokeEventListeners (/home/stocks/algo/webapp/frontend/node_modules/jsdom/lib/jsdom/living/events/EventTarget-impl.js:353:9)
    at invokeEventListeners (/home/stocks/algo/webapp/frontend/node_modules/jsdom/lib/jsdom/living/events/EventTarget-impl.js:286:3)
    at HTMLUnknownElementImpl._dispatch (/home/stocks/algo/webapp/frontend/node_modules/jsdom/lib/jsdom/living/events/EventTarget-impl.js:233:9)
    at HTMLUnknownElementImpl.dispatchEvent (/home/stocks/algo/webapp/frontend/node_modules/jsdom/lib/jsdom/living/events/EventTarget-impl.js:104:17)
    at HTMLUnknownElement.dispatchEvent (/home/stocks/algo/webapp/frontend/node_modules/jsdom/lib/jsdom/living/generated/EventTarget.js:241:34)
    at Object.invokeGuardedCallbackDev (/home/stocks/algo/webapp/frontend/node_modules/react-dom/cjs/react-dom.development.js:4213:16)
    at invokeGuardedCallback (/home/stocks/algo/webapp/frontend/node_modules/react-dom/cjs/react-dom.development.js:4277:31)
    at beginWork$1 (/home/stocks/algo/webapp/frontend/node_modules/react-dom/cjs/react-dom.development.js:27490:7)
    at performUnitOfWork (/home/stocks/algo/webapp/frontend/node_modules/react-dom/cjs/react-dom.development.js:26599:12) TypeError: portfolioData.map is not a function
    at PortfolioManager (/home/stocks/algo/webapp/frontend/src/components/PortfolioManager.jsx:434:30)
    at renderWithHooks (/home/stocks/algo/webapp/frontend/node_modules/react-dom/cjs/react-dom.development.js:15486:18)
    at updateFunctionComponent (/home/stocks/algo/webapp/frontend/node_modules/react-dom/cjs/react-dom.development.js:19617:20)
    at beginWork (/home/stocks/algo/webapp/frontend/node_modules/react-dom/cjs/react-dom.development.js:21640:16)
    at HTMLUnknownElement.callCallback (/home/stocks/algo/webapp/frontend/node_modules/react-dom/cjs/react-dom.development.js:4164:14)
    at HTMLUnknownElement.callTheUserObjectsOperation (/home/stocks/algo/webapp/frontend/node_modules/jsdom/lib/jsdom/living/generated/EventListener.js:26:30)
    at innerInvokeEventListeners (/home/stocks/algo/webapp/frontend/node_modules/jsdom/lib/jsdom/living/events/EventTarget-impl.js:350:25)
    at invokeEventListeners (/home/stocks/algo/webapp/frontend/node_modules/jsdom/lib/jsdom/living/events/EventTarget-impl.js:286:3)
    at HTMLUnknownElementImpl._dispatch (/home/stocks/algo/webapp/frontend/node_modules/jsdom/lib/jsdom/living/events/EventTarget-impl.js:233:9)
    at HTMLUnknownElementImpl.dispatchEvent (/home/stocks/algo/webapp/frontend/node_modules/jsdom/lib/jsdom/living/events/EventTarget-impl.js:104:17)

            </system-err>
            <failure message="Unable to find an element with the text: Portfolio Overview. This could be because the text is broken up by multiple elements. In this case, you can provide a function for your text matcher to make your matcher more flexible.

Ignored nodes: comments, script, style
[36m&lt;body&gt;[39m
  [36m&lt;div /&gt;[39m
[36m&lt;/body&gt;[39m

Ignored nodes: comments, script, style
[36m&lt;html&gt;[39m
  [36m&lt;head /&gt;[39m
  [36m&lt;body&gt;[39m
    [36m&lt;div /&gt;[39m
  [36m&lt;/body&gt;[39m
[36m&lt;/html&gt;[39m..." type="TestingLibraryElementError">
TestingLibraryElementError: Unable to find an element with the text: Portfolio Overview. This could be because the text is broken up by multiple elements. In this case, you can provide a function for your text matcher to make your matcher more flexible.

Ignored nodes: comments, script, style
&lt;body&gt;
  &lt;div /&gt;
&lt;/body&gt;

Ignored nodes: comments, script, style
&lt;html&gt;
  &lt;head /&gt;
  &lt;body&gt;
    &lt;div /&gt;
  &lt;/body&gt;
&lt;/html&gt;...
 ❯ Proxy.waitForWrapper node_modules/@testing-library/react/node_modules/@testing-library/dom/dist/wait-for.js:163:27
 ❯ src/tests/unit/components/real-portfolio-manager.test.jsx:590:13
            </failure>
            <failure message="Unable to find an element with the text: Portfolio Overview. This could be because the text is broken up by multiple elements. In this case, you can provide a function for your text matcher to make your matcher more flexible.

Ignored nodes: comments, script, style
[36m&lt;body&gt;[39m
  [36m&lt;div /&gt;[39m
[36m&lt;/body&gt;[39m

Ignored nodes: comments, script, style
[36m&lt;html&gt;[39m
  [36m&lt;head /&gt;[39m
  [36m&lt;body&gt;[39m
    [36m&lt;div /&gt;[39m
  [36m&lt;/body&gt;[39m
[36m&lt;/html&gt;[39m..." type="TestingLibraryElementError">
TestingLibraryElementError: Unable to find an element with the text: Portfolio Overview. This could be because the text is broken up by multiple elements. In this case, you can provide a function for your text matcher to make your matcher more flexible.

Ignored nodes: comments, script, style
&lt;body&gt;
  &lt;div /&gt;
&lt;/body&gt;

Ignored nodes: comments, script, style
&lt;html&gt;
  &lt;head /&gt;
  &lt;body&gt;
    &lt;div /&gt;
  &lt;/body&gt;
&lt;/html&gt;...
 ❯ Proxy.waitForWrapper node_modules/@testing-library/react/node_modules/@testing-library/dom/dist/wait-for.js:163:27
 ❯ src/tests/unit/components/real-portfolio-manager.test.jsx:590:13
            </failure>
            <failure message="Unable to find an element with the text: Portfolio Overview. This could be because the text is broken up by multiple elements. In this case, you can provide a function for your text matcher to make your matcher more flexible.

Ignored nodes: comments, script, style
[36m&lt;body&gt;[39m
  [36m&lt;div /&gt;[39m
[36m&lt;/body&gt;[39m

Ignored nodes: comments, script, style
[36m&lt;html&gt;[39m
  [36m&lt;head /&gt;[39m
  [36m&lt;body&gt;[39m
    [36m&lt;div /&gt;[39m
  [36m&lt;/body&gt;[39m
[36m&lt;/html&gt;[39m..." type="TestingLibraryElementError">
TestingLibraryElementError: Unable to find an element with the text: Portfolio Overview. This could be because the text is broken up by multiple elements. In this case, you can provide a function for your text matcher to make your matcher more flexible.

Ignored nodes: comments, script, style
&lt;body&gt;
  &lt;div /&gt;
&lt;/body&gt;

Ignored nodes: comments, script, style
&lt;html&gt;
  &lt;head /&gt;
  &lt;body&gt;
    &lt;div /&gt;
  &lt;/body&gt;
&lt;/html&gt;...
 ❯ Proxy.waitForWrapper node_modules/@testing-library/react/node_modules/@testing-library/dom/dist/wait-for.js:163:27
 ❯ src/tests/unit/components/real-portfolio-manager.test.jsx:590:13
            </failure>
        </testcase>
        <testcase classname="src/tests/unit/components/real-portfolio-manager.test.jsx" name="💼 Real PortfolioManager Component &gt; Performance and Optimization &gt; should handle rapid user interactions" time="3.016">
            <system-err>
Error: Uncaught [TypeError: portfolioData.map is not a function]
    at reportException (/home/stocks/algo/webapp/frontend/node_modules/jsdom/lib/jsdom/living/helpers/runtime-script-errors.js:66:24)
    at innerInvokeEventListeners (/home/stocks/algo/webapp/frontend/node_modules/jsdom/lib/jsdom/living/events/EventTarget-impl.js:353:9)
    at invokeEventListeners (/home/stocks/algo/webapp/frontend/node_modules/jsdom/lib/jsdom/living/events/EventTarget-impl.js:286:3)
    at HTMLUnknownElementImpl._dispatch (/home/stocks/algo/webapp/frontend/node_modules/jsdom/lib/jsdom/living/events/EventTarget-impl.js:233:9)
    at HTMLUnknownElementImpl.dispatchEvent (/home/stocks/algo/webapp/frontend/node_modules/jsdom/lib/jsdom/living/events/EventTarget-impl.js:104:17)
    at HTMLUnknownElement.dispatchEvent (/home/stocks/algo/webapp/frontend/node_modules/jsdom/lib/jsdom/living/generated/EventTarget.js:241:34)
    at Object.invokeGuardedCallbackDev (/home/stocks/algo/webapp/frontend/node_modules/react-dom/cjs/react-dom.development.js:4213:16)
    at invokeGuardedCallback (/home/stocks/algo/webapp/frontend/node_modules/react-dom/cjs/react-dom.development.js:4277:31)
    at beginWork$1 (/home/stocks/algo/webapp/frontend/node_modules/react-dom/cjs/react-dom.development.js:27490:7)
    at performUnitOfWork (/home/stocks/algo/webapp/frontend/node_modules/react-dom/cjs/react-dom.development.js:26599:12) TypeError: portfolioData.map is not a function
    at PortfolioManager (/home/stocks/algo/webapp/frontend/src/components/PortfolioManager.jsx:434:30)
    at renderWithHooks (/home/stocks/algo/webapp/frontend/node_modules/react-dom/cjs/react-dom.development.js:15486:18)
    at updateFunctionComponent (/home/stocks/algo/webapp/frontend/node_modules/react-dom/cjs/react-dom.development.js:19617:20)
    at beginWork (/home/stocks/algo/webapp/frontend/node_modules/react-dom/cjs/react-dom.development.js:21640:16)
    at HTMLUnknownElement.callCallback (/home/stocks/algo/webapp/frontend/node_modules/react-dom/cjs/react-dom.development.js:4164:14)
    at HTMLUnknownElement.callTheUserObjectsOperation (/home/stocks/algo/webapp/frontend/node_modules/jsdom/lib/jsdom/living/generated/EventListener.js:26:30)
    at innerInvokeEventListeners (/home/stocks/algo/webapp/frontend/node_modules/jsdom/lib/jsdom/living/events/EventTarget-impl.js:350:25)
    at invokeEventListeners (/home/stocks/algo/webapp/frontend/node_modules/jsdom/lib/jsdom/living/events/EventTarget-impl.js:286:3)
    at HTMLUnknownElementImpl._dispatch (/home/stocks/algo/webapp/frontend/node_modules/jsdom/lib/jsdom/living/events/EventTarget-impl.js:233:9)
    at HTMLUnknownElementImpl.dispatchEvent (/home/stocks/algo/webapp/frontend/node_modules/jsdom/lib/jsdom/living/events/EventTarget-impl.js:104:17)
Error: Uncaught [TypeError: portfolioData.map is not a function]
    at reportException (/home/stocks/algo/webapp/frontend/node_modules/jsdom/lib/jsdom/living/helpers/runtime-script-errors.js:66:24)
    at innerInvokeEventListeners (/home/stocks/algo/webapp/frontend/node_modules/jsdom/lib/jsdom/living/events/EventTarget-impl.js:353:9)
    at invokeEventListeners (/home/stocks/algo/webapp/frontend/node_modules/jsdom/lib/jsdom/living/events/EventTarget-impl.js:286:3)
    at HTMLUnknownElementImpl._dispatch (/home/stocks/algo/webapp/frontend/node_modules/jsdom/lib/jsdom/living/events/EventTarget-impl.js:233:9)
    at HTMLUnknownElementImpl.dispatchEvent (/home/stocks/algo/webapp/frontend/node_modules/jsdom/lib/jsdom/living/events/EventTarget-impl.js:104:17)
    at HTMLUnknownElement.dispatchEvent (/home/stocks/algo/webapp/frontend/node_modules/jsdom/lib/jsdom/living/generated/EventTarget.js:241:34)
    at Object.invokeGuardedCallbackDev (/home/stocks/algo/webapp/frontend/node_modules/react-dom/cjs/react-dom.development.js:4213:16)
    at invokeGuardedCallback (/home/stocks/algo/webapp/frontend/node_modules/react-dom/cjs/react-dom.development.js:4277:31)
    at beginWork$1 (/home/stocks/algo/webapp/frontend/node_modules/react-dom/cjs/react-dom.development.js:27490:7)
    at performUnitOfWork (/home/stocks/algo/webapp/frontend/node_modules/react-dom/cjs/react-dom.development.js:26599:12) TypeError: portfolioData.map is not a function
    at PortfolioManager (/home/stocks/algo/webapp/frontend/src/components/PortfolioManager.jsx:434:30)
    at renderWithHooks (/home/stocks/algo/webapp/frontend/node_modules/react-dom/cjs/react-dom.development.js:15486:18)
    at updateFunctionComponent (/home/stocks/algo/webapp/frontend/node_modules/react-dom/cjs/react-dom.development.js:19617:20)
    at beginWork (/home/stocks/algo/webapp/frontend/node_modules/react-dom/cjs/react-dom.development.js:21640:16)
    at HTMLUnknownElement.callCallback (/home/stocks/algo/webapp/frontend/node_modules/react-dom/cjs/react-dom.development.js:4164:14)
    at HTMLUnknownElement.callTheUserObjectsOperation (/home/stocks/algo/webapp/frontend/node_modules/jsdom/lib/jsdom/living/generated/EventListener.js:26:30)
    at innerInvokeEventListeners (/home/stocks/algo/webapp/frontend/node_modules/jsdom/lib/jsdom/living/events/EventTarget-impl.js:350:25)
    at invokeEventListeners (/home/stocks/algo/webapp/frontend/node_modules/jsdom/lib/jsdom/living/events/EventTarget-impl.js:286:3)
    at HTMLUnknownElementImpl._dispatch (/home/stocks/algo/webapp/frontend/node_modules/jsdom/lib/jsdom/living/events/EventTarget-impl.js:233:9)
    at HTMLUnknownElementImpl.dispatchEvent (/home/stocks/algo/webapp/frontend/node_modules/jsdom/lib/jsdom/living/events/EventTarget-impl.js:104:17)

Error: Uncaught [TypeError: portfolioData.map is not a function]
    at reportException (/home/stocks/algo/webapp/frontend/node_modules/jsdom/lib/jsdom/living/helpers/runtime-script-errors.js:66:24)
    at innerInvokeEventListeners (/home/stocks/algo/webapp/frontend/node_modules/jsdom/lib/jsdom/living/events/EventTarget-impl.js:353:9)
    at invokeEventListeners (/home/stocks/algo/webapp/frontend/node_modules/jsdom/lib/jsdom/living/events/EventTarget-impl.js:286:3)
    at HTMLUnknownElementImpl._dispatch (/home/stocks/algo/webapp/frontend/node_modules/jsdom/lib/jsdom/living/events/EventTarget-impl.js:233:9)
    at HTMLUnknownElementImpl.dispatchEvent (/home/stocks/algo/webapp/frontend/node_modules/jsdom/lib/jsdom/living/events/EventTarget-impl.js:104:17)
    at HTMLUnknownElement.dispatchEvent (/home/stocks/algo/webapp/frontend/node_modules/jsdom/lib/jsdom/living/generated/EventTarget.js:241:34)
    at Object.invokeGuardedCallbackDev (/home/stocks/algo/webapp/frontend/node_modules/react-dom/cjs/react-dom.development.js:4213:16)
    at invokeGuardedCallback (/home/stocks/algo/webapp/frontend/node_modules/react-dom/cjs/react-dom.development.js:4277:31)
    at beginWork$1 (/home/stocks/algo/webapp/frontend/node_modules/react-dom/cjs/react-dom.development.js:27490:7)
    at performUnitOfWork (/home/stocks/algo/webapp/frontend/node_modules/react-dom/cjs/react-dom.development.js:26599:12) TypeError: portfolioData.map is not a function
    at PortfolioManager (/home/stocks/algo/webapp/frontend/src/components/PortfolioManager.jsx:434:30)
    at renderWithHooks (/home/stocks/algo/webapp/frontend/node_modules/react-dom/cjs/react-dom.development.js:15486:18)
    at updateFunctionComponent (/home/stocks/algo/webapp/frontend/node_modules/react-dom/cjs/react-dom.development.js:19617:20)
    at beginWork (/home/stocks/algo/webapp/frontend/node_modules/react-dom/cjs/react-dom.development.js:21640:16)
    at HTMLUnknownElement.callCallback (/home/stocks/algo/webapp/frontend/node_modules/react-dom/cjs/react-dom.development.js:4164:14)
    at HTMLUnknownElement.callTheUserObjectsOperation (/home/stocks/algo/webapp/frontend/node_modules/jsdom/lib/jsdom/living/generated/EventListener.js:26:30)
    at innerInvokeEventListeners (/home/stocks/algo/webapp/frontend/node_modules/jsdom/lib/jsdom/living/events/EventTarget-impl.js:350:25)
    at invokeEventListeners (/home/stocks/algo/webapp/frontend/node_modules/jsdom/lib/jsdom/living/events/EventTarget-impl.js:286:3)
    at HTMLUnknownElementImpl._dispatch (/home/stocks/algo/webapp/frontend/node_modules/jsdom/lib/jsdom/living/events/EventTarget-impl.js:233:9)
    at HTMLUnknownElementImpl.dispatchEvent (/home/stocks/algo/webapp/frontend/node_modules/jsdom/lib/jsdom/living/events/EventTarget-impl.js:104:17)
Error: Uncaught [TypeError: portfolioData.map is not a function]
    at reportException (/home/stocks/algo/webapp/frontend/node_modules/jsdom/lib/jsdom/living/helpers/runtime-script-errors.js:66:24)
    at innerInvokeEventListeners (/home/stocks/algo/webapp/frontend/node_modules/jsdom/lib/jsdom/living/events/EventTarget-impl.js:353:9)
    at invokeEventListeners (/home/stocks/algo/webapp/frontend/node_modules/jsdom/lib/jsdom/living/events/EventTarget-impl.js:286:3)
    at HTMLUnknownElementImpl._dispatch (/home/stocks/algo/webapp/frontend/node_modules/jsdom/lib/jsdom/living/events/EventTarget-impl.js:233:9)
    at HTMLUnknownElementImpl.dispatchEvent (/home/stocks/algo/webapp/frontend/node_modules/jsdom/lib/jsdom/living/events/EventTarget-impl.js:104:17)
    at HTMLUnknownElement.dispatchEvent (/home/stocks/algo/webapp/frontend/node_modules/jsdom/lib/jsdom/living/generated/EventTarget.js:241:34)
    at Object.invokeGuardedCallbackDev (/home/stocks/algo/webapp/frontend/node_modules/react-dom/cjs/react-dom.development.js:4213:16)
    at invokeGuardedCallback (/home/stocks/algo/webapp/frontend/node_modules/react-dom/cjs/react-dom.development.js:4277:31)
    at beginWork$1 (/home/stocks/algo/webapp/frontend/node_modules/react-dom/cjs/react-dom.development.js:27490:7)
    at performUnitOfWork (/home/stocks/algo/webapp/frontend/node_modules/react-dom/cjs/react-dom.development.js:26599:12) TypeError: portfolioData.map is not a function
    at PortfolioManager (/home/stocks/algo/webapp/frontend/src/components/PortfolioManager.jsx:434:30)
    at renderWithHooks (/home/stocks/algo/webapp/frontend/node_modules/react-dom/cjs/react-dom.development.js:15486:18)
    at updateFunctionComponent (/home/stocks/algo/webapp/frontend/node_modules/react-dom/cjs/react-dom.development.js:19617:20)
    at beginWork (/home/stocks/algo/webapp/frontend/node_modules/react-dom/cjs/react-dom.development.js:21640:16)
    at HTMLUnknownElement.callCallback (/home/stocks/algo/webapp/frontend/node_modules/react-dom/cjs/react-dom.development.js:4164:14)
    at HTMLUnknownElement.callTheUserObjectsOperation (/home/stocks/algo/webapp/frontend/node_modules/jsdom/lib/jsdom/living/generated/EventListener.js:26:30)
    at innerInvokeEventListeners (/home/stocks/algo/webapp/frontend/node_modules/jsdom/lib/jsdom/living/events/EventTarget-impl.js:350:25)
    at invokeEventListeners (/home/stocks/algo/webapp/frontend/node_modules/jsdom/lib/jsdom/living/events/EventTarget-impl.js:286:3)
    at HTMLUnknownElementImpl._dispatch (/home/stocks/algo/webapp/frontend/node_modules/jsdom/lib/jsdom/living/events/EventTarget-impl.js:233:9)
    at HTMLUnknownElementImpl.dispatchEvent (/home/stocks/algo/webapp/frontend/node_modules/jsdom/lib/jsdom/living/events/EventTarget-impl.js:104:17)

Error: Uncaught [TypeError: portfolioData.map is not a function]
    at reportException (/home/stocks/algo/webapp/frontend/node_modules/jsdom/lib/jsdom/living/helpers/runtime-script-errors.js:66:24)
    at innerInvokeEventListeners (/home/stocks/algo/webapp/frontend/node_modules/jsdom/lib/jsdom/living/events/EventTarget-impl.js:353:9)
    at invokeEventListeners (/home/stocks/algo/webapp/frontend/node_modules/jsdom/lib/jsdom/living/events/EventTarget-impl.js:286:3)
    at HTMLUnknownElementImpl._dispatch (/home/stocks/algo/webapp/frontend/node_modules/jsdom/lib/jsdom/living/events/EventTarget-impl.js:233:9)
    at HTMLUnknownElementImpl.dispatchEvent (/home/stocks/algo/webapp/frontend/node_modules/jsdom/lib/jsdom/living/events/EventTarget-impl.js:104:17)
    at HTMLUnknownElement.dispatchEvent (/home/stocks/algo/webapp/frontend/node_modules/jsdom/lib/jsdom/living/generated/EventTarget.js:241:34)
    at Object.invokeGuardedCallbackDev (/home/stocks/algo/webapp/frontend/node_modules/react-dom/cjs/react-dom.development.js:4213:16)
    at invokeGuardedCallback (/home/stocks/algo/webapp/frontend/node_modules/react-dom/cjs/react-dom.development.js:4277:31)
    at beginWork$1 (/home/stocks/algo/webapp/frontend/node_modules/react-dom/cjs/react-dom.development.js:27490:7)
    at performUnitOfWork (/home/stocks/algo/webapp/frontend/node_modules/react-dom/cjs/react-dom.development.js:26599:12) TypeError: portfolioData.map is not a function
    at PortfolioManager (/home/stocks/algo/webapp/frontend/src/components/PortfolioManager.jsx:434:30)
    at renderWithHooks (/home/stocks/algo/webapp/frontend/node_modules/react-dom/cjs/react-dom.development.js:15486:18)
    at updateFunctionComponent (/home/stocks/algo/webapp/frontend/node_modules/react-dom/cjs/react-dom.development.js:19617:20)
    at beginWork (/home/stocks/algo/webapp/frontend/node_modules/react-dom/cjs/react-dom.development.js:21640:16)
    at HTMLUnknownElement.callCallback (/home/stocks/algo/webapp/frontend/node_modules/react-dom/cjs/react-dom.development.js:4164:14)
    at HTMLUnknownElement.callTheUserObjectsOperation (/home/stocks/algo/webapp/frontend/node_modules/jsdom/lib/jsdom/living/generated/EventListener.js:26:30)
    at innerInvokeEventListeners (/home/stocks/algo/webapp/frontend/node_modules/jsdom/lib/jsdom/living/events/EventTarget-impl.js:350:25)
    at invokeEventListeners (/home/stocks/algo/webapp/frontend/node_modules/jsdom/lib/jsdom/living/events/EventTarget-impl.js:286:3)
    at HTMLUnknownElementImpl._dispatch (/home/stocks/algo/webapp/frontend/node_modules/jsdom/lib/jsdom/living/events/EventTarget-impl.js:233:9)
    at HTMLUnknownElementImpl.dispatchEvent (/home/stocks/algo/webapp/frontend/node_modules/jsdom/lib/jsdom/living/events/EventTarget-impl.js:104:17)
Error: Uncaught [TypeError: portfolioData.map is not a function]
    at reportException (/home/stocks/algo/webapp/frontend/node_modules/jsdom/lib/jsdom/living/helpers/runtime-script-errors.js:66:24)
    at innerInvokeEventListeners (/home/stocks/algo/webapp/frontend/node_modules/jsdom/lib/jsdom/living/events/EventTarget-impl.js:353:9)
    at invokeEventListeners (/home/stocks/algo/webapp/frontend/node_modules/jsdom/lib/jsdom/living/events/EventTarget-impl.js:286:3)
    at HTMLUnknownElementImpl._dispatch (/home/stocks/algo/webapp/frontend/node_modules/jsdom/lib/jsdom/living/events/EventTarget-impl.js:233:9)
    at HTMLUnknownElementImpl.dispatchEvent (/home/stocks/algo/webapp/frontend/node_modules/jsdom/lib/jsdom/living/events/EventTarget-impl.js:104:17)
    at HTMLUnknownElement.dispatchEvent (/home/stocks/algo/webapp/frontend/node_modules/jsdom/lib/jsdom/living/generated/EventTarget.js:241:34)
    at Object.invokeGuardedCallbackDev (/home/stocks/algo/webapp/frontend/node_modules/react-dom/cjs/react-dom.development.js:4213:16)
    at invokeGuardedCallback (/home/stocks/algo/webapp/frontend/node_modules/react-dom/cjs/react-dom.development.js:4277:31)
    at beginWork$1 (/home/stocks/algo/webapp/frontend/node_modules/react-dom/cjs/react-dom.development.js:27490:7)
    at performUnitOfWork (/home/stocks/algo/webapp/frontend/node_modules/react-dom/cjs/react-dom.development.js:26599:12) TypeError: portfolioData.map is not a function
    at PortfolioManager (/home/stocks/algo/webapp/frontend/src/components/PortfolioManager.jsx:434:30)
    at renderWithHooks (/home/stocks/algo/webapp/frontend/node_modules/react-dom/cjs/react-dom.development.js:15486:18)
    at updateFunctionComponent (/home/stocks/algo/webapp/frontend/node_modules/react-dom/cjs/react-dom.development.js:19617:20)
    at beginWork (/home/stocks/algo/webapp/frontend/node_modules/react-dom/cjs/react-dom.development.js:21640:16)
    at HTMLUnknownElement.callCallback (/home/stocks/algo/webapp/frontend/node_modules/react-dom/cjs/react-dom.development.js:4164:14)
    at HTMLUnknownElement.callTheUserObjectsOperation (/home/stocks/algo/webapp/frontend/node_modules/jsdom/lib/jsdom/living/generated/EventListener.js:26:30)
    at innerInvokeEventListeners (/home/stocks/algo/webapp/frontend/node_modules/jsdom/lib/jsdom/living/events/EventTarget-impl.js:350:25)
    at invokeEventListeners (/home/stocks/algo/webapp/frontend/node_modules/jsdom/lib/jsdom/living/events/EventTarget-impl.js:286:3)
    at HTMLUnknownElementImpl._dispatch (/home/stocks/algo/webapp/frontend/node_modules/jsdom/lib/jsdom/living/events/EventTarget-impl.js:233:9)
    at HTMLUnknownElementImpl.dispatchEvent (/home/stocks/algo/webapp/frontend/node_modules/jsdom/lib/jsdom/living/events/EventTarget-impl.js:104:17)

            </system-err>
            <failure message="Unable to find an element with the text: Portfolio Overview. This could be because the text is broken up by multiple elements. In this case, you can provide a function for your text matcher to make your matcher more flexible.

Ignored nodes: comments, script, style
[36m&lt;body&gt;[39m
  [36m&lt;div /&gt;[39m
[36m&lt;/body&gt;[39m

Ignored nodes: comments, script, style
[36m&lt;html&gt;[39m
  [36m&lt;head /&gt;[39m
  [36m&lt;body&gt;[39m
    [36m&lt;div /&gt;[39m
  [36m&lt;/body&gt;[39m
[36m&lt;/html&gt;[39m..." type="TestingLibraryElementError">
TestingLibraryElementError: Unable to find an element with the text: Portfolio Overview. This could be because the text is broken up by multiple elements. In this case, you can provide a function for your text matcher to make your matcher more flexible.

Ignored nodes: comments, script, style
&lt;body&gt;
  &lt;div /&gt;
&lt;/body&gt;

Ignored nodes: comments, script, style
&lt;html&gt;
  &lt;head /&gt;
  &lt;body&gt;
    &lt;div /&gt;
  &lt;/body&gt;
&lt;/html&gt;...
 ❯ Proxy.waitForWrapper node_modules/@testing-library/react/node_modules/@testing-library/dom/dist/wait-for.js:163:27
 ❯ src/tests/unit/components/real-portfolio-manager.test.jsx:603:13
            </failure>
            <failure message="Unable to find an element with the text: Portfolio Overview. This could be because the text is broken up by multiple elements. In this case, you can provide a function for your text matcher to make your matcher more flexible.

Ignored nodes: comments, script, style
[36m&lt;body&gt;[39m
  [36m&lt;div /&gt;[39m
[36m&lt;/body&gt;[39m

Ignored nodes: comments, script, style
[36m&lt;html&gt;[39m
  [36m&lt;head /&gt;[39m
  [36m&lt;body&gt;[39m
    [36m&lt;div /&gt;[39m
  [36m&lt;/body&gt;[39m
[36m&lt;/html&gt;[39m..." type="TestingLibraryElementError">
TestingLibraryElementError: Unable to find an element with the text: Portfolio Overview. This could be because the text is broken up by multiple elements. In this case, you can provide a function for your text matcher to make your matcher more flexible.

Ignored nodes: comments, script, style
&lt;body&gt;
  &lt;div /&gt;
&lt;/body&gt;

Ignored nodes: comments, script, style
&lt;html&gt;
  &lt;head /&gt;
  &lt;body&gt;
    &lt;div /&gt;
  &lt;/body&gt;
&lt;/html&gt;...
 ❯ Proxy.waitForWrapper node_modules/@testing-library/react/node_modules/@testing-library/dom/dist/wait-for.js:163:27
 ❯ src/tests/unit/components/real-portfolio-manager.test.jsx:603:13
            </failure>
            <failure message="Unable to find an element with the text: Portfolio Overview. This could be because the text is broken up by multiple elements. In this case, you can provide a function for your text matcher to make your matcher more flexible.

Ignored nodes: comments, script, style
[36m&lt;body&gt;[39m
  [36m&lt;div /&gt;[39m
[36m&lt;/body&gt;[39m

Ignored nodes: comments, script, style
[36m&lt;html&gt;[39m
  [36m&lt;head /&gt;[39m
  [36m&lt;body&gt;[39m
    [36m&lt;div /&gt;[39m
  [36m&lt;/body&gt;[39m
[36m&lt;/html&gt;[39m..." type="TestingLibraryElementError">
TestingLibraryElementError: Unable to find an element with the text: Portfolio Overview. This could be because the text is broken up by multiple elements. In this case, you can provide a function for your text matcher to make your matcher more flexible.

Ignored nodes: comments, script, style
&lt;body&gt;
  &lt;div /&gt;
&lt;/body&gt;

Ignored nodes: comments, script, style
&lt;html&gt;
  &lt;head /&gt;
  &lt;body&gt;
    &lt;div /&gt;
  &lt;/body&gt;
&lt;/html&gt;...
 ❯ Proxy.waitForWrapper node_modules/@testing-library/react/node_modules/@testing-library/dom/dist/wait-for.js:163:27
 ❯ src/tests/unit/components/real-portfolio-manager.test.jsx:603:13
            </failure>
        </testcase>
        <testcase classname="src/tests/unit/components/real-portfolio-manager.test.jsx" name="💼 Real PortfolioManager Component &gt; Accessibility &gt; should have proper ARIA labels" time="3.015">
            <system-err>
Error: Uncaught [TypeError: portfolioData.map is not a function]
    at reportException (/home/stocks/algo/webapp/frontend/node_modules/jsdom/lib/jsdom/living/helpers/runtime-script-errors.js:66:24)
    at innerInvokeEventListeners (/home/stocks/algo/webapp/frontend/node_modules/jsdom/lib/jsdom/living/events/EventTarget-impl.js:353:9)
    at invokeEventListeners (/home/stocks/algo/webapp/frontend/node_modules/jsdom/lib/jsdom/living/events/EventTarget-impl.js:286:3)
    at HTMLUnknownElementImpl._dispatch (/home/stocks/algo/webapp/frontend/node_modules/jsdom/lib/jsdom/living/events/EventTarget-impl.js:233:9)
    at HTMLUnknownElementImpl.dispatchEvent (/home/stocks/algo/webapp/frontend/node_modules/jsdom/lib/jsdom/living/events/EventTarget-impl.js:104:17)
    at HTMLUnknownElement.dispatchEvent (/home/stocks/algo/webapp/frontend/node_modules/jsdom/lib/jsdom/living/generated/EventTarget.js:241:34)
    at Object.invokeGuardedCallbackDev (/home/stocks/algo/webapp/frontend/node_modules/react-dom/cjs/react-dom.development.js:4213:16)
    at invokeGuardedCallback (/home/stocks/algo/webapp/frontend/node_modules/react-dom/cjs/react-dom.development.js:4277:31)
    at beginWork$1 (/home/stocks/algo/webapp/frontend/node_modules/react-dom/cjs/react-dom.development.js:27490:7)
    at performUnitOfWork (/home/stocks/algo/webapp/frontend/node_modules/react-dom/cjs/react-dom.development.js:26599:12) TypeError: portfolioData.map is not a function
    at PortfolioManager (/home/stocks/algo/webapp/frontend/src/components/PortfolioManager.jsx:434:30)
    at renderWithHooks (/home/stocks/algo/webapp/frontend/node_modules/react-dom/cjs/react-dom.development.js:15486:18)
    at updateFunctionComponent (/home/stocks/algo/webapp/frontend/node_modules/react-dom/cjs/react-dom.development.js:19617:20)
    at beginWork (/home/stocks/algo/webapp/frontend/node_modules/react-dom/cjs/react-dom.development.js:21640:16)
    at HTMLUnknownElement.callCallback (/home/stocks/algo/webapp/frontend/node_modules/react-dom/cjs/react-dom.development.js:4164:14)
    at HTMLUnknownElement.callTheUserObjectsOperation (/home/stocks/algo/webapp/frontend/node_modules/jsdom/lib/jsdom/living/generated/EventListener.js:26:30)
    at innerInvokeEventListeners (/home/stocks/algo/webapp/frontend/node_modules/jsdom/lib/jsdom/living/events/EventTarget-impl.js:350:25)
    at invokeEventListeners (/home/stocks/algo/webapp/frontend/node_modules/jsdom/lib/jsdom/living/events/EventTarget-impl.js:286:3)
    at HTMLUnknownElementImpl._dispatch (/home/stocks/algo/webapp/frontend/node_modules/jsdom/lib/jsdom/living/events/EventTarget-impl.js:233:9)
    at HTMLUnknownElementImpl.dispatchEvent (/home/stocks/algo/webapp/frontend/node_modules/jsdom/lib/jsdom/living/events/EventTarget-impl.js:104:17)
Error: Uncaught [TypeError: portfolioData.map is not a function]
    at reportException (/home/stocks/algo/webapp/frontend/node_modules/jsdom/lib/jsdom/living/helpers/runtime-script-errors.js:66:24)
    at innerInvokeEventListeners (/home/stocks/algo/webapp/frontend/node_modules/jsdom/lib/jsdom/living/events/EventTarget-impl.js:353:9)
    at invokeEventListeners (/home/stocks/algo/webapp/frontend/node_modules/jsdom/lib/jsdom/living/events/EventTarget-impl.js:286:3)
    at HTMLUnknownElementImpl._dispatch (/home/stocks/algo/webapp/frontend/node_modules/jsdom/lib/jsdom/living/events/EventTarget-impl.js:233:9)
    at HTMLUnknownElementImpl.dispatchEvent (/home/stocks/algo/webapp/frontend/node_modules/jsdom/lib/jsdom/living/events/EventTarget-impl.js:104:17)
    at HTMLUnknownElement.dispatchEvent (/home/stocks/algo/webapp/frontend/node_modules/jsdom/lib/jsdom/living/generated/EventTarget.js:241:34)
    at Object.invokeGuardedCallbackDev (/home/stocks/algo/webapp/frontend/node_modules/react-dom/cjs/react-dom.development.js:4213:16)
    at invokeGuardedCallback (/home/stocks/algo/webapp/frontend/node_modules/react-dom/cjs/react-dom.development.js:4277:31)
    at beginWork$1 (/home/stocks/algo/webapp/frontend/node_modules/react-dom/cjs/react-dom.development.js:27490:7)
    at performUnitOfWork (/home/stocks/algo/webapp/frontend/node_modules/react-dom/cjs/react-dom.development.js:26599:12) TypeError: portfolioData.map is not a function
    at PortfolioManager (/home/stocks/algo/webapp/frontend/src/components/PortfolioManager.jsx:434:30)
    at renderWithHooks (/home/stocks/algo/webapp/frontend/node_modules/react-dom/cjs/react-dom.development.js:15486:18)
    at updateFunctionComponent (/home/stocks/algo/webapp/frontend/node_modules/react-dom/cjs/react-dom.development.js:19617:20)
    at beginWork (/home/stocks/algo/webapp/frontend/node_modules/react-dom/cjs/react-dom.development.js:21640:16)
    at HTMLUnknownElement.callCallback (/home/stocks/algo/webapp/frontend/node_modules/react-dom/cjs/react-dom.development.js:4164:14)
    at HTMLUnknownElement.callTheUserObjectsOperation (/home/stocks/algo/webapp/frontend/node_modules/jsdom/lib/jsdom/living/generated/EventListener.js:26:30)
    at innerInvokeEventListeners (/home/stocks/algo/webapp/frontend/node_modules/jsdom/lib/jsdom/living/events/EventTarget-impl.js:350:25)
    at invokeEventListeners (/home/stocks/algo/webapp/frontend/node_modules/jsdom/lib/jsdom/living/events/EventTarget-impl.js:286:3)
    at HTMLUnknownElementImpl._dispatch (/home/stocks/algo/webapp/frontend/node_modules/jsdom/lib/jsdom/living/events/EventTarget-impl.js:233:9)
    at HTMLUnknownElementImpl.dispatchEvent (/home/stocks/algo/webapp/frontend/node_modules/jsdom/lib/jsdom/living/events/EventTarget-impl.js:104:17)

Error: Uncaught [TypeError: portfolioData.map is not a function]
    at reportException (/home/stocks/algo/webapp/frontend/node_modules/jsdom/lib/jsdom/living/helpers/runtime-script-errors.js:66:24)
    at innerInvokeEventListeners (/home/stocks/algo/webapp/frontend/node_modules/jsdom/lib/jsdom/living/events/EventTarget-impl.js:353:9)
    at invokeEventListeners (/home/stocks/algo/webapp/frontend/node_modules/jsdom/lib/jsdom/living/events/EventTarget-impl.js:286:3)
    at HTMLUnknownElementImpl._dispatch (/home/stocks/algo/webapp/frontend/node_modules/jsdom/lib/jsdom/living/events/EventTarget-impl.js:233:9)
    at HTMLUnknownElementImpl.dispatchEvent (/home/stocks/algo/webapp/frontend/node_modules/jsdom/lib/jsdom/living/events/EventTarget-impl.js:104:17)
    at HTMLUnknownElement.dispatchEvent (/home/stocks/algo/webapp/frontend/node_modules/jsdom/lib/jsdom/living/generated/EventTarget.js:241:34)
    at Object.invokeGuardedCallbackDev (/home/stocks/algo/webapp/frontend/node_modules/react-dom/cjs/react-dom.development.js:4213:16)
    at invokeGuardedCallback (/home/stocks/algo/webapp/frontend/node_modules/react-dom/cjs/react-dom.development.js:4277:31)
    at beginWork$1 (/home/stocks/algo/webapp/frontend/node_modules/react-dom/cjs/react-dom.development.js:27490:7)
    at performUnitOfWork (/home/stocks/algo/webapp/frontend/node_modules/react-dom/cjs/react-dom.development.js:26599:12) TypeError: portfolioData.map is not a function
    at PortfolioManager (/home/stocks/algo/webapp/frontend/src/components/PortfolioManager.jsx:434:30)
    at renderWithHooks (/home/stocks/algo/webapp/frontend/node_modules/react-dom/cjs/react-dom.development.js:15486:18)
    at updateFunctionComponent (/home/stocks/algo/webapp/frontend/node_modules/react-dom/cjs/react-dom.development.js:19617:20)
    at beginWork (/home/stocks/algo/webapp/frontend/node_modules/react-dom/cjs/react-dom.development.js:21640:16)
    at HTMLUnknownElement.callCallback (/home/stocks/algo/webapp/frontend/node_modules/react-dom/cjs/react-dom.development.js:4164:14)
    at HTMLUnknownElement.callTheUserObjectsOperation (/home/stocks/algo/webapp/frontend/node_modules/jsdom/lib/jsdom/living/generated/EventListener.js:26:30)
    at innerInvokeEventListeners (/home/stocks/algo/webapp/frontend/node_modules/jsdom/lib/jsdom/living/events/EventTarget-impl.js:350:25)
    at invokeEventListeners (/home/stocks/algo/webapp/frontend/node_modules/jsdom/lib/jsdom/living/events/EventTarget-impl.js:286:3)
    at HTMLUnknownElementImpl._dispatch (/home/stocks/algo/webapp/frontend/node_modules/jsdom/lib/jsdom/living/events/EventTarget-impl.js:233:9)
    at HTMLUnknownElementImpl.dispatchEvent (/home/stocks/algo/webapp/frontend/node_modules/jsdom/lib/jsdom/living/events/EventTarget-impl.js:104:17)
Error: Uncaught [TypeError: portfolioData.map is not a function]
    at reportException (/home/stocks/algo/webapp/frontend/node_modules/jsdom/lib/jsdom/living/helpers/runtime-script-errors.js:66:24)
    at innerInvokeEventListeners (/home/stocks/algo/webapp/frontend/node_modules/jsdom/lib/jsdom/living/events/EventTarget-impl.js:353:9)
    at invokeEventListeners (/home/stocks/algo/webapp/frontend/node_modules/jsdom/lib/jsdom/living/events/EventTarget-impl.js:286:3)
    at HTMLUnknownElementImpl._dispatch (/home/stocks/algo/webapp/frontend/node_modules/jsdom/lib/jsdom/living/events/EventTarget-impl.js:233:9)
    at HTMLUnknownElementImpl.dispatchEvent (/home/stocks/algo/webapp/frontend/node_modules/jsdom/lib/jsdom/living/events/EventTarget-impl.js:104:17)
    at HTMLUnknownElement.dispatchEvent (/home/stocks/algo/webapp/frontend/node_modules/jsdom/lib/jsdom/living/generated/EventTarget.js:241:34)
    at Object.invokeGuardedCallbackDev (/home/stocks/algo/webapp/frontend/node_modules/react-dom/cjs/react-dom.development.js:4213:16)
    at invokeGuardedCallback (/home/stocks/algo/webapp/frontend/node_modules/react-dom/cjs/react-dom.development.js:4277:31)
    at beginWork$1 (/home/stocks/algo/webapp/frontend/node_modules/react-dom/cjs/react-dom.development.js:27490:7)
    at performUnitOfWork (/home/stocks/algo/webapp/frontend/node_modules/react-dom/cjs/react-dom.development.js:26599:12) TypeError: portfolioData.map is not a function
    at PortfolioManager (/home/stocks/algo/webapp/frontend/src/components/PortfolioManager.jsx:434:30)
    at renderWithHooks (/home/stocks/algo/webapp/frontend/node_modules/react-dom/cjs/react-dom.development.js:15486:18)
    at updateFunctionComponent (/home/stocks/algo/webapp/frontend/node_modules/react-dom/cjs/react-dom.development.js:19617:20)
    at beginWork (/home/stocks/algo/webapp/frontend/node_modules/react-dom/cjs/react-dom.development.js:21640:16)
    at HTMLUnknownElement.callCallback (/home/stocks/algo/webapp/frontend/node_modules/react-dom/cjs/react-dom.development.js:4164:14)
    at HTMLUnknownElement.callTheUserObjectsOperation (/home/stocks/algo/webapp/frontend/node_modules/jsdom/lib/jsdom/living/generated/EventListener.js:26:30)
    at innerInvokeEventListeners (/home/stocks/algo/webapp/frontend/node_modules/jsdom/lib/jsdom/living/events/EventTarget-impl.js:350:25)
    at invokeEventListeners (/home/stocks/algo/webapp/frontend/node_modules/jsdom/lib/jsdom/living/events/EventTarget-impl.js:286:3)
    at HTMLUnknownElementImpl._dispatch (/home/stocks/algo/webapp/frontend/node_modules/jsdom/lib/jsdom/living/events/EventTarget-impl.js:233:9)
    at HTMLUnknownElementImpl.dispatchEvent (/home/stocks/algo/webapp/frontend/node_modules/jsdom/lib/jsdom/living/events/EventTarget-impl.js:104:17)

Error: Uncaught [TypeError: portfolioData.map is not a function]
    at reportException (/home/stocks/algo/webapp/frontend/node_modules/jsdom/lib/jsdom/living/helpers/runtime-script-errors.js:66:24)
    at innerInvokeEventListeners (/home/stocks/algo/webapp/frontend/node_modules/jsdom/lib/jsdom/living/events/EventTarget-impl.js:353:9)
    at invokeEventListeners (/home/stocks/algo/webapp/frontend/node_modules/jsdom/lib/jsdom/living/events/EventTarget-impl.js:286:3)
    at HTMLUnknownElementImpl._dispatch (/home/stocks/algo/webapp/frontend/node_modules/jsdom/lib/jsdom/living/events/EventTarget-impl.js:233:9)
    at HTMLUnknownElementImpl.dispatchEvent (/home/stocks/algo/webapp/frontend/node_modules/jsdom/lib/jsdom/living/events/EventTarget-impl.js:104:17)
    at HTMLUnknownElement.dispatchEvent (/home/stocks/algo/webapp/frontend/node_modules/jsdom/lib/jsdom/living/generated/EventTarget.js:241:34)
    at Object.invokeGuardedCallbackDev (/home/stocks/algo/webapp/frontend/node_modules/react-dom/cjs/react-dom.development.js:4213:16)
    at invokeGuardedCallback (/home/stocks/algo/webapp/frontend/node_modules/react-dom/cjs/react-dom.development.js:4277:31)
    at beginWork$1 (/home/stocks/algo/webapp/frontend/node_modules/react-dom/cjs/react-dom.development.js:27490:7)
    at performUnitOfWork (/home/stocks/algo/webapp/frontend/node_modules/react-dom/cjs/react-dom.development.js:26599:12) TypeError: portfolioData.map is not a function
    at PortfolioManager (/home/stocks/algo/webapp/frontend/src/components/PortfolioManager.jsx:434:30)
    at renderWithHooks (/home/stocks/algo/webapp/frontend/node_modules/react-dom/cjs/react-dom.development.js:15486:18)
    at updateFunctionComponent (/home/stocks/algo/webapp/frontend/node_modules/react-dom/cjs/react-dom.development.js:19617:20)
    at beginWork (/home/stocks/algo/webapp/frontend/node_modules/react-dom/cjs/react-dom.development.js:21640:16)
    at HTMLUnknownElement.callCallback (/home/stocks/algo/webapp/frontend/node_modules/react-dom/cjs/react-dom.development.js:4164:14)
    at HTMLUnknownElement.callTheUserObjectsOperation (/home/stocks/algo/webapp/frontend/node_modules/jsdom/lib/jsdom/living/generated/EventListener.js:26:30)
    at innerInvokeEventListeners (/home/stocks/algo/webapp/frontend/node_modules/jsdom/lib/jsdom/living/events/EventTarget-impl.js:350:25)
    at invokeEventListeners (/home/stocks/algo/webapp/frontend/node_modules/jsdom/lib/jsdom/living/events/EventTarget-impl.js:286:3)
    at HTMLUnknownElementImpl._dispatch (/home/stocks/algo/webapp/frontend/node_modules/jsdom/lib/jsdom/living/events/EventTarget-impl.js:233:9)
    at HTMLUnknownElementImpl.dispatchEvent (/home/stocks/algo/webapp/frontend/node_modules/jsdom/lib/jsdom/living/events/EventTarget-impl.js:104:17)
Error: Uncaught [TypeError: portfolioData.map is not a function]
    at reportException (/home/stocks/algo/webapp/frontend/node_modules/jsdom/lib/jsdom/living/helpers/runtime-script-errors.js:66:24)
    at innerInvokeEventListeners (/home/stocks/algo/webapp/frontend/node_modules/jsdom/lib/jsdom/living/events/EventTarget-impl.js:353:9)
    at invokeEventListeners (/home/stocks/algo/webapp/frontend/node_modules/jsdom/lib/jsdom/living/events/EventTarget-impl.js:286:3)
    at HTMLUnknownElementImpl._dispatch (/home/stocks/algo/webapp/frontend/node_modules/jsdom/lib/jsdom/living/events/EventTarget-impl.js:233:9)
    at HTMLUnknownElementImpl.dispatchEvent (/home/stocks/algo/webapp/frontend/node_modules/jsdom/lib/jsdom/living/events/EventTarget-impl.js:104:17)
    at HTMLUnknownElement.dispatchEvent (/home/stocks/algo/webapp/frontend/node_modules/jsdom/lib/jsdom/living/generated/EventTarget.js:241:34)
    at Object.invokeGuardedCallbackDev (/home/stocks/algo/webapp/frontend/node_modules/react-dom/cjs/react-dom.development.js:4213:16)
    at invokeGuardedCallback (/home/stocks/algo/webapp/frontend/node_modules/react-dom/cjs/react-dom.development.js:4277:31)
    at beginWork$1 (/home/stocks/algo/webapp/frontend/node_modules/react-dom/cjs/react-dom.development.js:27490:7)
    at performUnitOfWork (/home/stocks/algo/webapp/frontend/node_modules/react-dom/cjs/react-dom.development.js:26599:12) TypeError: portfolioData.map is not a function
    at PortfolioManager (/home/stocks/algo/webapp/frontend/src/components/PortfolioManager.jsx:434:30)
    at renderWithHooks (/home/stocks/algo/webapp/frontend/node_modules/react-dom/cjs/react-dom.development.js:15486:18)
    at updateFunctionComponent (/home/stocks/algo/webapp/frontend/node_modules/react-dom/cjs/react-dom.development.js:19617:20)
    at beginWork (/home/stocks/algo/webapp/frontend/node_modules/react-dom/cjs/react-dom.development.js:21640:16)
    at HTMLUnknownElement.callCallback (/home/stocks/algo/webapp/frontend/node_modules/react-dom/cjs/react-dom.development.js:4164:14)
    at HTMLUnknownElement.callTheUserObjectsOperation (/home/stocks/algo/webapp/frontend/node_modules/jsdom/lib/jsdom/living/generated/EventListener.js:26:30)
    at innerInvokeEventListeners (/home/stocks/algo/webapp/frontend/node_modules/jsdom/lib/jsdom/living/events/EventTarget-impl.js:350:25)
    at invokeEventListeners (/home/stocks/algo/webapp/frontend/node_modules/jsdom/lib/jsdom/living/events/EventTarget-impl.js:286:3)
    at HTMLUnknownElementImpl._dispatch (/home/stocks/algo/webapp/frontend/node_modules/jsdom/lib/jsdom/living/events/EventTarget-impl.js:233:9)
    at HTMLUnknownElementImpl.dispatchEvent (/home/stocks/algo/webapp/frontend/node_modules/jsdom/lib/jsdom/living/events/EventTarget-impl.js:104:17)

            </system-err>
            <failure message="Unable to find an element with the text: Portfolio Overview. This could be because the text is broken up by multiple elements. In this case, you can provide a function for your text matcher to make your matcher more flexible.

Ignored nodes: comments, script, style
[36m&lt;body&gt;[39m
  [36m&lt;div /&gt;[39m
[36m&lt;/body&gt;[39m

Ignored nodes: comments, script, style
[36m&lt;html&gt;[39m
  [36m&lt;head /&gt;[39m
  [36m&lt;body&gt;[39m
    [36m&lt;div /&gt;[39m
  [36m&lt;/body&gt;[39m
[36m&lt;/html&gt;[39m..." type="TestingLibraryElementError">
TestingLibraryElementError: Unable to find an element with the text: Portfolio Overview. This could be because the text is broken up by multiple elements. In this case, you can provide a function for your text matcher to make your matcher more flexible.

Ignored nodes: comments, script, style
&lt;body&gt;
  &lt;div /&gt;
&lt;/body&gt;

Ignored nodes: comments, script, style
&lt;html&gt;
  &lt;head /&gt;
  &lt;body&gt;
    &lt;div /&gt;
  &lt;/body&gt;
&lt;/html&gt;...
 ❯ Proxy.waitForWrapper node_modules/@testing-library/react/node_modules/@testing-library/dom/dist/wait-for.js:163:27
 ❯ src/tests/unit/components/real-portfolio-manager.test.jsx:623:13
            </failure>
            <failure message="Unable to find an element with the text: Portfolio Overview. This could be because the text is broken up by multiple elements. In this case, you can provide a function for your text matcher to make your matcher more flexible.

Ignored nodes: comments, script, style
[36m&lt;body&gt;[39m
  [36m&lt;div /&gt;[39m
[36m&lt;/body&gt;[39m

Ignored nodes: comments, script, style
[36m&lt;html&gt;[39m
  [36m&lt;head /&gt;[39m
  [36m&lt;body&gt;[39m
    [36m&lt;div /&gt;[39m
  [36m&lt;/body&gt;[39m
[36m&lt;/html&gt;[39m..." type="TestingLibraryElementError">
TestingLibraryElementError: Unable to find an element with the text: Portfolio Overview. This could be because the text is broken up by multiple elements. In this case, you can provide a function for your text matcher to make your matcher more flexible.

Ignored nodes: comments, script, style
&lt;body&gt;
  &lt;div /&gt;
&lt;/body&gt;

Ignored nodes: comments, script, style
&lt;html&gt;
  &lt;head /&gt;
  &lt;body&gt;
    &lt;div /&gt;
  &lt;/body&gt;
&lt;/html&gt;...
 ❯ Proxy.waitForWrapper node_modules/@testing-library/react/node_modules/@testing-library/dom/dist/wait-for.js:163:27
 ❯ src/tests/unit/components/real-portfolio-manager.test.jsx:623:13
            </failure>
            <failure message="Unable to find an element with the text: Portfolio Overview. This could be because the text is broken up by multiple elements. In this case, you can provide a function for your text matcher to make your matcher more flexible.

Ignored nodes: comments, script, style
[36m&lt;body&gt;[39m
  [36m&lt;div /&gt;[39m
[36m&lt;/body&gt;[39m

Ignored nodes: comments, script, style
[36m&lt;html&gt;[39m
  [36m&lt;head /&gt;[39m
  [36m&lt;body&gt;[39m
    [36m&lt;div /&gt;[39m
  [36m&lt;/body&gt;[39m
[36m&lt;/html&gt;[39m..." type="TestingLibraryElementError">
TestingLibraryElementError: Unable to find an element with the text: Portfolio Overview. This could be because the text is broken up by multiple elements. In this case, you can provide a function for your text matcher to make your matcher more flexible.

Ignored nodes: comments, script, style
&lt;body&gt;
  &lt;div /&gt;
&lt;/body&gt;

Ignored nodes: comments, script, style
&lt;html&gt;
  &lt;head /&gt;
  &lt;body&gt;
    &lt;div /&gt;
  &lt;/body&gt;
&lt;/html&gt;...
 ❯ Proxy.waitForWrapper node_modules/@testing-library/react/node_modules/@testing-library/dom/dist/wait-for.js:163:27
 ❯ src/tests/unit/components/real-portfolio-manager.test.jsx:623:13
            </failure>
        </testcase>
        <testcase classname="src/tests/unit/components/real-portfolio-manager.test.jsx" name="💼 Real PortfolioManager Component &gt; Accessibility &gt; should support keyboard navigation" time="3.016">
            <system-err>
Error: Uncaught [TypeError: portfolioData.map is not a function]
    at reportException (/home/stocks/algo/webapp/frontend/node_modules/jsdom/lib/jsdom/living/helpers/runtime-script-errors.js:66:24)
    at innerInvokeEventListeners (/home/stocks/algo/webapp/frontend/node_modules/jsdom/lib/jsdom/living/events/EventTarget-impl.js:353:9)
    at invokeEventListeners (/home/stocks/algo/webapp/frontend/node_modules/jsdom/lib/jsdom/living/events/EventTarget-impl.js:286:3)
    at HTMLUnknownElementImpl._dispatch (/home/stocks/algo/webapp/frontend/node_modules/jsdom/lib/jsdom/living/events/EventTarget-impl.js:233:9)
    at HTMLUnknownElementImpl.dispatchEvent (/home/stocks/algo/webapp/frontend/node_modules/jsdom/lib/jsdom/living/events/EventTarget-impl.js:104:17)
    at HTMLUnknownElement.dispatchEvent (/home/stocks/algo/webapp/frontend/node_modules/jsdom/lib/jsdom/living/generated/EventTarget.js:241:34)
    at Object.invokeGuardedCallbackDev (/home/stocks/algo/webapp/frontend/node_modules/react-dom/cjs/react-dom.development.js:4213:16)
    at invokeGuardedCallback (/home/stocks/algo/webapp/frontend/node_modules/react-dom/cjs/react-dom.development.js:4277:31)
    at beginWork$1 (/home/stocks/algo/webapp/frontend/node_modules/react-dom/cjs/react-dom.development.js:27490:7)
    at performUnitOfWork (/home/stocks/algo/webapp/frontend/node_modules/react-dom/cjs/react-dom.development.js:26599:12) TypeError: portfolioData.map is not a function
    at PortfolioManager (/home/stocks/algo/webapp/frontend/src/components/PortfolioManager.jsx:434:30)
    at renderWithHooks (/home/stocks/algo/webapp/frontend/node_modules/react-dom/cjs/react-dom.development.js:15486:18)
    at updateFunctionComponent (/home/stocks/algo/webapp/frontend/node_modules/react-dom/cjs/react-dom.development.js:19617:20)
    at beginWork (/home/stocks/algo/webapp/frontend/node_modules/react-dom/cjs/react-dom.development.js:21640:16)
    at HTMLUnknownElement.callCallback (/home/stocks/algo/webapp/frontend/node_modules/react-dom/cjs/react-dom.development.js:4164:14)
    at HTMLUnknownElement.callTheUserObjectsOperation (/home/stocks/algo/webapp/frontend/node_modules/jsdom/lib/jsdom/living/generated/EventListener.js:26:30)
    at innerInvokeEventListeners (/home/stocks/algo/webapp/frontend/node_modules/jsdom/lib/jsdom/living/events/EventTarget-impl.js:350:25)
    at invokeEventListeners (/home/stocks/algo/webapp/frontend/node_modules/jsdom/lib/jsdom/living/events/EventTarget-impl.js:286:3)
    at HTMLUnknownElementImpl._dispatch (/home/stocks/algo/webapp/frontend/node_modules/jsdom/lib/jsdom/living/events/EventTarget-impl.js:233:9)
    at HTMLUnknownElementImpl.dispatchEvent (/home/stocks/algo/webapp/frontend/node_modules/jsdom/lib/jsdom/living/events/EventTarget-impl.js:104:17)
Error: Uncaught [TypeError: portfolioData.map is not a function]
    at reportException (/home/stocks/algo/webapp/frontend/node_modules/jsdom/lib/jsdom/living/helpers/runtime-script-errors.js:66:24)
    at innerInvokeEventListeners (/home/stocks/algo/webapp/frontend/node_modules/jsdom/lib/jsdom/living/events/EventTarget-impl.js:353:9)
    at invokeEventListeners (/home/stocks/algo/webapp/frontend/node_modules/jsdom/lib/jsdom/living/events/EventTarget-impl.js:286:3)
    at HTMLUnknownElementImpl._dispatch (/home/stocks/algo/webapp/frontend/node_modules/jsdom/lib/jsdom/living/events/EventTarget-impl.js:233:9)
    at HTMLUnknownElementImpl.dispatchEvent (/home/stocks/algo/webapp/frontend/node_modules/jsdom/lib/jsdom/living/events/EventTarget-impl.js:104:17)
    at HTMLUnknownElement.dispatchEvent (/home/stocks/algo/webapp/frontend/node_modules/jsdom/lib/jsdom/living/generated/EventTarget.js:241:34)
    at Object.invokeGuardedCallbackDev (/home/stocks/algo/webapp/frontend/node_modules/react-dom/cjs/react-dom.development.js:4213:16)
    at invokeGuardedCallback (/home/stocks/algo/webapp/frontend/node_modules/react-dom/cjs/react-dom.development.js:4277:31)
    at beginWork$1 (/home/stocks/algo/webapp/frontend/node_modules/react-dom/cjs/react-dom.development.js:27490:7)
    at performUnitOfWork (/home/stocks/algo/webapp/frontend/node_modules/react-dom/cjs/react-dom.development.js:26599:12) TypeError: portfolioData.map is not a function
    at PortfolioManager (/home/stocks/algo/webapp/frontend/src/components/PortfolioManager.jsx:434:30)
    at renderWithHooks (/home/stocks/algo/webapp/frontend/node_modules/react-dom/cjs/react-dom.development.js:15486:18)
    at updateFunctionComponent (/home/stocks/algo/webapp/frontend/node_modules/react-dom/cjs/react-dom.development.js:19617:20)
    at beginWork (/home/stocks/algo/webapp/frontend/node_modules/react-dom/cjs/react-dom.development.js:21640:16)
    at HTMLUnknownElement.callCallback (/home/stocks/algo/webapp/frontend/node_modules/react-dom/cjs/react-dom.development.js:4164:14)
    at HTMLUnknownElement.callTheUserObjectsOperation (/home/stocks/algo/webapp/frontend/node_modules/jsdom/lib/jsdom/living/generated/EventListener.js:26:30)
    at innerInvokeEventListeners (/home/stocks/algo/webapp/frontend/node_modules/jsdom/lib/jsdom/living/events/EventTarget-impl.js:350:25)
    at invokeEventListeners (/home/stocks/algo/webapp/frontend/node_modules/jsdom/lib/jsdom/living/events/EventTarget-impl.js:286:3)
    at HTMLUnknownElementImpl._dispatch (/home/stocks/algo/webapp/frontend/node_modules/jsdom/lib/jsdom/living/events/EventTarget-impl.js:233:9)
    at HTMLUnknownElementImpl.dispatchEvent (/home/stocks/algo/webapp/frontend/node_modules/jsdom/lib/jsdom/living/events/EventTarget-impl.js:104:17)

Error: Uncaught [TypeError: portfolioData.map is not a function]
    at reportException (/home/stocks/algo/webapp/frontend/node_modules/jsdom/lib/jsdom/living/helpers/runtime-script-errors.js:66:24)
    at innerInvokeEventListeners (/home/stocks/algo/webapp/frontend/node_modules/jsdom/lib/jsdom/living/events/EventTarget-impl.js:353:9)
    at invokeEventListeners (/home/stocks/algo/webapp/frontend/node_modules/jsdom/lib/jsdom/living/events/EventTarget-impl.js:286:3)
    at HTMLUnknownElementImpl._dispatch (/home/stocks/algo/webapp/frontend/node_modules/jsdom/lib/jsdom/living/events/EventTarget-impl.js:233:9)
    at HTMLUnknownElementImpl.dispatchEvent (/home/stocks/algo/webapp/frontend/node_modules/jsdom/lib/jsdom/living/events/EventTarget-impl.js:104:17)
    at HTMLUnknownElement.dispatchEvent (/home/stocks/algo/webapp/frontend/node_modules/jsdom/lib/jsdom/living/generated/EventTarget.js:241:34)
    at Object.invokeGuardedCallbackDev (/home/stocks/algo/webapp/frontend/node_modules/react-dom/cjs/react-dom.development.js:4213:16)
    at invokeGuardedCallback (/home/stocks/algo/webapp/frontend/node_modules/react-dom/cjs/react-dom.development.js:4277:31)
    at beginWork$1 (/home/stocks/algo/webapp/frontend/node_modules/react-dom/cjs/react-dom.development.js:27490:7)
    at performUnitOfWork (/home/stocks/algo/webapp/frontend/node_modules/react-dom/cjs/react-dom.development.js:26599:12) TypeError: portfolioData.map is not a function
    at PortfolioManager (/home/stocks/algo/webapp/frontend/src/components/PortfolioManager.jsx:434:30)
    at renderWithHooks (/home/stocks/algo/webapp/frontend/node_modules/react-dom/cjs/react-dom.development.js:15486:18)
    at updateFunctionComponent (/home/stocks/algo/webapp/frontend/node_modules/react-dom/cjs/react-dom.development.js:19617:20)
    at beginWork (/home/stocks/algo/webapp/frontend/node_modules/react-dom/cjs/react-dom.development.js:21640:16)
    at HTMLUnknownElement.callCallback (/home/stocks/algo/webapp/frontend/node_modules/react-dom/cjs/react-dom.development.js:4164:14)
    at HTMLUnknownElement.callTheUserObjectsOperation (/home/stocks/algo/webapp/frontend/node_modules/jsdom/lib/jsdom/living/generated/EventListener.js:26:30)
    at innerInvokeEventListeners (/home/stocks/algo/webapp/frontend/node_modules/jsdom/lib/jsdom/living/events/EventTarget-impl.js:350:25)
    at invokeEventListeners (/home/stocks/algo/webapp/frontend/node_modules/jsdom/lib/jsdom/living/events/EventTarget-impl.js:286:3)
    at HTMLUnknownElementImpl._dispatch (/home/stocks/algo/webapp/frontend/node_modules/jsdom/lib/jsdom/living/events/EventTarget-impl.js:233:9)
    at HTMLUnknownElementImpl.dispatchEvent (/home/stocks/algo/webapp/frontend/node_modules/jsdom/lib/jsdom/living/events/EventTarget-impl.js:104:17)
Error: Uncaught [TypeError: portfolioData.map is not a function]
    at reportException (/home/stocks/algo/webapp/frontend/node_modules/jsdom/lib/jsdom/living/helpers/runtime-script-errors.js:66:24)
    at innerInvokeEventListeners (/home/stocks/algo/webapp/frontend/node_modules/jsdom/lib/jsdom/living/events/EventTarget-impl.js:353:9)
    at invokeEventListeners (/home/stocks/algo/webapp/frontend/node_modules/jsdom/lib/jsdom/living/events/EventTarget-impl.js:286:3)
    at HTMLUnknownElementImpl._dispatch (/home/stocks/algo/webapp/frontend/node_modules/jsdom/lib/jsdom/living/events/EventTarget-impl.js:233:9)
    at HTMLUnknownElementImpl.dispatchEvent (/home/stocks/algo/webapp/frontend/node_modules/jsdom/lib/jsdom/living/events/EventTarget-impl.js:104:17)
    at HTMLUnknownElement.dispatchEvent (/home/stocks/algo/webapp/frontend/node_modules/jsdom/lib/jsdom/living/generated/EventTarget.js:241:34)
    at Object.invokeGuardedCallbackDev (/home/stocks/algo/webapp/frontend/node_modules/react-dom/cjs/react-dom.development.js:4213:16)
    at invokeGuardedCallback (/home/stocks/algo/webapp/frontend/node_modules/react-dom/cjs/react-dom.development.js:4277:31)
    at beginWork$1 (/home/stocks/algo/webapp/frontend/node_modules/react-dom/cjs/react-dom.development.js:27490:7)
    at performUnitOfWork (/home/stocks/algo/webapp/frontend/node_modules/react-dom/cjs/react-dom.development.js:26599:12) TypeError: portfolioData.map is not a function
    at PortfolioManager (/home/stocks/algo/webapp/frontend/src/components/PortfolioManager.jsx:434:30)
    at renderWithHooks (/home/stocks/algo/webapp/frontend/node_modules/react-dom/cjs/react-dom.development.js:15486:18)
    at updateFunctionComponent (/home/stocks/algo/webapp/frontend/node_modules/react-dom/cjs/react-dom.development.js:19617:20)
    at beginWork (/home/stocks/algo/webapp/frontend/node_modules/react-dom/cjs/react-dom.development.js:21640:16)
    at HTMLUnknownElement.callCallback (/home/stocks/algo/webapp/frontend/node_modules/react-dom/cjs/react-dom.development.js:4164:14)
    at HTMLUnknownElement.callTheUserObjectsOperation (/home/stocks/algo/webapp/frontend/node_modules/jsdom/lib/jsdom/living/generated/EventListener.js:26:30)
    at innerInvokeEventListeners (/home/stocks/algo/webapp/frontend/node_modules/jsdom/lib/jsdom/living/events/EventTarget-impl.js:350:25)
    at invokeEventListeners (/home/stocks/algo/webapp/frontend/node_modules/jsdom/lib/jsdom/living/events/EventTarget-impl.js:286:3)
    at HTMLUnknownElementImpl._dispatch (/home/stocks/algo/webapp/frontend/node_modules/jsdom/lib/jsdom/living/events/EventTarget-impl.js:233:9)
    at HTMLUnknownElementImpl.dispatchEvent (/home/stocks/algo/webapp/frontend/node_modules/jsdom/lib/jsdom/living/events/EventTarget-impl.js:104:17)

Error: Uncaught [TypeError: portfolioData.map is not a function]
    at reportException (/home/stocks/algo/webapp/frontend/node_modules/jsdom/lib/jsdom/living/helpers/runtime-script-errors.js:66:24)
    at innerInvokeEventListeners (/home/stocks/algo/webapp/frontend/node_modules/jsdom/lib/jsdom/living/events/EventTarget-impl.js:353:9)
    at invokeEventListeners (/home/stocks/algo/webapp/frontend/node_modules/jsdom/lib/jsdom/living/events/EventTarget-impl.js:286:3)
    at HTMLUnknownElementImpl._dispatch (/home/stocks/algo/webapp/frontend/node_modules/jsdom/lib/jsdom/living/events/EventTarget-impl.js:233:9)
    at HTMLUnknownElementImpl.dispatchEvent (/home/stocks/algo/webapp/frontend/node_modules/jsdom/lib/jsdom/living/events/EventTarget-impl.js:104:17)
    at HTMLUnknownElement.dispatchEvent (/home/stocks/algo/webapp/frontend/node_modules/jsdom/lib/jsdom/living/generated/EventTarget.js:241:34)
    at Object.invokeGuardedCallbackDev (/home/stocks/algo/webapp/frontend/node_modules/react-dom/cjs/react-dom.development.js:4213:16)
    at invokeGuardedCallback (/home/stocks/algo/webapp/frontend/node_modules/react-dom/cjs/react-dom.development.js:4277:31)
    at beginWork$1 (/home/stocks/algo/webapp/frontend/node_modules/react-dom/cjs/react-dom.development.js:27490:7)
    at performUnitOfWork (/home/stocks/algo/webapp/frontend/node_modules/react-dom/cjs/react-dom.development.js:26599:12) TypeError: portfolioData.map is not a function
    at PortfolioManager (/home/stocks/algo/webapp/frontend/src/components/PortfolioManager.jsx:434:30)
    at renderWithHooks (/home/stocks/algo/webapp/frontend/node_modules/react-dom/cjs/react-dom.development.js:15486:18)
    at updateFunctionComponent (/home/stocks/algo/webapp/frontend/node_modules/react-dom/cjs/react-dom.development.js:19617:20)
    at beginWork (/home/stocks/algo/webapp/frontend/node_modules/react-dom/cjs/react-dom.development.js:21640:16)
    at HTMLUnknownElement.callCallback (/home/stocks/algo/webapp/frontend/node_modules/react-dom/cjs/react-dom.development.js:4164:14)
    at HTMLUnknownElement.callTheUserObjectsOperation (/home/stocks/algo/webapp/frontend/node_modules/jsdom/lib/jsdom/living/generated/EventListener.js:26:30)
    at innerInvokeEventListeners (/home/stocks/algo/webapp/frontend/node_modules/jsdom/lib/jsdom/living/events/EventTarget-impl.js:350:25)
    at invokeEventListeners (/home/stocks/algo/webapp/frontend/node_modules/jsdom/lib/jsdom/living/events/EventTarget-impl.js:286:3)
    at HTMLUnknownElementImpl._dispatch (/home/stocks/algo/webapp/frontend/node_modules/jsdom/lib/jsdom/living/events/EventTarget-impl.js:233:9)
    at HTMLUnknownElementImpl.dispatchEvent (/home/stocks/algo/webapp/frontend/node_modules/jsdom/lib/jsdom/living/events/EventTarget-impl.js:104:17)
Error: Uncaught [TypeError: portfolioData.map is not a function]
    at reportException (/home/stocks/algo/webapp/frontend/node_modules/jsdom/lib/jsdom/living/helpers/runtime-script-errors.js:66:24)
    at innerInvokeEventListeners (/home/stocks/algo/webapp/frontend/node_modules/jsdom/lib/jsdom/living/events/EventTarget-impl.js:353:9)
    at invokeEventListeners (/home/stocks/algo/webapp/frontend/node_modules/jsdom/lib/jsdom/living/events/EventTarget-impl.js:286:3)
    at HTMLUnknownElementImpl._dispatch (/home/stocks/algo/webapp/frontend/node_modules/jsdom/lib/jsdom/living/events/EventTarget-impl.js:233:9)
    at HTMLUnknownElementImpl.dispatchEvent (/home/stocks/algo/webapp/frontend/node_modules/jsdom/lib/jsdom/living/events/EventTarget-impl.js:104:17)
    at HTMLUnknownElement.dispatchEvent (/home/stocks/algo/webapp/frontend/node_modules/jsdom/lib/jsdom/living/generated/EventTarget.js:241:34)
    at Object.invokeGuardedCallbackDev (/home/stocks/algo/webapp/frontend/node_modules/react-dom/cjs/react-dom.development.js:4213:16)
    at invokeGuardedCallback (/home/stocks/algo/webapp/frontend/node_modules/react-dom/cjs/react-dom.development.js:4277:31)
    at beginWork$1 (/home/stocks/algo/webapp/frontend/node_modules/react-dom/cjs/react-dom.development.js:27490:7)
    at performUnitOfWork (/home/stocks/algo/webapp/frontend/node_modules/react-dom/cjs/react-dom.development.js:26599:12) TypeError: portfolioData.map is not a function
    at PortfolioManager (/home/stocks/algo/webapp/frontend/src/components/PortfolioManager.jsx:434:30)
    at renderWithHooks (/home/stocks/algo/webapp/frontend/node_modules/react-dom/cjs/react-dom.development.js:15486:18)
    at updateFunctionComponent (/home/stocks/algo/webapp/frontend/node_modules/react-dom/cjs/react-dom.development.js:19617:20)
    at beginWork (/home/stocks/algo/webapp/frontend/node_modules/react-dom/cjs/react-dom.development.js:21640:16)
    at HTMLUnknownElement.callCallback (/home/stocks/algo/webapp/frontend/node_modules/react-dom/cjs/react-dom.development.js:4164:14)
    at HTMLUnknownElement.callTheUserObjectsOperation (/home/stocks/algo/webapp/frontend/node_modules/jsdom/lib/jsdom/living/generated/EventListener.js:26:30)
    at innerInvokeEventListeners (/home/stocks/algo/webapp/frontend/node_modules/jsdom/lib/jsdom/living/events/EventTarget-impl.js:350:25)
    at invokeEventListeners (/home/stocks/algo/webapp/frontend/node_modules/jsdom/lib/jsdom/living/events/EventTarget-impl.js:286:3)
    at HTMLUnknownElementImpl._dispatch (/home/stocks/algo/webapp/frontend/node_modules/jsdom/lib/jsdom/living/events/EventTarget-impl.js:233:9)
    at HTMLUnknownElementImpl.dispatchEvent (/home/stocks/algo/webapp/frontend/node_modules/jsdom/lib/jsdom/living/events/EventTarget-impl.js:104:17)

            </system-err>
            <failure message="Unable to find an element with the text: Portfolio Overview. This could be because the text is broken up by multiple elements. In this case, you can provide a function for your text matcher to make your matcher more flexible.

Ignored nodes: comments, script, style
[36m&lt;body&gt;[39m
  [36m&lt;div /&gt;[39m
[36m&lt;/body&gt;[39m

Ignored nodes: comments, script, style
[36m&lt;html&gt;[39m
  [36m&lt;head /&gt;[39m
  [36m&lt;body&gt;[39m
    [36m&lt;div /&gt;[39m
  [36m&lt;/body&gt;[39m
[36m&lt;/html&gt;[39m..." type="TestingLibraryElementError">
TestingLibraryElementError: Unable to find an element with the text: Portfolio Overview. This could be because the text is broken up by multiple elements. In this case, you can provide a function for your text matcher to make your matcher more flexible.

Ignored nodes: comments, script, style
&lt;body&gt;
  &lt;div /&gt;
&lt;/body&gt;

Ignored nodes: comments, script, style
&lt;html&gt;
  &lt;head /&gt;
  &lt;body&gt;
    &lt;div /&gt;
  &lt;/body&gt;
&lt;/html&gt;...
 ❯ Proxy.waitForWrapper node_modules/@testing-library/react/node_modules/@testing-library/dom/dist/wait-for.js:163:27
 ❯ src/tests/unit/components/real-portfolio-manager.test.jsx:623:13
            </failure>
            <failure message="Unable to find an element with the text: Portfolio Overview. This could be because the text is broken up by multiple elements. In this case, you can provide a function for your text matcher to make your matcher more flexible.

Ignored nodes: comments, script, style
[36m&lt;body&gt;[39m
  [36m&lt;div /&gt;[39m
[36m&lt;/body&gt;[39m

Ignored nodes: comments, script, style
[36m&lt;html&gt;[39m
  [36m&lt;head /&gt;[39m
  [36m&lt;body&gt;[39m
    [36m&lt;div /&gt;[39m
  [36m&lt;/body&gt;[39m
[36m&lt;/html&gt;[39m..." type="TestingLibraryElementError">
TestingLibraryElementError: Unable to find an element with the text: Portfolio Overview. This could be because the text is broken up by multiple elements. In this case, you can provide a function for your text matcher to make your matcher more flexible.

Ignored nodes: comments, script, style
&lt;body&gt;
  &lt;div /&gt;
&lt;/body&gt;

Ignored nodes: comments, script, style
&lt;html&gt;
  &lt;head /&gt;
  &lt;body&gt;
    &lt;div /&gt;
  &lt;/body&gt;
&lt;/html&gt;...
 ❯ Proxy.waitForWrapper node_modules/@testing-library/react/node_modules/@testing-library/dom/dist/wait-for.js:163:27
 ❯ src/tests/unit/components/real-portfolio-manager.test.jsx:623:13
            </failure>
            <failure message="Unable to find an element with the text: Portfolio Overview. This could be because the text is broken up by multiple elements. In this case, you can provide a function for your text matcher to make your matcher more flexible.

Ignored nodes: comments, script, style
[36m&lt;body&gt;[39m
  [36m&lt;div /&gt;[39m
[36m&lt;/body&gt;[39m

Ignored nodes: comments, script, style
[36m&lt;html&gt;[39m
  [36m&lt;head /&gt;[39m
  [36m&lt;body&gt;[39m
    [36m&lt;div /&gt;[39m
  [36m&lt;/body&gt;[39m
[36m&lt;/html&gt;[39m..." type="TestingLibraryElementError">
TestingLibraryElementError: Unable to find an element with the text: Portfolio Overview. This could be because the text is broken up by multiple elements. In this case, you can provide a function for your text matcher to make your matcher more flexible.

Ignored nodes: comments, script, style
&lt;body&gt;
  &lt;div /&gt;
&lt;/body&gt;

Ignored nodes: comments, script, style
&lt;html&gt;
  &lt;head /&gt;
  &lt;body&gt;
    &lt;div /&gt;
  &lt;/body&gt;
&lt;/html&gt;...
 ❯ Proxy.waitForWrapper node_modules/@testing-library/react/node_modules/@testing-library/dom/dist/wait-for.js:163:27
 ❯ src/tests/unit/components/real-portfolio-manager.test.jsx:623:13
            </failure>
        </testcase>
        <testcase classname="src/tests/unit/components/real-portfolio-manager.test.jsx" name="💼 Real PortfolioManager Component &gt; Accessibility &gt; should have proper heading hierarchy" time="4.198">
            <system-err>
Error: Uncaught [TypeError: portfolioData.map is not a function]
    at reportException (/home/stocks/algo/webapp/frontend/node_modules/jsdom/lib/jsdom/living/helpers/runtime-script-errors.js:66:24)
    at innerInvokeEventListeners (/home/stocks/algo/webapp/frontend/node_modules/jsdom/lib/jsdom/living/events/EventTarget-impl.js:353:9)
    at invokeEventListeners (/home/stocks/algo/webapp/frontend/node_modules/jsdom/lib/jsdom/living/events/EventTarget-impl.js:286:3)
    at HTMLUnknownElementImpl._dispatch (/home/stocks/algo/webapp/frontend/node_modules/jsdom/lib/jsdom/living/events/EventTarget-impl.js:233:9)
    at HTMLUnknownElementImpl.dispatchEvent (/home/stocks/algo/webapp/frontend/node_modules/jsdom/lib/jsdom/living/events/EventTarget-impl.js:104:17)
    at HTMLUnknownElement.dispatchEvent (/home/stocks/algo/webapp/frontend/node_modules/jsdom/lib/jsdom/living/generated/EventTarget.js:241:34)
    at Object.invokeGuardedCallbackDev (/home/stocks/algo/webapp/frontend/node_modules/react-dom/cjs/react-dom.development.js:4213:16)
    at invokeGuardedCallback (/home/stocks/algo/webapp/frontend/node_modules/react-dom/cjs/react-dom.development.js:4277:31)
    at beginWork$1 (/home/stocks/algo/webapp/frontend/node_modules/react-dom/cjs/react-dom.development.js:27490:7)
    at performUnitOfWork (/home/stocks/algo/webapp/frontend/node_modules/react-dom/cjs/react-dom.development.js:26599:12) TypeError: portfolioData.map is not a function
    at PortfolioManager (/home/stocks/algo/webapp/frontend/src/components/PortfolioManager.jsx:434:30)
    at renderWithHooks (/home/stocks/algo/webapp/frontend/node_modules/react-dom/cjs/react-dom.development.js:15486:18)
    at updateFunctionComponent (/home/stocks/algo/webapp/frontend/node_modules/react-dom/cjs/react-dom.development.js:19617:20)
    at beginWork (/home/stocks/algo/webapp/frontend/node_modules/react-dom/cjs/react-dom.development.js:21640:16)
    at HTMLUnknownElement.callCallback (/home/stocks/algo/webapp/frontend/node_modules/react-dom/cjs/react-dom.development.js:4164:14)
    at HTMLUnknownElement.callTheUserObjectsOperation (/home/stocks/algo/webapp/frontend/node_modules/jsdom/lib/jsdom/living/generated/EventListener.js:26:30)
    at innerInvokeEventListeners (/home/stocks/algo/webapp/frontend/node_modules/jsdom/lib/jsdom/living/events/EventTarget-impl.js:350:25)
    at invokeEventListeners (/home/stocks/algo/webapp/frontend/node_modules/jsdom/lib/jsdom/living/events/EventTarget-impl.js:286:3)
    at HTMLUnknownElementImpl._dispatch (/home/stocks/algo/webapp/frontend/node_modules/jsdom/lib/jsdom/living/events/EventTarget-impl.js:233:9)
    at HTMLUnknownElementImpl.dispatchEvent (/home/stocks/algo/webapp/frontend/node_modules/jsdom/lib/jsdom/living/events/EventTarget-impl.js:104:17)
Error: Uncaught [TypeError: portfolioData.map is not a function]
    at reportException (/home/stocks/algo/webapp/frontend/node_modules/jsdom/lib/jsdom/living/helpers/runtime-script-errors.js:66:24)
    at innerInvokeEventListeners (/home/stocks/algo/webapp/frontend/node_modules/jsdom/lib/jsdom/living/events/EventTarget-impl.js:353:9)
    at invokeEventListeners (/home/stocks/algo/webapp/frontend/node_modules/jsdom/lib/jsdom/living/events/EventTarget-impl.js:286:3)
    at HTMLUnknownElementImpl._dispatch (/home/stocks/algo/webapp/frontend/node_modules/jsdom/lib/jsdom/living/events/EventTarget-impl.js:233:9)
    at HTMLUnknownElementImpl.dispatchEvent (/home/stocks/algo/webapp/frontend/node_modules/jsdom/lib/jsdom/living/events/EventTarget-impl.js:104:17)
    at HTMLUnknownElement.dispatchEvent (/home/stocks/algo/webapp/frontend/node_modules/jsdom/lib/jsdom/living/generated/EventTarget.js:241:34)
    at Object.invokeGuardedCallbackDev (/home/stocks/algo/webapp/frontend/node_modules/react-dom/cjs/react-dom.development.js:4213:16)
    at invokeGuardedCallback (/home/stocks/algo/webapp/frontend/node_modules/react-dom/cjs/react-dom.development.js:4277:31)
    at beginWork$1 (/home/stocks/algo/webapp/frontend/node_modules/react-dom/cjs/react-dom.development.js:27490:7)
    at performUnitOfWork (/home/stocks/algo/webapp/frontend/node_modules/react-dom/cjs/react-dom.development.js:26599:12) TypeError: portfolioData.map is not a function
    at PortfolioManager (/home/stocks/algo/webapp/frontend/src/components/PortfolioManager.jsx:434:30)
    at renderWithHooks (/home/stocks/algo/webapp/frontend/node_modules/react-dom/cjs/react-dom.development.js:15486:18)
    at updateFunctionComponent (/home/stocks/algo/webapp/frontend/node_modules/react-dom/cjs/react-dom.development.js:19617:20)
    at beginWork (/home/stocks/algo/webapp/frontend/node_modules/react-dom/cjs/react-dom.development.js:21640:16)
    at HTMLUnknownElement.callCallback (/home/stocks/algo/webapp/frontend/node_modules/react-dom/cjs/react-dom.development.js:4164:14)
    at HTMLUnknownElement.callTheUserObjectsOperation (/home/stocks/algo/webapp/frontend/node_modules/jsdom/lib/jsdom/living/generated/EventListener.js:26:30)
    at innerInvokeEventListeners (/home/stocks/algo/webapp/frontend/node_modules/jsdom/lib/jsdom/living/events/EventTarget-impl.js:350:25)
    at invokeEventListeners (/home/stocks/algo/webapp/frontend/node_modules/jsdom/lib/jsdom/living/events/EventTarget-impl.js:286:3)
    at HTMLUnknownElementImpl._dispatch (/home/stocks/algo/webapp/frontend/node_modules/jsdom/lib/jsdom/living/events/EventTarget-impl.js:233:9)
    at HTMLUnknownElementImpl.dispatchEvent (/home/stocks/algo/webapp/frontend/node_modules/jsdom/lib/jsdom/living/events/EventTarget-impl.js:104:17)

Error: Uncaught [TypeError: portfolioData.map is not a function]
    at reportException (/home/stocks/algo/webapp/frontend/node_modules/jsdom/lib/jsdom/living/helpers/runtime-script-errors.js:66:24)
    at innerInvokeEventListeners (/home/stocks/algo/webapp/frontend/node_modules/jsdom/lib/jsdom/living/events/EventTarget-impl.js:353:9)
    at invokeEventListeners (/home/stocks/algo/webapp/frontend/node_modules/jsdom/lib/jsdom/living/events/EventTarget-impl.js:286:3)
    at HTMLUnknownElementImpl._dispatch (/home/stocks/algo/webapp/frontend/node_modules/jsdom/lib/jsdom/living/events/EventTarget-impl.js:233:9)
    at HTMLUnknownElementImpl.dispatchEvent (/home/stocks/algo/webapp/frontend/node_modules/jsdom/lib/jsdom/living/events/EventTarget-impl.js:104:17)
    at HTMLUnknownElement.dispatchEvent (/home/stocks/algo/webapp/frontend/node_modules/jsdom/lib/jsdom/living/generated/EventTarget.js:241:34)
    at Object.invokeGuardedCallbackDev (/home/stocks/algo/webapp/frontend/node_modules/react-dom/cjs/react-dom.development.js:4213:16)
    at invokeGuardedCallback (/home/stocks/algo/webapp/frontend/node_modules/react-dom/cjs/react-dom.development.js:4277:31)
    at beginWork$1 (/home/stocks/algo/webapp/frontend/node_modules/react-dom/cjs/react-dom.development.js:27490:7)
    at performUnitOfWork (/home/stocks/algo/webapp/frontend/node_modules/react-dom/cjs/react-dom.development.js:26599:12) TypeError: portfolioData.map is not a function
    at PortfolioManager (/home/stocks/algo/webapp/frontend/src/components/PortfolioManager.jsx:434:30)
    at renderWithHooks (/home/stocks/algo/webapp/frontend/node_modules/react-dom/cjs/react-dom.development.js:15486:18)
    at updateFunctionComponent (/home/stocks/algo/webapp/frontend/node_modules/react-dom/cjs/react-dom.development.js:19617:20)
    at beginWork (/home/stocks/algo/webapp/frontend/node_modules/react-dom/cjs/react-dom.development.js:21640:16)
    at HTMLUnknownElement.callCallback (/home/stocks/algo/webapp/frontend/node_modules/react-dom/cjs/react-dom.development.js:4164:14)
    at HTMLUnknownElement.callTheUserObjectsOperation (/home/stocks/algo/webapp/frontend/node_modules/jsdom/lib/jsdom/living/generated/EventListener.js:26:30)
    at innerInvokeEventListeners (/home/stocks/algo/webapp/frontend/node_modules/jsdom/lib/jsdom/living/events/EventTarget-impl.js:350:25)
    at invokeEventListeners (/home/stocks/algo/webapp/frontend/node_modules/jsdom/lib/jsdom/living/events/EventTarget-impl.js:286:3)
    at HTMLUnknownElementImpl._dispatch (/home/stocks/algo/webapp/frontend/node_modules/jsdom/lib/jsdom/living/events/EventTarget-impl.js:233:9)
    at HTMLUnknownElementImpl.dispatchEvent (/home/stocks/algo/webapp/frontend/node_modules/jsdom/lib/jsdom/living/events/EventTarget-impl.js:104:17)
Error: Uncaught [TypeError: portfolioData.map is not a function]
    at reportException (/home/stocks/algo/webapp/frontend/node_modules/jsdom/lib/jsdom/living/helpers/runtime-script-errors.js:66:24)
    at innerInvokeEventListeners (/home/stocks/algo/webapp/frontend/node_modules/jsdom/lib/jsdom/living/events/EventTarget-impl.js:353:9)
    at invokeEventListeners (/home/stocks/algo/webapp/frontend/node_modules/jsdom/lib/jsdom/living/events/EventTarget-impl.js:286:3)
    at HTMLUnknownElementImpl._dispatch (/home/stocks/algo/webapp/frontend/node_modules/jsdom/lib/jsdom/living/events/EventTarget-impl.js:233:9)
    at HTMLUnknownElementImpl.dispatchEvent (/home/stocks/algo/webapp/frontend/node_modules/jsdom/lib/jsdom/living/events/EventTarget-impl.js:104:17)
    at HTMLUnknownElement.dispatchEvent (/home/stocks/algo/webapp/frontend/node_modules/jsdom/lib/jsdom/living/generated/EventTarget.js:241:34)
    at Object.invokeGuardedCallbackDev (/home/stocks/algo/webapp/frontend/node_modules/react-dom/cjs/react-dom.development.js:4213:16)
    at invokeGuardedCallback (/home/stocks/algo/webapp/frontend/node_modules/react-dom/cjs/react-dom.development.js:4277:31)
    at beginWork$1 (/home/stocks/algo/webapp/frontend/node_modules/react-dom/cjs/react-dom.development.js:27490:7)
    at performUnitOfWork (/home/stocks/algo/webapp/frontend/node_modules/react-dom/cjs/react-dom.development.js:26599:12) TypeError: portfolioData.map is not a function
    at PortfolioManager (/home/stocks/algo/webapp/frontend/src/components/PortfolioManager.jsx:434:30)
    at renderWithHooks (/home/stocks/algo/webapp/frontend/node_modules/react-dom/cjs/react-dom.development.js:15486:18)
    at updateFunctionComponent (/home/stocks/algo/webapp/frontend/node_modules/react-dom/cjs/react-dom.development.js:19617:20)
    at beginWork (/home/stocks/algo/webapp/frontend/node_modules/react-dom/cjs/react-dom.development.js:21640:16)
    at HTMLUnknownElement.callCallback (/home/stocks/algo/webapp/frontend/node_modules/react-dom/cjs/react-dom.development.js:4164:14)
    at HTMLUnknownElement.callTheUserObjectsOperation (/home/stocks/algo/webapp/frontend/node_modules/jsdom/lib/jsdom/living/generated/EventListener.js:26:30)
    at innerInvokeEventListeners (/home/stocks/algo/webapp/frontend/node_modules/jsdom/lib/jsdom/living/events/EventTarget-impl.js:350:25)
    at invokeEventListeners (/home/stocks/algo/webapp/frontend/node_modules/jsdom/lib/jsdom/living/events/EventTarget-impl.js:286:3)
    at HTMLUnknownElementImpl._dispatch (/home/stocks/algo/webapp/frontend/node_modules/jsdom/lib/jsdom/living/events/EventTarget-impl.js:233:9)
    at HTMLUnknownElementImpl.dispatchEvent (/home/stocks/algo/webapp/frontend/node_modules/jsdom/lib/jsdom/living/events/EventTarget-impl.js:104:17)

Error: Uncaught [TypeError: portfolioData.map is not a function]
    at reportException (/home/stocks/algo/webapp/frontend/node_modules/jsdom/lib/jsdom/living/helpers/runtime-script-errors.js:66:24)
    at innerInvokeEventListeners (/home/stocks/algo/webapp/frontend/node_modules/jsdom/lib/jsdom/living/events/EventTarget-impl.js:353:9)
    at invokeEventListeners (/home/stocks/algo/webapp/frontend/node_modules/jsdom/lib/jsdom/living/events/EventTarget-impl.js:286:3)
    at HTMLUnknownElementImpl._dispatch (/home/stocks/algo/webapp/frontend/node_modules/jsdom/lib/jsdom/living/events/EventTarget-impl.js:233:9)
    at HTMLUnknownElementImpl.dispatchEvent (/home/stocks/algo/webapp/frontend/node_modules/jsdom/lib/jsdom/living/events/EventTarget-impl.js:104:17)
    at HTMLUnknownElement.dispatchEvent (/home/stocks/algo/webapp/frontend/node_modules/jsdom/lib/jsdom/living/generated/EventTarget.js:241:34)
    at Object.invokeGuardedCallbackDev (/home/stocks/algo/webapp/frontend/node_modules/react-dom/cjs/react-dom.development.js:4213:16)
    at invokeGuardedCallback (/home/stocks/algo/webapp/frontend/node_modules/react-dom/cjs/react-dom.development.js:4277:31)
    at beginWork$1 (/home/stocks/algo/webapp/frontend/node_modules/react-dom/cjs/react-dom.development.js:27490:7)
    at performUnitOfWork (/home/stocks/algo/webapp/frontend/node_modules/react-dom/cjs/react-dom.development.js:26599:12) TypeError: portfolioData.map is not a function
    at PortfolioManager (/home/stocks/algo/webapp/frontend/src/components/PortfolioManager.jsx:434:30)
    at renderWithHooks (/home/stocks/algo/webapp/frontend/node_modules/react-dom/cjs/react-dom.development.js:15486:18)
    at updateFunctionComponent (/home/stocks/algo/webapp/frontend/node_modules/react-dom/cjs/react-dom.development.js:19617:20)
    at beginWork (/home/stocks/algo/webapp/frontend/node_modules/react-dom/cjs/react-dom.development.js:21640:16)
    at HTMLUnknownElement.callCallback (/home/stocks/algo/webapp/frontend/node_modules/react-dom/cjs/react-dom.development.js:4164:14)
    at HTMLUnknownElement.callTheUserObjectsOperation (/home/stocks/algo/webapp/frontend/node_modules/jsdom/lib/jsdom/living/generated/EventListener.js:26:30)
    at innerInvokeEventListeners (/home/stocks/algo/webapp/frontend/node_modules/jsdom/lib/jsdom/living/events/EventTarget-impl.js:350:25)
    at invokeEventListeners (/home/stocks/algo/webapp/frontend/node_modules/jsdom/lib/jsdom/living/events/EventTarget-impl.js:286:3)
    at HTMLUnknownElementImpl._dispatch (/home/stocks/algo/webapp/frontend/node_modules/jsdom/lib/jsdom/living/events/EventTarget-impl.js:233:9)
    at HTMLUnknownElementImpl.dispatchEvent (/home/stocks/algo/webapp/frontend/node_modules/jsdom/lib/jsdom/living/events/EventTarget-impl.js:104:17)
Error: Uncaught [TypeError: portfolioData.map is not a function]
    at reportException (/home/stocks/algo/webapp/frontend/node_modules/jsdom/lib/jsdom/living/helpers/runtime-script-errors.js:66:24)
    at innerInvokeEventListeners (/home/stocks/algo/webapp/frontend/node_modules/jsdom/lib/jsdom/living/events/EventTarget-impl.js:353:9)
    at invokeEventListeners (/home/stocks/algo/webapp/frontend/node_modules/jsdom/lib/jsdom/living/events/EventTarget-impl.js:286:3)
    at HTMLUnknownElementImpl._dispatch (/home/stocks/algo/webapp/frontend/node_modules/jsdom/lib/jsdom/living/events/EventTarget-impl.js:233:9)
    at HTMLUnknownElementImpl.dispatchEvent (/home/stocks/algo/webapp/frontend/node_modules/jsdom/lib/jsdom/living/events/EventTarget-impl.js:104:17)
    at HTMLUnknownElement.dispatchEvent (/home/stocks/algo/webapp/frontend/node_modules/jsdom/lib/jsdom/living/generated/EventTarget.js:241:34)
    at Object.invokeGuardedCallbackDev (/home/stocks/algo/webapp/frontend/node_modules/react-dom/cjs/react-dom.development.js:4213:16)
    at invokeGuardedCallback (/home/stocks/algo/webapp/frontend/node_modules/react-dom/cjs/react-dom.development.js:4277:31)
    at beginWork$1 (/home/stocks/algo/webapp/frontend/node_modules/react-dom/cjs/react-dom.development.js:27490:7)
    at performUnitOfWork (/home/stocks/algo/webapp/frontend/node_modules/react-dom/cjs/react-dom.development.js:26599:12) TypeError: portfolioData.map is not a function
    at PortfolioManager (/home/stocks/algo/webapp/frontend/src/components/PortfolioManager.jsx:434:30)
    at renderWithHooks (/home/stocks/algo/webapp/frontend/node_modules/react-dom/cjs/react-dom.development.js:15486:18)
    at updateFunctionComponent (/home/stocks/algo/webapp/frontend/node_modules/react-dom/cjs/react-dom.development.js:19617:20)
    at beginWork (/home/stocks/algo/webapp/frontend/node_modules/react-dom/cjs/react-dom.development.js:21640:16)
    at HTMLUnknownElement.callCallback (/home/stocks/algo/webapp/frontend/node_modules/react-dom/cjs/react-dom.development.js:4164:14)
    at HTMLUnknownElement.callTheUserObjectsOperation (/home/stocks/algo/webapp/frontend/node_modules/jsdom/lib/jsdom/living/generated/EventListener.js:26:30)
    at innerInvokeEventListeners (/home/stocks/algo/webapp/frontend/node_modules/jsdom/lib/jsdom/living/events/EventTarget-impl.js:350:25)
    at invokeEventListeners (/home/stocks/algo/webapp/frontend/node_modules/jsdom/lib/jsdom/living/events/EventTarget-impl.js:286:3)
    at HTMLUnknownElementImpl._dispatch (/home/stocks/algo/webapp/frontend/node_modules/jsdom/lib/jsdom/living/events/EventTarget-impl.js:233:9)
    at HTMLUnknownElementImpl.dispatchEvent (/home/stocks/algo/webapp/frontend/node_modules/jsdom/lib/jsdom/living/events/EventTarget-impl.js:104:17)

            </system-err>
            <failure message="Unable to find an element with the text: Portfolio Overview. This could be because the text is broken up by multiple elements. In this case, you can provide a function for your text matcher to make your matcher more flexible.

Ignored nodes: comments, script, style
[36m&lt;body&gt;[39m
  [36m&lt;div /&gt;[39m
[36m&lt;/body&gt;[39m

Ignored nodes: comments, script, style
[36m&lt;html&gt;[39m
  [36m&lt;head /&gt;[39m
  [36m&lt;body&gt;[39m
    [36m&lt;div /&gt;[39m
  [36m&lt;/body&gt;[39m
[36m&lt;/html&gt;[39m..." type="TestingLibraryElementError">
TestingLibraryElementError: Unable to find an element with the text: Portfolio Overview. This could be because the text is broken up by multiple elements. In this case, you can provide a function for your text matcher to make your matcher more flexible.

Ignored nodes: comments, script, style
&lt;body&gt;
  &lt;div /&gt;
&lt;/body&gt;

Ignored nodes: comments, script, style
&lt;html&gt;
  &lt;head /&gt;
  &lt;body&gt;
    &lt;div /&gt;
  &lt;/body&gt;
&lt;/html&gt;...
 ❯ Proxy.waitForWrapper node_modules/@testing-library/react/node_modules/@testing-library/dom/dist/wait-for.js:163:27
 ❯ src/tests/unit/components/real-portfolio-manager.test.jsx:623:13
            </failure>
            <failure message="Unable to find an element with the text: Portfolio Overview. This could be because the text is broken up by multiple elements. In this case, you can provide a function for your text matcher to make your matcher more flexible.

Ignored nodes: comments, script, style
[36m&lt;body&gt;[39m
  [36m&lt;div /&gt;[39m
[36m&lt;/body&gt;[39m

Ignored nodes: comments, script, style
[36m&lt;html&gt;[39m
  [36m&lt;head /&gt;[39m
  [36m&lt;body&gt;[39m
    [36m&lt;div /&gt;[39m
  [36m&lt;/body&gt;[39m
[36m&lt;/html&gt;[39m..." type="TestingLibraryElementError">
TestingLibraryElementError: Unable to find an element with the text: Portfolio Overview. This could be because the text is broken up by multiple elements. In this case, you can provide a function for your text matcher to make your matcher more flexible.

Ignored nodes: comments, script, style
&lt;body&gt;
  &lt;div /&gt;
&lt;/body&gt;

Ignored nodes: comments, script, style
&lt;html&gt;
  &lt;head /&gt;
  &lt;body&gt;
    &lt;div /&gt;
  &lt;/body&gt;
&lt;/html&gt;...
 ❯ Proxy.waitForWrapper node_modules/@testing-library/react/node_modules/@testing-library/dom/dist/wait-for.js:163:27
 ❯ src/tests/unit/components/real-portfolio-manager.test.jsx:623:13
            </failure>
            <failure message="Unable to find an element with the text: Portfolio Overview. This could be because the text is broken up by multiple elements. In this case, you can provide a function for your text matcher to make your matcher more flexible.

Ignored nodes: comments, script, style
[36m&lt;body&gt;[39m
  [36m&lt;div /&gt;[39m
[36m&lt;/body&gt;[39m

Ignored nodes: comments, script, style
[36m&lt;html&gt;[39m
  [36m&lt;head /&gt;[39m
  [36m&lt;body&gt;[39m
    [36m&lt;div /&gt;[39m
  [36m&lt;/body&gt;[39m
[36m&lt;/html&gt;[39m..." type="TestingLibraryElementError">
TestingLibraryElementError: Unable to find an element with the text: Portfolio Overview. This could be because the text is broken up by multiple elements. In this case, you can provide a function for your text matcher to make your matcher more flexible.

Ignored nodes: comments, script, style
&lt;body&gt;
  &lt;div /&gt;
&lt;/body&gt;

Ignored nodes: comments, script, style
&lt;html&gt;
  &lt;head /&gt;
  &lt;body&gt;
    &lt;div /&gt;
  &lt;/body&gt;
&lt;/html&gt;...
 ❯ Proxy.waitForWrapper node_modules/@testing-library/react/node_modules/@testing-library/dom/dist/wait-for.js:163:27
 ❯ src/tests/unit/components/real-portfolio-manager.test.jsx:623:13
            </failure>
        </testcase>
        <testcase classname="src/tests/unit/components/real-portfolio-manager.test.jsx" name="💼 Real PortfolioManager Component &gt; Accessibility &gt; should provide screen reader friendly table" time="3.014">
            <system-err>
Error: Uncaught [TypeError: portfolioData.map is not a function]
    at reportException (/home/stocks/algo/webapp/frontend/node_modules/jsdom/lib/jsdom/living/helpers/runtime-script-errors.js:66:24)
    at innerInvokeEventListeners (/home/stocks/algo/webapp/frontend/node_modules/jsdom/lib/jsdom/living/events/EventTarget-impl.js:353:9)
    at invokeEventListeners (/home/stocks/algo/webapp/frontend/node_modules/jsdom/lib/jsdom/living/events/EventTarget-impl.js:286:3)
    at HTMLUnknownElementImpl._dispatch (/home/stocks/algo/webapp/frontend/node_modules/jsdom/lib/jsdom/living/events/EventTarget-impl.js:233:9)
    at HTMLUnknownElementImpl.dispatchEvent (/home/stocks/algo/webapp/frontend/node_modules/jsdom/lib/jsdom/living/events/EventTarget-impl.js:104:17)
    at HTMLUnknownElement.dispatchEvent (/home/stocks/algo/webapp/frontend/node_modules/jsdom/lib/jsdom/living/generated/EventTarget.js:241:34)
    at Object.invokeGuardedCallbackDev (/home/stocks/algo/webapp/frontend/node_modules/react-dom/cjs/react-dom.development.js:4213:16)
    at invokeGuardedCallback (/home/stocks/algo/webapp/frontend/node_modules/react-dom/cjs/react-dom.development.js:4277:31)
    at beginWork$1 (/home/stocks/algo/webapp/frontend/node_modules/react-dom/cjs/react-dom.development.js:27490:7)
    at performUnitOfWork (/home/stocks/algo/webapp/frontend/node_modules/react-dom/cjs/react-dom.development.js:26599:12) TypeError: portfolioData.map is not a function
    at PortfolioManager (/home/stocks/algo/webapp/frontend/src/components/PortfolioManager.jsx:434:30)
    at renderWithHooks (/home/stocks/algo/webapp/frontend/node_modules/react-dom/cjs/react-dom.development.js:15486:18)
    at updateFunctionComponent (/home/stocks/algo/webapp/frontend/node_modules/react-dom/cjs/react-dom.development.js:19617:20)
    at beginWork (/home/stocks/algo/webapp/frontend/node_modules/react-dom/cjs/react-dom.development.js:21640:16)
    at HTMLUnknownElement.callCallback (/home/stocks/algo/webapp/frontend/node_modules/react-dom/cjs/react-dom.development.js:4164:14)
    at HTMLUnknownElement.callTheUserObjectsOperation (/home/stocks/algo/webapp/frontend/node_modules/jsdom/lib/jsdom/living/generated/EventListener.js:26:30)
    at innerInvokeEventListeners (/home/stocks/algo/webapp/frontend/node_modules/jsdom/lib/jsdom/living/events/EventTarget-impl.js:350:25)
    at invokeEventListeners (/home/stocks/algo/webapp/frontend/node_modules/jsdom/lib/jsdom/living/events/EventTarget-impl.js:286:3)
    at HTMLUnknownElementImpl._dispatch (/home/stocks/algo/webapp/frontend/node_modules/jsdom/lib/jsdom/living/events/EventTarget-impl.js:233:9)
    at HTMLUnknownElementImpl.dispatchEvent (/home/stocks/algo/webapp/frontend/node_modules/jsdom/lib/jsdom/living/events/EventTarget-impl.js:104:17)
Error: Uncaught [TypeError: portfolioData.map is not a function]
    at reportException (/home/stocks/algo/webapp/frontend/node_modules/jsdom/lib/jsdom/living/helpers/runtime-script-errors.js:66:24)
    at innerInvokeEventListeners (/home/stocks/algo/webapp/frontend/node_modules/jsdom/lib/jsdom/living/events/EventTarget-impl.js:353:9)
    at invokeEventListeners (/home/stocks/algo/webapp/frontend/node_modules/jsdom/lib/jsdom/living/events/EventTarget-impl.js:286:3)
    at HTMLUnknownElementImpl._dispatch (/home/stocks/algo/webapp/frontend/node_modules/jsdom/lib/jsdom/living/events/EventTarget-impl.js:233:9)
    at HTMLUnknownElementImpl.dispatchEvent (/home/stocks/algo/webapp/frontend/node_modules/jsdom/lib/jsdom/living/events/EventTarget-impl.js:104:17)
    at HTMLUnknownElement.dispatchEvent (/home/stocks/algo/webapp/frontend/node_modules/jsdom/lib/jsdom/living/generated/EventTarget.js:241:34)
    at Object.invokeGuardedCallbackDev (/home/stocks/algo/webapp/frontend/node_modules/react-dom/cjs/react-dom.development.js:4213:16)
    at invokeGuardedCallback (/home/stocks/algo/webapp/frontend/node_modules/react-dom/cjs/react-dom.development.js:4277:31)
    at beginWork$1 (/home/stocks/algo/webapp/frontend/node_modules/react-dom/cjs/react-dom.development.js:27490:7)
    at performUnitOfWork (/home/stocks/algo/webapp/frontend/node_modules/react-dom/cjs/react-dom.development.js:26599:12) TypeError: portfolioData.map is not a function
    at PortfolioManager (/home/stocks/algo/webapp/frontend/src/components/PortfolioManager.jsx:434:30)
    at renderWithHooks (/home/stocks/algo/webapp/frontend/node_modules/react-dom/cjs/react-dom.development.js:15486:18)
    at updateFunctionComponent (/home/stocks/algo/webapp/frontend/node_modules/react-dom/cjs/react-dom.development.js:19617:20)
    at beginWork (/home/stocks/algo/webapp/frontend/node_modules/react-dom/cjs/react-dom.development.js:21640:16)
    at HTMLUnknownElement.callCallback (/home/stocks/algo/webapp/frontend/node_modules/react-dom/cjs/react-dom.development.js:4164:14)
    at HTMLUnknownElement.callTheUserObjectsOperation (/home/stocks/algo/webapp/frontend/node_modules/jsdom/lib/jsdom/living/generated/EventListener.js:26:30)
    at innerInvokeEventListeners (/home/stocks/algo/webapp/frontend/node_modules/jsdom/lib/jsdom/living/events/EventTarget-impl.js:350:25)
    at invokeEventListeners (/home/stocks/algo/webapp/frontend/node_modules/jsdom/lib/jsdom/living/events/EventTarget-impl.js:286:3)
    at HTMLUnknownElementImpl._dispatch (/home/stocks/algo/webapp/frontend/node_modules/jsdom/lib/jsdom/living/events/EventTarget-impl.js:233:9)
    at HTMLUnknownElementImpl.dispatchEvent (/home/stocks/algo/webapp/frontend/node_modules/jsdom/lib/jsdom/living/events/EventTarget-impl.js:104:17)

Error: Uncaught [TypeError: portfolioData.map is not a function]
    at reportException (/home/stocks/algo/webapp/frontend/node_modules/jsdom/lib/jsdom/living/helpers/runtime-script-errors.js:66:24)
    at innerInvokeEventListeners (/home/stocks/algo/webapp/frontend/node_modules/jsdom/lib/jsdom/living/events/EventTarget-impl.js:353:9)
    at invokeEventListeners (/home/stocks/algo/webapp/frontend/node_modules/jsdom/lib/jsdom/living/events/EventTarget-impl.js:286:3)
    at HTMLUnknownElementImpl._dispatch (/home/stocks/algo/webapp/frontend/node_modules/jsdom/lib/jsdom/living/events/EventTarget-impl.js:233:9)
    at HTMLUnknownElementImpl.dispatchEvent (/home/stocks/algo/webapp/frontend/node_modules/jsdom/lib/jsdom/living/events/EventTarget-impl.js:104:17)
    at HTMLUnknownElement.dispatchEvent (/home/stocks/algo/webapp/frontend/node_modules/jsdom/lib/jsdom/living/generated/EventTarget.js:241:34)
    at Object.invokeGuardedCallbackDev (/home/stocks/algo/webapp/frontend/node_modules/react-dom/cjs/react-dom.development.js:4213:16)
    at invokeGuardedCallback (/home/stocks/algo/webapp/frontend/node_modules/react-dom/cjs/react-dom.development.js:4277:31)
    at beginWork$1 (/home/stocks/algo/webapp/frontend/node_modules/react-dom/cjs/react-dom.development.js:27490:7)
    at performUnitOfWork (/home/stocks/algo/webapp/frontend/node_modules/react-dom/cjs/react-dom.development.js:26599:12) TypeError: portfolioData.map is not a function
    at PortfolioManager (/home/stocks/algo/webapp/frontend/src/components/PortfolioManager.jsx:434:30)
    at renderWithHooks (/home/stocks/algo/webapp/frontend/node_modules/react-dom/cjs/react-dom.development.js:15486:18)
    at updateFunctionComponent (/home/stocks/algo/webapp/frontend/node_modules/react-dom/cjs/react-dom.development.js:19617:20)
    at beginWork (/home/stocks/algo/webapp/frontend/node_modules/react-dom/cjs/react-dom.development.js:21640:16)
    at HTMLUnknownElement.callCallback (/home/stocks/algo/webapp/frontend/node_modules/react-dom/cjs/react-dom.development.js:4164:14)
    at HTMLUnknownElement.callTheUserObjectsOperation (/home/stocks/algo/webapp/frontend/node_modules/jsdom/lib/jsdom/living/generated/EventListener.js:26:30)
    at innerInvokeEventListeners (/home/stocks/algo/webapp/frontend/node_modules/jsdom/lib/jsdom/living/events/EventTarget-impl.js:350:25)
    at invokeEventListeners (/home/stocks/algo/webapp/frontend/node_modules/jsdom/lib/jsdom/living/events/EventTarget-impl.js:286:3)
    at HTMLUnknownElementImpl._dispatch (/home/stocks/algo/webapp/frontend/node_modules/jsdom/lib/jsdom/living/events/EventTarget-impl.js:233:9)
    at HTMLUnknownElementImpl.dispatchEvent (/home/stocks/algo/webapp/frontend/node_modules/jsdom/lib/jsdom/living/events/EventTarget-impl.js:104:17)
Error: Uncaught [TypeError: portfolioData.map is not a function]
    at reportException (/home/stocks/algo/webapp/frontend/node_modules/jsdom/lib/jsdom/living/helpers/runtime-script-errors.js:66:24)
    at innerInvokeEventListeners (/home/stocks/algo/webapp/frontend/node_modules/jsdom/lib/jsdom/living/events/EventTarget-impl.js:353:9)
    at invokeEventListeners (/home/stocks/algo/webapp/frontend/node_modules/jsdom/lib/jsdom/living/events/EventTarget-impl.js:286:3)
    at HTMLUnknownElementImpl._dispatch (/home/stocks/algo/webapp/frontend/node_modules/jsdom/lib/jsdom/living/events/EventTarget-impl.js:233:9)
    at HTMLUnknownElementImpl.dispatchEvent (/home/stocks/algo/webapp/frontend/node_modules/jsdom/lib/jsdom/living/events/EventTarget-impl.js:104:17)
    at HTMLUnknownElement.dispatchEvent (/home/stocks/algo/webapp/frontend/node_modules/jsdom/lib/jsdom/living/generated/EventTarget.js:241:34)
    at Object.invokeGuardedCallbackDev (/home/stocks/algo/webapp/frontend/node_modules/react-dom/cjs/react-dom.development.js:4213:16)
    at invokeGuardedCallback (/home/stocks/algo/webapp/frontend/node_modules/react-dom/cjs/react-dom.development.js:4277:31)
    at beginWork$1 (/home/stocks/algo/webapp/frontend/node_modules/react-dom/cjs/react-dom.development.js:27490:7)
    at performUnitOfWork (/home/stocks/algo/webapp/frontend/node_modules/react-dom/cjs/react-dom.development.js:26599:12) TypeError: portfolioData.map is not a function
    at PortfolioManager (/home/stocks/algo/webapp/frontend/src/components/PortfolioManager.jsx:434:30)
    at renderWithHooks (/home/stocks/algo/webapp/frontend/node_modules/react-dom/cjs/react-dom.development.js:15486:18)
    at updateFunctionComponent (/home/stocks/algo/webapp/frontend/node_modules/react-dom/cjs/react-dom.development.js:19617:20)
    at beginWork (/home/stocks/algo/webapp/frontend/node_modules/react-dom/cjs/react-dom.development.js:21640:16)
    at HTMLUnknownElement.callCallback (/home/stocks/algo/webapp/frontend/node_modules/react-dom/cjs/react-dom.development.js:4164:14)
    at HTMLUnknownElement.callTheUserObjectsOperation (/home/stocks/algo/webapp/frontend/node_modules/jsdom/lib/jsdom/living/generated/EventListener.js:26:30)
    at innerInvokeEventListeners (/home/stocks/algo/webapp/frontend/node_modules/jsdom/lib/jsdom/living/events/EventTarget-impl.js:350:25)
    at invokeEventListeners (/home/stocks/algo/webapp/frontend/node_modules/jsdom/lib/jsdom/living/events/EventTarget-impl.js:286:3)
    at HTMLUnknownElementImpl._dispatch (/home/stocks/algo/webapp/frontend/node_modules/jsdom/lib/jsdom/living/events/EventTarget-impl.js:233:9)
    at HTMLUnknownElementImpl.dispatchEvent (/home/stocks/algo/webapp/frontend/node_modules/jsdom/lib/jsdom/living/events/EventTarget-impl.js:104:17)

Error: Uncaught [TypeError: portfolioData.map is not a function]
    at reportException (/home/stocks/algo/webapp/frontend/node_modules/jsdom/lib/jsdom/living/helpers/runtime-script-errors.js:66:24)
    at innerInvokeEventListeners (/home/stocks/algo/webapp/frontend/node_modules/jsdom/lib/jsdom/living/events/EventTarget-impl.js:353:9)
    at invokeEventListeners (/home/stocks/algo/webapp/frontend/node_modules/jsdom/lib/jsdom/living/events/EventTarget-impl.js:286:3)
    at HTMLUnknownElementImpl._dispatch (/home/stocks/algo/webapp/frontend/node_modules/jsdom/lib/jsdom/living/events/EventTarget-impl.js:233:9)
    at HTMLUnknownElementImpl.dispatchEvent (/home/stocks/algo/webapp/frontend/node_modules/jsdom/lib/jsdom/living/events/EventTarget-impl.js:104:17)
    at HTMLUnknownElement.dispatchEvent (/home/stocks/algo/webapp/frontend/node_modules/jsdom/lib/jsdom/living/generated/EventTarget.js:241:34)
    at Object.invokeGuardedCallbackDev (/home/stocks/algo/webapp/frontend/node_modules/react-dom/cjs/react-dom.development.js:4213:16)
    at invokeGuardedCallback (/home/stocks/algo/webapp/frontend/node_modules/react-dom/cjs/react-dom.development.js:4277:31)
    at beginWork$1 (/home/stocks/algo/webapp/frontend/node_modules/react-dom/cjs/react-dom.development.js:27490:7)
    at performUnitOfWork (/home/stocks/algo/webapp/frontend/node_modules/react-dom/cjs/react-dom.development.js:26599:12) TypeError: portfolioData.map is not a function
    at PortfolioManager (/home/stocks/algo/webapp/frontend/src/components/PortfolioManager.jsx:434:30)
    at renderWithHooks (/home/stocks/algo/webapp/frontend/node_modules/react-dom/cjs/react-dom.development.js:15486:18)
    at updateFunctionComponent (/home/stocks/algo/webapp/frontend/node_modules/react-dom/cjs/react-dom.development.js:19617:20)
    at beginWork (/home/stocks/algo/webapp/frontend/node_modules/react-dom/cjs/react-dom.development.js:21640:16)
    at HTMLUnknownElement.callCallback (/home/stocks/algo/webapp/frontend/node_modules/react-dom/cjs/react-dom.development.js:4164:14)
    at HTMLUnknownElement.callTheUserObjectsOperation (/home/stocks/algo/webapp/frontend/node_modules/jsdom/lib/jsdom/living/generated/EventListener.js:26:30)
    at innerInvokeEventListeners (/home/stocks/algo/webapp/frontend/node_modules/jsdom/lib/jsdom/living/events/EventTarget-impl.js:350:25)
    at invokeEventListeners (/home/stocks/algo/webapp/frontend/node_modules/jsdom/lib/jsdom/living/events/EventTarget-impl.js:286:3)
    at HTMLUnknownElementImpl._dispatch (/home/stocks/algo/webapp/frontend/node_modules/jsdom/lib/jsdom/living/events/EventTarget-impl.js:233:9)
    at HTMLUnknownElementImpl.dispatchEvent (/home/stocks/algo/webapp/frontend/node_modules/jsdom/lib/jsdom/living/events/EventTarget-impl.js:104:17)
Error: Uncaught [TypeError: portfolioData.map is not a function]
    at reportException (/home/stocks/algo/webapp/frontend/node_modules/jsdom/lib/jsdom/living/helpers/runtime-script-errors.js:66:24)
    at innerInvokeEventListeners (/home/stocks/algo/webapp/frontend/node_modules/jsdom/lib/jsdom/living/events/EventTarget-impl.js:353:9)
    at invokeEventListeners (/home/stocks/algo/webapp/frontend/node_modules/jsdom/lib/jsdom/living/events/EventTarget-impl.js:286:3)
    at HTMLUnknownElementImpl._dispatch (/home/stocks/algo/webapp/frontend/node_modules/jsdom/lib/jsdom/living/events/EventTarget-impl.js:233:9)
    at HTMLUnknownElementImpl.dispatchEvent (/home/stocks/algo/webapp/frontend/node_modules/jsdom/lib/jsdom/living/events/EventTarget-impl.js:104:17)
    at HTMLUnknownElement.dispatchEvent (/home/stocks/algo/webapp/frontend/node_modules/jsdom/lib/jsdom/living/generated/EventTarget.js:241:34)
    at Object.invokeGuardedCallbackDev (/home/stocks/algo/webapp/frontend/node_modules/react-dom/cjs/react-dom.development.js:4213:16)
    at invokeGuardedCallback (/home/stocks/algo/webapp/frontend/node_modules/react-dom/cjs/react-dom.development.js:4277:31)
    at beginWork$1 (/home/stocks/algo/webapp/frontend/node_modules/react-dom/cjs/react-dom.development.js:27490:7)
    at performUnitOfWork (/home/stocks/algo/webapp/frontend/node_modules/react-dom/cjs/react-dom.development.js:26599:12) TypeError: portfolioData.map is not a function
    at PortfolioManager (/home/stocks/algo/webapp/frontend/src/components/PortfolioManager.jsx:434:30)
    at renderWithHooks (/home/stocks/algo/webapp/frontend/node_modules/react-dom/cjs/react-dom.development.js:15486:18)
    at updateFunctionComponent (/home/stocks/algo/webapp/frontend/node_modules/react-dom/cjs/react-dom.development.js:19617:20)
    at beginWork (/home/stocks/algo/webapp/frontend/node_modules/react-dom/cjs/react-dom.development.js:21640:16)
    at HTMLUnknownElement.callCallback (/home/stocks/algo/webapp/frontend/node_modules/react-dom/cjs/react-dom.development.js:4164:14)
    at HTMLUnknownElement.callTheUserObjectsOperation (/home/stocks/algo/webapp/frontend/node_modules/jsdom/lib/jsdom/living/generated/EventListener.js:26:30)
    at innerInvokeEventListeners (/home/stocks/algo/webapp/frontend/node_modules/jsdom/lib/jsdom/living/events/EventTarget-impl.js:350:25)
    at invokeEventListeners (/home/stocks/algo/webapp/frontend/node_modules/jsdom/lib/jsdom/living/events/EventTarget-impl.js:286:3)
    at HTMLUnknownElementImpl._dispatch (/home/stocks/algo/webapp/frontend/node_modules/jsdom/lib/jsdom/living/events/EventTarget-impl.js:233:9)
    at HTMLUnknownElementImpl.dispatchEvent (/home/stocks/algo/webapp/frontend/node_modules/jsdom/lib/jsdom/living/events/EventTarget-impl.js:104:17)

            </system-err>
            <failure message="Unable to find an element with the text: Portfolio Overview. This could be because the text is broken up by multiple elements. In this case, you can provide a function for your text matcher to make your matcher more flexible.

Ignored nodes: comments, script, style
[36m&lt;body&gt;[39m
  [36m&lt;div /&gt;[39m
[36m&lt;/body&gt;[39m

Ignored nodes: comments, script, style
[36m&lt;html&gt;[39m
  [36m&lt;head /&gt;[39m
  [36m&lt;body&gt;[39m
    [36m&lt;div /&gt;[39m
  [36m&lt;/body&gt;[39m
[36m&lt;/html&gt;[39m..." type="TestingLibraryElementError">
TestingLibraryElementError: Unable to find an element with the text: Portfolio Overview. This could be because the text is broken up by multiple elements. In this case, you can provide a function for your text matcher to make your matcher more flexible.

Ignored nodes: comments, script, style
&lt;body&gt;
  &lt;div /&gt;
&lt;/body&gt;

Ignored nodes: comments, script, style
&lt;html&gt;
  &lt;head /&gt;
  &lt;body&gt;
    &lt;div /&gt;
  &lt;/body&gt;
&lt;/html&gt;...
 ❯ Proxy.waitForWrapper node_modules/@testing-library/react/node_modules/@testing-library/dom/dist/wait-for.js:163:27
 ❯ src/tests/unit/components/real-portfolio-manager.test.jsx:623:13
            </failure>
            <failure message="Unable to find an element with the text: Portfolio Overview. This could be because the text is broken up by multiple elements. In this case, you can provide a function for your text matcher to make your matcher more flexible.

Ignored nodes: comments, script, style
[36m&lt;body&gt;[39m
  [36m&lt;div /&gt;[39m
[36m&lt;/body&gt;[39m

Ignored nodes: comments, script, style
[36m&lt;html&gt;[39m
  [36m&lt;head /&gt;[39m
  [36m&lt;body&gt;[39m
    [36m&lt;div /&gt;[39m
  [36m&lt;/body&gt;[39m
[36m&lt;/html&gt;[39m..." type="TestingLibraryElementError">
TestingLibraryElementError: Unable to find an element with the text: Portfolio Overview. This could be because the text is broken up by multiple elements. In this case, you can provide a function for your text matcher to make your matcher more flexible.

Ignored nodes: comments, script, style
&lt;body&gt;
  &lt;div /&gt;
&lt;/body&gt;

Ignored nodes: comments, script, style
&lt;html&gt;
  &lt;head /&gt;
  &lt;body&gt;
    &lt;div /&gt;
  &lt;/body&gt;
&lt;/html&gt;...
 ❯ Proxy.waitForWrapper node_modules/@testing-library/react/node_modules/@testing-library/dom/dist/wait-for.js:163:27
 ❯ src/tests/unit/components/real-portfolio-manager.test.jsx:623:13
            </failure>
            <failure message="Unable to find an element with the text: Portfolio Overview. This could be because the text is broken up by multiple elements. In this case, you can provide a function for your text matcher to make your matcher more flexible.

Ignored nodes: comments, script, style
[36m&lt;body&gt;[39m
  [36m&lt;div /&gt;[39m
[36m&lt;/body&gt;[39m

Ignored nodes: comments, script, style
[36m&lt;html&gt;[39m
  [36m&lt;head /&gt;[39m
  [36m&lt;body&gt;[39m
    [36m&lt;div /&gt;[39m
  [36m&lt;/body&gt;[39m
[36m&lt;/html&gt;[39m..." type="TestingLibraryElementError">
TestingLibraryElementError: Unable to find an element with the text: Portfolio Overview. This could be because the text is broken up by multiple elements. In this case, you can provide a function for your text matcher to make your matcher more flexible.

Ignored nodes: comments, script, style
&lt;body&gt;
  &lt;div /&gt;
&lt;/body&gt;

Ignored nodes: comments, script, style
&lt;html&gt;
  &lt;head /&gt;
  &lt;body&gt;
    &lt;div /&gt;
  &lt;/body&gt;
&lt;/html&gt;...
 ❯ Proxy.waitForWrapper node_modules/@testing-library/react/node_modules/@testing-library/dom/dist/wait-for.js:163:27
 ❯ src/tests/unit/components/real-portfolio-manager.test.jsx:623:13
            </failure>
        </testcase>
    </testsuite>
</testsuites>
